[2016-04-06 10:52:09] test_CustomizedOrders.py [Test Case:Test_CustomizedOrders] [line:19]INFO:~~~订制订单模块测试~~~
[2016-04-06 10:52:09] test_Measure_Data.py [Test Case:test_Measure_Data] [line:29]INFO:~~~商品档案模块测试~~~
[2016-04-06 10:52:09] test_Measure_WorkOrder.py [Test Case:test_Measure_WorkOrder] [line:35]INFO:~~~量体工单模块测试~~~
[2016-04-06 10:52:09] test_MemberInformation.py [Test Case:Test_MemberInformation] [line:22]INFO:~~~会员信息模块测试~~~
[2016-04-06 10:52:09] test_AdvertisingTheme.py [Test Case:test_AdvertisingTheme] [line:33]INFO:~~~广告主题模块测试~~~
[2016-04-06 10:52:09] test_BOMManage.py [Test Case:test_BOMManager] [line:32]INFO:~~~BOM管理模块测试~~~
[2016-04-06 10:52:09] test_ColorGroup.py [Test Case:test_ColorGroup] [line:28]INFO:~~~颜色组模块测试~~~
[2016-04-06 10:52:09] test_ColorSetting.py [Test Case:test_ColorSetting] [line:30]INFO:~~~颜色配置模块测试~~~
[2016-04-06 10:52:09] test_CommodityFile.py [Test Case:test_CommodityFile] [line:25]INFO:~~~商品档案模块测试~~~
[2016-04-06 10:52:09] test_CommoditySort.py [Test Case:test_CommoditySort] [line:29]INFO:~~~商品类别模块测试~~~
[2016-04-06 10:52:09] test_MeasureItem.py [Test Case:test_MeasureItem] [line:30]INFO:~~~量体项目模块测试~~~
[2016-04-06 10:52:09] test_SizeSetting.py [Test Case:test_SizeSetting] [line:29]INFO:~~~尺码配置模块测试~~~
[2016-04-06 10:52:09] test_SKUSet.py [Test Case:test_SKUSet] [line:28]INFO:~~~SKU设置模块测试~~~
[2016-04-06 10:52:09] test_ConstantSetting.py [Test Case:test_ConstantSetting] [line:32]INFO:~~~常数配置模块测试~~~
[2016-04-06 10:52:09] test_CustomExpress.py [Test Case:test_CustomExpress] [line:26]INFO:~~~自定义快递模块测试~~~
[2016-04-06 10:52:09] test_DefaultExpress.py [Test Case:test_DefaultExpress] [line:31]INFO:~~~默认快递模块测试~~~
[2016-04-06 10:52:09] test_Device.py [Test Case:test_Device] [line:29]INFO:~~~设备信息模块测试~~~
[2016-04-06 10:52:09] test_EmployeeInfo.py [Test Case:test_EmployeeInfo] [line:43]INFO:~~~人员信息模块测试~~~
[2016-04-06 10:52:09] test_Organization.py [Test Case:test_Organization] [line:28]INFO:~~~销售组织管理模块测试~~~
[2016-04-06 10:52:09] test_RoleInfo.py [Test Case:test_RoleInfo] [line:31]INFO:~~~商品类别模块测试~~~
[2016-04-06 10:52:09] test_UserInformation.py [Test Case:test_UserInformation] [line:29]INFO:~~~用户信息模块测试~~~
[2016-04-06 10:52:09] test_OfflinePromotion.py [Test Case:test_OfflinePromotion] [line:28]INFO:~~~线下促销模块测试~~~
[2016-04-06 10:52:09] test_OfflinePromotionRelation.py [Test Case:test_OfflinePromotionRelation] [line:24]INFO:~~~线下促销关系模块测试~~~
[2016-04-06 10:52:09] test_OnlinePromotion.py [Test Case:test_OnlinePromotion] [line:29]INFO:~~~线上促销模块测试~~~
[2016-04-06 10:52:09] test_OnlinePromotionRelation.py [Test Case:test_OlinePromotionRelation] [line:32]INFO:~~~线上促销关系模块测试~~~
[2016-04-06 10:52:21] test_CustomizedOrders.py [Test Case:test_0CommoditySeason_check] [line:145]INFO:开始执行用例...
[2016-04-06 10:52:28] test_ConstantSetting.py [Test Case:to_ConstantSetting] [line:58]INFO:等待页面刷新···
[2016-04-06 10:52:29] test_ConstantSetting.py [Test Case:to_ConstantSetting] [line:61]INFO:刷新完成！！！
[2016-04-06 10:52:29] test_OfflinePromotion.py [Test Case:to_OfflinePromotion] [line:54]INFO:等待页面刷新···
[2016-04-06 10:52:31] test_OfflinePromotion.py [Test Case:to_OfflinePromotion] [line:56]INFO:刷新完成！！！
[2016-04-06 10:52:31] test_CustomizedOrders.py [Test Case:to_CommodityOrder] [line:47]INFO:等待页面刷新···
[2016-04-06 10:52:33] test_AdvertisingTheme.py [Test Case:to_AdvertisingTheme] [line:59]INFO:等待页面刷新···
[2016-04-06 10:52:37] test_AdvertisingTheme.py [Test Case:to_AdvertisingTheme] [line:62]INFO:刷新完成！！！
[2016-04-06 10:52:37] test_ConstantSetting.py [Test Case:clickButton] [line:132]INFO:保存成功！
[2016-04-06 10:52:37] test_ConstantSetting.py [Test Case:tearDown] [line:326]INFO:该条用例执行完毕！！！
[2016-04-06 10:52:38] test_CustomizedOrders.py [Test Case:to_CommodityOrder] [line:49]INFO:刷新完成！！！
[2016-04-06 10:52:44] test_CustomizedOrders.py [Test Case:tearDown] [line:452]INFO:该条用例执行完毕！！！
[2016-04-06 10:52:45] test_AdvertisingTheme.py [Test Case:clickButton] [line:135]INFO:保存成功！
[2016-04-06 10:52:45] test_AdvertisingTheme.py [Test Case:tearDown] [line:380]INFO:该条用例执行完毕！！！
[2016-04-06 10:52:51] test_ConstantSetting.py [Test Case:to_ConstantSetting] [line:58]INFO:等待页面刷新···
[2016-04-06 10:52:52] test_ConstantSetting.py [Test Case:to_ConstantSetting] [line:61]INFO:刷新完成！！！
[2016-04-06 10:52:52] test_OfflinePromotion.py [Test Case:clickButton] [line:157]INFO:保存成功！
[2016-04-06 10:52:56] test_CustomizedOrders.py [Test Case:test_1search_by_OrderDate] [line:168]INFO:开始执行用例...
[2016-04-06 10:52:57] test_ConstantSetting.py [Test Case:tearDown] [line:326]INFO:该条用例执行完毕！！！
[2016-04-06 10:52:58] test_OfflinePromotion.py [Test Case:test_0add_Promotion] [line:281]INFO:刷新~~~
[2016-04-06 10:52:59] test_OfflinePromotion.py [Test Case:tearDown] [line:1107]INFO:该条用例执行执行完毕！！！
[2016-04-06 10:53:04] test_CustomizedOrders.py [Test Case:to_CommodityOrder] [line:47]INFO:等待页面刷新···
[2016-04-06 10:53:04] test_AdvertisingTheme.py [Test Case:to_AdvertisingTheme] [line:59]INFO:等待页面刷新···
[2016-04-06 10:53:06] test_AdvertisingTheme.py [Test Case:to_AdvertisingTheme] [line:62]INFO:刷新完成！！！
[2016-04-06 10:53:09] test_CustomizedOrders.py [Test Case:to_CommodityOrder] [line:49]INFO:刷新完成！！！
[2016-04-06 10:53:18] test_OfflinePromotion.py [Test Case:to_OfflinePromotion] [line:54]INFO:等待页面刷新···
[2016-04-06 10:53:19] test_ConstantSetting.py [Test Case:to_ConstantSetting] [line:58]INFO:等待页面刷新···
[2016-04-06 10:53:19] test_OfflinePromotion.py [Test Case:to_OfflinePromotion] [line:56]INFO:刷新完成！！！
[2016-04-06 10:53:19] test_ConstantSetting.py [Test Case:to_ConstantSetting] [line:61]INFO:刷新完成！！！
[2016-04-06 10:53:19] test_CustomizedOrders.py [Test Case:tearDown] [line:452]INFO:该条用例执行完毕！！！
[2016-04-06 10:53:22] test_ConstantSetting.py [Test Case:tearDown] [line:326]INFO:该条用例执行完毕！！！
[2016-04-06 10:53:25] test_CustomizedOrders.py [Test Case:test_2search_by_TheOrderNumber] [line:225]INFO:开始执行用例...
[2016-04-06 10:53:28] test_AdvertisingTheme.py [Test Case:tearDown] [line:380]INFO:该条用例执行完毕！！！
[2016-04-06 10:53:30] test_CustomizedOrders.py [Test Case:to_CommodityOrder] [line:47]INFO:等待页面刷新···
[2016-04-06 10:53:35] test_CustomizedOrders.py [Test Case:to_CommodityOrder] [line:49]INFO:刷新完成！！！
[2016-04-06 10:53:39] test_OfflinePromotion.py [Test Case:tearDown] [line:1107]INFO:该条用例执行执行完毕！！！
[2016-04-06 10:53:40] test_ConstantSetting.py [Test Case:to_ConstantSetting] [line:58]INFO:等待页面刷新···
[2016-04-06 10:53:40] test_ConstantSetting.py [Test Case:to_ConstantSetting] [line:61]INFO:刷新完成！！！
[2016-04-06 10:53:44] test_AdvertisingTheme.py [Test Case:to_AdvertisingTheme] [line:59]INFO:等待页面刷新···
[2016-04-06 10:53:45] test_ConstantSetting.py [Test Case:tearDown] [line:326]INFO:该条用例执行完毕！！！
[2016-04-06 10:53:46] test_AdvertisingTheme.py [Test Case:to_AdvertisingTheme] [line:62]INFO:刷新完成！！！
[2016-04-06 10:53:46] test_CustomizedOrders.py [Test Case:tearDown] [line:452]INFO:该条用例执行完毕！！！
[2016-04-06 10:53:49] test_AdvertisingTheme.py [Test Case:tearDown] [line:380]INFO:该条用例执行完毕！！！
[2016-04-06 10:53:52] test_OfflinePromotion.py [Test Case:to_OfflinePromotion] [line:54]INFO:等待页面刷新···
[2016-04-06 10:53:53] test_OfflinePromotion.py [Test Case:to_OfflinePromotion] [line:56]INFO:刷新完成！！！
[2016-04-06 10:54:01] test_ConstantSetting.py [Test Case:to_ConstantSetting] [line:58]INFO:等待页面刷新···
[2016-04-06 10:54:02] test_ConstantSetting.py [Test Case:to_ConstantSetting] [line:61]INFO:刷新完成！！！
[2016-04-06 10:54:04] test_OfflinePromotion.py [Test Case:tearDown] [line:1107]INFO:该条用例执行执行完毕！！！
[2016-04-06 10:54:04] test_CustomizedOrders.py [Test Case:to_CommodityOrder] [line:47]INFO:等待页面刷新···
[2016-04-06 10:54:10] test_AdvertisingTheme.py [Test Case:to_AdvertisingTheme] [line:59]INFO:等待页面刷新···
[2016-04-06 10:54:10] test_CustomizedOrders.py [Test Case:to_CommodityOrder] [line:49]INFO:刷新完成！！！
[2016-04-06 10:54:12] test_AdvertisingTheme.py [Test Case:to_AdvertisingTheme] [line:62]INFO:刷新完成！！！
[2016-04-06 10:54:12] test_ConstantSetting.py [Test Case:clickButton] [line:132]INFO:保存成功！
[2016-04-06 10:54:16] test_ConstantSetting.py [Test Case:tearDown] [line:326]INFO:该条用例执行完毕！！！
[2016-04-06 10:54:18] test_AdvertisingTheme.py [Test Case:clickButton] [line:135]INFO:保存成功！
[2016-04-06 10:54:18] test_AdvertisingTheme.py [Test Case:tearDown] [line:380]INFO:该条用例执行完毕！！！
[2016-04-06 10:54:21] test_CustomizedOrders.py [Test Case:tearDown] [line:452]INFO:该条用例执行完毕！！！
[2016-04-06 10:54:21] test_OfflinePromotion.py [Test Case:to_OfflinePromotion] [line:54]INFO:等待页面刷新···
[2016-04-06 10:54:23] test_OfflinePromotion.py [Test Case:to_OfflinePromotion] [line:56]INFO:刷新完成！！！
[2016-04-06 10:54:26] test_OfflinePromotion.py [Test Case:tearDown] [line:1107]INFO:该条用例执行执行完毕！！！
[2016-04-06 10:54:32] test_CustomizedOrders.py [Test Case:test_4search_by_TheOrderStatus] [line:284]INFO:开始执行用例...
[2016-04-06 10:54:33] test_ConstantSetting.py [Test Case:to_ConstantSetting] [line:58]INFO:等待页面刷新···
[2016-04-06 10:54:34] test_ConstantSetting.py [Test Case:to_ConstantSetting] [line:61]INFO:刷新完成！！！
[2016-04-06 10:54:36] test_AdvertisingTheme.py [Test Case:to_AdvertisingTheme] [line:59]INFO:等待页面刷新···
[2016-04-06 10:54:39] test_AdvertisingTheme.py [Test Case:to_AdvertisingTheme] [line:62]INFO:刷新完成！！！
[2016-04-06 10:54:39] test_CustomizedOrders.py [Test Case:to_CommodityOrder] [line:47]INFO:等待页面刷新···
[2016-04-06 10:54:43] test_ConstantSetting.py [Test Case:clickButton] [line:106]INFO:删除成功
[2016-04-06 10:54:43] test_ConstantSetting.py [Test Case:tearDown] [line:326]INFO:该条用例执行完毕！！！
[2016-04-06 10:54:46] test_OfflinePromotion.py [Test Case:to_OfflinePromotion] [line:54]INFO:等待页面刷新···
[2016-04-06 10:54:46] test_CustomizedOrders.py [Test Case:to_CommodityOrder] [line:49]INFO:刷新完成！！！
[2016-04-06 10:54:46] test_AdvertisingTheme.py [Test Case:clickButton] [line:135]INFO:保存成功！
[2016-04-06 10:54:46] test_AdvertisingTheme.py [Test Case:tearDown] [line:380]INFO:该条用例执行完毕！！！
[2016-04-06 10:54:47] test_OfflinePromotion.py [Test Case:to_OfflinePromotion] [line:56]INFO:刷新完成！！！
[2016-04-06 10:54:55] test_OfflinePromotion.py [Test Case:tearDown] [line:1107]INFO:该条用例执行执行完毕！！！
[2016-04-06 10:54:57] test_CustomizedOrders.py [Test Case:tearDown] [line:452]INFO:该条用例执行完毕！！！
[2016-04-06 10:54:58] test_CustomExpress.py [Test Case:to_CustomExpress] [line:51]INFO:等待页面刷新···
[2016-04-06 10:55:00] test_CustomExpress.py [Test Case:to_CustomExpress] [line:54]INFO:刷新完成！！！
[2016-04-06 10:55:02] test_BOMManage.py [Test Case:to_BOMManager] [line:58]INFO:等待页面刷新···
[2016-04-06 10:55:05] test_BOMManage.py [Test Case:to_BOMManager] [line:61]INFO:刷新完成！！！
[2016-04-06 10:55:07] test_CustomExpress.py [Test Case:test_1search_byTemplateType] [line:289]INFO:等待页面刷新···
[2016-04-06 10:55:07] test_CustomExpress.py [Test Case:test_1search_byTemplateType] [line:292]INFO:刷新完成！！！
[2016-04-06 10:55:08] test_CustomExpress.py [Test Case:tearDown] [line:500]INFO:该条用例执行完毕！！！
[2016-04-06 10:55:09] test_CustomizedOrders.py [Test Case:test_5search_by_PaymentStatus] [line:319]INFO:开始执行用例...
[2016-04-06 10:55:12] test_OfflinePromotion.py [Test Case:to_OfflinePromotion] [line:54]INFO:等待页面刷新···
[2016-04-06 10:55:14] test_OfflinePromotion.py [Test Case:to_OfflinePromotion] [line:56]INFO:刷新完成！！！
[2016-04-06 10:55:14] test_CustomizedOrders.py [Test Case:to_CommodityOrder] [line:47]INFO:等待页面刷新···
[2016-04-06 10:55:17] test_BOMManage.py [Test Case:clickButton] [line:136]INFO:保存成功！
[2016-04-06 10:55:18] test_BOMManage.py [Test Case:tearDown] [line:334]INFO:该条用例执行完毕！！！
[2016-04-06 10:55:18] test_OfflinePromotion.py [Test Case:tearDown] [line:1107]INFO:该条用例执行执行完毕！！！
[2016-04-06 10:55:20] test_CustomizedOrders.py [Test Case:to_CommodityOrder] [line:49]INFO:刷新完成！！！
[2016-04-06 10:55:25] test_CustomExpress.py [Test Case:to_CustomExpress] [line:51]INFO:等待页面刷新···
[2016-04-06 10:55:27] test_CustomExpress.py [Test Case:to_CustomExpress] [line:54]INFO:刷新完成！！！
[2016-04-06 10:55:32] test_CustomizedOrders.py [Test Case:tearDown] [line:452]INFO:该条用例执行完毕！！！
[2016-04-06 10:55:34] test_OfflinePromotion.py [Test Case:to_OfflinePromotion] [line:54]INFO:等待页面刷新···
[2016-04-06 10:55:35] test_CustomExpress.py [Test Case:test_2search_byExpressType] [line:363]INFO:等待页面刷新···
[2016-04-06 10:55:35] test_CustomExpress.py [Test Case:test_2search_byExpressType] [line:367]INFO:刷新完成！！！
[2016-04-06 10:55:35] test_OfflinePromotion.py [Test Case:to_OfflinePromotion] [line:56]INFO:刷新完成！！！
[2016-04-06 10:55:36] test_CustomExpress.py [Test Case:tearDown] [line:500]INFO:该条用例执行完毕！！！
[2016-04-06 10:55:37] test_BOMManage.py [Test Case:to_BOMManager] [line:58]INFO:等待页面刷新···
[2016-04-06 10:55:40] test_OfflinePromotion.py [Test Case:tearDown] [line:1107]INFO:该条用例执行执行完毕！！！
[2016-04-06 10:55:40] test_CustomizedOrders.py [Test Case:test_6search_by_TheConsignee] [line:362]INFO:开始执行用例...
[2016-04-06 10:55:40] test_BOMManage.py [Test Case:to_BOMManager] [line:61]INFO:刷新完成！！！
[2016-04-06 10:55:47] test_CustomizedOrders.py [Test Case:to_CommodityOrder] [line:47]INFO:等待页面刷新···
[2016-04-06 10:55:47] test_BOMManage.py [Test Case:tearDown] [line:334]INFO:该条用例执行完毕！！！
[2016-04-06 10:55:53] test_CustomizedOrders.py [Test Case:to_CommodityOrder] [line:49]INFO:刷新完成！！！
[2016-04-06 10:55:55] test_CustomExpress.py [Test Case:to_CustomExpress] [line:51]INFO:等待页面刷新···
[2016-04-06 10:55:57] test_CustomExpress.py [Test Case:to_CustomExpress] [line:54]INFO:刷新完成！！！
[2016-04-06 10:55:59] test_OfflinePromotion.py [Test Case:to_OfflinePromotion] [line:54]INFO:等待页面刷新···
[2016-04-06 10:56:01] test_OfflinePromotion.py [Test Case:to_OfflinePromotion] [line:56]INFO:刷新完成！！！
[2016-04-06 10:56:03] test_CustomExpress.py [Test Case:test_3search_byStoreName] [line:396]INFO:等待页面刷新···
[2016-04-06 10:56:03] test_CustomExpress.py [Test Case:test_3search_byStoreName] [line:400]INFO:刷新完成！！！
[2016-04-06 10:56:04] test_CustomExpress.py [Test Case:tearDown] [line:500]INFO:该条用例执行完毕！！！
[2016-04-06 10:56:05] test_CustomizedOrders.py [Test Case:tearDown] [line:452]INFO:该条用例执行完毕！！！
[2016-04-06 10:56:07] test_BOMManage.py [Test Case:to_BOMManager] [line:58]INFO:等待页面刷新···
[2016-04-06 10:56:09] test_BOMManage.py [Test Case:to_BOMManager] [line:61]INFO:刷新完成！！！
[2016-04-06 10:56:13] test_CustomizedOrders.py [Test Case:test_7search_by_ConsigneePhone] [line:392]INFO:开始执行用例...
[2016-04-06 10:56:17] test_CustomExpress.py [Test Case:to_CustomExpress] [line:51]INFO:等待页面刷新···
[2016-04-06 10:56:18] test_CustomizedOrders.py [Test Case:to_CommodityOrder] [line:47]INFO:等待页面刷新···
[2016-04-06 10:56:19] test_CustomExpress.py [Test Case:to_CustomExpress] [line:54]INFO:刷新完成！！！
[2016-04-06 10:56:19] test_BOMManage.py [Test Case:tearDown] [line:334]INFO:该条用例执行完毕！！！
[2016-04-06 10:56:23] test_CustomizedOrders.py [Test Case:to_CommodityOrder] [line:49]INFO:刷新完成！！！
[2016-04-06 10:56:25] test_CustomExpress.py [Test Case:clickButton] [line:131]INFO:保存成功！
[2016-04-06 10:56:25] test_CustomExpress.py [Test Case:tearDown] [line:500]INFO:该条用例执行完毕！！！
[2016-04-06 10:56:32] test_OfflinePromotion.py [Test Case:tearDown] [line:1107]INFO:该条用例执行执行完毕！！！
[2016-04-06 10:56:33] test_BOMManage.py [Test Case:to_BOMManager] [line:58]INFO:等待页面刷新···
[2016-04-06 10:56:35] test_CustomizedOrders.py [Test Case:tearDown] [line:452]INFO:该条用例执行完毕！！！
[2016-04-06 10:56:36] test_BOMManage.py [Test Case:to_BOMManager] [line:61]INFO:刷新完成！！！
[2016-04-06 10:56:39] test_CustomExpress.py [Test Case:to_CustomExpress] [line:51]INFO:等待页面刷新···
[2016-04-06 10:56:40] test_CustomExpress.py [Test Case:to_CustomExpress] [line:54]INFO:刷新完成！！！
[2016-04-06 10:56:43] test_CustomizedOrders.py [Test Case:test_8search_by_Store] [line:424]INFO:开始执行用例...
[2016-04-06 10:56:47] test_CustomExpress.py [Test Case:clickButton] [line:131]INFO:保存成功！
[2016-04-06 10:56:47] test_CustomExpress.py [Test Case:test_5modify_CustomExpress] [line:459]INFO:等待页面刷新···
[2016-04-06 10:56:48] test_CustomExpress.py [Test Case:test_5modify_CustomExpress] [line:463]INFO:刷新完成！！！
[2016-04-06 10:56:48] test_OfflinePromotion.py [Test Case:to_OfflinePromotion] [line:54]INFO:等待页面刷新···
[2016-04-06 10:56:48] test_CustomExpress.py [Test Case:tearDown] [line:500]INFO:该条用例执行完毕！！！
[2016-04-06 10:56:49] test_OfflinePromotion.py [Test Case:to_OfflinePromotion] [line:56]INFO:刷新完成！！！
[2016-04-06 10:56:50] test_CustomizedOrders.py [Test Case:to_CommodityOrder] [line:47]INFO:等待页面刷新···
[2016-04-06 10:56:55] test_CustomizedOrders.py [Test Case:to_CommodityOrder] [line:49]INFO:刷新完成！！！
[2016-04-06 10:57:01] test_DefaultExpress.py [Test Case:to_DefaultExpress] [line:56]INFO:等待页面刷新···
[2016-04-06 10:57:02] test_DefaultExpress.py [Test Case:to_DefaultExpress] [line:59]INFO:刷新完成！！！
[2016-04-06 10:57:04] test_CustomizedOrders.py [Test Case:tearDown] [line:452]INFO:该条用例执行完毕！！！
[2016-04-06 10:57:05] test_OfflinePromotion.py [Test Case:Delete_And_Add_Assert] [line:81]INFO:保存成功！
[2016-04-06 10:57:05] test_DefaultExpress.py [Test Case:clickButton] [line:130]INFO:保存成功！
[2016-04-06 10:57:06] test_DefaultExpress.py [Test Case:tearDown] [line:309]INFO:该条用例执行完毕！！！
[2016-04-06 10:57:13] test_OfflinePromotion.py [Test Case:Delete_And_Add_Assert] [line:81]INFO:保存成功！
[2016-04-06 10:57:14] test_OfflinePromotion.py [Test Case:tearDown] [line:1107]INFO:该条用例执行执行完毕！！！
[2016-04-06 10:57:18] test_DefaultExpress.py [Test Case:to_DefaultExpress] [line:56]INFO:等待页面刷新···
[2016-04-06 10:57:19] test_DefaultExpress.py [Test Case:to_DefaultExpress] [line:59]INFO:刷新完成！！！
[2016-04-06 10:57:21] test_BOMManage.py [Test Case:tearDown] [line:334]INFO:该条用例执行完毕！！！
[2016-04-06 10:57:22] test_DefaultExpress.py [Test Case:tearDown] [line:309]INFO:该条用例执行完毕！！！
[2016-04-06 10:57:28] test_OfflinePromotion.py [Test Case:to_OfflinePromotion] [line:54]INFO:等待页面刷新···
[2016-04-06 10:57:29] test_OfflinePromotion.py [Test Case:to_OfflinePromotion] [line:56]INFO:刷新完成！！！
[2016-04-06 10:57:36] test_Measure_Data.py [Test Case:tearDown] [line:256]INFO:该条用例执行完毕！！！
[2016-04-06 10:57:40] test_BOMManage.py [Test Case:to_BOMManager] [line:58]INFO:等待页面刷新···
[2016-04-06 10:57:40] test_DefaultExpress.py [Test Case:to_DefaultExpress] [line:56]INFO:等待页面刷新···
[2016-04-06 10:57:42] test_DefaultExpress.py [Test Case:to_DefaultExpress] [line:59]INFO:刷新完成！！！
[2016-04-06 10:57:43] test_BOMManage.py [Test Case:to_BOMManager] [line:61]INFO:刷新完成！！！
[2016-04-06 10:57:44] test_DefaultExpress.py [Test Case:tearDown] [line:309]INFO:该条用例执行完毕！！！
[2016-04-06 10:57:49] test_BOMManage.py [Test Case:clickButton] [line:136]INFO:保存成功！
[2016-04-06 10:57:49] test_BOMManage.py [Test Case:tearDown] [line:334]INFO:该条用例执行完毕！！！
[2016-04-06 10:57:58] test_Measure_Data.py [Test Case:tearDown] [line:256]INFO:该条用例执行完毕！！！
[2016-04-06 10:58:01] test_DefaultExpress.py [Test Case:to_DefaultExpress] [line:56]INFO:等待页面刷新···
[2016-04-06 10:58:02] test_DefaultExpress.py [Test Case:to_DefaultExpress] [line:59]INFO:刷新完成！！！
[2016-04-06 10:58:03] test_BOMManage.py [Test Case:to_BOMManager] [line:58]INFO:等待页面刷新···
[2016-04-06 10:58:06] test_BOMManage.py [Test Case:to_BOMManager] [line:61]INFO:刷新完成！！！
[2016-04-06 10:58:06] test_DefaultExpress.py [Test Case:clickButton] [line:130]INFO:保存成功！
[2016-04-06 10:58:06] test_DefaultExpress.py [Test Case:tearDown] [line:309]INFO:该条用例执行完毕！！！
[2016-04-06 10:58:10] test_BOMManage.py [Test Case:clickButton] [line:108]INFO:删除成功
[2016-04-06 10:58:10] test_BOMManage.py [Test Case:tearDown] [line:334]INFO:该条用例执行完毕！！！
[2016-04-06 10:58:18] test_Measure_Data.py [Test Case:tearDown] [line:256]INFO:该条用例执行完毕！！！
[2016-04-06 10:58:19] test_ColorGroup.py [Test Case:test_0add_ColorGroup] [line:143]INFO:开始执行测试...
[2016-04-06 10:58:19] test_OfflinePromotion.py [Test Case:tearDown] [line:1107]INFO:该条用例执行执行完毕！！！
[2016-04-06 10:58:19] test_DefaultExpress.py [Test Case:to_DefaultExpress] [line:56]INFO:等待页面刷新···
[2016-04-06 10:58:21] test_DefaultExpress.py [Test Case:to_DefaultExpress] [line:59]INFO:刷新完成！！！
[2016-04-06 10:58:24] test_ColorGroup.py [Test Case:to_ColorGroup] [line:52]INFO:等待页面刷新···
[2016-04-06 10:58:25] test_ColorGroup.py [Test Case:to_ColorGroup] [line:55]INFO:刷新完成！！！
[2016-04-06 10:58:29] test_DefaultExpress.py [Test Case:clickButton] [line:130]INFO:保存成功！
[2016-04-06 10:58:30] test_ColorGroup.py [Test Case:clickButton] [line:127]INFO:保存成功！
[2016-04-06 10:58:31] test_ColorGroup.py [Test Case:tearDown] [line:313]INFO:该条用例执行完毕！！！
[2016-04-06 10:58:32] test_DefaultExpress.py [Test Case:tearDown] [line:309]INFO:该条用例执行完毕！！！
[2016-04-06 10:58:38] test_OfflinePromotion.py [Test Case:to_OfflinePromotion] [line:54]INFO:等待页面刷新···
[2016-04-06 10:58:40] test_OfflinePromotion.py [Test Case:to_OfflinePromotion] [line:56]INFO:刷新完成！！！
[2016-04-06 10:58:43] test_Measure_Data.py [Test Case:tearDown] [line:256]INFO:该条用例执行完毕！！！
[2016-04-06 10:58:48] test_ColorGroup.py [Test Case:to_ColorGroup] [line:52]INFO:等待页面刷新···
[2016-04-06 10:58:50] test_ColorGroup.py [Test Case:to_ColorGroup] [line:55]INFO:刷新完成！！！
[2016-04-06 10:58:51] test_DefaultExpress.py [Test Case:to_DefaultExpress] [line:56]INFO:等待页面刷新···
[2016-04-06 10:58:52] test_DefaultExpress.py [Test Case:to_DefaultExpress] [line:59]INFO:刷新完成！！！
[2016-04-06 10:58:54] test_ColorGroup.py [Test Case:tearDown] [line:313]INFO:该条用例执行完毕！！！
[2016-04-06 10:58:58] test_DefaultExpress.py [Test Case:clickButton] [line:104]INFO:删除成功
[2016-04-06 10:58:58] test_DefaultExpress.py [Test Case:tearDown] [line:309]INFO:该条用例执行完毕！！！
[2016-04-06 10:59:01] test_ColorGroup.py [Test Case:test_2search_ByCGroupName] [line:219]INFO:开始执行测试...
[2016-04-06 10:59:06] test_ColorGroup.py [Test Case:to_ColorGroup] [line:52]INFO:等待页面刷新···
[2016-04-06 10:59:07] test_Device.py [Test Case:test_0add_Device] [line:134]INFO:开始执行用例...
[2016-04-06 10:59:07] test_ColorGroup.py [Test Case:to_ColorGroup] [line:55]INFO:刷新完成！！！
[2016-04-06 10:59:10] test_ColorGroup.py [Test Case:tearDown] [line:313]INFO:该条用例执行完毕！！！
[2016-04-06 10:59:12] test_Device.py [Test Case:to_Device] [line:55]INFO:等待页面刷新···
[2016-04-06 10:59:14] test_Device.py [Test Case:to_Device] [line:58]INFO:刷新完成！！！
[2016-04-06 10:59:16] test_Measure_Data.py [Test Case:tearDown] [line:256]INFO:该条用例执行完毕！！！
[2016-04-06 10:59:16] test_ColorGroup.py [Test Case:test_3modify_ColorGroup] [line:244]INFO:开始执行测试...
[2016-04-06 10:59:21] test_ColorGroup.py [Test Case:to_ColorGroup] [line:52]INFO:等待页面刷新···
[2016-04-06 10:59:22] test_Device.py [Test Case:clickButton] [line:120]INFO:保存成功！
[2016-04-06 10:59:22] test_Device.py [Test Case:tearDown] [line:413]INFO:该条用例执行完毕！！！
[2016-04-06 10:59:22] test_ColorGroup.py [Test Case:to_ColorGroup] [line:55]INFO:刷新完成！！！
[2016-04-06 10:59:23] test_OfflinePromotion.py [Test Case:tearDown] [line:1107]INFO:该条用例执行执行完毕！！！
[2016-04-06 10:59:31] test_ColorGroup.py [Test Case:clickButton] [line:127]INFO:保存成功！
[2016-04-06 10:59:31] test_ColorGroup.py [Test Case:tearDown] [line:313]INFO:该条用例执行完毕！！！
[2016-04-06 10:59:33] test_Device.py [Test Case:test_1search_byDeviceName] [line:180]INFO:开始执行用例...
[2016-04-06 10:59:40] test_OfflinePromotion.py [Test Case:to_OfflinePromotion] [line:54]INFO:等待页面刷新···
[2016-04-06 10:59:41] test_Device.py [Test Case:to_Device] [line:55]INFO:等待页面刷新···
[2016-04-06 10:59:42] test_OfflinePromotion.py [Test Case:to_OfflinePromotion] [line:56]INFO:刷新完成！！！
[2016-04-06 10:59:43] test_ColorGroup.py [Test Case:test_4import_ColorGroup] [line:282]INFO:开始执行测试...
[2016-04-06 10:59:43] test_Measure_Data.py [Test Case:tearDown] [line:256]INFO:该条用例执行完毕！！！
[2016-04-06 10:59:43] test_Device.py [Test Case:to_Device] [line:58]INFO:刷新完成！！！
[2016-04-06 10:59:50] test_ColorGroup.py [Test Case:to_ColorGroup] [line:52]INFO:等待页面刷新···
[2016-04-06 10:59:50] test_ColorGroup.py [Test Case:to_ColorGroup] [line:55]INFO:刷新完成！！！
[2016-04-06 10:59:51] test_Device.py [Test Case:tearDown] [line:413]INFO:该条用例执行完毕！！！
[2016-04-06 10:59:53] test_ColorGroup.py [Test Case:tearDown] [line:313]INFO:该条用例执行完毕！！！
[2016-04-06 10:59:53] test_Measure_WorkOrder.py [Test Case:test_0add_WorkOrder] [line:144]INFO:开始执行测试...
[2016-04-06 10:59:59] test_Measure_WorkOrder.py [Test Case:to_measureWorkOrder] [line:709]INFO:等待页面刷新···
[2016-04-06 11:00:01] test_OfflinePromotion.py [Test Case:Delete_And_Add_Assert] [line:73]INFO:删除成功
[2016-04-06 11:00:02] test_Device.py [Test Case:test_2search_byDeviceCode] [line:260]INFO:开始执行用例...
[2016-04-06 11:00:04] test_OfflinePromotion.py [Test Case:Delete_And_Add_Assert] [line:73]INFO:删除成功
[2016-04-06 11:00:05] test_OfflinePromotion.py [Test Case:tearDown] [line:1107]INFO:该条用例执行执行完毕！！！
[2016-04-06 11:00:05] test_Measure_WorkOrder.py [Test Case:to_measureWorkOrder] [line:711]INFO:刷新完成！！！
[2016-04-06 11:00:10] test_Device.py [Test Case:to_Device] [line:55]INFO:等待页面刷新···
[2016-04-06 11:00:11] test_Measure_WorkOrder.py [Test Case:test_0add_WorkOrder] [line:162]INFO:等待页面刷新···
[2016-04-06 11:00:11] test_ColorGroup.py [Test Case:to_ColorGroup] [line:52]INFO:等待页面刷新···
[2016-04-06 11:00:12] test_Measure_WorkOrder.py [Test Case:test_0add_WorkOrder] [line:164]INFO:刷新完成！！！
[2016-04-06 11:00:12] test_Device.py [Test Case:to_Device] [line:58]INFO:刷新完成！！！
[2016-04-06 11:00:13] test_ColorGroup.py [Test Case:to_ColorGroup] [line:55]INFO:刷新完成！！！
[2016-04-06 11:00:20] test_OfflinePromotion.py [Test Case:to_OfflinePromotion] [line:54]INFO:等待页面刷新···
[2016-04-06 11:00:21] test_OfflinePromotion.py [Test Case:to_OfflinePromotion] [line:56]INFO:刷新完成！！！
[2016-04-06 11:00:21] test_Device.py [Test Case:tearDown] [line:413]INFO:该条用例执行完毕！！！
[2016-04-06 11:00:21] test_ColorGroup.py [Test Case:clickButton] [line:101]INFO:删除成功
[2016-04-06 11:00:21] test_ColorGroup.py [Test Case:tearDown] [line:313]INFO:该条用例执行完毕！！！
[2016-04-06 11:00:31] test_Measure_WorkOrder.py [Test Case:tearDown] [line:718]INFO:该条用例执行完毕！！！
[2016-04-06 11:00:37] test_Device.py [Test Case:to_Device] [line:55]INFO:等待页面刷新···
[2016-04-06 11:00:38] test_ColorSetting.py [Test Case:to_ColorSetting] [line:55]INFO:等待页面刷新···
[2016-04-06 11:00:39] test_Device.py [Test Case:to_Device] [line:58]INFO:刷新完成！！！
[2016-04-06 11:00:39] test_ColorSetting.py [Test Case:to_ColorSetting] [line:58]INFO:刷新完成！！！
[2016-04-06 11:00:40] test_OfflinePromotion.py [Test Case:Delete_And_Add_Assert] [line:81]INFO:保存成功！
[2016-04-06 11:00:41] test_Measure_WorkOrder.py [Test Case:test_1look_WorkOrder] [line:279]INFO:开始执行测试...
[2016-04-06 11:00:42] test_OfflinePromotion.py [Test Case:tearDown] [line:1107]INFO:该条用例执行执行完毕！！！
[2016-04-06 11:00:44] test_ColorSetting.py [Test Case:tearDown] [line:414]INFO:该条用例执行完毕！！！
[2016-04-06 11:00:45] test_Device.py [Test Case:tearDown] [line:413]INFO:该条用例执行完毕！！！
[2016-04-06 11:00:47] test_Measure_WorkOrder.py [Test Case:to_measureWorkOrder] [line:709]INFO:等待页面刷新···
[2016-04-06 11:00:52] test_Measure_WorkOrder.py [Test Case:to_measureWorkOrder] [line:711]INFO:刷新完成！！！
[2016-04-06 11:00:57] test_Device.py [Test Case:test_4search_byDeviceType] [line:300]INFO:开始执行用例...
[2016-04-06 11:00:59] test_OfflinePromotion.py [Test Case:to_OfflinePromotion] [line:54]INFO:等待页面刷新···
[2016-04-06 11:01:00] test_OfflinePromotion.py [Test Case:to_OfflinePromotion] [line:56]INFO:刷新完成！！！
[2016-04-06 11:01:01] test_Measure_WorkOrder.py [Test Case:tearDown] [line:718]INFO:该条用例执行完毕！！！
[2016-04-06 11:01:04] test_ColorSetting.py [Test Case:to_ColorSetting] [line:55]INFO:等待页面刷新···
[2016-04-06 11:01:04] test_ColorSetting.py [Test Case:to_ColorSetting] [line:58]INFO:刷新完成！！！
[2016-04-06 11:01:05] test_Device.py [Test Case:to_Device] [line:55]INFO:等待页面刷新···
[2016-04-06 11:01:07] test_Device.py [Test Case:to_Device] [line:58]INFO:刷新完成！！！
[2016-04-06 11:01:08] test_ColorSetting.py [Test Case:tearDown] [line:414]INFO:该条用例执行完毕！！！
[2016-04-06 11:01:09] test_Measure_WorkOrder.py [Test Case:test_2search_ByWorkOrder] [line:327]INFO:开始执行测试...
[2016-04-06 11:01:15] test_Measure_WorkOrder.py [Test Case:to_measureWorkOrder] [line:709]INFO:等待页面刷新···
[2016-04-06 11:01:17] test_OfflinePromotion.py [Test Case:Delete_And_Add_Assert] [line:73]INFO:删除成功
[2016-04-06 11:01:17] test_OfflinePromotion.py [Test Case:tearDown] [line:1107]INFO:该条用例执行执行完毕！！！
[2016-04-06 11:01:20] test_Measure_WorkOrder.py [Test Case:to_measureWorkOrder] [line:711]INFO:刷新完成！！！
[2016-04-06 11:01:24] test_Device.py [Test Case:tearDown] [line:413]INFO:该条用例执行完毕！！！
[2016-04-06 11:01:25] test_ColorSetting.py [Test Case:to_ColorSetting] [line:55]INFO:等待页面刷新···
[2016-04-06 11:01:26] test_Measure_WorkOrder.py [Test Case:tearDown] [line:718]INFO:该条用例执行完毕！！！
[2016-04-06 11:01:27] test_ColorSetting.py [Test Case:to_ColorSetting] [line:58]INFO:刷新完成！！！
[2016-04-06 11:01:31] test_ColorSetting.py [Test Case:tearDown] [line:414]INFO:该条用例执行完毕！！！
[2016-04-06 11:01:31] test_OfflinePromotion.py [Test Case:to_OfflinePromotion] [line:54]INFO:等待页面刷新···
[2016-04-06 11:01:33] test_OfflinePromotion.py [Test Case:to_OfflinePromotion] [line:56]INFO:刷新完成！！！
[2016-04-06 11:01:35] test_Device.py [Test Case:test_5search_byOrgType] [line:325]INFO:开始执行用例...
[2016-04-06 11:01:36] test_Measure_WorkOrder.py [Test Case:test_3search_ByAppointmentTime] [line:341]INFO:开始执行测试...
[2016-04-06 11:01:41] test_Device.py [Test Case:to_Device] [line:55]INFO:等待页面刷新···
[2016-04-06 11:01:41] test_Measure_WorkOrder.py [Test Case:to_measureWorkOrder] [line:709]INFO:等待页面刷新···
[2016-04-06 11:01:44] test_Device.py [Test Case:to_Device] [line:58]INFO:刷新完成！！！
[2016-04-06 11:01:48] test_Measure_WorkOrder.py [Test Case:to_measureWorkOrder] [line:711]INFO:刷新完成！！！
[2016-04-06 11:01:49] test_Device.py [Test Case:tearDown] [line:413]INFO:该条用例执行完毕！！！
[2016-04-06 11:01:50] test_ColorSetting.py [Test Case:to_ColorSetting] [line:55]INFO:等待页面刷新···
[2016-04-06 11:01:51] test_OfflinePromotion.py [Test Case:Delete_And_Add_Assert] [line:81]INFO:保存成功！
[2016-04-06 11:01:52] test_ColorSetting.py [Test Case:to_ColorSetting] [line:58]INFO:刷新完成！！！
[2016-04-06 11:01:52] test_OfflinePromotion.py [Test Case:tearDown] [line:1107]INFO:该条用例执行执行完毕！！！
[2016-04-06 11:01:56] test_Device.py [Test Case:test_6modify_Device] [line:348]INFO:开始执行用例...
[2016-04-06 11:01:59] test_Measure_WorkOrder.py [Test Case:tearDown] [line:718]INFO:该条用例执行完毕！！！
[2016-04-06 11:02:02] test_ColorSetting.py [Test Case:tearDown] [line:414]INFO:该条用例执行完毕！！！
[2016-04-06 11:02:03] test_Device.py [Test Case:to_Device] [line:55]INFO:等待页面刷新···
[2016-04-06 11:02:05] test_Device.py [Test Case:to_Device] [line:58]INFO:刷新完成！！！
[2016-04-06 11:02:08] test_OfflinePromotion.py [Test Case:to_OfflinePromotion] [line:54]INFO:等待页面刷新···
[2016-04-06 11:02:10] test_OfflinePromotion.py [Test Case:to_OfflinePromotion] [line:56]INFO:刷新完成！！！
[2016-04-06 11:02:10] test_Measure_WorkOrder.py [Test Case:test_4search_By_AppointmentStore] [line:399]INFO:开始执行测试
[2016-04-06 11:02:15] test_Measure_WorkOrder.py [Test Case:to_measureWorkOrder] [line:709]INFO:等待页面刷新···
[2016-04-06 11:02:16] test_Device.py [Test Case:clickButton] [line:120]INFO:保存成功！
[2016-04-06 11:02:20] test_ColorSetting.py [Test Case:to_ColorSetting] [line:55]INFO:等待页面刷新···
[2016-04-06 11:02:21] test_Measure_WorkOrder.py [Test Case:to_measureWorkOrder] [line:711]INFO:刷新完成！！！
[2016-04-06 11:02:22] test_ColorSetting.py [Test Case:to_ColorSetting] [line:58]INFO:刷新完成！！！
[2016-04-06 11:02:25] test_Device.py [Test Case:tearDown] [line:413]INFO:该条用例执行完毕！！！
[2016-04-06 11:02:27] test_Measure_WorkOrder.py [Test Case:tearDown] [line:718]INFO:该条用例执行完毕！！！
[2016-04-06 11:02:27] test_OfflinePromotion.py [Test Case:Delete_And_Add_Assert] [line:73]INFO:删除成功
[2016-04-06 11:02:27] test_OfflinePromotion.py [Test Case:tearDown] [line:1107]INFO:该条用例执行执行完毕！！！
[2016-04-06 11:02:29] test_ColorSetting.py [Test Case:tearDown] [line:414]INFO:该条用例执行完毕！！！
[2016-04-06 11:02:36] test_Device.py [Test Case:test_7delete_Device] [line:390]INFO:开始执行用例...
[2016-04-06 11:02:39] test_Measure_WorkOrder.py [Test Case:test_5search_ByMeasureWay] [line:428]INFO:开始执行测试...
[2016-04-06 11:02:43] test_CommodityFile.py [Test Case:test_0add_File] [line:150]INFO:开始执行用例...
[2016-04-06 11:02:46] test_Measure_WorkOrder.py [Test Case:to_measureWorkOrder] [line:709]INFO:等待页面刷新···
[2016-04-06 11:02:47] test_Device.py [Test Case:to_Device] [line:55]INFO:等待页面刷新···
[2016-04-06 11:02:47] test_OfflinePromotion.py [Test Case:to_OfflinePromotion] [line:54]INFO:等待页面刷新···
[2016-04-06 11:02:49] test_OfflinePromotion.py [Test Case:to_OfflinePromotion] [line:56]INFO:刷新完成！！！
[2016-04-06 11:02:50] test_Device.py [Test Case:to_Device] [line:58]INFO:刷新完成！！！
[2016-04-06 11:02:50] test_CommodityFile.py [Test Case:to_CommodityFile] [line:50]INFO:等待页面刷新···
[2016-04-06 11:02:52] test_Measure_WorkOrder.py [Test Case:to_measureWorkOrder] [line:711]INFO:刷新完成！！！
[2016-04-06 11:02:54] test_CommodityFile.py [Test Case:to_CommodityFile] [line:52]INFO:刷新完成！！！
[2016-04-06 11:03:01] test_Device.py [Test Case:clickButton] [line:95]INFO:删除成功
[2016-04-06 11:03:01] test_Device.py [Test Case:tearDown] [line:413]INFO:该条用例执行完毕！！！
[2016-04-06 11:03:02] test_Measure_WorkOrder.py [Test Case:tearDown] [line:718]INFO:该条用例执行完毕！！！
[2016-04-06 11:03:05] test_CommodityFile.py [Test Case:tearDown] [line:428]INFO:该条用例执行完毕！！！
[2016-04-06 11:03:09] test_EmployeeInfo.py [Test Case:test_01add_Employee] [line:220]INFO:开始执行测试...
[2016-04-06 11:03:10] test_Measure_WorkOrder.py [Test Case:test_6search_ByMeasureMaster] [line:456]INFO:开始执行测试...
[2016-04-06 11:03:14] test_CommodityFile.py [Test Case:test_1search_ByCode] [line:222]INFO:开始执行用例...
[2016-04-06 11:03:15] test_EmployeeInfo.py [Test Case:to_EmployeeInformation] [line:67]INFO:等待页面刷新···
[2016-04-06 11:03:17] test_EmployeeInfo.py [Test Case:to_EmployeeInformation] [line:70]INFO:刷新完成！！！
[2016-04-06 11:03:18] test_Measure_WorkOrder.py [Test Case:to_measureWorkOrder] [line:709]INFO:等待页面刷新···
[2016-04-06 11:03:22] test_CommodityFile.py [Test Case:to_CommodityFile] [line:50]INFO:等待页面刷新···
[2016-04-06 11:03:24] test_CommodityFile.py [Test Case:to_CommodityFile] [line:52]INFO:刷新完成！！！
[2016-04-06 11:03:24] test_Measure_WorkOrder.py [Test Case:to_measureWorkOrder] [line:711]INFO:刷新完成！！！
[2016-04-06 11:03:27] test_CommodityFile.py [Test Case:searchbycode] [line:215]INFO:等待页面刷新···
[2016-04-06 11:03:27] test_CommodityFile.py [Test Case:searchbycode] [line:217]INFO:刷新完成！！！
[2016-04-06 11:03:27] test_CommodityFile.py [Test Case:tearDown] [line:428]INFO:该条用例执行完毕！！！
[2016-04-06 11:03:32] test_OfflinePromotion.py [Test Case:tearDown] [line:1107]INFO:该条用例执行执行完毕！！！
[2016-04-06 11:03:33] test_CommodityFile.py [Test Case:test_2search_ByName] [line:248]INFO:开始执行用例...
[2016-04-06 11:03:34] test_Measure_WorkOrder.py [Test Case:tearDown] [line:718]INFO:该条用例执行完毕！！！
[2016-04-06 11:03:38] test_CommodityFile.py [Test Case:to_CommodityFile] [line:50]INFO:等待页面刷新···
[2016-04-06 11:03:41] test_CommodityFile.py [Test Case:to_CommodityFile] [line:52]INFO:刷新完成！！！
[2016-04-06 11:03:44] test_Measure_WorkOrder.py [Test Case:test_7search_ByMeasureState] [line:486]INFO:开始执行测试...
[2016-04-06 11:03:45] test_CommodityFile.py [Test Case:test_2search_ByName] [line:264]INFO:等待页面刷新···
[2016-04-06 11:03:45] test_CommodityFile.py [Test Case:test_2search_ByName] [line:266]INFO:刷新完成！！！
[2016-04-06 11:03:46] test_CommodityFile.py [Test Case:tearDown] [line:428]INFO:该条用例执行完毕！！！
[2016-04-06 11:03:46] test_OfflinePromotion.py [Test Case:to_OfflinePromotion] [line:54]INFO:等待页面刷新···
[2016-04-06 11:03:48] test_OfflinePromotion.py [Test Case:to_OfflinePromotion] [line:56]INFO:刷新完成！！！
[2016-04-06 11:03:48] test_Measure_WorkOrder.py [Test Case:to_measureWorkOrder] [line:709]INFO:等待页面刷新···
[2016-04-06 11:03:52] test_EmployeeInfo.py [Test Case:tearDown] [line:798]INFO:该条用例执行完毕！！！
[2016-04-06 11:03:53] test_Measure_WorkOrder.py [Test Case:to_measureWorkOrder] [line:711]INFO:刷新完成！！！
[2016-04-06 11:03:53] test_CommodityFile.py [Test Case:test_3search_BySort] [line:278]INFO:开始执行用例...
[2016-04-06 11:04:01] test_CommodityFile.py [Test Case:to_CommodityFile] [line:50]INFO:等待页面刷新···
[2016-04-06 11:04:02] test_Measure_WorkOrder.py [Test Case:tearDown] [line:718]INFO:该条用例执行完毕！！！
[2016-04-06 11:04:02] test_EmployeeInfo.py [Test Case:test_02add_EmployeeCopy] [line:335]INFO:开始执行测试...
[2016-04-06 11:04:04] test_CommodityFile.py [Test Case:to_CommodityFile] [line:52]INFO:刷新完成！！！
[2016-04-06 11:04:05] test_OfflinePromotion.py [Test Case:Delete_And_Add_Assert] [line:81]INFO:保存成功！
[2016-04-06 11:04:07] test_OfflinePromotion.py [Test Case:tearDown] [line:1107]INFO:该条用例执行执行完毕！！！
[2016-04-06 11:04:10] test_CommodityFile.py [Test Case:test_3search_BySort] [line:295]INFO:等待页面刷新···
[2016-04-06 11:04:10] test_CommodityFile.py [Test Case:test_3search_BySort] [line:297]INFO:刷新完成！！！
[2016-04-06 11:04:10] test_EmployeeInfo.py [Test Case:to_EmployeeInformation] [line:67]INFO:等待页面刷新···
[2016-04-06 11:04:11] test_CommodityFile.py [Test Case:tearDown] [line:428]INFO:该条用例执行完毕！！！
[2016-04-06 11:04:11] test_EmployeeInfo.py [Test Case:to_EmployeeInformation] [line:70]INFO:刷新完成！！！
[2016-04-06 11:04:12] test_Measure_WorkOrder.py [Test Case:test_8search_ByDressPerson] [line:511]INFO:开始执行测试...
[2016-04-06 11:04:17] test_Measure_WorkOrder.py [Test Case:to_measureWorkOrder] [line:709]INFO:等待页面刷新···
[2016-04-06 11:04:21] test_CommodityFile.py [Test Case:test_4view_Com] [line:311]INFO:开始执行用例...
[2016-04-06 11:04:22] test_Measure_WorkOrder.py [Test Case:to_measureWorkOrder] [line:711]INFO:刷新完成！！！
[2016-04-06 11:04:25] test_OfflinePromotion.py [Test Case:to_OfflinePromotion] [line:54]INFO:等待页面刷新···
[2016-04-06 11:04:27] test_OfflinePromotion.py [Test Case:to_OfflinePromotion] [line:56]INFO:刷新完成！！！
[2016-04-06 11:04:29] test_CommodityFile.py [Test Case:to_CommodityFile] [line:50]INFO:等待页面刷新···
[2016-04-06 11:04:31] test_CommodityFile.py [Test Case:to_CommodityFile] [line:52]INFO:刷新完成！！！
[2016-04-06 11:04:32] test_Measure_WorkOrder.py [Test Case:tearDown] [line:718]INFO:该条用例执行完毕！！！
[2016-04-06 11:04:34] test_CommodityFile.py [Test Case:test_4view_Com] [line:327]INFO:等待页面刷新···
[2016-04-06 11:04:34] test_CommodityFile.py [Test Case:test_4view_Com] [line:329]INFO:刷新完成！！！
[2016-04-06 11:04:36] test_CommodityFile.py [Test Case:tearDown] [line:428]INFO:该条用例执行完毕！！！
[2016-04-06 11:04:36] test_EmployeeInfo.py [Test Case:searchbycode] [line:411]INFO:开始执行测试...
[2016-04-06 11:04:40] test_Measure_WorkOrder.py [Test Case:test_9search_ByPhone] [line:544]INFO:开始执行测试...
[2016-04-06 11:04:43] test_OfflinePromotion.py [Test Case:Delete_And_Add_Assert] [line:73]INFO:删除成功
[2016-04-06 11:04:44] test_OfflinePromotion.py [Test Case:tearDown] [line:1107]INFO:该条用例执行执行完毕！！！
[2016-04-06 11:04:45] test_Measure_WorkOrder.py [Test Case:to_measureWorkOrder] [line:709]INFO:等待页面刷新···
[2016-04-06 11:04:46] test_EmployeeInfo.py [Test Case:clickButton] [line:133]INFO:删除成功
[2016-04-06 11:04:46] test_EmployeeInfo.py [Test Case:tearDown] [line:798]INFO:该条用例执行完毕！！！
[2016-04-06 11:04:47] test_CommodityFile.py [Test Case:test_5modify_Com] [line:347]INFO:开始执行用例...
[2016-04-06 11:04:50] test_Measure_WorkOrder.py [Test Case:to_measureWorkOrder] [line:711]INFO:刷新完成！！！
[2016-04-06 11:04:53] test_CommodityFile.py [Test Case:to_CommodityFile] [line:50]INFO:等待页面刷新···
[2016-04-06 11:04:56] test_EmployeeInfo.py [Test Case:test_1search_ByEmployeeCode] [line:430]INFO:开始执行测试...
[2016-04-06 11:04:57] test_CommodityFile.py [Test Case:to_CommodityFile] [line:52]INFO:刷新完成！！！
[2016-04-06 11:05:00] test_Measure_WorkOrder.py [Test Case:tearDown] [line:718]INFO:该条用例执行完毕！！！
[2016-04-06 11:05:00] test_CommodityFile.py [Test Case:searchbycode] [line:215]INFO:等待页面刷新···
[2016-04-06 11:05:00] test_OfflinePromotion.py [Test Case:to_OfflinePromotion] [line:54]INFO:等待页面刷新···
[2016-04-06 11:05:00] test_CommodityFile.py [Test Case:searchbycode] [line:217]INFO:刷新完成！！！
[2016-04-06 11:05:02] test_OfflinePromotion.py [Test Case:to_OfflinePromotion] [line:56]INFO:刷新完成！！！
[2016-04-06 11:05:04] test_EmployeeInfo.py [Test Case:to_EmployeeInformation] [line:67]INFO:等待页面刷新···
[2016-04-06 11:05:05] test_EmployeeInfo.py [Test Case:to_EmployeeInformation] [line:70]INFO:刷新完成！！！
[2016-04-06 11:05:06] test_EmployeeInfo.py [Test Case:searchbycode] [line:411]INFO:开始执行测试...
[2016-04-06 11:05:06] test_CommodityFile.py [Test Case:searchbycode] [line:215]INFO:等待页面刷新···
[2016-04-06 11:05:06] test_CommodityFile.py [Test Case:searchbycode] [line:217]INFO:刷新完成！！！
[2016-04-06 11:05:06] test_CommodityFile.py [Test Case:tearDown] [line:428]INFO:该条用例执行完毕！！！
[2016-04-06 11:05:09] test_Measure_WorkOrder.py [Test Case:test_amodify_WorkOrder] [line:575]INFO:开始执行测试...
[2016-04-06 11:05:12] test_EmployeeInfo.py [Test Case:tearDown] [line:798]INFO:该条用例执行完毕！！！
[2016-04-06 11:05:13] test_Measure_WorkOrder.py [Test Case:to_measureWorkOrder] [line:709]INFO:等待页面刷新···
[2016-04-06 11:05:13] test_OfflinePromotion.py [Test Case:clickButton] [line:131]INFO:删除成功
[2016-04-06 11:05:13] test_OfflinePromotion.py [Test Case:tearDown] [line:1107]INFO:该条用例执行执行完毕！！！
[2016-04-06 11:05:16] test_CommodityFile.py [Test Case:test_6modify_ComStatus] [line:387]INFO:开始执行用例...
[2016-04-06 11:05:19] test_Measure_WorkOrder.py [Test Case:to_measureWorkOrder] [line:711]INFO:刷新完成！！！
[2016-04-06 11:05:22] test_CommodityFile.py [Test Case:to_CommodityFile] [line:50]INFO:等待页面刷新···
[2016-04-06 11:05:23] test_EmployeeInfo.py [Test Case:test_2search_ByEmployeeName] [line:443]INFO:开始执行测试...
[2016-04-06 11:05:25] test_OfflinePromotion.py [Test Case:test_lmodify_ApprovalStatus] [line:1079]INFO:开始执行用例...
[2016-04-06 11:05:25] test_CommodityFile.py [Test Case:to_CommodityFile] [line:52]INFO:刷新完成！！！
[2016-04-06 11:05:29] test_CommodityFile.py [Test Case:searchbycode] [line:215]INFO:等待页面刷新···
[2016-04-06 11:05:29] test_CommodityFile.py [Test Case:searchbycode] [line:217]INFO:刷新完成！！！
[2016-04-06 11:05:30] test_EmployeeInfo.py [Test Case:to_EmployeeInformation] [line:67]INFO:等待页面刷新···
[2016-04-06 11:05:31] test_OfflinePromotion.py [Test Case:to_OfflinePromotion] [line:54]INFO:等待页面刷新···
[2016-04-06 11:05:32] test_EmployeeInfo.py [Test Case:to_EmployeeInformation] [line:70]INFO:刷新完成！！！
[2016-04-06 11:05:32] test_OfflinePromotion.py [Test Case:to_OfflinePromotion] [line:56]INFO:刷新完成！！！
[2016-04-06 11:05:34] test_CommodityFile.py [Test Case:tearDown] [line:428]INFO:该条用例执行完毕！！！
[2016-04-06 11:05:36] test_Measure_WorkOrder.py [Test Case:tearDown] [line:718]INFO:该条用例执行完毕！！！
[2016-04-06 11:05:37] test_EmployeeInfo.py [Test Case:tearDown] [line:798]INFO:该条用例执行完毕！！！
[2016-04-06 11:05:43] test_CommoditySort.py [Test Case:test_0add_Sort] [line:130]INFO:开始执行用例...
[2016-04-06 11:05:44] test_Measure_WorkOrder.py [Test Case:test_bmodify_MeasureState] [line:623]INFO:开始执行测试...
[2016-04-06 11:05:49] test_Measure_WorkOrder.py [Test Case:to_measureWorkOrder] [line:709]INFO:等待页面刷新···
[2016-04-06 11:05:49] test_EmployeeInfo.py [Test Case:test_3search_ByPhones] [line:465]INFO:开始执行测试...
[2016-04-06 11:05:51] test_OfflinePromotion.py [Test Case:clickButton] [line:157]INFO:保存成功！
[2016-04-06 11:05:54] test_CommoditySort.py [Test Case:to_CommoditySort] [line:54]INFO:等待页面刷新···
[2016-04-06 11:05:56] test_CommoditySort.py [Test Case:to_CommoditySort] [line:56]INFO:刷新完成！！！
[2016-04-06 11:05:56] test_Measure_WorkOrder.py [Test Case:to_measureWorkOrder] [line:711]INFO:刷新完成！！！
[2016-04-06 11:05:58] test_EmployeeInfo.py [Test Case:to_EmployeeInformation] [line:67]INFO:等待页面刷新···
[2016-04-06 11:05:59] test_OfflinePromotion.py [Test Case:test_0add_Promotion] [line:281]INFO:刷新~~~
[2016-04-06 11:05:59] test_EmployeeInfo.py [Test Case:to_EmployeeInformation] [line:70]INFO:刷新完成！！！
[2016-04-06 11:06:01] test_CommoditySort.py [Test Case:tearDown] [line:320]INFO:该条用例执行完毕
[2016-04-06 11:06:02] test_EmployeeInfo.py [Test Case:tearDown] [line:798]INFO:该条用例执行完毕！！！
[2016-04-06 11:06:09] test_Measure_WorkOrder.py [Test Case:tearDown] [line:718]INFO:该条用例执行完毕！！！
[2016-04-06 11:06:09] test_OfflinePromotion.py [Test Case:tearDown] [line:1107]INFO:该条用例执行执行完毕！！！
[2016-04-06 11:06:10] test_CommoditySort.py [Test Case:test_1search_BySortCode] [line:184]INFO:开始执行用例...
[2016-04-06 11:06:10] test_EmployeeInfo.py [Test Case:test_4search_ByEmployeePosition] [line:485]INFO:开始执行测试...
[2016-04-06 11:06:17] test_EmployeeInfo.py [Test Case:to_EmployeeInformation] [line:67]INFO:等待页面刷新···
[2016-04-06 11:06:17] test_CommoditySort.py [Test Case:to_CommoditySort] [line:54]INFO:等待页面刷新···
[2016-04-06 11:06:18] test_EmployeeInfo.py [Test Case:to_EmployeeInformation] [line:70]INFO:刷新完成！！！
[2016-04-06 11:06:19] test_CommoditySort.py [Test Case:to_CommoditySort] [line:56]INFO:刷新完成！！！
[2016-04-06 11:06:20] test_Measure_WorkOrder.py [Test Case:test_cdelete_WorkOrder] [line:671]INFO:开始执行测试...
[2016-04-06 11:06:23] test_CommoditySort.py [Test Case:searchbycode] [line:172]INFO:等待页面刷新···
[2016-04-06 11:06:23] test_CommoditySort.py [Test Case:searchbycode] [line:174]INFO:刷新完成！！！
[2016-04-06 11:06:24] test_CommoditySort.py [Test Case:tearDown] [line:320]INFO:该条用例执行完毕
[2016-04-06 11:06:26] test_EmployeeInfo.py [Test Case:tearDown] [line:798]INFO:该条用例执行完毕！！！
[2016-04-06 11:06:27] test_Measure_WorkOrder.py [Test Case:to_measureWorkOrder] [line:709]INFO:等待页面刷新···
[2016-04-06 11:06:32] test_Measure_WorkOrder.py [Test Case:to_measureWorkOrder] [line:711]INFO:刷新完成！！！
[2016-04-06 11:06:32] test_CommoditySort.py [Test Case:test_2search_BySortName] [line:199]INFO:开始执行用例...
[2016-04-06 11:06:34] test_OfflinePromotionRelation.py [Test Case:tearDown] [line:253]INFO:该条用例执行完毕！！！
[2016-04-06 11:06:36] test_EmployeeInfo.py [Test Case:test_5modify_EmployeeInfo] [line:517]INFO:开始执行测试...
[2016-04-06 11:06:39] test_CommoditySort.py [Test Case:to_CommoditySort] [line:54]INFO:等待页面刷新···
[2016-04-06 11:06:41] test_CommoditySort.py [Test Case:to_CommoditySort] [line:56]INFO:刷新完成！！！
[2016-04-06 11:06:42] test_Measure_WorkOrder.py [Test Case:clickButton] [line:102]INFO:删除成功
[2016-04-06 11:06:42] test_Measure_WorkOrder.py [Test Case:tearDown] [line:718]INFO:该条用例执行完毕！！！
[2016-04-06 11:06:44] test_EmployeeInfo.py [Test Case:to_EmployeeInformation] [line:67]INFO:等待页面刷新···
[2016-04-06 11:06:45] test_EmployeeInfo.py [Test Case:to_EmployeeInformation] [line:70]INFO:刷新完成！！！
[2016-04-06 11:06:46] test_EmployeeInfo.py [Test Case:searchbycode] [line:411]INFO:开始执行测试...
[2016-04-06 11:06:46] test_CommoditySort.py [Test Case:test_2search_BySortName] [line:218]INFO:等待页面刷新···
[2016-04-06 11:06:46] test_CommoditySort.py [Test Case:test_2search_BySortName] [line:220]INFO:刷新完成！！！
[2016-04-06 11:06:47] test_CommoditySort.py [Test Case:tearDown] [line:320]INFO:该条用例执行完毕
[2016-04-06 11:06:56] test_OfflinePromotionRelation.py [Test Case:tearDown] [line:253]INFO:该条用例执行完毕！！！
[2016-04-06 11:06:57] test_MemberInformation.py [Test Case:to_member] [line:361]INFO:等待页面刷新···
[2016-04-06 11:06:57] test_CommoditySort.py [Test Case:test_3search_BySortInfo] [line:231]INFO:开始执行用例...
[2016-04-06 11:06:58] test_MemberInformation.py [Test Case:to_member] [line:363]INFO:刷新完成！！！
[2016-04-06 11:07:02] test_CommoditySort.py [Test Case:to_CommoditySort] [line:54]INFO:等待页面刷新···
[2016-04-06 11:07:04] test_CommoditySort.py [Test Case:to_CommoditySort] [line:56]INFO:刷新完成！！！
[2016-04-06 11:07:08] test_CommoditySort.py [Test Case:test_3search_BySortInfo] [line:246]INFO:等待页面刷新···
[2016-04-06 11:07:08] test_CommoditySort.py [Test Case:test_3search_BySortInfo] [line:248]INFO:刷新完成！！！
[2016-04-06 11:07:08] test_CommoditySort.py [Test Case:tearDown] [line:320]INFO:该条用例执行完毕
[2016-04-06 11:07:13] test_OfflinePromotionRelation.py [Test Case:tearDown] [line:253]INFO:该条用例执行完毕！！！
[2016-04-06 11:07:14] test_CommoditySort.py [Test Case:test_4modify_Sort] [line:260]INFO:开始执行用例...
[2016-04-06 11:07:19] test_CommoditySort.py [Test Case:to_CommoditySort] [line:54]INFO:等待页面刷新···
[2016-04-06 11:07:20] test_MemberInformation.py [Test Case:clickButton] [line:115]INFO:保存成功！
[2016-04-06 11:07:21] test_MemberInformation.py [Test Case:tearDown] [line:367]INFO:该条用例执行完毕！！！
[2016-04-06 11:07:21] test_CommoditySort.py [Test Case:to_CommoditySort] [line:56]INFO:刷新完成！！！
[2016-04-06 11:07:22] test_EmployeeInfo.py [Test Case:tearDown] [line:798]INFO:该条用例执行完毕！！！
[2016-04-06 11:07:26] test_CommoditySort.py [Test Case:searchbycode] [line:172]INFO:等待页面刷新···
[2016-04-06 11:07:27] test_CommoditySort.py [Test Case:searchbycode] [line:174]INFO:刷新完成！！！
[2016-04-06 11:07:29] test_EmployeeInfo.py [Test Case:test_6modify_LoginPasswdReset] [line:561]INFO:开始执行测试...
[2016-04-06 11:07:31] test_OfflinePromotionRelation.py [Test Case:tearDown] [line:253]INFO:该条用例执行完毕！！！
[2016-04-06 11:07:35] test_CommoditySort.py [Test Case:searchbycode] [line:172]INFO:等待页面刷新···
[2016-04-06 11:07:35] test_CommoditySort.py [Test Case:searchbycode] [line:174]INFO:刷新完成！！！
[2016-04-06 11:07:35] test_CommoditySort.py [Test Case:tearDown] [line:320]INFO:该条用例执行完毕
[2016-04-06 11:07:38] test_EmployeeInfo.py [Test Case:to_EmployeeInformation] [line:67]INFO:等待页面刷新···
[2016-04-06 11:07:39] test_MemberInformation.py [Test Case:to_member] [line:361]INFO:等待页面刷新···
[2016-04-06 11:07:39] test_EmployeeInfo.py [Test Case:to_EmployeeInformation] [line:70]INFO:刷新完成！！！
[2016-04-06 11:07:40] test_MemberInformation.py [Test Case:to_member] [line:363]INFO:刷新完成！！！
[2016-04-06 11:07:45] test_CommoditySort.py [Test Case:test_5delete_Sort] [line:299]INFO:开始执行用例...
[2016-04-06 11:07:46] test_MemberInformation.py [Test Case:tearDown] [line:367]INFO:该条用例执行完毕！！！
[2016-04-06 11:07:48] test_OnlinePromotion.py [Test Case:to_OnlinePromotion] [line:54]INFO:等待页面刷新···
[2016-04-06 11:07:49] test_OnlinePromotion.py [Test Case:to_OnlinePromotion] [line:56]INFO:刷新完成！！！
[2016-04-06 11:07:51] test_CommoditySort.py [Test Case:to_CommoditySort] [line:54]INFO:等待页面刷新···
[2016-04-06 11:07:53] test_CommoditySort.py [Test Case:to_CommoditySort] [line:56]INFO:刷新完成！！！
[2016-04-06 11:07:58] test_CommoditySort.py [Test Case:searchbycode] [line:172]INFO:等待页面刷新···
[2016-04-06 11:07:58] test_CommoditySort.py [Test Case:searchbycode] [line:174]INFO:刷新完成！！！
[2016-04-06 11:08:00] test_EmployeeInfo.py [Test Case:tearDown] [line:798]INFO:该条用例执行完毕！！！
[2016-04-06 11:08:02] test_CommoditySort.py [Test Case:tearDown] [line:320]INFO:该条用例执行完毕
[2016-04-06 11:08:05] test_MemberInformation.py [Test Case:to_member] [line:361]INFO:等待页面刷新···
[2016-04-06 11:08:05] test_MemberInformation.py [Test Case:to_member] [line:363]INFO:刷新完成！！！
[2016-04-06 11:08:07] test_EmployeeInfo.py [Test Case:test_7modify_RoleAssignment] [line:595]INFO:开始执行测试...
[2016-04-06 11:08:10] test_MemberInformation.py [Test Case:tearDown] [line:367]INFO:该条用例执行完毕！！！
[2016-04-06 11:08:15] test_EmployeeInfo.py [Test Case:to_EmployeeInformation] [line:67]INFO:等待页面刷新···
[2016-04-06 11:08:16] test_MeasureItem.py [Test Case:to_MeasureItem] [line:54]INFO:等待页面刷新···
[2016-04-06 11:08:17] test_MeasureItem.py [Test Case:to_MeasureItem] [line:57]INFO:刷新完成！！！
[2016-04-06 11:08:17] test_EmployeeInfo.py [Test Case:to_EmployeeInformation] [line:70]INFO:刷新完成！！！
[2016-04-06 11:08:17] test_OnlinePromotion.py [Test Case:Delete_And_Add_Assert] [line:80]INFO:保存成功！
[2016-04-06 11:08:19] test_EmployeeInfo.py [Test Case:searchbycode] [line:411]INFO:开始执行测试...
[2016-04-06 11:08:20] test_OnlinePromotion.py [Test Case:test_0add_Promotion] [line:273]INFO:刷新~~~
[2016-04-06 11:08:21] test_OnlinePromotion.py [Test Case:tearDown] [line:1189]INFO:该条用例执行执行完毕！！！
[2016-04-06 11:08:22] test_MeasureItem.py [Test Case:clickButton] [line:120]INFO:保存成功！
[2016-04-06 11:08:22] test_MeasureItem.py [Test Case:tearDown] [line:291]INFO:该条用例执行完毕！！！
[2016-04-06 11:08:26] test_MemberInformation.py [Test Case:to_member] [line:361]INFO:等待页面刷新···
[2016-04-06 11:08:26] test_MemberInformation.py [Test Case:to_member] [line:363]INFO:刷新完成！！！
[2016-04-06 11:08:29] test_MemberInformation.py [Test Case:clickButton] [line:115]INFO:保存成功！
[2016-04-06 11:08:30] test_MemberInformation.py [Test Case:tearDown] [line:367]INFO:该条用例执行完毕！！！
[2016-04-06 11:08:36] test_OnlinePromotion.py [Test Case:to_OnlinePromotion] [line:54]INFO:等待页面刷新···
[2016-04-06 11:08:37] test_MeasureItem.py [Test Case:to_MeasureItem] [line:54]INFO:等待页面刷新···
[2016-04-06 11:08:38] test_OnlinePromotion.py [Test Case:to_OnlinePromotion] [line:56]INFO:刷新完成！！！
[2016-04-06 11:08:38] test_MeasureItem.py [Test Case:to_MeasureItem] [line:57]INFO:刷新完成！！！
[2016-04-06 11:08:43] test_MeasureItem.py [Test Case:tearDown] [line:291]INFO:该条用例执行完毕！！！
[2016-04-06 11:08:45] test_MemberInformation.py [Test Case:to_member] [line:361]INFO:等待页面刷新···
[2016-04-06 11:08:45] test_MemberInformation.py [Test Case:to_member] [line:363]INFO:刷新完成！！！
[2016-04-06 11:08:51] test_MemberInformation.py [Test Case:clickButton] [line:115]INFO:保存成功！
[2016-04-06 11:08:51] test_MemberInformation.py [Test Case:tearDown] [line:367]INFO:该条用例执行完毕！！！
[2016-04-06 11:08:55] test_MeasureItem.py [Test Case:to_MeasureItem] [line:54]INFO:等待页面刷新···
[2016-04-06 11:08:55] test_EmployeeInfo.py [Test Case:tearDown] [line:798]INFO:该条用例执行完毕！！！
[2016-04-06 11:08:56] test_MeasureItem.py [Test Case:to_MeasureItem] [line:57]INFO:刷新完成！！！
[2016-04-06 11:08:58] test_OnlinePromotion.py [Test Case:tearDown] [line:1189]INFO:该条用例执行执行完毕！！！
[2016-04-06 11:08:59] test_MeasureItem.py [Test Case:tearDown] [line:291]INFO:该条用例执行完毕！！！
[2016-04-06 11:09:04] test_MemberInformation.py [Test Case:to_member] [line:361]INFO:等待页面刷新···
[2016-04-06 11:09:04] test_MemberInformation.py [Test Case:to_member] [line:363]INFO:刷新完成！！！
[2016-04-06 11:09:05] test_EmployeeInfo.py [Test Case:test_8modify_Storedistribution] [line:691]INFO:开始执行测试...
[2016-04-06 11:09:11] test_MemberInformation.py [Test Case:clickButton] [line:83]INFO:删除成功
[2016-04-06 11:09:11] test_MemberInformation.py [Test Case:tearDown] [line:367]INFO:该条用例执行完毕！！！
[2016-04-06 11:09:15] test_EmployeeInfo.py [Test Case:to_EmployeeInformation] [line:67]INFO:等待页面刷新···
[2016-04-06 11:09:16] test_EmployeeInfo.py [Test Case:to_EmployeeInformation] [line:70]INFO:刷新完成！！！
[2016-04-06 11:09:17] test_MeasureItem.py [Test Case:to_MeasureItem] [line:54]INFO:等待页面刷新···
[2016-04-06 11:09:17] test_OnlinePromotion.py [Test Case:to_OnlinePromotion] [line:54]INFO:等待页面刷新···
[2016-04-06 11:09:17] test_EmployeeInfo.py [Test Case:searchbycode] [line:411]INFO:开始执行测试...
[2016-04-06 11:09:17] test_MeasureItem.py [Test Case:to_MeasureItem] [line:57]INFO:刷新完成！！！
[2016-04-06 11:09:18] test_OnlinePromotion.py [Test Case:to_OnlinePromotion] [line:56]INFO:刷新完成！！！
[2016-04-06 11:09:20] test_MeasureItem.py [Test Case:tearDown] [line:291]INFO:该条用例执行完毕！！！
[2016-04-06 11:09:27] test_OnlinePromotion.py [Test Case:tearDown] [line:1189]INFO:该条用例执行执行完毕！！！
[2016-04-06 11:09:30] test_MeasureItem.py [Test Case:to_MeasureItem] [line:54]INFO:等待页面刷新···
[2016-04-06 11:09:30] test_MeasureItem.py [Test Case:to_MeasureItem] [line:57]INFO:刷新完成！！！
[2016-04-06 11:09:37] test_OnlinePromotion.py [Test Case:to_OnlinePromotion] [line:54]INFO:等待页面刷新···
[2016-04-06 11:09:38] test_MeasureItem.py [Test Case:clickButton] [line:120]INFO:保存成功！
[2016-04-06 11:09:38] test_OnlinePromotion.py [Test Case:to_OnlinePromotion] [line:56]INFO:刷新完成！！！
[2016-04-06 11:09:40] test_MeasureItem.py [Test Case:tearDown] [line:291]INFO:该条用例执行完毕！！！
[2016-04-06 11:09:41] test_OnlinePromotion.py [Test Case:tearDown] [line:1189]INFO:该条用例执行执行完毕！！！
[2016-04-06 11:09:52] test_MeasureItem.py [Test Case:to_MeasureItem] [line:54]INFO:等待页面刷新···
[2016-04-06 11:09:53] test_MeasureItem.py [Test Case:to_MeasureItem] [line:57]INFO:刷新完成！！！
[2016-04-06 11:09:53] test_EmployeeInfo.py [Test Case:tearDown] [line:798]INFO:该条用例执行完毕！！！
[2016-04-06 11:09:53] test_OnlinePromotion.py [Test Case:to_OnlinePromotion] [line:54]INFO:等待页面刷新···
[2016-04-06 11:09:54] test_OnlinePromotion.py [Test Case:to_OnlinePromotion] [line:56]INFO:刷新完成！！！
[2016-04-06 11:09:58] test_EmployeeInfo.py [Test Case:test_9adelete_Employee] [line:779]INFO:开始执行测试...
[2016-04-06 11:09:59] test_MeasureItem.py [Test Case:clickButton] [line:98]INFO:删除成功
[2016-04-06 11:09:59] test_MeasureItem.py [Test Case:tearDown] [line:291]INFO:该条用例执行完毕！！！
[2016-04-06 11:10:02] test_OnlinePromotion.py [Test Case:tearDown] [line:1189]INFO:该条用例执行执行完毕！！！
[2016-04-06 11:10:03] test_EmployeeInfo.py [Test Case:to_EmployeeInformation] [line:67]INFO:等待页面刷新···
[2016-04-06 11:10:05] test_EmployeeInfo.py [Test Case:to_EmployeeInformation] [line:70]INFO:刷新完成！！！
[2016-04-06 11:10:06] test_EmployeeInfo.py [Test Case:searchbycode] [line:411]INFO:开始执行测试...
[2016-04-06 11:10:11] test_SizeSetting.py [Test Case:to_SizeSetting] [line:54]INFO:等待页面刷新···
[2016-04-06 11:10:12] test_SizeSetting.py [Test Case:to_SizeSetting] [line:57]INFO:刷新完成！！！
[2016-04-06 11:10:15] test_OnlinePromotion.py [Test Case:to_OnlinePromotion] [line:54]INFO:等待页面刷新···
[2016-04-06 11:10:16] test_SizeSetting.py [Test Case:tearDown] [line:295]INFO:该条用例执行完毕！！！
[2016-04-06 11:10:16] test_OnlinePromotion.py [Test Case:to_OnlinePromotion] [line:56]INFO:刷新完成！！！
[2016-04-06 11:10:20] test_OnlinePromotion.py [Test Case:tearDown] [line:1189]INFO:该条用例执行执行完毕！！！
[2016-04-06 11:10:21] test_SizeSetting.py [Test Case:test_1search_BySizeCode] [line:183]INFO:开始执行用例...
[2016-04-06 11:10:26] test_SizeSetting.py [Test Case:to_SizeSetting] [line:54]INFO:等待页面刷新···
[2016-04-06 11:10:26] test_SizeSetting.py [Test Case:to_SizeSetting] [line:57]INFO:刷新完成！！！
[2016-04-06 11:10:30] test_SizeSetting.py [Test Case:tearDown] [line:295]INFO:该条用例执行完毕！！！
[2016-04-06 11:10:31] test_OnlinePromotion.py [Test Case:to_OnlinePromotion] [line:54]INFO:等待页面刷新···
[2016-04-06 11:10:32] test_OnlinePromotion.py [Test Case:to_OnlinePromotion] [line:56]INFO:刷新完成！！！
[2016-04-06 11:10:35] test_SizeSetting.py [Test Case:test_2search_BySizeName] [line:198]INFO:开始执行用例...
[2016-04-06 11:10:36] test_OnlinePromotion.py [Test Case:tearDown] [line:1189]INFO:该条用例执行执行完毕！！！
[2016-04-06 11:10:40] test_SizeSetting.py [Test Case:to_SizeSetting] [line:54]INFO:等待页面刷新···
[2016-04-06 11:10:40] test_SizeSetting.py [Test Case:to_SizeSetting] [line:57]INFO:刷新完成！！！
[2016-04-06 11:10:43] test_EmployeeInfo.py [Test Case:tearDown] [line:798]INFO:该条用例执行完毕！！！
[2016-04-06 11:10:44] test_SizeSetting.py [Test Case:tearDown] [line:295]INFO:该条用例执行完毕！！！
[2016-04-06 11:10:48] test_OnlinePromotion.py [Test Case:to_OnlinePromotion] [line:54]INFO:等待页面刷新···
[2016-04-06 11:10:50] test_OnlinePromotion.py [Test Case:to_OnlinePromotion] [line:56]INFO:刷新完成！！！
[2016-04-06 11:10:52] test_SizeSetting.py [Test Case:test_3modify_Size] [line:223]INFO:开始执行用例...
[2016-04-06 11:10:58] test_Organization.py [Test Case:to_Organization] [line:55]INFO:等待页面刷新···
[2016-04-06 11:10:58] test_SizeSetting.py [Test Case:to_SizeSetting] [line:54]INFO:等待页面刷新···
[2016-04-06 11:10:59] test_Organization.py [Test Case:to_Organization] [line:58]INFO:刷新完成！！！
[2016-04-06 11:10:59] test_OnlinePromotion.py [Test Case:tearDown] [line:1189]INFO:该条用例执行执行完毕！！！
[2016-04-06 11:10:59] test_SizeSetting.py [Test Case:to_SizeSetting] [line:57]INFO:刷新完成！！！
[2016-04-06 11:11:03] test_SizeSetting.py [Test Case:test_3modify_Size] [line:238]INFO:等待页面刷新···
[2016-04-06 11:11:03] test_SizeSetting.py [Test Case:test_3modify_Size] [line:241]INFO:刷新完成！！！
[2016-04-06 11:11:08] test_SizeSetting.py [Test Case:tearDown] [line:295]INFO:该条用例执行完毕！！！
[2016-04-06 11:11:11] test_Organization.py [Test Case:clickButton] [line:120]INFO:保存成功！
[2016-04-06 11:11:11] test_Organization.py [Test Case:tearDown] [line:347]INFO:该条用例执行完毕！！！
[2016-04-06 11:11:15] test_OnlinePromotion.py [Test Case:to_OnlinePromotion] [line:54]INFO:等待页面刷新···
[2016-04-06 11:11:16] test_SizeSetting.py [Test Case:test_4delete_Size] [line:269]INFO:开始执行用例...
[2016-04-06 11:11:17] test_OnlinePromotion.py [Test Case:to_OnlinePromotion] [line:56]INFO:刷新完成！！！
[2016-04-06 11:11:22] test_SizeSetting.py [Test Case:to_SizeSetting] [line:54]INFO:等待页面刷新···
[2016-04-06 11:11:23] test_SizeSetting.py [Test Case:to_SizeSetting] [line:57]INFO:刷新完成！！！
[2016-04-06 11:11:25] test_Organization.py [Test Case:to_Organization] [line:55]INFO:等待页面刷新···
[2016-04-06 11:11:26] test_Organization.py [Test Case:to_Organization] [line:58]INFO:刷新完成！！！
[2016-04-06 11:11:26] test_SizeSetting.py [Test Case:test_4delete_Size] [line:280]INFO:等待页面刷新···
[2016-04-06 11:11:26] test_SizeSetting.py [Test Case:test_4delete_Size] [line:282]INFO:刷新完成！！！
[2016-04-06 11:11:30] test_SizeSetting.py [Test Case:tearDown] [line:295]INFO:该条用例执行完毕！！！
[2016-04-06 11:11:32] test_OnlinePromotion.py [Test Case:test_8modify_AddSuitObject] [line:567]INFO:保存成功！
[2016-04-06 11:11:33] test_Organization.py [Test Case:tearDown] [line:347]INFO:该条用例执行完毕！！！
[2016-04-06 11:11:33] test_OnlinePromotion.py [Test Case:tearDown] [line:1189]INFO:该条用例执行执行完毕！！！
[2016-04-06 11:11:42] test_SKUSet.py [Test Case:to_SKUset] [line:52]INFO:等待页面刷新···
[2016-04-06 11:11:44] test_SKUSet.py [Test Case:to_SKUset] [line:55]INFO:刷新完成！！！
[2016-04-06 11:11:47] test_Organization.py [Test Case:to_Organization] [line:55]INFO:等待页面刷新···
[2016-04-06 11:11:48] test_Organization.py [Test Case:to_Organization] [line:58]INFO:刷新完成！！！
[2016-04-06 11:11:50] test_OnlinePromotion.py [Test Case:to_OnlinePromotion] [line:54]INFO:等待页面刷新···
[2016-04-06 11:11:52] test_Organization.py [Test Case:tearDown] [line:347]INFO:该条用例执行完毕！！！
[2016-04-06 11:11:52] test_OnlinePromotion.py [Test Case:to_OnlinePromotion] [line:56]INFO:刷新完成！！！
[2016-04-06 11:11:56] test_SKUSet.py [Test Case:tearDown] [line:305]INFO:该条用例执行完毕！！！
[2016-04-06 11:12:05] test_Organization.py [Test Case:to_Organization] [line:55]INFO:等待页面刷新···
[2016-04-06 11:12:07] test_Organization.py [Test Case:to_Organization] [line:58]INFO:刷新完成！！！
[2016-04-06 11:12:11] test_SKUSet.py [Test Case:to_SKUset] [line:52]INFO:等待页面刷新···
[2016-04-06 11:12:12] test_SKUSet.py [Test Case:to_SKUset] [line:55]INFO:刷新完成！！！
[2016-04-06 11:12:15] test_OnlinePromotion.py [Test Case:Delete_And_Add_Assert] [line:72]INFO:删除成功
[2016-04-06 11:12:16] test_OnlinePromotion.py [Test Case:tearDown] [line:1189]INFO:该条用例执行执行完毕！！！
[2016-04-06 11:12:17] test_SKUSet.py [Test Case:tearDown] [line:305]INFO:该条用例执行完毕！！！
[2016-04-06 11:12:17] test_Organization.py [Test Case:clickButton] [line:120]INFO:保存成功！
[2016-04-06 11:12:23] test_Organization.py [Test Case:tearDown] [line:347]INFO:该条用例执行完毕！！！
[2016-04-06 11:12:28] test_OnlinePromotion.py [Test Case:to_OnlinePromotion] [line:54]INFO:等待页面刷新···
[2016-04-06 11:12:29] test_OnlinePromotion.py [Test Case:to_OnlinePromotion] [line:56]INFO:刷新完成！！！
[2016-04-06 11:12:31] test_SKUSet.py [Test Case:to_SKUset] [line:52]INFO:等待页面刷新···
[2016-04-06 11:12:33] test_SKUSet.py [Test Case:to_SKUset] [line:55]INFO:刷新完成！！！
[2016-04-06 11:12:37] test_Organization.py [Test Case:to_Organization] [line:55]INFO:等待页面刷新···
[2016-04-06 11:12:38] test_Organization.py [Test Case:to_Organization] [line:58]INFO:刷新完成！！！
[2016-04-06 11:12:38] test_SKUSet.py [Test Case:clickButton] [line:130]INFO:保存成功！
[2016-04-06 11:12:39] test_SKUSet.py [Test Case:tearDown] [line:305]INFO:该条用例执行完毕！！！
[2016-04-06 11:12:45] test_OnlinePromotion.py [Test Case:Delete_And_Add_Assert] [line:80]INFO:保存成功！
[2016-04-06 11:12:47] test_OnlinePromotion.py [Test Case:tearDown] [line:1189]INFO:该条用例执行执行完毕！！！
[2016-04-06 11:12:48] test_Organization.py [Test Case:clickButton] [line:92]INFO:删除成功
[2016-04-06 11:12:48] test_Organization.py [Test Case:tearDown] [line:347]INFO:该条用例执行完毕！！！
[2016-04-06 11:12:50] test_SKUSet.py [Test Case:to_SKUset] [line:52]INFO:等待页面刷新···
[2016-04-06 11:12:51] test_SKUSet.py [Test Case:to_SKUset] [line:55]INFO:刷新完成！！！
[2016-04-06 11:12:55] test_RoleInfo.py [Test Case:test_0add_Role] [line:135]INFO:开始执行用例...
[2016-04-06 11:12:59] test_SKUSet.py [Test Case:clickButton] [line:130]INFO:保存成功！
[2016-04-06 11:12:59] test_OnlinePromotion.py [Test Case:to_OnlinePromotion] [line:54]INFO:等待页面刷新···
[2016-04-06 11:12:59] test_SKUSet.py [Test Case:tearDown] [line:305]INFO:该条用例执行完毕！！！
[2016-04-06 11:13:00] test_OnlinePromotion.py [Test Case:to_OnlinePromotion] [line:56]INFO:刷新完成！！！
[2016-04-06 11:13:02] test_RoleInfo.py [Test Case:to_RoleInfo] [line:56]INFO:等待页面刷新···
[2016-04-06 11:13:02] test_RoleInfo.py [Test Case:to_RoleInfo] [line:58]INFO:刷新完成！！！
[2016-04-06 11:13:08] test_RoleInfo.py [Test Case:clickButton] [line:120]INFO:保存成功！
[2016-04-06 11:13:08] test_RoleInfo.py [Test Case:tearDown] [line:384]INFO:该条用例执行完毕！！！
[2016-04-06 11:13:15] test_RoleInfo.py [Test Case:test_1search_ByRoleCode] [line:194]INFO:开始执行用例...
[2016-04-06 11:13:15] test_OnlinePromotion.py [Test Case:Delete_And_Add_Assert] [line:72]INFO:删除成功
[2016-04-06 11:13:15] test_OnlinePromotion.py [Test Case:tearDown] [line:1189]INFO:该条用例执行执行完毕！！！
[2016-04-06 11:13:19] test_RoleInfo.py [Test Case:to_RoleInfo] [line:56]INFO:等待页面刷新···
[2016-04-06 11:13:20] test_RoleInfo.py [Test Case:to_RoleInfo] [line:58]INFO:刷新完成！！！
[2016-04-06 11:13:25] test_RoleInfo.py [Test Case:test_1search_ByRoleCode] [line:216]INFO:等待页面刷新···
[2016-04-06 11:13:25] test_RoleInfo.py [Test Case:test_1search_ByRoleCode] [line:218]INFO:刷新完成！！！
[2016-04-06 11:13:25] test_RoleInfo.py [Test Case:tearDown] [line:384]INFO:该条用例执行完毕！！！
[2016-04-06 11:13:26] test_OnlinePromotion.py [Test Case:to_OnlinePromotion] [line:54]INFO:等待页面刷新···
[2016-04-06 11:13:27] test_OnlinePromotion.py [Test Case:to_OnlinePromotion] [line:56]INFO:刷新完成！！！
[2016-04-06 11:13:30] test_RoleInfo.py [Test Case:test_2search_ByRoleName] [line:228]INFO:开始执行用例...
[2016-04-06 11:13:34] test_RoleInfo.py [Test Case:to_RoleInfo] [line:56]INFO:等待页面刷新···
[2016-04-06 11:13:35] test_RoleInfo.py [Test Case:to_RoleInfo] [line:58]INFO:刷新完成！！！
[2016-04-06 11:13:38] test_RoleInfo.py [Test Case:test_2search_ByRoleName] [line:245]INFO:等待页面刷新···
[2016-04-06 11:13:38] test_RoleInfo.py [Test Case:test_2search_ByRoleName] [line:247]INFO:刷新完成！！！
[2016-04-06 11:13:38] test_RoleInfo.py [Test Case:tearDown] [line:384]INFO:该条用例执行完毕！！！
[2016-04-06 11:13:43] test_OnlinePromotion.py [Test Case:Delete_And_Add_Assert] [line:80]INFO:保存成功！
[2016-04-06 11:13:43] test_RoleInfo.py [Test Case:test_3search_ByRoleState] [line:257]INFO:开始执行用例...
[2016-04-06 11:13:47] test_RoleInfo.py [Test Case:to_RoleInfo] [line:56]INFO:等待页面刷新···
[2016-04-06 11:13:48] test_RoleInfo.py [Test Case:to_RoleInfo] [line:58]INFO:刷新完成！！！
[2016-04-06 11:13:50] test_OnlinePromotion.py [Test Case:Delete_And_Add_Assert] [line:80]INFO:保存成功！
[2016-04-06 11:13:52] test_OnlinePromotion.py [Test Case:tearDown] [line:1189]INFO:该条用例执行执行完毕！！！
[2016-04-06 11:13:54] test_RoleInfo.py [Test Case:tearDown] [line:384]INFO:该条用例执行完毕！！！
[2016-04-06 11:14:01] test_RoleInfo.py [Test Case:test_4search_byRoleInfo] [line:285]INFO:开始执行用例...
[2016-04-06 11:14:03] test_OnlinePromotion.py [Test Case:to_OnlinePromotion] [line:54]INFO:等待页面刷新···
[2016-04-06 11:14:04] test_OnlinePromotion.py [Test Case:to_OnlinePromotion] [line:56]INFO:刷新完成！！！
[2016-04-06 11:14:05] test_RoleInfo.py [Test Case:to_RoleInfo] [line:56]INFO:等待页面刷新···
[2016-04-06 11:14:06] test_RoleInfo.py [Test Case:to_RoleInfo] [line:58]INFO:刷新完成！！！
[2016-04-06 11:14:08] test_RoleInfo.py [Test Case:test_4search_byRoleInfo] [line:301]INFO:等待页面刷新···
[2016-04-06 11:14:08] test_RoleInfo.py [Test Case:test_4search_byRoleInfo] [line:303]INFO:刷新完成！！！
[2016-04-06 11:14:08] test_RoleInfo.py [Test Case:tearDown] [line:384]INFO:该条用例执行完毕！！！
[2016-04-06 11:14:13] test_RoleInfo.py [Test Case:test_5modify_Role] [line:311]INFO:开始执行用例...
[2016-04-06 11:14:19] test_RoleInfo.py [Test Case:to_RoleInfo] [line:56]INFO:等待页面刷新···
[2016-04-06 11:14:20] test_RoleInfo.py [Test Case:to_RoleInfo] [line:58]INFO:刷新完成！！！
[2016-04-06 11:14:20] test_OnlinePromotion.py [Test Case:Delete_And_Add_Assert] [line:72]INFO:删除成功
[2016-04-06 11:14:22] test_OnlinePromotion.py [Test Case:Delete_And_Add_Assert] [line:72]INFO:删除成功
[2016-04-06 11:14:22] test_OnlinePromotion.py [Test Case:tearDown] [line:1189]INFO:该条用例执行执行完毕！！！
[2016-04-06 11:14:24] test_RoleInfo.py [Test Case:test_5modify_Role] [line:328]INFO:等待页面刷新···
[2016-04-06 11:14:24] test_RoleInfo.py [Test Case:test_5modify_Role] [line:330]INFO:刷新完成！！！
[2016-04-06 11:14:27] test_RoleInfo.py [Test Case:clickButton] [line:120]INFO:保存成功！
[2016-04-06 11:14:29] test_RoleInfo.py [Test Case:tearDown] [line:384]INFO:该条用例执行完毕！！！
[2016-04-06 11:14:31] test_OnlinePromotion.py [Test Case:to_OnlinePromotion] [line:54]INFO:等待页面刷新···
[2016-04-06 11:14:32] test_OnlinePromotion.py [Test Case:to_OnlinePromotion] [line:56]INFO:刷新完成！！！
[2016-04-06 11:14:34] test_RoleInfo.py [Test Case:test_6delete_Role] [line:358]INFO:开始执行用例...
[2016-04-06 11:14:39] test_RoleInfo.py [Test Case:to_RoleInfo] [line:56]INFO:等待页面刷新···
[2016-04-06 11:14:39] test_RoleInfo.py [Test Case:to_RoleInfo] [line:58]INFO:刷新完成！！！
[2016-04-06 11:14:43] test_RoleInfo.py [Test Case:test_6delete_Role] [line:369]INFO:等待页面刷新···
[2016-04-06 11:14:43] test_RoleInfo.py [Test Case:test_6delete_Role] [line:371]INFO:刷新完成！！！
[2016-04-06 11:14:46] test_RoleInfo.py [Test Case:clickButton] [line:98]INFO:删除成功
[2016-04-06 11:14:46] test_RoleInfo.py [Test Case:tearDown] [line:384]INFO:该条用例执行完毕！！！
[2016-04-06 11:14:48] test_OnlinePromotion.py [Test Case:Delete_And_Add_Assert] [line:80]INFO:保存成功！
[2016-04-06 11:14:49] test_OnlinePromotion.py [Test Case:tearDown] [line:1189]INFO:该条用例执行执行完毕！！！
[2016-04-06 11:14:51] test_UserInformation.py [Test Case:test_0add_User] [line:146]INFO:开始执行用例...
[2016-04-06 11:14:55] test_UserInformation.py [Test Case:to_UserInformation] [line:54]INFO:等待页面刷新···
[2016-04-06 11:14:57] test_UserInformation.py [Test Case:to_UserInformation] [line:56]INFO:刷新完成！！！
[2016-04-06 11:15:00] test_OnlinePromotion.py [Test Case:to_OnlinePromotion] [line:54]INFO:等待页面刷新···
[2016-04-06 11:15:01] test_OnlinePromotion.py [Test Case:to_OnlinePromotion] [line:56]INFO:刷新完成！！！
[2016-04-06 11:15:04] test_UserInformation.py [Test Case:clickButton] [line:131]INFO:保存成功！
[2016-04-06 11:15:04] test_UserInformation.py [Test Case:tearDown] [line:307]INFO:该条用例执行完毕！！！
[2016-04-06 11:15:09] test_UserInformation.py [Test Case:test_1search_byUserCode] [line:205]INFO:开始执行用例...
[2016-04-06 11:15:13] test_UserInformation.py [Test Case:to_UserInformation] [line:54]INFO:等待页面刷新···
[2016-04-06 11:15:15] test_UserInformation.py [Test Case:to_UserInformation] [line:56]INFO:刷新完成！！！
[2016-04-06 11:15:18] test_UserInformation.py [Test Case:tearDown] [line:307]INFO:该条用例执行完毕！！！
[2016-04-06 11:15:23] test_UserInformation.py [Test Case:test_2search_byUserName] [line:219]INFO:开始执行用例...
[2016-04-06 11:15:27] test_UserInformation.py [Test Case:to_UserInformation] [line:54]INFO:等待页面刷新···
[2016-04-06 11:15:28] test_UserInformation.py [Test Case:to_UserInformation] [line:56]INFO:刷新完成！！！
[2016-04-06 11:15:31] test_UserInformation.py [Test Case:tearDown] [line:307]INFO:该条用例执行完毕！！！
[2016-04-06 11:15:36] test_UserInformation.py [Test Case:test_3iew_User] [line:241]INFO:开始执行用例...
[2016-04-06 11:15:40] test_UserInformation.py [Test Case:to_UserInformation] [line:54]INFO:等待页面刷新···
[2016-04-06 11:15:42] test_UserInformation.py [Test Case:to_UserInformation] [line:56]INFO:刷新完成！！！
[2016-04-06 11:15:46] test_OnlinePromotion.py [Test Case:tearDown] [line:1189]INFO:该条用例执行执行完毕！！！
[2016-04-06 11:15:49] test_UserInformation.py [Test Case:clickButton] [line:131]INFO:ORA-00001:违反唯一约束条件
[2016-04-06 11:15:49] test_UserInformation.py [Test Case:tearDown] [line:307]INFO:该条用例执行完毕！！！
[2016-04-06 11:15:56] test_OnlinePromotion.py [Test Case:to_OnlinePromotion] [line:54]INFO:等待页面刷新···
[2016-04-06 11:15:56] test_UserInformation.py [Test Case:test_4modify_User] [line:269]INFO:开始执行用例...
[2016-04-06 11:15:57] test_OnlinePromotion.py [Test Case:to_OnlinePromotion] [line:56]INFO:刷新完成！！！
[2016-04-06 11:16:00] test_UserInformation.py [Test Case:to_UserInformation] [line:54]INFO:等待页面刷新···
[2016-04-06 11:16:01] test_UserInformation.py [Test Case:to_UserInformation] [line:56]INFO:刷新完成！！！
[2016-04-06 11:16:08] test_UserInformation.py [Test Case:clickButton] [line:131]INFO:ORA-00001:违反唯一约束条件
[2016-04-06 11:16:08] test_UserInformation.py [Test Case:tearDown] [line:307]INFO:该条用例执行完毕！！！
[2016-04-06 11:16:14] test_OnlinePromotion.py [Test Case:Delete_And_Add_Assert] [line:80]INFO:保存成功！
[2016-04-06 11:16:20] test_OnlinePromotion.py [Test Case:Delete_And_Add_Assert] [line:80]INFO:保存成功！
[2016-04-06 11:16:21] test_OnlinePromotion.py [Test Case:tearDown] [line:1189]INFO:该条用例执行执行完毕！！！
[2016-04-06 11:16:30] test_OnlinePromotion.py [Test Case:to_OnlinePromotion] [line:54]INFO:等待页面刷新···
[2016-04-06 11:16:30] test_OnlinePromotion.py [Test Case:to_OnlinePromotion] [line:56]INFO:刷新完成！！！
[2016-04-06 11:16:45] test_OnlinePromotion.py [Test Case:Delete_And_Add_Assert] [line:72]INFO:删除成功
[2016-04-06 11:16:48] test_OnlinePromotion.py [Test Case:Delete_And_Add_Assert] [line:72]INFO:删除成功
[2016-04-06 11:16:48] test_OnlinePromotion.py [Test Case:tearDown] [line:1189]INFO:该条用例执行执行完毕！！！
[2016-04-06 11:16:57] test_OnlinePromotion.py [Test Case:to_OnlinePromotion] [line:54]INFO:等待页面刷新···
[2016-04-06 11:16:58] test_OnlinePromotion.py [Test Case:to_OnlinePromotion] [line:56]INFO:刷新完成！！！
[2016-04-06 11:17:16] test_OnlinePromotion.py [Test Case:Delete_And_Add_Assert] [line:80]INFO:保存成功！
[2016-04-06 11:17:18] test_OnlinePromotion.py [Test Case:tearDown] [line:1189]INFO:该条用例执行执行完毕！！！
[2016-04-06 11:17:26] test_OnlinePromotion.py [Test Case:to_OnlinePromotion] [line:54]INFO:等待页面刷新···
[2016-04-06 11:17:27] test_OnlinePromotion.py [Test Case:to_OnlinePromotion] [line:56]INFO:刷新完成！！！
[2016-04-06 11:17:41] test_OnlinePromotion.py [Test Case:Delete_And_Add_Assert] [line:72]INFO:删除成功
[2016-04-06 11:17:42] test_OnlinePromotion.py [Test Case:tearDown] [line:1189]INFO:该条用例执行执行完毕！！！
[2016-04-06 11:17:54] test_OnlinePromotion.py [Test Case:to_OnlinePromotion] [line:54]INFO:等待页面刷新···
[2016-04-06 11:17:55] test_OnlinePromotion.py [Test Case:to_OnlinePromotion] [line:56]INFO:刷新完成！！！
[2016-04-06 11:18:08] test_OnlinePromotion.py [Test Case:Delete_And_Add_Assert] [line:80]INFO:保存成功！
[2016-04-06 11:18:10] test_OnlinePromotion.py [Test Case:tearDown] [line:1189]INFO:该条用例执行执行完毕！！！
[2016-04-06 11:18:19] test_OnlinePromotion.py [Test Case:to_OnlinePromotion] [line:54]INFO:等待页面刷新···
[2016-04-06 11:18:20] test_OnlinePromotion.py [Test Case:to_OnlinePromotion] [line:56]INFO:刷新完成！！！
[2016-04-06 11:18:34] test_OnlinePromotion.py [Test Case:Delete_And_Add_Assert] [line:72]INFO:删除成功
[2016-04-06 11:18:35] test_OnlinePromotion.py [Test Case:tearDown] [line:1189]INFO:该条用例执行执行完毕！！！
[2016-04-06 11:18:43] test_OnlinePromotion.py [Test Case:to_OnlinePromotion] [line:54]INFO:等待页面刷新···
[2016-04-06 11:18:45] test_OnlinePromotion.py [Test Case:to_OnlinePromotion] [line:56]INFO:刷新完成！！！
[2016-04-06 11:18:55] test_OnlinePromotion.py [Test Case:Delete_And_Add_Assert] [line:72]INFO:删除成功
[2016-04-06 11:18:55] test_OnlinePromotion.py [Test Case:tearDown] [line:1189]INFO:该条用例执行执行完毕！！！
[2016-04-06 11:19:11] test_OnlinePromotionRelation.py [Test Case:tearDown] [line:259]INFO:该条用例执行完毕！！！
[2016-04-06 11:19:27] test_OnlinePromotionRelation.py [Test Case:tearDown] [line:259]INFO:该条用例执行完毕！！！
[2016-04-06 11:19:40] test_OnlinePromotionRelation.py [Test Case:tearDown] [line:259]INFO:该条用例执行完毕！！！
[2016-04-06 11:19:54] test_OnlinePromotionRelation.py [Test Case:tearDown] [line:259]INFO:该条用例执行完毕！！！
