[2016-04-11 13:34:34] test_OnlinePromotion.py [Test Case:test_OnlinePromotion] [line:29]INFO:~~~线上促销模块测试~~~
[2016-04-11 13:34:34] test_OnlinePromotion.py [Test Case:<module>] [line:1315]INFO:test_OnlinePromotion start--
[2016-04-11 13:34:38] test_OnlinePromotion.py [Test Case:test_0add_Promotion] [line:190]INFO:开始执行用例...
[2016-04-11 13:34:43] test_OnlinePromotion.py [Test Case:to_OnlinePromotion] [line:54]INFO:等待页面刷新···
[2016-04-11 13:34:44] test_OnlinePromotion.py [Test Case:to_OnlinePromotion] [line:56]INFO:刷新完成！！！
[2016-04-11 13:35:05] test_OnlinePromotion.py [Test Case:Delete_And_Add_Assert] [line:80]INFO:保存成功！
[2016-04-11 13:35:08] test_OnlinePromotion.py [Test Case:test_0add_Promotion] [line:276]INFO:刷新~~~
[2016-04-11 13:35:08] test_OnlinePromotion.py [Test Case:tearDown] [line:1305]INFO:该条用例执行执行完毕！！！
[2016-04-11 13:35:13] test_OnlinePromotion.py [Test Case:test_1search_byKeyWord] [line:317]INFO:开始执行用例...
[2016-04-11 13:35:17] test_OnlinePromotion.py [Test Case:to_OnlinePromotion] [line:54]INFO:等待页面刷新···
[2016-04-11 13:35:18] test_OnlinePromotion.py [Test Case:to_OnlinePromotion] [line:56]INFO:刷新完成！！！
[2016-04-11 13:35:36] test_OnlinePromotion.py [Test Case:tearDown] [line:1305]INFO:该条用例执行执行完毕！！！
[2016-04-11 13:35:41] test_OnlinePromotion.py [Test Case:test_2search_byActivityTime] [line:349]INFO:开始执行用例...
[2016-04-11 13:35:45] test_OnlinePromotion.py [Test Case:to_OnlinePromotion] [line:54]INFO:等待页面刷新···
[2016-04-11 13:35:46] test_OnlinePromotion.py [Test Case:to_OnlinePromotion] [line:56]INFO:刷新完成！！！
[2016-04-11 13:35:55] test_OnlinePromotion.py [Test Case:tearDown] [line:1305]INFO:该条用例执行执行完毕！！！
[2016-04-11 13:35:59] test_OnlinePromotion.py [Test Case:test_3search_byApplicableObject] [line:409]INFO:开始执行用例...
[2016-04-11 13:36:31] test_OnlinePromotion.py [Test Case:tearDown] [line:1305]INFO:该条用例执行执行完毕！！！
[2016-04-11 13:36:35] test_OnlinePromotion.py [Test Case:test_4search_byMakeDate] [line:431]INFO:开始执行用例...
[2016-04-11 13:38:36] test_OnlinePromotion.py [Test Case:to_OnlinePromotion] [line:54]INFO:等待页面刷新···
[2016-04-11 13:38:37] test_OnlinePromotion.py [Test Case:to_OnlinePromotion] [line:56]INFO:刷新完成！！！
[2016-04-11 13:38:44] test_OnlinePromotion.py [Test Case:tearDown] [line:1305]INFO:该条用例执行执行完毕！！！
[2016-04-11 13:38:49] test_OnlinePromotion.py [Test Case:test_5search_byIdentifyDocument] [line:479]INFO:开始执行用例...
[2016-04-11 13:38:53] test_OnlinePromotion.py [Test Case:to_OnlinePromotion] [line:54]INFO:等待页面刷新···
[2016-04-11 13:38:55] test_OnlinePromotion.py [Test Case:to_OnlinePromotion] [line:56]INFO:刷新完成！！！
[2016-04-11 13:38:58] test_OnlinePromotion.py [Test Case:tearDown] [line:1305]INFO:该条用例执行执行完毕！！！
[2016-04-11 13:39:03] test_OnlinePromotion.py [Test Case:test_6search_byPromotionType] [line:504]INFO:开始执行用例...
[2016-04-11 13:39:07] test_OnlinePromotion.py [Test Case:to_OnlinePromotion] [line:54]INFO:等待页面刷新···
[2016-04-11 13:39:09] test_OnlinePromotion.py [Test Case:to_OnlinePromotion] [line:56]INFO:刷新完成！！！
[2016-04-11 13:39:12] test_OnlinePromotion.py [Test Case:tearDown] [line:1305]INFO:该条用例执行执行完毕！！！
[2016-04-11 13:39:17] test_OnlinePromotion.py [Test Case:test_7modify_Promotion] [line:559]INFO:开始执行用例...
[2016-04-11 13:39:22] test_OnlinePromotion.py [Test Case:to_OnlinePromotion] [line:54]INFO:等待页面刷新···
[2016-04-11 13:39:23] test_OnlinePromotion.py [Test Case:to_OnlinePromotion] [line:56]INFO:刷新完成！！！
[2016-04-11 13:39:35] test_OnlinePromotion.py [Test Case:edit_Promotion] [line:548]INFO:等待界面刷新~~~
[2016-04-11 13:39:35] test_OnlinePromotion.py [Test Case:edit_Promotion] [line:551]INFO:刷新完成！！！
[2016-04-11 13:39:35] test_OnlinePromotion.py [Test Case:tearDown] [line:1305]INFO:该条用例执行执行完毕！！！
[2016-04-11 13:39:40] test_OnlinePromotion.py [Test Case:test_8modify_AddSuitObject] [line:570]INFO:开始执行用例...
[2016-04-11 13:39:45] test_OnlinePromotion.py [Test Case:to_OnlinePromotion] [line:54]INFO:等待页面刷新···
[2016-04-11 13:39:46] test_OnlinePromotion.py [Test Case:to_OnlinePromotion] [line:56]INFO:刷新完成！！！
[2016-04-11 13:39:58] test_OnlinePromotion.py [Test Case:edit_Promotion] [line:548]INFO:等待界面刷新~~~
[2016-04-11 13:39:58] test_OnlinePromotion.py [Test Case:edit_Promotion] [line:551]INFO:刷新完成！！！
[2016-04-11 13:39:58] test_OnlinePromotion.py [Test Case:test_8modify_AddSuitObject] [line:576]INFO:等待界面刷新~~~
[2016-04-11 13:39:59] test_OnlinePromotion.py [Test Case:test_8modify_AddSuitObject] [line:579]INFO:刷新完成！！！
[2016-04-11 13:40:03] test_OnlinePromotion.py [Test Case:test_8modify_AddSuitObject] [line:597]INFO:保存成功！
[2016-04-11 13:40:04] test_OnlinePromotion.py [Test Case:tearDown] [line:1305]INFO:该条用例执行执行完毕！！！
[2016-04-11 13:40:09] test_OnlinePromotion.py [Test Case:test_9modify_DeleteSuitObject] [line:610]INFO:开始执行用例...
[2016-04-11 13:40:14] test_OnlinePromotion.py [Test Case:to_OnlinePromotion] [line:54]INFO:等待页面刷新···
[2016-04-11 13:40:15] test_OnlinePromotion.py [Test Case:to_OnlinePromotion] [line:56]INFO:刷新完成！！！
[2016-04-11 13:40:27] test_OnlinePromotion.py [Test Case:edit_Promotion] [line:548]INFO:等待界面刷新~~~
[2016-04-11 13:40:27] test_OnlinePromotion.py [Test Case:edit_Promotion] [line:551]INFO:刷新完成！！！
[2016-04-11 13:40:27] test_OnlinePromotion.py [Test Case:test_9modify_DeleteSuitObject] [line:616]INFO:等待界面刷新~~~
[2016-04-11 13:40:28] test_OnlinePromotion.py [Test Case:test_9modify_DeleteSuitObject] [line:619]INFO:刷新完成！！！
[2016-04-11 13:40:36] test_OnlinePromotion.py [Test Case:Delete_And_Add_Assert] [line:72]INFO:删除成功
[2016-04-11 13:40:37] test_OnlinePromotion.py [Test Case:tearDown] [line:1305]INFO:该条用例执行执行完毕！！！
[2016-04-11 13:40:41] test_OnlinePromotion.py [Test Case:test_amodify_Add_TimeConstraint] [line:633]INFO:开始执行用例...
[2016-04-11 13:40:47] test_OnlinePromotion.py [Test Case:to_OnlinePromotion] [line:54]INFO:等待页面刷新···
[2016-04-11 13:40:48] test_OnlinePromotion.py [Test Case:to_OnlinePromotion] [line:56]INFO:刷新完成！！！
[2016-04-11 13:41:00] test_OnlinePromotion.py [Test Case:edit_Promotion] [line:548]INFO:等待界面刷新~~~
[2016-04-11 13:41:00] test_OnlinePromotion.py [Test Case:edit_Promotion] [line:551]INFO:刷新完成！！！
[2016-04-11 13:41:01] test_OnlinePromotion.py [Test Case:test_amodify_Add_TimeConstraint] [line:643]INFO:等待界面刷新~~~
[2016-04-11 13:41:01] test_OnlinePromotion.py [Test Case:test_amodify_Add_TimeConstraint] [line:646]INFO:刷新完成！！！
[2016-04-11 13:41:05] test_OnlinePromotion.py [Test Case:Delete_And_Add_Assert] [line:80]INFO:保存成功！
[2016-04-11 13:41:07] test_OnlinePromotion.py [Test Case:tearDown] [line:1305]INFO:该条用例执行执行完毕！！！
[2016-04-11 13:41:12] test_OnlinePromotion.py [Test Case:test_bmodify_Delete_TimeConstraint] [line:672]INFO:开始执行用例...
[2016-04-11 13:41:17] test_OnlinePromotion.py [Test Case:to_OnlinePromotion] [line:54]INFO:等待页面刷新···
[2016-04-11 13:41:18] test_OnlinePromotion.py [Test Case:to_OnlinePromotion] [line:56]INFO:刷新完成！！！
[2016-04-11 13:41:30] test_OnlinePromotion.py [Test Case:edit_Promotion] [line:548]INFO:等待界面刷新~~~
[2016-04-11 13:41:30] test_OnlinePromotion.py [Test Case:edit_Promotion] [line:551]INFO:刷新完成！！！
[2016-04-11 13:41:31] test_OnlinePromotion.py [Test Case:test_bmodify_Delete_TimeConstraint] [line:683]INFO:等待界面刷新~~~
[2016-04-11 13:41:31] test_OnlinePromotion.py [Test Case:test_bmodify_Delete_TimeConstraint] [line:686]INFO:刷新完成！！！
[2016-04-11 13:41:33] test_OnlinePromotion.py [Test Case:Delete_And_Add_Assert] [line:72]INFO:删除成功
[2016-04-11 13:41:33] test_OnlinePromotion.py [Test Case:tearDown] [line:1305]INFO:该条用例执行执行完毕！！！
[2016-04-11 13:41:38] test_OnlinePromotion.py [Test Case:test_cmodify_AddPromotion_com] [line:703]INFO:开始执行用例...
[2016-04-11 13:41:43] test_OnlinePromotion.py [Test Case:to_OnlinePromotion] [line:54]INFO:等待页面刷新···
[2016-04-11 13:41:44] test_OnlinePromotion.py [Test Case:to_OnlinePromotion] [line:56]INFO:刷新完成！！！
[2016-04-11 13:41:56] test_OnlinePromotion.py [Test Case:edit_Promotion] [line:548]INFO:等待界面刷新~~~
[2016-04-11 13:41:56] test_OnlinePromotion.py [Test Case:edit_Promotion] [line:551]INFO:刷新完成！！！
[2016-04-11 13:41:57] test_OnlinePromotion.py [Test Case:test_cmodify_AddPromotion_com] [line:714]INFO:等待界面刷新~~~
[2016-04-11 13:41:57] test_OnlinePromotion.py [Test Case:test_cmodify_AddPromotion_com] [line:717]INFO:刷新完成！！！
[2016-04-11 13:42:01] test_OnlinePromotion.py [Test Case:Delete_And_Add_Assert] [line:80]INFO:保存成功！
[2016-04-11 13:42:08] test_OnlinePromotion.py [Test Case:Delete_And_Add_Assert] [line:80]INFO:保存成功！
[2016-04-11 13:42:10] test_OnlinePromotion.py [Test Case:tearDown] [line:1305]INFO:该条用例执行执行完毕！！！
[2016-04-11 13:42:15] test_OnlinePromotion.py [Test Case:test_dmodify_DeletePromotion_com] [line:778]INFO:开始执行用例...
[2016-04-11 13:42:20] test_OnlinePromotion.py [Test Case:to_OnlinePromotion] [line:54]INFO:等待页面刷新···
[2016-04-11 13:42:21] test_OnlinePromotion.py [Test Case:to_OnlinePromotion] [line:56]INFO:刷新完成！！！
[2016-04-11 13:42:33] test_OnlinePromotion.py [Test Case:edit_Promotion] [line:548]INFO:等待界面刷新~~~
[2016-04-11 13:42:33] test_OnlinePromotion.py [Test Case:edit_Promotion] [line:551]INFO:刷新完成！！！
[2016-04-11 13:42:34] test_OnlinePromotion.py [Test Case:test_dmodify_DeletePromotion_com] [line:788]INFO:等待界面刷新~~~
[2016-04-11 13:42:34] test_OnlinePromotion.py [Test Case:test_dmodify_DeletePromotion_com] [line:791]INFO:刷新完成！！！
[2016-04-11 13:42:38] test_OnlinePromotion.py [Test Case:Delete_And_Add_Assert] [line:72]INFO:删除成功
[2016-04-11 13:42:40] test_OnlinePromotion.py [Test Case:Delete_And_Add_Assert] [line:72]INFO:删除成功
[2016-04-11 13:42:40] test_OnlinePromotion.py [Test Case:tearDown] [line:1305]INFO:该条用例执行执行完毕！！！
[2016-04-11 13:42:45] test_OnlinePromotion.py [Test Case:test_emodify_AddRedemption_com] [line:825]INFO:开始执行用例...
[2016-04-11 13:42:50] test_OnlinePromotion.py [Test Case:to_OnlinePromotion] [line:54]INFO:等待页面刷新···
[2016-04-11 13:42:51] test_OnlinePromotion.py [Test Case:to_OnlinePromotion] [line:56]INFO:刷新完成！！！
[2016-04-11 13:43:03] test_OnlinePromotion.py [Test Case:edit_Promotion] [line:548]INFO:等待界面刷新~~~
[2016-04-11 13:43:03] test_OnlinePromotion.py [Test Case:edit_Promotion] [line:551]INFO:刷新完成！！！
[2016-04-11 13:43:04] test_OnlinePromotion.py [Test Case:test_emodify_AddRedemption_com] [line:833]INFO:等待界面刷新~~~
[2016-04-11 13:43:04] test_OnlinePromotion.py [Test Case:test_emodify_AddRedemption_com] [line:836]INFO:刷新完成！！！
[2016-04-11 13:43:07] test_OnlinePromotion.py [Test Case:Delete_And_Add_Assert] [line:80]INFO:保存成功！
[2016-04-11 13:43:15] test_OnlinePromotion.py [Test Case:Delete_And_Add_Assert] [line:80]INFO:保存成功！
[2016-04-11 13:43:17] test_OnlinePromotion.py [Test Case:tearDown] [line:1305]INFO:该条用例执行执行完毕！！！
[2016-04-11 13:43:21] test_OnlinePromotion.py [Test Case:test_fmodify_DeleteRedemption_com] [line:902]INFO:开始执行用例...
[2016-04-11 13:43:26] test_OnlinePromotion.py [Test Case:to_OnlinePromotion] [line:54]INFO:等待页面刷新···
[2016-04-11 13:43:27] test_OnlinePromotion.py [Test Case:to_OnlinePromotion] [line:56]INFO:刷新完成！！！
[2016-04-11 13:43:39] test_OnlinePromotion.py [Test Case:edit_Promotion] [line:548]INFO:等待界面刷新~~~
[2016-04-11 13:43:39] test_OnlinePromotion.py [Test Case:edit_Promotion] [line:551]INFO:刷新完成！！！
[2016-04-11 13:43:40] test_OnlinePromotion.py [Test Case:test_fmodify_DeleteRedemption_com] [line:911]INFO:等待界面刷新~~~
[2016-04-11 13:43:40] test_OnlinePromotion.py [Test Case:test_fmodify_DeleteRedemption_com] [line:914]INFO:刷新完成！！！
[2016-04-11 13:43:44] test_OnlinePromotion.py [Test Case:Delete_And_Add_Assert] [line:72]INFO:删除成功
[2016-04-11 13:43:47] test_OnlinePromotion.py [Test Case:Delete_And_Add_Assert] [line:72]INFO:删除成功
[2016-04-11 13:43:47] test_OnlinePromotion.py [Test Case:tearDown] [line:1305]INFO:该条用例执行执行完毕！！！
[2016-04-11 13:43:51] test_OnlinePromotion.py [Test Case:test_gmodify_AddDonation] [line:949]INFO:开始执行用例...
[2016-04-11 13:43:56] test_OnlinePromotion.py [Test Case:to_OnlinePromotion] [line:54]INFO:等待页面刷新···
[2016-04-11 13:43:57] test_OnlinePromotion.py [Test Case:to_OnlinePromotion] [line:56]INFO:刷新完成！！！
[2016-04-11 13:44:10] test_OnlinePromotion.py [Test Case:edit_Promotion] [line:548]INFO:等待界面刷新~~~
[2016-04-11 13:44:10] test_OnlinePromotion.py [Test Case:edit_Promotion] [line:551]INFO:刷新完成！！！
[2016-04-11 13:44:11] test_OnlinePromotion.py [Test Case:test_gmodify_AddDonation] [line:959]INFO:等待界面刷新~~~
[2016-04-11 13:44:11] test_OnlinePromotion.py [Test Case:test_gmodify_AddDonation] [line:962]INFO:刷新完成！！！
[2016-04-11 13:44:15] test_OnlinePromotion.py [Test Case:Delete_And_Add_Assert] [line:80]INFO:保存成功！
[2016-04-11 13:44:21] test_OnlinePromotion.py [Test Case:Delete_And_Add_Assert] [line:80]INFO:保存成功！
[2016-04-11 13:44:23] test_OnlinePromotion.py [Test Case:tearDown] [line:1305]INFO:该条用例执行执行完毕！！！
[2016-04-11 13:44:28] test_OnlinePromotion.py [Test Case:test_hmodify_DeleteDonation] [line:1029]INFO:开始执行用例...
[2016-04-11 13:44:33] test_OnlinePromotion.py [Test Case:to_OnlinePromotion] [line:54]INFO:等待页面刷新···
[2016-04-11 13:44:34] test_OnlinePromotion.py [Test Case:to_OnlinePromotion] [line:56]INFO:刷新完成！！！
[2016-04-11 13:44:46] test_OnlinePromotion.py [Test Case:edit_Promotion] [line:548]INFO:等待界面刷新~~~
[2016-04-11 13:44:46] test_OnlinePromotion.py [Test Case:edit_Promotion] [line:551]INFO:刷新完成！！！
[2016-04-11 13:44:47] test_OnlinePromotion.py [Test Case:test_hmodify_DeleteDonation] [line:1038]INFO:等待界面刷新~~~
[2016-04-11 13:44:47] test_OnlinePromotion.py [Test Case:test_hmodify_DeleteDonation] [line:1041]INFO:刷新完成！！！
[2016-04-11 13:44:50] test_OnlinePromotion.py [Test Case:Delete_And_Add_Assert] [line:72]INFO:删除成功
[2016-04-11 13:44:53] test_OnlinePromotion.py [Test Case:Delete_And_Add_Assert] [line:72]INFO:删除成功
[2016-04-11 13:44:53] test_OnlinePromotion.py [Test Case:tearDown] [line:1305]INFO:该条用例执行执行完毕！！！
[2016-04-11 13:44:58] test_OnlinePromotion.py [Test Case:test_imodify_AddTriggerPoint] [line:1074]INFO:开始执行用例...
[2016-04-11 13:45:03] test_OnlinePromotion.py [Test Case:to_OnlinePromotion] [line:54]INFO:等待页面刷新···
[2016-04-11 13:45:04] test_OnlinePromotion.py [Test Case:to_OnlinePromotion] [line:56]INFO:刷新完成！！！
[2016-04-11 13:45:16] test_OnlinePromotion.py [Test Case:edit_Promotion] [line:548]INFO:等待界面刷新~~~
[2016-04-11 13:45:16] test_OnlinePromotion.py [Test Case:edit_Promotion] [line:551]INFO:刷新完成！！！
[2016-04-11 13:45:17] test_OnlinePromotion.py [Test Case:test_imodify_AddTriggerPoint] [line:1084]INFO:等待界面刷新~~~
[2016-04-11 13:45:17] test_OnlinePromotion.py [Test Case:test_imodify_AddTriggerPoint] [line:1087]INFO:刷新完成！！！
[2016-04-11 13:45:24] test_OnlinePromotion.py [Test Case:Delete_And_Add_Assert] [line:80]INFO:保存成功！
[2016-04-11 13:45:26] test_OnlinePromotion.py [Test Case:tearDown] [line:1305]INFO:该条用例执行执行完毕！！！
[2016-04-11 13:45:31] test_OnlinePromotion.py [Test Case:test_jmodify_DeleteTriggerPoint] [line:1145]INFO:开始执行用例...
[2016-04-11 13:45:36] test_OnlinePromotion.py [Test Case:to_OnlinePromotion] [line:54]INFO:等待页面刷新···
[2016-04-11 13:45:37] test_OnlinePromotion.py [Test Case:to_OnlinePromotion] [line:56]INFO:刷新完成！！！
[2016-04-11 13:45:49] test_OnlinePromotion.py [Test Case:edit_Promotion] [line:548]INFO:等待界面刷新~~~
[2016-04-11 13:45:49] test_OnlinePromotion.py [Test Case:edit_Promotion] [line:551]INFO:刷新完成！！！
[2016-04-11 13:45:50] test_OnlinePromotion.py [Test Case:test_jmodify_DeleteTriggerPoint] [line:1155]INFO:等待界面刷新~~~
[2016-04-11 13:45:50] test_OnlinePromotion.py [Test Case:test_jmodify_DeleteTriggerPoint] [line:1158]INFO:刷新完成！！！
[2016-04-11 13:45:52] test_OnlinePromotion.py [Test Case:Delete_And_Add_Assert] [line:72]INFO:删除成功
[2016-04-11 13:45:53] test_OnlinePromotion.py [Test Case:tearDown] [line:1305]INFO:该条用例执行执行完毕！！！
[2016-04-11 13:45:58] test_OnlinePromotion.py [Test Case:test_kmodify_AddPayment] [line:1176]INFO:开始执行用例...
[2016-04-11 13:46:03] test_OnlinePromotion.py [Test Case:to_OnlinePromotion] [line:54]INFO:等待页面刷新···
[2016-04-11 13:46:04] test_OnlinePromotion.py [Test Case:to_OnlinePromotion] [line:56]INFO:刷新完成！！！
[2016-04-11 13:46:16] test_OnlinePromotion.py [Test Case:edit_Promotion] [line:548]INFO:等待界面刷新~~~
[2016-04-11 13:46:16] test_OnlinePromotion.py [Test Case:edit_Promotion] [line:551]INFO:刷新完成！！！
[2016-04-11 13:46:17] test_OnlinePromotion.py [Test Case:test_kmodify_AddPayment] [line:1186]INFO:等待界面刷新~~~
[2016-04-11 13:46:17] test_OnlinePromotion.py [Test Case:test_kmodify_AddPayment] [line:1189]INFO:刷新完成！！！
[2016-04-11 13:46:19] test_OnlinePromotion.py [Test Case:Delete_And_Add_Assert] [line:80]INFO:保存成功！
[2016-04-11 13:46:21] test_OnlinePromotion.py [Test Case:tearDown] [line:1305]INFO:该条用例执行执行完毕！！！
[2016-04-11 13:46:26] test_OnlinePromotion.py [Test Case:test_ldelete_DeletePayment] [line:1216]INFO:开始执行用例...
[2016-04-11 13:46:31] test_OnlinePromotion.py [Test Case:to_OnlinePromotion] [line:54]INFO:等待页面刷新···
[2016-04-11 13:46:32] test_OnlinePromotion.py [Test Case:to_OnlinePromotion] [line:56]INFO:刷新完成！！！
[2016-04-11 13:46:44] test_OnlinePromotion.py [Test Case:edit_Promotion] [line:548]INFO:等待界面刷新~~~
[2016-04-11 13:46:44] test_OnlinePromotion.py [Test Case:edit_Promotion] [line:551]INFO:刷新完成！！！
[2016-04-11 13:46:45] test_OnlinePromotion.py [Test Case:test_ldelete_DeletePayment] [line:1226]INFO:等待界面刷新~~~
[2016-04-11 13:46:45] test_OnlinePromotion.py [Test Case:test_ldelete_DeletePayment] [line:1229]INFO:刷新完成！！！
[2016-04-11 13:46:48] test_OnlinePromotion.py [Test Case:Delete_And_Add_Assert] [line:72]INFO:删除成功
[2016-04-11 13:46:49] test_OnlinePromotion.py [Test Case:tearDown] [line:1305]INFO:该条用例执行执行完毕！！！
[2016-04-11 13:46:53] test_OnlinePromotion.py [Test Case:test_mdelete_Promotion] [line:1252]INFO:开始执行用例...
[2016-04-11 13:46:58] test_OnlinePromotion.py [Test Case:to_OnlinePromotion] [line:54]INFO:等待页面刷新···
[2016-04-11 13:46:59] test_OnlinePromotion.py [Test Case:to_OnlinePromotion] [line:56]INFO:刷新完成！！！
[2016-04-11 13:47:09] test_OnlinePromotion.py [Test Case:Delete_And_Add_Assert] [line:72]INFO:删除成功
[2016-04-11 13:47:09] test_OnlinePromotion.py [Test Case:tearDown] [line:1305]INFO:该条用例执行执行完毕！！！
