[2016-04-13 13:45:08] test_OfflinePromotion.py [Test Case:test_OfflinePromotion] [line:28]INFO:~~~线下促销模块测试~~~
[2016-04-13 13:45:08] test_OfflinePromotion.py [Test Case:<module>] [line:1166]INFO:test_OnlinePromotion start--
[2016-04-13 13:45:18] test_OfflinePromotion.py [Test Case:to_OfflinePromotion] [line:54]INFO:等待页面刷新···
[2016-04-13 13:45:19] test_OfflinePromotion.py [Test Case:to_OfflinePromotion] [line:56]INFO:刷新完成！！！
[2016-04-13 13:46:06] test_OfflinePromotion.py [Test Case:tearDown] [line:1156]INFO:该条用例执行执行完毕！！！
[2016-04-13 13:46:15] test_OfflinePromotion.py [Test Case:to_OfflinePromotion] [line:54]INFO:等待页面刷新···
[2016-04-13 13:46:17] test_OfflinePromotion.py [Test Case:to_OfflinePromotion] [line:56]INFO:刷新完成！！！
[2016-04-13 13:46:40] test_OfflinePromotion.py [Test Case:tearDown] [line:1156]INFO:该条用例执行执行完毕！！！
[2016-04-13 13:46:51] test_OfflinePromotion.py [Test Case:to_OfflinePromotion] [line:54]INFO:等待页面刷新···
[2016-04-13 13:46:52] test_OfflinePromotion.py [Test Case:to_OfflinePromotion] [line:56]INFO:刷新完成！！！
[2016-04-13 13:47:03] test_OfflinePromotion.py [Test Case:tearDown] [line:1156]INFO:该条用例执行执行完毕！！！
[2016-04-13 13:47:12] test_OfflinePromotion.py [Test Case:to_OfflinePromotion] [line:54]INFO:等待页面刷新···
[2016-04-13 13:47:13] test_OfflinePromotion.py [Test Case:to_OfflinePromotion] [line:56]INFO:刷新完成！！！
[2016-04-13 13:47:18] test_OfflinePromotion.py [Test Case:tearDown] [line:1156]INFO:该条用例执行执行完毕！！！
[2016-04-13 13:47:27] test_OfflinePromotion.py [Test Case:to_OfflinePromotion] [line:54]INFO:等待页面刷新···
[2016-04-13 13:47:28] test_OfflinePromotion.py [Test Case:to_OfflinePromotion] [line:56]INFO:刷新完成！！！
[2016-04-13 13:47:37] test_OfflinePromotion.py [Test Case:tearDown] [line:1156]INFO:该条用例执行执行完毕！！！
[2016-04-13 13:47:47] test_OfflinePromotion.py [Test Case:to_OfflinePromotion] [line:54]INFO:等待页面刷新···
[2016-04-13 13:47:48] test_OfflinePromotion.py [Test Case:to_OfflinePromotion] [line:56]INFO:刷新完成！！！
[2016-04-13 13:47:54] test_OfflinePromotion.py [Test Case:tearDown] [line:1156]INFO:该条用例执行执行完毕！！！
[2016-04-13 13:48:03] test_OfflinePromotion.py [Test Case:to_OfflinePromotion] [line:54]INFO:等待页面刷新···
[2016-04-13 13:48:04] test_OfflinePromotion.py [Test Case:to_OfflinePromotion] [line:56]INFO:刷新完成！！！
[2016-04-13 13:48:09] test_OfflinePromotion.py [Test Case:tearDown] [line:1156]INFO:该条用例执行执行完毕！！！
[2016-04-13 13:48:19] test_OfflinePromotion.py [Test Case:to_OfflinePromotion] [line:54]INFO:等待页面刷新···
[2016-04-13 13:48:20] test_OfflinePromotion.py [Test Case:to_OfflinePromotion] [line:56]INFO:刷新完成！！！
[2016-04-13 13:48:58] test_OfflinePromotion.py [Test Case:tearDown] [line:1156]INFO:该条用例执行执行完毕！！！
[2016-04-13 13:49:07] test_OfflinePromotion.py [Test Case:to_OfflinePromotion] [line:54]INFO:等待页面刷新···
[2016-04-13 13:49:08] test_OfflinePromotion.py [Test Case:to_OfflinePromotion] [line:56]INFO:刷新完成！！！
[2016-04-13 13:49:46] test_OfflinePromotion.py [Test Case:tearDown] [line:1156]INFO:该条用例执行执行完毕！！！
[2016-04-13 13:49:55] test_OfflinePromotion.py [Test Case:to_OfflinePromotion] [line:54]INFO:等待页面刷新···
[2016-04-13 13:49:56] test_OfflinePromotion.py [Test Case:to_OfflinePromotion] [line:56]INFO:刷新完成！！！
[2016-04-13 13:50:35] test_OfflinePromotion.py [Test Case:tearDown] [line:1156]INFO:该条用例执行执行完毕！！！
[2016-04-13 13:50:44] test_OfflinePromotion.py [Test Case:to_OfflinePromotion] [line:54]INFO:等待页面刷新···
[2016-04-13 13:50:46] test_OfflinePromotion.py [Test Case:to_OfflinePromotion] [line:56]INFO:刷新完成！！！
[2016-04-13 13:51:24] test_OfflinePromotion.py [Test Case:tearDown] [line:1156]INFO:该条用例执行执行完毕！！！
[2016-04-13 13:51:33] test_OfflinePromotion.py [Test Case:to_OfflinePromotion] [line:54]INFO:等待页面刷新···
[2016-04-13 13:51:34] test_OfflinePromotion.py [Test Case:to_OfflinePromotion] [line:56]INFO:刷新完成！！！
[2016-04-13 13:52:12] test_OfflinePromotion.py [Test Case:tearDown] [line:1156]INFO:该条用例执行执行完毕！！！
[2016-04-13 13:52:22] test_OfflinePromotion.py [Test Case:to_OfflinePromotion] [line:54]INFO:等待页面刷新···
[2016-04-13 13:52:23] test_OfflinePromotion.py [Test Case:to_OfflinePromotion] [line:56]INFO:刷新完成！！！
[2016-04-13 13:53:01] test_OfflinePromotion.py [Test Case:tearDown] [line:1156]INFO:该条用例执行执行完毕！！！
[2016-04-13 13:53:11] test_OfflinePromotion.py [Test Case:to_OfflinePromotion] [line:54]INFO:等待页面刷新···
[2016-04-13 13:53:12] test_OfflinePromotion.py [Test Case:to_OfflinePromotion] [line:56]INFO:刷新完成！！！
[2016-04-13 13:53:50] test_OfflinePromotion.py [Test Case:tearDown] [line:1156]INFO:该条用例执行执行完毕！！！
[2016-04-13 13:53:59] test_OfflinePromotion.py [Test Case:to_OfflinePromotion] [line:54]INFO:等待页面刷新···
[2016-04-13 13:54:01] test_OfflinePromotion.py [Test Case:to_OfflinePromotion] [line:56]INFO:刷新完成！！！
[2016-04-13 13:54:39] test_OfflinePromotion.py [Test Case:tearDown] [line:1156]INFO:该条用例执行执行完毕！！！
[2016-04-13 13:54:48] test_OfflinePromotion.py [Test Case:to_OfflinePromotion] [line:54]INFO:等待页面刷新···
[2016-04-13 13:54:49] test_OfflinePromotion.py [Test Case:to_OfflinePromotion] [line:56]INFO:刷新完成！！！
[2016-04-13 13:55:27] test_OfflinePromotion.py [Test Case:tearDown] [line:1156]INFO:该条用例执行执行完毕！！！
[2016-04-13 13:55:37] test_OfflinePromotion.py [Test Case:to_OfflinePromotion] [line:54]INFO:等待页面刷新···
[2016-04-13 13:55:38] test_OfflinePromotion.py [Test Case:to_OfflinePromotion] [line:56]INFO:刷新完成！！！
[2016-04-13 13:56:16] test_OfflinePromotion.py [Test Case:tearDown] [line:1156]INFO:该条用例执行执行完毕！！！
[2016-04-13 13:56:26] test_OfflinePromotion.py [Test Case:to_OfflinePromotion] [line:54]INFO:等待页面刷新···
[2016-04-13 13:56:27] test_OfflinePromotion.py [Test Case:to_OfflinePromotion] [line:56]INFO:刷新完成！！！
[2016-04-13 13:57:05] test_OfflinePromotion.py [Test Case:tearDown] [line:1156]INFO:该条用例执行执行完毕！！！
[2016-04-13 13:57:14] test_OfflinePromotion.py [Test Case:to_OfflinePromotion] [line:54]INFO:等待页面刷新···
[2016-04-13 13:57:16] test_OfflinePromotion.py [Test Case:to_OfflinePromotion] [line:56]INFO:刷新完成！！！
[2016-04-13 13:57:54] test_OfflinePromotion.py [Test Case:tearDown] [line:1156]INFO:该条用例执行执行完毕！！！
[2016-04-13 13:58:03] test_OfflinePromotion.py [Test Case:to_OfflinePromotion] [line:54]INFO:等待页面刷新···
[2016-04-13 13:58:05] test_OfflinePromotion.py [Test Case:to_OfflinePromotion] [line:56]INFO:刷新完成！！！
[2016-04-13 13:58:43] test_OfflinePromotion.py [Test Case:tearDown] [line:1156]INFO:该条用例执行执行完毕！！！
[2016-04-13 13:58:52] test_OfflinePromotion.py [Test Case:to_OfflinePromotion] [line:54]INFO:等待页面刷新···
[2016-04-13 13:58:53] test_OfflinePromotion.py [Test Case:to_OfflinePromotion] [line:56]INFO:刷新完成！！！
[2016-04-13 13:59:31] test_OfflinePromotion.py [Test Case:tearDown] [line:1156]INFO:该条用例执行执行完毕！！！
