[2016-04-11 19:00:28] test_CustomizedOrders.py [Test Case:Test_CustomizedOrders] [line:19]INFO:~~~订制订单模块测试~~~
[2016-04-11 19:00:28] test_Measure_Data.py [Test Case:test_Measure_Data] [line:29]INFO:~~~商品档案模块测试~~~
[2016-04-11 19:00:29] test_Measure_WorkOrder.py [Test Case:test_Measure_WorkOrder] [line:35]INFO:~~~量体工单模块测试~~~
[2016-04-11 19:00:29] test_MemberInformation.py [Test Case:Test_MemberInformation] [line:22]INFO:~~~会员信息模块测试~~~
[2016-04-11 19:00:29] test_AdvertisingTheme.py [Test Case:test_AdvertisingTheme] [line:33]INFO:~~~广告主题模块测试~~~
[2016-04-11 19:00:29] test_BOMManage.py [Test Case:test_BOMManager] [line:32]INFO:~~~BOM管理模块测试~~~
[2016-04-11 19:00:29] test_ColorGroup.py [Test Case:test_ColorGroup] [line:28]INFO:~~~颜色组模块测试~~~
[2016-04-11 19:00:29] test_ColorSetting.py [Test Case:test_ColorSetting] [line:30]INFO:~~~颜色配置模块测试~~~
[2016-04-11 19:00:29] test_CommodityFile.py [Test Case:test_CommodityFile] [line:25]INFO:~~~商品档案模块测试~~~
[2016-04-11 19:00:29] test_CommoditySort.py [Test Case:test_CommoditySort] [line:29]INFO:~~~商品类别模块测试~~~
[2016-04-11 19:00:29] test_MeasureItem.py [Test Case:test_MeasureItem] [line:30]INFO:~~~量体项目模块测试~~~
[2016-04-11 19:00:29] test_SizeSetting.py [Test Case:test_SizeSetting] [line:29]INFO:~~~尺码配置模块测试~~~
[2016-04-11 19:00:29] test_SKUSet.py [Test Case:test_SKUSet] [line:28]INFO:~~~SKU设置模块测试~~~
[2016-04-11 19:00:29] test_ConstantSetting.py [Test Case:test_ConstantSetting] [line:32]INFO:~~~常数配置模块测试~~~
[2016-04-11 19:00:29] test_CustomExpress.py [Test Case:test_CustomExpress] [line:26]INFO:~~~自定义快递模块测试~~~
[2016-04-11 19:00:29] test_DefaultExpress.py [Test Case:test_DefaultExpress] [line:31]INFO:~~~默认快递模块测试~~~
[2016-04-11 19:00:29] test_Device.py [Test Case:test_Device] [line:29]INFO:~~~设备信息模块测试~~~
[2016-04-11 19:00:29] test_EmployeeInfo.py [Test Case:test_EmployeeInfo] [line:43]INFO:~~~人员信息模块测试~~~
[2016-04-11 19:00:29] test_Organization.py [Test Case:test_Organization] [line:28]INFO:~~~销售组织管理模块测试~~~
[2016-04-11 19:00:29] test_RoleInfo.py [Test Case:test_RoleInfo] [line:31]INFO:~~~商品类别模块测试~~~
[2016-04-11 19:00:29] test_UserInformation.py [Test Case:test_UserInformation] [line:29]INFO:~~~用户信息模块测试~~~
[2016-04-11 19:00:29] test_OfflinePromotion.py [Test Case:test_OfflinePromotion] [line:28]INFO:~~~线下促销模块测试~~~
[2016-04-11 19:00:29] test_OfflinePromotionRelation.py [Test Case:test_OfflinePromotionRelation] [line:24]INFO:~~~线下促销关系模块测试~~~
[2016-04-11 19:00:29] test_OnlinePromotion.py [Test Case:test_OnlinePromotion] [line:29]INFO:~~~线上促销模块测试~~~
[2016-04-11 19:00:29] test_OnlinePromotionRelation.py [Test Case:test_OlinePromotionRelation] [line:32]INFO:~~~线上促销关系模块测试~~~
[2016-04-11 19:00:45] test_CustomizedOrders.py [Test Case:test_0CommoditySeason_check] [line:145]INFO:开始执行用例...
[2016-04-11 19:01:49] test_AdvertisingTheme.py [Test Case:tearDown] [line:380]INFO:该条用例执行完毕！！！
[2016-04-11 19:04:00] test_CustomizedOrders.py [Test Case:to_CommodityOrder] [line:47]INFO:等待页面刷新···
[2016-04-11 19:04:01] test_AdvertisingTheme.py [Test Case:to_AdvertisingTheme] [line:59]INFO:等待页面刷新···
[2016-04-11 19:04:01] test_OfflinePromotion.py [Test Case:to_OfflinePromotion] [line:54]INFO:等待页面刷新···
[2016-04-11 19:04:01] test_ConstantSetting.py [Test Case:to_ConstantSetting] [line:58]INFO:等待页面刷新···
[2016-04-11 19:04:02] test_ConstantSetting.py [Test Case:to_ConstantSetting] [line:61]INFO:刷新完成！！！
[2016-04-11 19:04:03] test_OfflinePromotion.py [Test Case:to_OfflinePromotion] [line:56]INFO:刷新完成！！！
[2016-04-11 19:04:05] test_AdvertisingTheme.py [Test Case:to_AdvertisingTheme] [line:62]INFO:刷新完成！！！
[2016-04-11 19:04:09] test_ConstantSetting.py [Test Case:clickButton] [line:132]INFO:保存成功！
[2016-04-11 19:04:10] test_ConstantSetting.py [Test Case:tearDown] [line:326]INFO:该条用例执行完毕！！！
[2016-04-11 19:04:10] test_CustomizedOrders.py [Test Case:to_CommodityOrder] [line:49]INFO:刷新完成！！！
[2016-04-11 19:04:15] test_CustomizedOrders.py [Test Case:tearDown] [line:452]INFO:该条用例执行完毕！！！
[2016-04-11 19:04:22] test_CustomizedOrders.py [Test Case:test_1search_by_OrderDate] [line:168]INFO:开始执行用例...
[2016-04-11 19:04:23] test_ConstantSetting.py [Test Case:to_ConstantSetting] [line:58]INFO:等待页面刷新···
[2016-04-11 19:04:24] test_ConstantSetting.py [Test Case:to_ConstantSetting] [line:61]INFO:刷新完成！！！
[2016-04-11 19:04:27] test_AdvertisingTheme.py [Test Case:tearDown] [line:380]INFO:该条用例执行完毕！！！
[2016-04-11 19:04:28] test_CustomizedOrders.py [Test Case:to_CommodityOrder] [line:47]INFO:等待页面刷新···
[2016-04-11 19:04:29] test_ConstantSetting.py [Test Case:tearDown] [line:326]INFO:该条用例执行完毕！！！
[2016-04-11 19:04:34] test_CustomizedOrders.py [Test Case:to_CommodityOrder] [line:49]INFO:刷新完成！！！
[2016-04-11 19:04:42] test_AdvertisingTheme.py [Test Case:to_AdvertisingTheme] [line:59]INFO:等待页面刷新···
[2016-04-11 19:04:44] test_CustomizedOrders.py [Test Case:tearDown] [line:452]INFO:该条用例执行完毕！！！
[2016-04-11 19:04:44] test_AdvertisingTheme.py [Test Case:to_AdvertisingTheme] [line:62]INFO:刷新完成！！！
[2016-04-11 19:04:46] test_ConstantSetting.py [Test Case:to_ConstantSetting] [line:58]INFO:等待页面刷新···
[2016-04-11 19:04:47] test_ConstantSetting.py [Test Case:to_ConstantSetting] [line:61]INFO:刷新完成！！！
[2016-04-11 19:04:47] test_AdvertisingTheme.py [Test Case:tearDown] [line:380]INFO:该条用例执行完毕！！！
[2016-04-11 19:04:50] test_CustomizedOrders.py [Test Case:test_2search_by_TheOrderNumber] [line:225]INFO:开始执行用例...
[2016-04-11 19:04:51] test_ConstantSetting.py [Test Case:tearDown] [line:326]INFO:该条用例执行完毕！！！
[2016-04-11 19:04:55] test_CustomizedOrders.py [Test Case:to_CommodityOrder] [line:47]INFO:等待页面刷新···
[2016-04-11 19:04:55] test_OfflinePromotion.py [Test Case:tearDown] [line:1155]INFO:该条用例执行执行完毕！！！
[2016-04-11 19:05:02] test_CustomizedOrders.py [Test Case:to_CommodityOrder] [line:49]INFO:刷新完成！！！
[2016-04-11 19:05:05] test_AdvertisingTheme.py [Test Case:to_AdvertisingTheme] [line:59]INFO:等待页面刷新···
[2016-04-11 19:05:09] test_AdvertisingTheme.py [Test Case:to_AdvertisingTheme] [line:62]INFO:刷新完成！！！
[2016-04-11 19:05:10] test_ConstantSetting.py [Test Case:to_ConstantSetting] [line:58]INFO:等待页面刷新···
[2016-04-11 19:05:11] test_ConstantSetting.py [Test Case:to_ConstantSetting] [line:61]INFO:刷新完成！！！
[2016-04-11 19:05:13] test_CustomizedOrders.py [Test Case:tearDown] [line:452]INFO:该条用例执行完毕！！！
[2016-04-11 19:05:15] test_OfflinePromotion.py [Test Case:to_OfflinePromotion] [line:54]INFO:等待页面刷新···
[2016-04-11 19:05:15] test_AdvertisingTheme.py [Test Case:clickButton] [line:135]INFO:保存成功！
[2016-04-11 19:05:16] test_AdvertisingTheme.py [Test Case:tearDown] [line:380]INFO:该条用例执行完毕！！！
[2016-04-11 19:05:17] test_OfflinePromotion.py [Test Case:to_OfflinePromotion] [line:56]INFO:刷新完成！！！
[2016-04-11 19:05:17] test_ConstantSetting.py [Test Case:clickButton] [line:132]INFO:保存成功！
[2016-04-11 19:05:17] test_ConstantSetting.py [Test Case:tearDown] [line:326]INFO:该条用例执行完毕！！！
[2016-04-11 19:05:30] test_CustomizedOrders.py [Test Case:to_CommodityOrder] [line:47]INFO:等待页面刷新···
[2016-04-11 19:05:34] test_AdvertisingTheme.py [Test Case:to_AdvertisingTheme] [line:59]INFO:等待页面刷新···
[2016-04-11 19:05:37] test_AdvertisingTheme.py [Test Case:to_AdvertisingTheme] [line:62]INFO:刷新完成！！！
[2016-04-11 19:05:38] test_CustomizedOrders.py [Test Case:to_CommodityOrder] [line:49]INFO:刷新完成！！！
[2016-04-11 19:05:38] test_ConstantSetting.py [Test Case:to_ConstantSetting] [line:58]INFO:等待页面刷新···
[2016-04-11 19:05:39] test_ConstantSetting.py [Test Case:to_ConstantSetting] [line:61]INFO:刷新完成！！！
[2016-04-11 19:05:43] test_AdvertisingTheme.py [Test Case:clickButton] [line:135]INFO:保存成功！
[2016-04-11 19:05:43] test_AdvertisingTheme.py [Test Case:tearDown] [line:380]INFO:该条用例执行完毕！！！
[2016-04-11 19:05:43] test_OfflinePromotion.py [Test Case:tearDown] [line:1155]INFO:该条用例执行执行完毕！！！
[2016-04-11 19:05:49] test_ConstantSetting.py [Test Case:clickButton] [line:132]INFO:保存成功！
[2016-04-11 19:05:49] test_CustomizedOrders.py [Test Case:tearDown] [line:452]INFO:该条用例执行完毕！！！
[2016-04-11 19:05:53] test_ConstantSetting.py [Test Case:tearDown] [line:326]INFO:该条用例执行完毕！！！
[2016-04-11 19:06:00] test_OfflinePromotion.py [Test Case:to_OfflinePromotion] [line:54]INFO:等待页面刷新···
[2016-04-11 19:06:01] test_BOMManage.py [Test Case:to_BOMManager] [line:58]INFO:等待页面刷新···
[2016-04-11 19:06:02] test_OfflinePromotion.py [Test Case:to_OfflinePromotion] [line:56]INFO:刷新完成！！！
[2016-04-11 19:06:02] test_CustomizedOrders.py [Test Case:test_4search_by_TheOrderStatus] [line:284]INFO:开始执行用例...
[2016-04-11 19:06:07] test_BOMManage.py [Test Case:to_BOMManager] [line:61]INFO:刷新完成！！！
[2016-04-11 19:06:08] test_CustomizedOrders.py [Test Case:to_CommodityOrder] [line:47]INFO:等待页面刷新···
[2016-04-11 19:06:13] test_ConstantSetting.py [Test Case:to_ConstantSetting] [line:58]INFO:等待页面刷新···
[2016-04-11 19:06:13] test_OfflinePromotion.py [Test Case:tearDown] [line:1155]INFO:该条用例执行执行完毕！！！
[2016-04-11 19:06:14] test_ConstantSetting.py [Test Case:to_ConstantSetting] [line:61]INFO:刷新完成！！！
[2016-04-11 19:06:16] test_CustomizedOrders.py [Test Case:to_CommodityOrder] [line:49]INFO:刷新完成！！！
[2016-04-11 19:06:22] test_ConstantSetting.py [Test Case:clickButton] [line:106]INFO:删除成功
[2016-04-11 19:06:22] test_ConstantSetting.py [Test Case:tearDown] [line:326]INFO:该条用例执行完毕！！！
[2016-04-11 19:06:26] test_OfflinePromotion.py [Test Case:to_OfflinePromotion] [line:54]INFO:等待页面刷新···
[2016-04-11 19:06:27] test_CustomizedOrders.py [Test Case:tearDown] [line:452]INFO:该条用例执行完毕！！！
[2016-04-11 19:06:28] test_OfflinePromotion.py [Test Case:to_OfflinePromotion] [line:56]INFO:刷新完成！！！
[2016-04-11 19:06:33] test_OfflinePromotion.py [Test Case:tearDown] [line:1155]INFO:该条用例执行执行完毕！！！
[2016-04-11 19:06:33] test_BOMManage.py [Test Case:clickButton] [line:139]INFO:保存成功！
[2016-04-11 19:06:33] test_BOMManage.py [Test Case:tearDown] [line:337]INFO:该条用例执行完毕！！！
[2016-04-11 19:06:36] test_CustomizedOrders.py [Test Case:test_5search_by_PaymentStatus] [line:319]INFO:开始执行用例...
[2016-04-11 19:06:37] test_CustomExpress.py [Test Case:to_CustomExpress] [line:51]INFO:等待页面刷新···
[2016-04-11 19:06:40] test_CustomExpress.py [Test Case:to_CustomExpress] [line:54]INFO:刷新完成！！！
[2016-04-11 19:06:42] test_CustomizedOrders.py [Test Case:to_CommodityOrder] [line:47]INFO:等待页面刷新···
[2016-04-11 19:06:48] test_CustomExpress.py [Test Case:test_1search_byTemplateType] [line:289]INFO:等待页面刷新···
[2016-04-11 19:06:48] test_CustomExpress.py [Test Case:test_1search_byTemplateType] [line:292]INFO:刷新完成！！！
[2016-04-11 19:06:49] test_CustomExpress.py [Test Case:tearDown] [line:500]INFO:该条用例执行完毕！！！
[2016-04-11 19:06:51] test_OfflinePromotion.py [Test Case:to_OfflinePromotion] [line:54]INFO:等待页面刷新···
[2016-04-11 19:06:51] test_CustomizedOrders.py [Test Case:to_CommodityOrder] [line:49]INFO:刷新完成！！！
[2016-04-11 19:06:53] test_OfflinePromotion.py [Test Case:to_OfflinePromotion] [line:56]INFO:刷新完成！！！
[2016-04-11 19:06:54] test_BOMManage.py [Test Case:to_BOMManager] [line:58]INFO:等待页面刷新···
[2016-04-11 19:07:00] test_BOMManage.py [Test Case:to_BOMManager] [line:61]INFO:刷新完成！！！
[2016-04-11 19:07:02] test_OfflinePromotion.py [Test Case:tearDown] [line:1155]INFO:该条用例执行执行完毕！！！
[2016-04-11 19:07:03] test_CustomExpress.py [Test Case:to_CustomExpress] [line:51]INFO:等待页面刷新···
[2016-04-11 19:07:04] test_CustomizedOrders.py [Test Case:tearDown] [line:452]INFO:该条用例执行完毕！！！
[2016-04-11 19:07:05] test_CustomExpress.py [Test Case:to_CustomExpress] [line:54]INFO:刷新完成！！！
[2016-04-11 19:07:08] test_BOMManage.py [Test Case:tearDown] [line:337]INFO:该条用例执行完毕！！！
[2016-04-11 19:07:13] test_CustomizedOrders.py [Test Case:test_6search_by_TheConsignee] [line:362]INFO:开始执行用例...
[2016-04-11 19:07:14] test_CustomExpress.py [Test Case:test_2search_byExpressType] [line:363]INFO:等待页面刷新···
[2016-04-11 19:07:14] test_CustomExpress.py [Test Case:test_2search_byExpressType] [line:367]INFO:刷新完成！！！
[2016-04-11 19:07:15] test_CustomExpress.py [Test Case:tearDown] [line:500]INFO:该条用例执行完毕！！！
[2016-04-11 19:07:19] test_OfflinePromotion.py [Test Case:to_OfflinePromotion] [line:54]INFO:等待页面刷新···
[2016-04-11 19:07:21] test_OfflinePromotion.py [Test Case:to_OfflinePromotion] [line:56]INFO:刷新完成！！！
[2016-04-11 19:07:21] test_CustomizedOrders.py [Test Case:to_CommodityOrder] [line:47]INFO:等待页面刷新···
[2016-04-11 19:07:27] test_OfflinePromotion.py [Test Case:tearDown] [line:1155]INFO:该条用例执行执行完毕！！！
[2016-04-11 19:07:28] test_BOMManage.py [Test Case:to_BOMManager] [line:58]INFO:等待页面刷新···
[2016-04-11 19:07:29] test_CustomizedOrders.py [Test Case:to_CommodityOrder] [line:49]INFO:刷新完成！！！
[2016-04-11 19:07:34] test_BOMManage.py [Test Case:to_BOMManager] [line:61]INFO:刷新完成！！！
[2016-04-11 19:07:34] test_CustomExpress.py [Test Case:to_CustomExpress] [line:51]INFO:等待页面刷新···
[2016-04-11 19:07:39] test_CustomExpress.py [Test Case:to_CustomExpress] [line:54]INFO:刷新完成！！！
[2016-04-11 19:07:43] test_CustomizedOrders.py [Test Case:tearDown] [line:452]INFO:该条用例执行完毕！！！
[2016-04-11 19:07:44] test_OfflinePromotion.py [Test Case:to_OfflinePromotion] [line:54]INFO:等待页面刷新···
[2016-04-11 19:07:44] test_OfflinePromotion.py [Test Case:to_OfflinePromotion] [line:56]INFO:刷新完成！！！
[2016-04-11 19:07:47] test_BOMManage.py [Test Case:tearDown] [line:337]INFO:该条用例执行完毕！！！
[2016-04-11 19:07:47] test_CustomExpress.py [Test Case:test_3search_byStoreName] [line:396]INFO:等待页面刷新···
[2016-04-11 19:07:47] test_CustomExpress.py [Test Case:test_3search_byStoreName] [line:400]INFO:刷新完成！！！
[2016-04-11 19:07:48] test_CustomExpress.py [Test Case:tearDown] [line:500]INFO:该条用例执行完毕！！！
[2016-04-11 19:07:50] test_CustomizedOrders.py [Test Case:test_7search_by_ConsigneePhone] [line:392]INFO:开始执行用例...
[2016-04-11 19:07:51] test_OfflinePromotion.py [Test Case:tearDown] [line:1155]INFO:该条用例执行执行完毕！！！
[2016-04-11 19:07:58] test_CustomizedOrders.py [Test Case:to_CommodityOrder] [line:47]INFO:等待页面刷新···
[2016-04-11 19:08:07] test_CustomizedOrders.py [Test Case:to_CommodityOrder] [line:49]INFO:刷新完成！！！
[2016-04-11 19:08:07] test_BOMManage.py [Test Case:to_BOMManager] [line:58]INFO:等待页面刷新···
[2016-04-11 19:08:09] test_CustomExpress.py [Test Case:to_CustomExpress] [line:51]INFO:等待页面刷新···
[2016-04-11 19:08:11] test_CustomExpress.py [Test Case:to_CustomExpress] [line:54]INFO:刷新完成！！！
[2016-04-11 19:08:12] test_OfflinePromotion.py [Test Case:to_OfflinePromotion] [line:54]INFO:等待页面刷新···
[2016-04-11 19:08:13] test_OfflinePromotion.py [Test Case:to_OfflinePromotion] [line:56]INFO:刷新完成！！！
[2016-04-11 19:08:13] test_BOMManage.py [Test Case:to_BOMManager] [line:61]INFO:刷新完成！！！
[2016-04-11 19:08:18] test_CustomExpress.py [Test Case:clickButton] [line:131]INFO:保存成功！
[2016-04-11 19:08:18] test_CustomizedOrders.py [Test Case:tearDown] [line:452]INFO:该条用例执行完毕！！！
[2016-04-11 19:08:18] test_CustomExpress.py [Test Case:tearDown] [line:500]INFO:该条用例执行完毕！！！
[2016-04-11 19:08:27] test_CustomizedOrders.py [Test Case:test_8search_by_Store] [line:424]INFO:开始执行用例...
[2016-04-11 19:08:28] test_OfflinePromotion.py [Test Case:edit_Promotion] [line:550]INFO:等待界面刷新~~~
[2016-04-11 19:08:28] test_OfflinePromotion.py [Test Case:edit_Promotion] [line:553]INFO:刷新完成！！！
[2016-04-11 19:08:28] test_OfflinePromotion.py [Test Case:tearDown] [line:1155]INFO:该条用例执行执行完毕！！！
[2016-04-11 19:08:33] test_CustomizedOrders.py [Test Case:to_CommodityOrder] [line:47]INFO:等待页面刷新···
[2016-04-11 19:08:34] test_CustomExpress.py [Test Case:to_CustomExpress] [line:51]INFO:等待页面刷新···
[2016-04-11 19:08:37] test_CustomExpress.py [Test Case:to_CustomExpress] [line:54]INFO:刷新完成！！！
[2016-04-11 19:08:39] test_CustomizedOrders.py [Test Case:to_CommodityOrder] [line:49]INFO:刷新完成！！！
[2016-04-11 19:08:43] test_OfflinePromotion.py [Test Case:to_OfflinePromotion] [line:54]INFO:等待页面刷新···
[2016-04-11 19:08:43] test_CustomExpress.py [Test Case:clickButton] [line:131]INFO:保存成功！
[2016-04-11 19:08:44] test_CustomExpress.py [Test Case:test_5modify_CustomExpress] [line:459]INFO:等待页面刷新···
[2016-04-11 19:08:44] test_CustomExpress.py [Test Case:test_5modify_CustomExpress] [line:463]INFO:刷新完成！！！
[2016-04-11 19:08:44] test_CustomExpress.py [Test Case:tearDown] [line:500]INFO:该条用例执行完毕！！！
[2016-04-11 19:08:45] test_OfflinePromotion.py [Test Case:to_OfflinePromotion] [line:56]INFO:刷新完成！！！
[2016-04-11 19:08:49] test_CustomizedOrders.py [Test Case:tearDown] [line:452]INFO:该条用例执行完毕！！！
[2016-04-11 19:08:57] test_DefaultExpress.py [Test Case:to_DefaultExpress] [line:56]INFO:等待页面刷新···
[2016-04-11 19:08:58] test_BOMManage.py [Test Case:tearDown] [line:337]INFO:该条用例执行完毕！！！
[2016-04-11 19:09:01] test_DefaultExpress.py [Test Case:to_DefaultExpress] [line:59]INFO:刷新完成！！！
[2016-04-11 19:09:01] test_OfflinePromotion.py [Test Case:edit_Promotion] [line:550]INFO:等待界面刷新~~~
[2016-04-11 19:09:01] test_OfflinePromotion.py [Test Case:edit_Promotion] [line:553]INFO:刷新完成！！！
[2016-04-11 19:09:02] test_OfflinePromotion.py [Test Case:test_8modify_AddRedemption_com] [line:578]INFO:等待界面刷新~~~
[2016-04-11 19:09:02] test_OfflinePromotion.py [Test Case:test_8modify_AddRedemption_com] [line:581]INFO:刷新完成！！！
[2016-04-11 19:09:05] test_DefaultExpress.py [Test Case:clickButton] [line:130]INFO:保存成功！
[2016-04-11 19:09:06] test_DefaultExpress.py [Test Case:tearDown] [line:309]INFO:该条用例执行完毕！！！
[2016-04-11 19:09:06] test_OfflinePromotion.py [Test Case:Delete_And_Add_Assert] [line:81]INFO:保存成功！
[2016-04-11 19:09:13] test_BOMManage.py [Test Case:to_BOMManager] [line:58]INFO:等待页面刷新···
[2016-04-11 19:09:14] test_OfflinePromotion.py [Test Case:Delete_And_Add_Assert] [line:81]INFO:保存成功！
[2016-04-11 19:09:16] test_OfflinePromotion.py [Test Case:tearDown] [line:1155]INFO:该条用例执行执行完毕！！！
[2016-04-11 19:09:19] test_BOMManage.py [Test Case:to_BOMManager] [line:61]INFO:刷新完成！！！
[2016-04-11 19:09:21] test_DefaultExpress.py [Test Case:to_DefaultExpress] [line:56]INFO:等待页面刷新···
[2016-04-11 19:09:23] test_DefaultExpress.py [Test Case:to_DefaultExpress] [line:59]INFO:刷新完成！！！
[2016-04-11 19:09:25] test_DefaultExpress.py [Test Case:tearDown] [line:309]INFO:该条用例执行完毕！！！
[2016-04-11 19:09:29] test_OfflinePromotion.py [Test Case:to_OfflinePromotion] [line:54]INFO:等待页面刷新···
[2016-04-11 19:09:30] test_Measure_Data.py [Test Case:tearDown] [line:259]INFO:该条用例执行完毕！！！
[2016-04-11 19:09:31] test_OfflinePromotion.py [Test Case:to_OfflinePromotion] [line:56]INFO:刷新完成！！！
[2016-04-11 19:09:38] test_DefaultExpress.py [Test Case:to_DefaultExpress] [line:56]INFO:等待页面刷新···
[2016-04-11 19:09:40] test_DefaultExpress.py [Test Case:to_DefaultExpress] [line:59]INFO:刷新完成！！！
[2016-04-11 19:09:42] test_DefaultExpress.py [Test Case:tearDown] [line:309]INFO:该条用例执行完毕！！！
[2016-04-11 19:09:46] test_BOMManage.py [Test Case:clickButton] [line:139]INFO:保存成功！
[2016-04-11 19:09:46] test_BOMManage.py [Test Case:tearDown] [line:337]INFO:该条用例执行完毕！！！
[2016-04-11 19:09:47] test_OfflinePromotion.py [Test Case:edit_Promotion] [line:550]INFO:等待界面刷新~~~
[2016-04-11 19:09:47] test_OfflinePromotion.py [Test Case:edit_Promotion] [line:553]INFO:刷新完成！！！
[2016-04-11 19:09:58] test_Measure_Data.py [Test Case:tearDown] [line:259]INFO:该条用例执行完毕！！！
[2016-04-11 19:10:00] test_DefaultExpress.py [Test Case:to_DefaultExpress] [line:56]INFO:等待页面刷新···
[2016-04-11 19:10:01] test_OfflinePromotion.py [Test Case:Delete_And_Add_Assert] [line:81]INFO:保存成功！
[2016-04-11 19:10:02] test_DefaultExpress.py [Test Case:to_DefaultExpress] [line:59]INFO:刷新完成！！！
[2016-04-11 19:10:03] test_OfflinePromotion.py [Test Case:tearDown] [line:1155]INFO:该条用例执行执行完毕！！！
[2016-04-11 19:10:05] test_BOMManage.py [Test Case:to_BOMManager] [line:58]INFO:等待页面刷新···
[2016-04-11 19:10:08] test_DefaultExpress.py [Test Case:clickButton] [line:130]INFO:保存成功！
[2016-04-11 19:10:08] test_DefaultExpress.py [Test Case:tearDown] [line:309]INFO:该条用例执行完毕！！！
[2016-04-11 19:10:11] test_BOMManage.py [Test Case:to_BOMManager] [line:61]INFO:刷新完成！！！
[2016-04-11 19:10:16] test_BOMManage.py [Test Case:clickButton] [line:111]INFO:删除成功
[2016-04-11 19:10:16] test_BOMManage.py [Test Case:tearDown] [line:337]INFO:该条用例执行完毕！！！
[2016-04-11 19:10:21] test_OfflinePromotion.py [Test Case:to_OfflinePromotion] [line:54]INFO:等待页面刷新···
[2016-04-11 19:10:23] test_OfflinePromotion.py [Test Case:to_OfflinePromotion] [line:56]INFO:刷新完成！！！
[2016-04-11 19:10:26] test_ColorGroup.py [Test Case:test_0add_ColorGroup] [line:143]INFO:开始执行测试...
[2016-04-11 19:10:26] test_DefaultExpress.py [Test Case:to_DefaultExpress] [line:56]INFO:等待页面刷新···
[2016-04-11 19:10:28] test_DefaultExpress.py [Test Case:to_DefaultExpress] [line:59]INFO:刷新完成！！！
[2016-04-11 19:10:31] test_Measure_Data.py [Test Case:tearDown] [line:259]INFO:该条用例执行完毕！！！
[2016-04-11 19:10:32] test_ColorGroup.py [Test Case:to_ColorGroup] [line:52]INFO:等待页面刷新···
[2016-04-11 19:10:33] test_ColorGroup.py [Test Case:to_ColorGroup] [line:55]INFO:刷新完成！！！
[2016-04-11 19:10:35] test_DefaultExpress.py [Test Case:clickButton] [line:130]INFO:保存成功！
[2016-04-11 19:10:38] test_OfflinePromotion.py [Test Case:edit_Promotion] [line:550]INFO:等待界面刷新~~~
[2016-04-11 19:10:38] test_OfflinePromotion.py [Test Case:edit_Promotion] [line:553]INFO:刷新完成！！！
[2016-04-11 19:10:38] test_DefaultExpress.py [Test Case:tearDown] [line:309]INFO:该条用例执行完毕！！！
[2016-04-11 19:10:39] test_ColorGroup.py [Test Case:clickButton] [line:127]INFO:保存成功！
[2016-04-11 19:10:39] test_ColorGroup.py [Test Case:tearDown] [line:313]INFO:该条用例执行完毕！！！
[2016-04-11 19:10:41] test_OfflinePromotion.py [Test Case:Delete_And_Add_Assert] [line:73]INFO:删除成功
[2016-04-11 19:10:42] test_OfflinePromotion.py [Test Case:tearDown] [line:1155]INFO:该条用例执行执行完毕！！！
[2016-04-11 19:10:58] test_DefaultExpress.py [Test Case:to_DefaultExpress] [line:56]INFO:等待页面刷新···
[2016-04-11 19:10:59] test_ColorGroup.py [Test Case:to_ColorGroup] [line:52]INFO:等待页面刷新···
[2016-04-11 19:10:59] test_ColorGroup.py [Test Case:to_ColorGroup] [line:55]INFO:刷新完成！！！
[2016-04-11 19:11:00] test_DefaultExpress.py [Test Case:to_DefaultExpress] [line:59]INFO:刷新完成！！！
[2016-04-11 19:11:00] test_Measure_Data.py [Test Case:tearDown] [line:259]INFO:该条用例执行完毕！！！
[2016-04-11 19:11:01] test_OfflinePromotion.py [Test Case:to_OfflinePromotion] [line:54]INFO:等待页面刷新···
[2016-04-11 19:11:02] test_OfflinePromotion.py [Test Case:to_OfflinePromotion] [line:56]INFO:刷新完成！！！
[2016-04-11 19:11:03] test_ColorGroup.py [Test Case:tearDown] [line:313]INFO:该条用例执行完毕！！！
[2016-04-11 19:11:05] test_DefaultExpress.py [Test Case:clickButton] [line:104]INFO:删除成功
[2016-04-11 19:11:05] test_DefaultExpress.py [Test Case:tearDown] [line:309]INFO:该条用例执行完毕！！！
[2016-04-11 19:11:14] test_ColorGroup.py [Test Case:test_2search_ByCGroupName] [line:219]INFO:开始执行测试...
[2016-04-11 19:11:17] test_Device.py [Test Case:test_0add_Device] [line:134]INFO:开始执行用例...
[2016-04-11 19:11:19] test_OfflinePromotion.py [Test Case:edit_Promotion] [line:550]INFO:等待界面刷新~~~
[2016-04-11 19:11:19] test_OfflinePromotion.py [Test Case:edit_Promotion] [line:553]INFO:刷新完成！！！
[2016-04-11 19:11:20] test_OfflinePromotion.py [Test Case:test_bmodify_DeleteRedemption_com] [line:744]INFO:等待界面刷新~~~
[2016-04-11 19:11:20] test_OfflinePromotion.py [Test Case:test_bmodify_DeleteRedemption_com] [line:747]INFO:刷新完成！！！
[2016-04-11 19:11:25] test_OfflinePromotion.py [Test Case:Delete_And_Add_Assert] [line:73]INFO:删除成功
[2016-04-11 19:11:25] test_ColorGroup.py [Test Case:to_ColorGroup] [line:52]INFO:等待页面刷新···
[2016-04-11 19:11:25] test_Device.py [Test Case:to_Device] [line:55]INFO:等待页面刷新···
[2016-04-11 19:11:26] test_ColorGroup.py [Test Case:to_ColorGroup] [line:55]INFO:刷新完成！！！
[2016-04-11 19:11:28] test_OfflinePromotion.py [Test Case:Delete_And_Add_Assert] [line:73]INFO:删除成功
[2016-04-11 19:11:28] test_OfflinePromotion.py [Test Case:tearDown] [line:1155]INFO:该条用例执行执行完毕！！！
[2016-04-11 19:11:29] test_ColorGroup.py [Test Case:tearDown] [line:313]INFO:该条用例执行完毕！！！
[2016-04-11 19:11:32] test_Device.py [Test Case:to_Device] [line:58]INFO:刷新完成！！！
[2016-04-11 19:11:38] test_ColorGroup.py [Test Case:test_3modify_ColorGroup] [line:244]INFO:开始执行测试...
[2016-04-11 19:11:39] test_Device.py [Test Case:clickButton] [line:120]INFO:保存成功！
[2016-04-11 19:11:39] test_Device.py [Test Case:tearDown] [line:413]INFO:该条用例执行完毕！！！
[2016-04-11 19:11:42] test_Measure_Data.py [Test Case:tearDown] [line:259]INFO:该条用例执行完毕！！！
[2016-04-11 19:11:45] test_OfflinePromotion.py [Test Case:to_OfflinePromotion] [line:54]INFO:等待页面刷新···
[2016-04-11 19:11:46] test_ColorGroup.py [Test Case:to_ColorGroup] [line:52]INFO:等待页面刷新···
[2016-04-11 19:11:47] test_ColorGroup.py [Test Case:to_ColorGroup] [line:55]INFO:刷新完成！！！
[2016-04-11 19:11:47] test_OfflinePromotion.py [Test Case:to_OfflinePromotion] [line:56]INFO:刷新完成！！！
[2016-04-11 19:11:49] test_Device.py [Test Case:test_1search_byDeviceName] [line:180]INFO:开始执行用例...
[2016-04-11 19:11:57] test_Device.py [Test Case:to_Device] [line:55]INFO:等待页面刷新···
[2016-04-11 19:11:57] test_ColorGroup.py [Test Case:clickButton] [line:127]INFO:保存成功！
[2016-04-11 19:11:58] test_ColorGroup.py [Test Case:tearDown] [line:313]INFO:该条用例执行完毕！！！
[2016-04-11 19:12:02] test_Device.py [Test Case:to_Device] [line:58]INFO:刷新完成！！！
[2016-04-11 19:12:04] test_OfflinePromotion.py [Test Case:edit_Promotion] [line:550]INFO:等待界面刷新~~~
[2016-04-11 19:12:04] test_OfflinePromotion.py [Test Case:edit_Promotion] [line:553]INFO:刷新完成！！！
[2016-04-11 19:12:05] test_OfflinePromotion.py [Test Case:test_cmodify_AddSuitObject] [line:791]INFO:等待界面刷新~~~
[2016-04-11 19:12:05] test_OfflinePromotion.py [Test Case:test_cmodify_AddSuitObject] [line:794]INFO:刷新完成！！！
[2016-04-11 19:12:07] test_ColorGroup.py [Test Case:test_4import_ColorGroup] [line:282]INFO:开始执行测试...
[2016-04-11 19:12:09] test_OfflinePromotion.py [Test Case:Delete_And_Add_Assert] [line:81]INFO:保存成功！
[2016-04-11 19:12:11] test_OfflinePromotion.py [Test Case:tearDown] [line:1155]INFO:该条用例执行执行完毕！！！
[2016-04-11 19:12:11] test_Device.py [Test Case:tearDown] [line:413]INFO:该条用例执行完毕！！！
[2016-04-11 19:12:14] test_ColorGroup.py [Test Case:to_ColorGroup] [line:52]INFO:等待页面刷新···
[2016-04-11 19:12:15] test_ColorGroup.py [Test Case:to_ColorGroup] [line:55]INFO:刷新完成！！！
[2016-04-11 19:12:16] test_Measure_Data.py [Test Case:tearDown] [line:259]INFO:该条用例执行完毕！！！
[2016-04-11 19:12:17] test_ColorGroup.py [Test Case:tearDown] [line:313]INFO:该条用例执行完毕！！！
[2016-04-11 19:12:20] test_Device.py [Test Case:test_2search_byDeviceCode] [line:260]INFO:开始执行用例...
[2016-04-11 19:12:28] test_Measure_WorkOrder.py [Test Case:test_0add_WorkOrder] [line:149]INFO:开始执行测试...
[2016-04-11 19:12:29] test_OfflinePromotion.py [Test Case:to_OfflinePromotion] [line:54]INFO:等待页面刷新···
[2016-04-11 19:12:31] test_Device.py [Test Case:to_Device] [line:55]INFO:等待页面刷新···
[2016-04-11 19:12:31] test_OfflinePromotion.py [Test Case:to_OfflinePromotion] [line:56]INFO:刷新完成！！！
[2016-04-11 19:12:34] test_Measure_WorkOrder.py [Test Case:to_measureWorkOrder] [line:715]INFO:等待页面刷新···
[2016-04-11 19:12:35] test_Device.py [Test Case:to_Device] [line:58]INFO:刷新完成！！！
[2016-04-11 19:12:38] test_ColorGroup.py [Test Case:to_ColorGroup] [line:52]INFO:等待页面刷新···
[2016-04-11 19:12:39] test_ColorGroup.py [Test Case:to_ColorGroup] [line:55]INFO:刷新完成！！！
[2016-04-11 19:12:43] test_Device.py [Test Case:tearDown] [line:413]INFO:该条用例执行完毕！！！
[2016-04-11 19:12:44] isspublic.py [Test Case:isRefreshed] [line:64]ERROR:当前界面未刷新
[2016-04-11 19:12:44] test_Measure_WorkOrder.py [Test Case:to_measureWorkOrder] [line:717]INFO:刷新完成！！！
[2016-04-11 19:12:46] test_Measure_WorkOrder.py [Test Case:tearDown] [line:724]INFO:该条用例执行完毕！！！
[2016-04-11 19:12:46] test_OfflinePromotion.py [Test Case:edit_Promotion] [line:550]INFO:等待界面刷新~~~
[2016-04-11 19:12:46] test_OfflinePromotion.py [Test Case:edit_Promotion] [line:553]INFO:刷新完成！！！
[2016-04-11 19:12:47] test_OfflinePromotion.py [Test Case:test_dmodify_DeleteSuitObject] [line:828]INFO:等待界面刷新~~~
[2016-04-11 19:12:47] test_OfflinePromotion.py [Test Case:test_dmodify_DeleteSuitObject] [line:831]INFO:刷新完成！！！
[2016-04-11 19:12:47] test_ColorGroup.py [Test Case:clickButton] [line:101]INFO:删除成功
[2016-04-11 19:12:47] test_ColorGroup.py [Test Case:tearDown] [line:313]INFO:该条用例执行完毕！！！
[2016-04-11 19:12:49] test_OfflinePromotion.py [Test Case:Delete_And_Add_Assert] [line:73]INFO:删除成功
[2016-04-11 19:12:49] test_OfflinePromotion.py [Test Case:tearDown] [line:1155]INFO:该条用例执行执行完毕！！！
[2016-04-11 19:12:56] test_Measure_WorkOrder.py [Test Case:test_1look_WorkOrder] [line:285]INFO:开始执行测试...
[2016-04-11 19:12:59] test_Device.py [Test Case:to_Device] [line:55]INFO:等待页面刷新···
[2016-04-11 19:13:02] test_Measure_WorkOrder.py [Test Case:to_measureWorkOrder] [line:715]INFO:等待页面刷新···
[2016-04-11 19:13:04] test_Device.py [Test Case:to_Device] [line:58]INFO:刷新完成！！！
[2016-04-11 19:13:10] test_ColorSetting.py [Test Case:to_ColorSetting] [line:55]INFO:等待页面刷新···
[2016-04-11 19:13:10] test_OfflinePromotion.py [Test Case:to_OfflinePromotion] [line:54]INFO:等待页面刷新···
[2016-04-11 19:13:11] test_Device.py [Test Case:tearDown] [line:413]INFO:该条用例执行完毕！！！
[2016-04-11 19:13:12] test_ColorSetting.py [Test Case:to_ColorSetting] [line:58]INFO:刷新完成！！！
[2016-04-11 19:13:12] test_OfflinePromotion.py [Test Case:to_OfflinePromotion] [line:56]INFO:刷新完成！！！
[2016-04-11 19:13:14] test_Measure_WorkOrder.py [Test Case:to_measureWorkOrder] [line:717]INFO:刷新完成！！！
[2016-04-11 19:13:17] test_ColorSetting.py [Test Case:tearDown] [line:414]INFO:该条用例执行完毕！！！
[2016-04-11 19:13:18] test_Measure_WorkOrder.py [Test Case:tearDown] [line:724]INFO:该条用例执行完毕！！！
[2016-04-11 19:13:18] test_Device.py [Test Case:test_4search_byDeviceType] [line:300]INFO:开始执行用例...
[2016-04-11 19:13:24] test_Device.py [Test Case:to_Device] [line:55]INFO:等待页面刷新···
[2016-04-11 19:13:28] test_OfflinePromotion.py [Test Case:edit_Promotion] [line:550]INFO:等待界面刷新~~~
[2016-04-11 19:13:28] test_OfflinePromotion.py [Test Case:edit_Promotion] [line:553]INFO:刷新完成！！！
[2016-04-11 19:13:28] test_OfflinePromotion.py [Test Case:test_emodify_Add_TimeConstraint] [line:858]INFO:等待界面刷新~~~
[2016-04-11 19:13:28] test_OfflinePromotion.py [Test Case:test_emodify_Add_TimeConstraint] [line:861]INFO:刷新完成！！！
[2016-04-11 19:13:29] test_Device.py [Test Case:to_Device] [line:58]INFO:刷新完成！！！
[2016-04-11 19:13:30] test_Measure_WorkOrder.py [Test Case:test_2search_ByWorkOrder] [line:333]INFO:开始执行测试...
[2016-04-11 19:13:32] test_OfflinePromotion.py [Test Case:Delete_And_Add_Assert] [line:81]INFO:保存成功！
[2016-04-11 19:13:33] test_OfflinePromotion.py [Test Case:tearDown] [line:1155]INFO:该条用例执行执行完毕！！！
[2016-04-11 19:13:33] test_ColorSetting.py [Test Case:to_ColorSetting] [line:55]INFO:等待页面刷新···
[2016-04-11 19:13:35] test_ColorSetting.py [Test Case:to_ColorSetting] [line:58]INFO:刷新完成！！！
[2016-04-11 19:13:36] test_ColorSetting.py [Test Case:test_1search_ByColorCode] [line:213]INFO:等待页面刷新···
[2016-04-11 19:13:36] test_ColorSetting.py [Test Case:test_1search_ByColorCode] [line:216]INFO:刷新完成！！！
[2016-04-11 19:13:36] test_Measure_WorkOrder.py [Test Case:to_measureWorkOrder] [line:715]INFO:等待页面刷新···
[2016-04-11 19:13:45] test_ColorSetting.py [Test Case:tearDown] [line:414]INFO:该条用例执行完毕！！！
[2016-04-11 19:13:47] test_Measure_WorkOrder.py [Test Case:to_measureWorkOrder] [line:717]INFO:刷新完成！！！
[2016-04-11 19:13:48] test_OfflinePromotion.py [Test Case:to_OfflinePromotion] [line:54]INFO:等待页面刷新···
[2016-04-11 19:13:49] test_Device.py [Test Case:tearDown] [line:413]INFO:该条用例执行完毕！！！
[2016-04-11 19:13:50] test_OfflinePromotion.py [Test Case:to_OfflinePromotion] [line:56]INFO:刷新完成！！！
[2016-04-11 19:13:58] test_Device.py [Test Case:test_5search_byOrgType] [line:325]INFO:开始执行用例...
[2016-04-11 19:14:00] test_ColorSetting.py [Test Case:to_ColorSetting] [line:55]INFO:等待页面刷新···
[2016-04-11 19:14:01] test_ColorSetting.py [Test Case:to_ColorSetting] [line:58]INFO:刷新完成！！！
[2016-04-11 19:14:02] test_Measure_WorkOrder.py [Test Case:tearDown] [line:724]INFO:该条用例执行完毕！！！
[2016-04-11 19:14:05] test_Device.py [Test Case:to_Device] [line:55]INFO:等待页面刷新···
[2016-04-11 19:14:05] test_ColorSetting.py [Test Case:tearDown] [line:414]INFO:该条用例执行完毕！！！
[2016-04-11 19:14:07] test_OfflinePromotion.py [Test Case:edit_Promotion] [line:550]INFO:等待界面刷新~~~
[2016-04-11 19:14:07] test_OfflinePromotion.py [Test Case:edit_Promotion] [line:553]INFO:刷新完成！！！
[2016-04-11 19:14:08] test_OfflinePromotion.py [Test Case:test_fmodify_Delete_TimeConstraint] [line:896]INFO:等待界面刷新~~~
[2016-04-11 19:14:08] test_OfflinePromotion.py [Test Case:test_fmodify_Delete_TimeConstraint] [line:899]INFO:刷新完成！！！
[2016-04-11 19:14:09] test_Device.py [Test Case:to_Device] [line:58]INFO:刷新完成！！！
[2016-04-11 19:14:10] test_Measure_WorkOrder.py [Test Case:test_3search_ByAppointmentTime] [line:347]INFO:开始执行测试...
[2016-04-11 19:14:11] test_OfflinePromotion.py [Test Case:Delete_And_Add_Assert] [line:73]INFO:删除成功
[2016-04-11 19:14:11] test_OfflinePromotion.py [Test Case:tearDown] [line:1155]INFO:该条用例执行执行完毕！！！
[2016-04-11 19:14:16] test_Device.py [Test Case:tearDown] [line:413]INFO:该条用例执行完毕！！！
[2016-04-11 19:14:16] test_Measure_WorkOrder.py [Test Case:to_measureWorkOrder] [line:715]INFO:等待页面刷新···
[2016-04-11 19:14:22] test_ColorSetting.py [Test Case:to_ColorSetting] [line:55]INFO:等待页面刷新···
[2016-04-11 19:14:23] test_ColorSetting.py [Test Case:to_ColorSetting] [line:58]INFO:刷新完成！！！
[2016-04-11 19:14:26] test_Device.py [Test Case:test_6modify_Device] [line:348]INFO:开始执行用例...
[2016-04-11 19:14:28] isspublic.py [Test Case:isRefreshed] [line:64]ERROR:当前界面未刷新
[2016-04-11 19:14:28] test_Measure_WorkOrder.py [Test Case:to_measureWorkOrder] [line:717]INFO:刷新完成！！！
[2016-04-11 19:14:28] test_ColorSetting.py [Test Case:tearDown] [line:414]INFO:该条用例执行完毕！！！
[2016-04-11 19:14:29] test_OfflinePromotion.py [Test Case:to_OfflinePromotion] [line:54]INFO:等待页面刷新···
[2016-04-11 19:14:30] test_OfflinePromotion.py [Test Case:to_OfflinePromotion] [line:56]INFO:刷新完成！！！
[2016-04-11 19:14:33] test_Device.py [Test Case:to_Device] [line:55]INFO:等待页面刷新···
[2016-04-11 19:14:37] test_Device.py [Test Case:to_Device] [line:58]INFO:刷新完成！！！
[2016-04-11 19:14:42] test_ColorSetting.py [Test Case:to_ColorSetting] [line:55]INFO:等待页面刷新···
[2016-04-11 19:14:43] test_ColorSetting.py [Test Case:to_ColorSetting] [line:58]INFO:刷新完成！！！
[2016-04-11 19:14:44] test_Measure_WorkOrder.py [Test Case:tearDown] [line:724]INFO:该条用例执行完毕！！！
[2016-04-11 19:14:46] test_OfflinePromotion.py [Test Case:edit_Promotion] [line:550]INFO:等待界面刷新~~~
[2016-04-11 19:14:46] test_OfflinePromotion.py [Test Case:edit_Promotion] [line:553]INFO:刷新完成！！！
[2016-04-11 19:14:47] test_OfflinePromotion.py [Test Case:test_gmodify_AddPromotion_com] [line:926]INFO:等待界面刷新~~~
[2016-04-11 19:14:47] test_OfflinePromotion.py [Test Case:test_gmodify_AddPromotion_com] [line:929]INFO:刷新完成！！！
[2016-04-11 19:14:49] test_Device.py [Test Case:clickButton] [line:120]INFO:保存成功！
[2016-04-11 19:14:51] test_Measure_WorkOrder.py [Test Case:test_4search_By_AppointmentStore] [line:405]INFO:开始执行测试
[2016-04-11 19:14:51] test_OfflinePromotion.py [Test Case:Delete_And_Add_Assert] [line:81]INFO:保存成功！
[2016-04-11 19:14:54] test_ColorSetting.py [Test Case:tearDown] [line:414]INFO:该条用例执行完毕！！！
[2016-04-11 19:14:57] test_Measure_WorkOrder.py [Test Case:to_measureWorkOrder] [line:715]INFO:等待页面刷新···
[2016-04-11 19:14:58] test_Device.py [Test Case:tearDown] [line:413]INFO:该条用例执行完毕！！！
[2016-04-11 19:15:00] test_OfflinePromotion.py [Test Case:Delete_And_Add_Assert] [line:81]INFO:保存成功！
[2016-04-11 19:15:01] test_OfflinePromotion.py [Test Case:tearDown] [line:1155]INFO:该条用例执行执行完毕！！！
[2016-04-11 19:15:07] test_Device.py [Test Case:test_7delete_Device] [line:390]INFO:开始执行用例...
[2016-04-11 19:15:09] test_Measure_WorkOrder.py [Test Case:to_measureWorkOrder] [line:717]INFO:刷新完成！！！
[2016-04-11 19:15:11] test_ColorSetting.py [Test Case:to_ColorSetting] [line:55]INFO:等待页面刷新···
[2016-04-11 19:15:13] test_ColorSetting.py [Test Case:to_ColorSetting] [line:58]INFO:刷新完成！！！
[2016-04-11 19:15:15] test_Device.py [Test Case:to_Device] [line:55]INFO:等待页面刷新···
[2016-04-11 19:15:19] test_ColorSetting.py [Test Case:tearDown] [line:414]INFO:该条用例执行完毕！！！
[2016-04-11 19:15:19] test_Device.py [Test Case:to_Device] [line:58]INFO:刷新完成！！！
[2016-04-11 19:15:21] test_OfflinePromotion.py [Test Case:to_OfflinePromotion] [line:54]INFO:等待页面刷新···
[2016-04-11 19:15:23] test_OfflinePromotion.py [Test Case:to_OfflinePromotion] [line:56]INFO:刷新完成！！！
[2016-04-11 19:15:24] test_Measure_WorkOrder.py [Test Case:tearDown] [line:724]INFO:该条用例执行完毕！！！
[2016-04-11 19:15:27] test_CommodityFile.py [Test Case:test_0add_File] [line:152]INFO:开始执行用例...
[2016-04-11 19:15:30] test_Device.py [Test Case:clickButton] [line:95]INFO:删除成功
[2016-04-11 19:15:30] test_Device.py [Test Case:tearDown] [line:413]INFO:该条用例执行完毕！！！
[2016-04-11 19:15:31] test_Measure_WorkOrder.py [Test Case:test_5search_ByMeasureWay] [line:434]INFO:开始执行测试...
[2016-04-11 19:15:35] test_CommodityFile.py [Test Case:to_CommodityFile] [line:50]INFO:等待页面刷新···
[2016-04-11 19:15:38] test_Measure_WorkOrder.py [Test Case:to_measureWorkOrder] [line:715]INFO:等待页面刷新···
[2016-04-11 19:15:39] test_EmployeeInfo.py [Test Case:test_01add_Employee] [line:223]INFO:开始执行测试...
[2016-04-11 19:15:42] test_CommodityFile.py [Test Case:to_CommodityFile] [line:52]INFO:刷新完成！！！
[2016-04-11 19:15:42] test_OfflinePromotion.py [Test Case:edit_Promotion] [line:550]INFO:等待界面刷新~~~
[2016-04-11 19:15:42] test_OfflinePromotion.py [Test Case:edit_Promotion] [line:553]INFO:刷新完成！！！
[2016-04-11 19:15:43] test_OfflinePromotion.py [Test Case:test_hmodify_DeletePromotion_com] [line:999]INFO:等待界面刷新~~~
[2016-04-11 19:15:43] test_OfflinePromotion.py [Test Case:test_hmodify_DeletePromotion_com] [line:1002]INFO:刷新完成！！！
[2016-04-11 19:15:47] test_OfflinePromotion.py [Test Case:Delete_And_Add_Assert] [line:73]INFO:删除成功
[2016-04-11 19:15:48] test_EmployeeInfo.py [Test Case:to_EmployeeInformation] [line:67]INFO:等待页面刷新···
[2016-04-11 19:15:49] test_OfflinePromotion.py [Test Case:Delete_And_Add_Assert] [line:73]INFO:删除成功
[2016-04-11 19:15:49] test_OfflinePromotion.py [Test Case:tearDown] [line:1155]INFO:该条用例执行执行完毕！！！
[2016-04-11 19:15:50] test_EmployeeInfo.py [Test Case:to_EmployeeInformation] [line:70]INFO:刷新完成！！！
[2016-04-11 19:15:51] test_Measure_WorkOrder.py [Test Case:to_measureWorkOrder] [line:717]INFO:刷新完成！！！
[2016-04-11 19:15:54] test_CommodityFile.py [Test Case:tearDown] [line:430]INFO:该条用例执行完毕！！！
[2016-04-11 19:16:02] test_CommodityFile.py [Test Case:test_1search_ByCode] [line:224]INFO:开始执行用例...
[2016-04-11 19:16:05] test_OfflinePromotion.py [Test Case:to_OfflinePromotion] [line:54]INFO:等待页面刷新···
[2016-04-11 19:16:06] test_Measure_WorkOrder.py [Test Case:tearDown] [line:724]INFO:该条用例执行完毕！！！
[2016-04-11 19:16:06] test_OfflinePromotion.py [Test Case:to_OfflinePromotion] [line:56]INFO:刷新完成！！！
[2016-04-11 19:16:09] test_CommodityFile.py [Test Case:to_CommodityFile] [line:50]INFO:等待页面刷新···
[2016-04-11 19:16:12] test_Measure_WorkOrder.py [Test Case:test_6search_ByMeasureMaster] [line:462]INFO:开始执行测试...
[2016-04-11 19:16:12] test_CommodityFile.py [Test Case:to_CommodityFile] [line:52]INFO:刷新完成！！！
[2016-04-11 19:16:16] test_Measure_WorkOrder.py [Test Case:to_measureWorkOrder] [line:715]INFO:等待页面刷新···
[2016-04-11 19:16:16] test_CommodityFile.py [Test Case:searchbycode] [line:217]INFO:等待页面刷新···
[2016-04-11 19:16:16] test_CommodityFile.py [Test Case:searchbycode] [line:219]INFO:刷新完成！！！
[2016-04-11 19:16:17] test_CommodityFile.py [Test Case:tearDown] [line:430]INFO:该条用例执行完毕！！！
[2016-04-11 19:16:21] test_OfflinePromotion.py [Test Case:edit_Promotion] [line:550]INFO:等待界面刷新~~~
[2016-04-11 19:16:21] test_OfflinePromotion.py [Test Case:edit_Promotion] [line:553]INFO:刷新完成！！！
[2016-04-11 19:16:21] test_OfflinePromotion.py [Test Case:test_imodify_AddPayment] [line:1044]INFO:等待界面刷新~~~
[2016-04-11 19:16:21] test_OfflinePromotion.py [Test Case:test_imodify_AddPayment] [line:1047]INFO:刷新完成！！！
[2016-04-11 19:16:23] test_CommodityFile.py [Test Case:test_2search_ByName] [line:250]INFO:开始执行用例...
[2016-04-11 19:16:24] test_OfflinePromotion.py [Test Case:Delete_And_Add_Assert] [line:81]INFO:保存成功！
[2016-04-11 19:16:26] test_OfflinePromotion.py [Test Case:tearDown] [line:1155]INFO:该条用例执行执行完毕！！！
[2016-04-11 19:16:26] test_EmployeeInfo.py [Test Case:tearDown] [line:800]INFO:该条用例执行完毕！！！
[2016-04-11 19:16:27] test_Measure_WorkOrder.py [Test Case:to_measureWorkOrder] [line:717]INFO:刷新完成！！！
[2016-04-11 19:16:29] test_CommodityFile.py [Test Case:to_CommodityFile] [line:50]INFO:等待页面刷新···
[2016-04-11 19:16:32] test_CommodityFile.py [Test Case:to_CommodityFile] [line:52]INFO:刷新完成！！！
[2016-04-11 19:16:36] test_EmployeeInfo.py [Test Case:test_02add_EmployeeCopy] [line:338]INFO:开始执行测试...
[2016-04-11 19:16:37] test_CommodityFile.py [Test Case:test_2search_ByName] [line:266]INFO:等待页面刷新···
[2016-04-11 19:16:37] test_CommodityFile.py [Test Case:test_2search_ByName] [line:268]INFO:刷新完成！！！
[2016-04-11 19:16:38] test_CommodityFile.py [Test Case:tearDown] [line:430]INFO:该条用例执行完毕！！！
[2016-04-11 19:16:42] test_Measure_WorkOrder.py [Test Case:tearDown] [line:724]INFO:该条用例执行完毕！！！
[2016-04-11 19:16:43] test_OfflinePromotion.py [Test Case:to_OfflinePromotion] [line:54]INFO:等待页面刷新···
[2016-04-11 19:16:44] test_EmployeeInfo.py [Test Case:to_EmployeeInformation] [line:67]INFO:等待页面刷新···
[2016-04-11 19:16:48] test_CommodityFile.py [Test Case:test_3search_BySort] [line:280]INFO:开始执行用例...
[2016-04-11 19:16:48] test_OfflinePromotion.py [Test Case:to_OfflinePromotion] [line:56]INFO:刷新完成！！！
[2016-04-11 19:16:48] test_EmployeeInfo.py [Test Case:to_EmployeeInformation] [line:70]INFO:刷新完成！！！
[2016-04-11 19:16:50] test_Measure_WorkOrder.py [Test Case:test_7search_ByMeasureState] [line:492]INFO:开始执行测试...
[2016-04-11 19:16:55] test_Measure_WorkOrder.py [Test Case:to_measureWorkOrder] [line:715]INFO:等待页面刷新···
[2016-04-11 19:16:56] test_CommodityFile.py [Test Case:to_CommodityFile] [line:50]INFO:等待页面刷新···
[2016-04-11 19:17:01] test_CommodityFile.py [Test Case:to_CommodityFile] [line:52]INFO:刷新完成！！！
[2016-04-11 19:17:04] test_OfflinePromotion.py [Test Case:edit_Promotion] [line:550]INFO:等待界面刷新~~~
[2016-04-11 19:17:04] test_OfflinePromotion.py [Test Case:edit_Promotion] [line:553]INFO:刷新完成！！！
[2016-04-11 19:17:04] test_OfflinePromotion.py [Test Case:test_jdelete_DeletePayment] [line:1083]INFO:等待界面刷新~~~
[2016-04-11 19:17:04] test_OfflinePromotion.py [Test Case:test_jdelete_DeletePayment] [line:1086]INFO:刷新完成！！！
[2016-04-11 19:17:07] test_OfflinePromotion.py [Test Case:Delete_And_Add_Assert] [line:73]INFO:删除成功
[2016-04-11 19:17:08] test_CommodityFile.py [Test Case:test_3search_BySort] [line:297]INFO:等待页面刷新···
[2016-04-11 19:17:08] test_Measure_WorkOrder.py [Test Case:to_measureWorkOrder] [line:717]INFO:刷新完成！！！
[2016-04-11 19:17:08] test_CommodityFile.py [Test Case:test_3search_BySort] [line:299]INFO:刷新完成！！！
[2016-04-11 19:17:08] test_OfflinePromotion.py [Test Case:tearDown] [line:1155]INFO:该条用例执行执行完毕！！！
[2016-04-11 19:17:09] test_CommodityFile.py [Test Case:tearDown] [line:430]INFO:该条用例执行完毕！！！
[2016-04-11 19:17:14] test_EmployeeInfo.py [Test Case:searchbycode] [line:414]INFO:开始执行测试...
[2016-04-11 19:17:18] test_CommodityFile.py [Test Case:test_4view_Com] [line:313]INFO:开始执行用例...
[2016-04-11 19:17:22] test_Measure_WorkOrder.py [Test Case:tearDown] [line:724]INFO:该条用例执行完毕！！！
[2016-04-11 19:17:25] test_CommodityFile.py [Test Case:to_CommodityFile] [line:50]INFO:等待页面刷新···
[2016-04-11 19:17:25] test_OfflinePromotion.py [Test Case:to_OfflinePromotion] [line:54]INFO:等待页面刷新···
[2016-04-11 19:17:27] test_EmployeeInfo.py [Test Case:clickButton] [line:134]INFO:删除成功
[2016-04-11 19:17:27] test_EmployeeInfo.py [Test Case:tearDown] [line:800]INFO:该条用例执行完毕！！！
[2016-04-11 19:17:27] test_OfflinePromotion.py [Test Case:to_OfflinePromotion] [line:56]INFO:刷新完成！！！
[2016-04-11 19:17:28] test_CommodityFile.py [Test Case:to_CommodityFile] [line:52]INFO:刷新完成！！！
[2016-04-11 19:17:30] test_Measure_WorkOrder.py [Test Case:test_8search_ByDressPerson] [line:517]INFO:开始执行测试...
[2016-04-11 19:17:32] test_CommodityFile.py [Test Case:test_4view_Com] [line:329]INFO:等待页面刷新···
[2016-04-11 19:17:32] test_CommodityFile.py [Test Case:test_4view_Com] [line:331]INFO:刷新完成！！！
[2016-04-11 19:17:35] test_Measure_WorkOrder.py [Test Case:to_measureWorkOrder] [line:715]INFO:等待页面刷新···
[2016-04-11 19:17:36] test_EmployeeInfo.py [Test Case:test_1search_ByEmployeeCode] [line:433]INFO:开始执行测试...
[2016-04-11 19:17:37] test_CommodityFile.py [Test Case:tearDown] [line:430]INFO:该条用例执行完毕！！！
[2016-04-11 19:17:39] test_OfflinePromotion.py [Test Case:clickButton] [line:132]INFO:删除成功
[2016-04-11 19:17:39] test_OfflinePromotion.py [Test Case:tearDown] [line:1155]INFO:该条用例执行执行完毕！！！
[2016-04-11 19:17:44] test_EmployeeInfo.py [Test Case:to_EmployeeInformation] [line:67]INFO:等待页面刷新···
[2016-04-11 19:17:44] test_CommodityFile.py [Test Case:test_5modify_Com] [line:349]INFO:开始执行用例...
[2016-04-11 19:17:45] isspublic.py [Test Case:isRefreshed] [line:64]ERROR:当前界面未刷新
[2016-04-11 19:17:45] test_Measure_WorkOrder.py [Test Case:to_measureWorkOrder] [line:717]INFO:刷新完成！！！
[2016-04-11 19:17:46] test_EmployeeInfo.py [Test Case:to_EmployeeInformation] [line:70]INFO:刷新完成！！！
[2016-04-11 19:17:47] test_EmployeeInfo.py [Test Case:searchbycode] [line:414]INFO:开始执行测试...
[2016-04-11 19:17:50] test_OfflinePromotion.py [Test Case:test_lmodify_ApprovalStatus] [line:1127]INFO:开始执行用例...
[2016-04-11 19:17:52] test_CommodityFile.py [Test Case:to_CommodityFile] [line:50]INFO:等待页面刷新···
[2016-04-11 19:17:55] test_CommodityFile.py [Test Case:to_CommodityFile] [line:52]INFO:刷新完成！！！
[2016-04-11 19:17:55] test_EmployeeInfo.py [Test Case:tearDown] [line:800]INFO:该条用例执行完毕！！！
[2016-04-11 19:17:57] test_OfflinePromotion.py [Test Case:to_OfflinePromotion] [line:54]INFO:等待页面刷新···
[2016-04-11 19:17:57] test_Measure_WorkOrder.py [Test Case:tearDown] [line:724]INFO:该条用例执行完毕！！！
[2016-04-11 19:17:59] test_OfflinePromotion.py [Test Case:to_OfflinePromotion] [line:56]INFO:刷新完成！！！
[2016-04-11 19:18:00] test_CommodityFile.py [Test Case:searchbycode] [line:217]INFO:等待页面刷新···
[2016-04-11 19:18:00] test_CommodityFile.py [Test Case:searchbycode] [line:219]INFO:刷新完成！！！
[2016-04-11 19:18:04] test_EmployeeInfo.py [Test Case:test_2search_ByEmployeeName] [line:446]INFO:开始执行测试...
[2016-04-11 19:18:08] test_Measure_WorkOrder.py [Test Case:test_9search_ByPhone] [line:550]INFO:开始执行测试...
[2016-04-11 19:18:08] test_CommodityFile.py [Test Case:searchbycode] [line:217]INFO:等待页面刷新···
[2016-04-11 19:18:08] test_CommodityFile.py [Test Case:searchbycode] [line:219]INFO:刷新完成！！！
[2016-04-11 19:18:08] test_CommodityFile.py [Test Case:tearDown] [line:430]INFO:该条用例执行完毕！！！
[2016-04-11 19:18:11] test_EmployeeInfo.py [Test Case:to_EmployeeInformation] [line:67]INFO:等待页面刷新···
[2016-04-11 19:18:13] test_EmployeeInfo.py [Test Case:to_EmployeeInformation] [line:70]INFO:刷新完成！！！
[2016-04-11 19:18:14] test_Measure_WorkOrder.py [Test Case:to_measureWorkOrder] [line:715]INFO:等待页面刷新···
[2016-04-11 19:18:16] test_CommodityFile.py [Test Case:test_6modify_ComStatus] [line:389]INFO:开始执行用例...
[2016-04-11 19:18:20] test_EmployeeInfo.py [Test Case:tearDown] [line:800]INFO:该条用例执行完毕！！！
[2016-04-11 19:18:22] test_CommodityFile.py [Test Case:to_CommodityFile] [line:50]INFO:等待页面刷新···
[2016-04-11 19:18:24] isspublic.py [Test Case:isRefreshed] [line:64]ERROR:当前界面未刷新
[2016-04-11 19:18:24] test_Measure_WorkOrder.py [Test Case:to_measureWorkOrder] [line:717]INFO:刷新完成！！！
[2016-04-11 19:18:25] test_CommodityFile.py [Test Case:to_CommodityFile] [line:52]INFO:刷新完成！！！
[2016-04-11 19:18:25] test_EmployeeInfo.py [Test Case:test_3search_ByPhones] [line:468]INFO:开始执行测试...
[2016-04-11 19:18:29] test_CommodityFile.py [Test Case:searchbycode] [line:217]INFO:等待页面刷新···
[2016-04-11 19:18:29] test_CommodityFile.py [Test Case:searchbycode] [line:219]INFO:刷新完成！！！
[2016-04-11 19:18:32] test_EmployeeInfo.py [Test Case:to_EmployeeInformation] [line:67]INFO:等待页面刷新···
[2016-04-11 19:18:33] test_EmployeeInfo.py [Test Case:to_EmployeeInformation] [line:70]INFO:刷新完成！！！
[2016-04-11 19:18:36] test_CommodityFile.py [Test Case:tearDown] [line:430]INFO:该条用例执行完毕！！！
[2016-04-11 19:18:38] test_Measure_WorkOrder.py [Test Case:tearDown] [line:724]INFO:该条用例执行完毕！！！
[2016-04-11 19:18:38] test_EmployeeInfo.py [Test Case:tearDown] [line:800]INFO:该条用例执行完毕！！！
[2016-04-11 19:18:42] test_CommoditySort.py [Test Case:test_0add_Sort] [line:130]INFO:开始执行用例...
[2016-04-11 19:18:47] test_Measure_WorkOrder.py [Test Case:test_amodify_WorkOrder] [line:581]INFO:开始执行测试...
[2016-04-11 19:18:48] test_OfflinePromotion.py [Test Case:tearDown] [line:1155]INFO:该条用例执行执行完毕！！！
[2016-04-11 19:18:48] test_CommoditySort.py [Test Case:to_CommoditySort] [line:54]INFO:等待页面刷新···
[2016-04-11 19:18:48] test_EmployeeInfo.py [Test Case:test_4search_ByEmployeePosition] [line:488]INFO:开始执行测试...
[2016-04-11 19:18:50] test_CommoditySort.py [Test Case:to_CommoditySort] [line:56]INFO:刷新完成！！！
[2016-04-11 19:18:54] test_Measure_WorkOrder.py [Test Case:to_measureWorkOrder] [line:715]INFO:等待页面刷新···
[2016-04-11 19:18:56] test_CommoditySort.py [Test Case:tearDown] [line:320]INFO:该条用例执行完毕
[2016-04-11 19:18:57] test_EmployeeInfo.py [Test Case:to_EmployeeInformation] [line:67]INFO:等待页面刷新···
[2016-04-11 19:18:59] test_EmployeeInfo.py [Test Case:to_EmployeeInformation] [line:70]INFO:刷新完成！！！
[2016-04-11 19:19:04] isspublic.py [Test Case:isRefreshed] [line:64]ERROR:当前界面未刷新
[2016-04-11 19:19:04] test_Measure_WorkOrder.py [Test Case:to_measureWorkOrder] [line:717]INFO:刷新完成！！！
[2016-04-11 19:19:05] test_CommoditySort.py [Test Case:test_1search_BySortCode] [line:184]INFO:开始执行用例...
[2016-04-11 19:19:10] test_EmployeeInfo.py [Test Case:tearDown] [line:800]INFO:该条用例执行完毕！！！
[2016-04-11 19:19:12] test_CommoditySort.py [Test Case:to_CommoditySort] [line:54]INFO:等待页面刷新···
[2016-04-11 19:19:14] test_CommoditySort.py [Test Case:to_CommoditySort] [line:56]INFO:刷新完成！！！
[2016-04-11 19:19:15] test_EmployeeInfo.py [Test Case:test_5modify_EmployeeInfo] [line:520]INFO:开始执行测试...
[2016-04-11 19:19:18] test_CommoditySort.py [Test Case:searchbycode] [line:172]INFO:等待页面刷新···
[2016-04-11 19:19:18] test_CommoditySort.py [Test Case:searchbycode] [line:174]INFO:刷新完成！！！
[2016-04-11 19:19:18] test_CommoditySort.py [Test Case:tearDown] [line:320]INFO:该条用例执行完毕
[2016-04-11 19:19:20] test_EmployeeInfo.py [Test Case:to_EmployeeInformation] [line:67]INFO:等待页面刷新···
[2016-04-11 19:19:22] test_EmployeeInfo.py [Test Case:to_EmployeeInformation] [line:70]INFO:刷新完成！！！
[2016-04-11 19:19:23] test_EmployeeInfo.py [Test Case:searchbycode] [line:414]INFO:开始执行测试...
[2016-04-11 19:19:24] test_CommoditySort.py [Test Case:test_2search_BySortName] [line:199]INFO:开始执行用例...
[2016-04-11 19:19:29] test_OfflinePromotionRelation.py [Test Case:tearDown] [line:253]INFO:该条用例执行完毕！！！
[2016-04-11 19:19:30] test_CommoditySort.py [Test Case:to_CommoditySort] [line:54]INFO:等待页面刷新···
[2016-04-11 19:19:32] test_CommoditySort.py [Test Case:to_CommoditySort] [line:56]INFO:刷新完成！！！
[2016-04-11 19:19:35] test_Measure_WorkOrder.py [Test Case:tearDown] [line:724]INFO:该条用例执行完毕！！！
[2016-04-11 19:19:37] test_CommoditySort.py [Test Case:test_2search_BySortName] [line:218]INFO:等待页面刷新···
[2016-04-11 19:19:37] test_CommoditySort.py [Test Case:test_2search_BySortName] [line:220]INFO:刷新完成！！！
[2016-04-11 19:19:38] test_CommoditySort.py [Test Case:tearDown] [line:320]INFO:该条用例执行完毕
[2016-04-11 19:19:43] test_Measure_WorkOrder.py [Test Case:test_bmodify_MeasureState] [line:629]INFO:开始执行测试...
[2016-04-11 19:19:46] test_CommoditySort.py [Test Case:test_3search_BySortInfo] [line:231]INFO:开始执行用例...
[2016-04-11 19:19:47] test_OfflinePromotionRelation.py [Test Case:tearDown] [line:253]INFO:该条用例执行完毕！！！
[2016-04-11 19:19:48] test_Measure_WorkOrder.py [Test Case:to_measureWorkOrder] [line:715]INFO:等待页面刷新···
[2016-04-11 19:19:53] test_CommoditySort.py [Test Case:to_CommoditySort] [line:54]INFO:等待页面刷新···
[2016-04-11 19:19:55] test_CommoditySort.py [Test Case:to_CommoditySort] [line:56]INFO:刷新完成！！！
[2016-04-11 19:19:59] test_Measure_WorkOrder.py [Test Case:to_measureWorkOrder] [line:717]INFO:刷新完成！！！
[2016-04-11 19:19:59] test_CommoditySort.py [Test Case:test_3search_BySortInfo] [line:246]INFO:等待页面刷新···
[2016-04-11 19:19:59] test_CommoditySort.py [Test Case:test_3search_BySortInfo] [line:248]INFO:刷新完成！！！
[2016-04-11 19:20:00] test_CommoditySort.py [Test Case:tearDown] [line:320]INFO:该条用例执行完毕
[2016-04-11 19:20:01] test_EmployeeInfo.py [Test Case:tearDown] [line:800]INFO:该条用例执行完毕！！！
[2016-04-11 19:20:04] test_OfflinePromotionRelation.py [Test Case:tearDown] [line:253]INFO:该条用例执行完毕！！！
[2016-04-11 19:20:07] test_CommoditySort.py [Test Case:test_4modify_Sort] [line:260]INFO:开始执行用例...
[2016-04-11 19:20:08] test_EmployeeInfo.py [Test Case:test_6modify_LoginPasswdReset] [line:564]INFO:开始执行测试...
[2016-04-11 19:20:17] test_CommoditySort.py [Test Case:to_CommoditySort] [line:54]INFO:等待页面刷新···
[2016-04-11 19:20:17] test_EmployeeInfo.py [Test Case:to_EmployeeInformation] [line:67]INFO:等待页面刷新···
[2016-04-11 19:20:19] test_Measure_WorkOrder.py [Test Case:tearDown] [line:724]INFO:该条用例执行完毕！！！
[2016-04-11 19:20:19] test_EmployeeInfo.py [Test Case:to_EmployeeInformation] [line:70]INFO:刷新完成！！！
[2016-04-11 19:20:20] test_CommoditySort.py [Test Case:to_CommoditySort] [line:56]INFO:刷新完成！！！
[2016-04-11 19:20:25] test_CommoditySort.py [Test Case:searchbycode] [line:172]INFO:等待页面刷新···
[2016-04-11 19:20:25] test_CommoditySort.py [Test Case:searchbycode] [line:174]INFO:刷新完成！！！
[2016-04-11 19:20:26] test_Measure_WorkOrder.py [Test Case:test_cdelete_WorkOrder] [line:677]INFO:开始执行测试...
[2016-04-11 19:20:28] test_OfflinePromotionRelation.py [Test Case:tearDown] [line:253]INFO:该条用例执行完毕！！！
[2016-04-11 19:20:31] test_Measure_WorkOrder.py [Test Case:to_measureWorkOrder] [line:715]INFO:等待页面刷新···
[2016-04-11 19:20:33] test_CommoditySort.py [Test Case:searchbycode] [line:172]INFO:等待页面刷新···
[2016-04-11 19:20:33] test_CommoditySort.py [Test Case:searchbycode] [line:174]INFO:刷新完成！！！
[2016-04-11 19:20:34] test_CommoditySort.py [Test Case:tearDown] [line:320]INFO:该条用例执行完毕
[2016-04-11 19:20:36] test_OnlinePromotion.py [Test Case:test_0add_Promotion] [line:191]INFO:开始执行用例...
[2016-04-11 19:20:37] test_EmployeeInfo.py [Test Case:tearDown] [line:800]INFO:该条用例执行完毕！！！
[2016-04-11 19:20:42] isspublic.py [Test Case:isRefreshed] [line:64]ERROR:当前界面未刷新
[2016-04-11 19:20:42] test_Measure_WorkOrder.py [Test Case:to_measureWorkOrder] [line:717]INFO:刷新完成！！！
[2016-04-11 19:20:43] test_OnlinePromotion.py [Test Case:to_OnlinePromotion] [line:54]INFO:等待页面刷新···
[2016-04-11 19:20:44] test_CommoditySort.py [Test Case:test_5delete_Sort] [line:299]INFO:开始执行用例...
[2016-04-11 19:20:46] test_OnlinePromotion.py [Test Case:to_OnlinePromotion] [line:56]INFO:刷新完成！！！
[2016-04-11 19:20:48] test_EmployeeInfo.py [Test Case:test_7modify_RoleAssignment] [line:598]INFO:开始执行测试...
[2016-04-11 19:20:52] test_CommoditySort.py [Test Case:to_CommoditySort] [line:54]INFO:等待页面刷新···
[2016-04-11 19:20:55] test_CommoditySort.py [Test Case:to_CommoditySort] [line:56]INFO:刷新完成！！！
[2016-04-11 19:20:56] test_EmployeeInfo.py [Test Case:to_EmployeeInformation] [line:67]INFO:等待页面刷新···
[2016-04-11 19:20:58] test_EmployeeInfo.py [Test Case:to_EmployeeInformation] [line:70]INFO:刷新完成！！！
[2016-04-11 19:21:00] test_CommoditySort.py [Test Case:searchbycode] [line:172]INFO:等待页面刷新···
[2016-04-11 19:21:00] test_CommoditySort.py [Test Case:searchbycode] [line:174]INFO:刷新完成！！！
[2016-04-11 19:21:00] test_EmployeeInfo.py [Test Case:searchbycode] [line:414]INFO:开始执行测试...
[2016-04-11 19:21:00] test_Measure_WorkOrder.py [Test Case:clickButton] [line:103]INFO:删除成功
[2016-04-11 19:21:00] test_Measure_WorkOrder.py [Test Case:tearDown] [line:724]INFO:该条用例执行完毕！！！
[2016-04-11 19:21:04] test_CommoditySort.py [Test Case:tearDown] [line:320]INFO:该条用例执行完毕
[2016-04-11 19:21:12] test_OnlinePromotion.py [Test Case:Delete_And_Add_Assert] [line:80]INFO:请增加时段约束信息！
[2016-04-11 19:21:12] test_OnlinePromotion.py [Test Case:tearDown] [line:1300]INFO:该条用例执行执行完毕！！！
[2016-04-11 19:21:16] test_MemberInformation.py [Test Case:to_member] [line:361]INFO:等待页面刷新···
[2016-04-11 19:21:17] test_MemberInformation.py [Test Case:to_member] [line:363]INFO:刷新完成！！！
[2016-04-11 19:21:19] test_MeasureItem.py [Test Case:to_MeasureItem] [line:54]INFO:等待页面刷新···
[2016-04-11 19:21:20] test_OnlinePromotion.py [Test Case:test_1search_byKeyWord] [line:318]INFO:开始执行用例...
[2016-04-11 19:21:20] test_MeasureItem.py [Test Case:to_MeasureItem] [line:57]INFO:刷新完成！！！
[2016-04-11 19:21:25] test_MeasureItem.py [Test Case:clickButton] [line:120]INFO:保存成功！
[2016-04-11 19:21:25] test_MeasureItem.py [Test Case:tearDown] [line:291]INFO:该条用例执行完毕！！！
[2016-04-11 19:21:26] test_OnlinePromotion.py [Test Case:to_OnlinePromotion] [line:54]INFO:等待页面刷新···
[2016-04-11 19:21:28] test_OnlinePromotion.py [Test Case:to_OnlinePromotion] [line:56]INFO:刷新完成！！！
[2016-04-11 19:21:38] test_MeasureItem.py [Test Case:to_MeasureItem] [line:54]INFO:等待页面刷新···
[2016-04-11 19:21:38] test_EmployeeInfo.py [Test Case:tearDown] [line:800]INFO:该条用例执行完毕！！！
[2016-04-11 19:21:39] test_MeasureItem.py [Test Case:to_MeasureItem] [line:57]INFO:刷新完成！！！
[2016-04-11 19:21:40] test_MemberInformation.py [Test Case:clickButton] [line:115]INFO:保存成功！
[2016-04-11 19:21:41] test_MemberInformation.py [Test Case:tearDown] [line:367]INFO:该条用例执行完毕！！！
[2016-04-11 19:21:42] test_MeasureItem.py [Test Case:tearDown] [line:291]INFO:该条用例执行完毕！！！
[2016-04-11 19:21:45] test_EmployeeInfo.py [Test Case:test_8modify_Storedistribution] [line:694]INFO:开始执行测试...
[2016-04-11 19:21:51] test_EmployeeInfo.py [Test Case:to_EmployeeInformation] [line:67]INFO:等待页面刷新···
[2016-04-11 19:21:52] test_OnlinePromotion.py [Test Case:tearDown] [line:1300]INFO:该条用例执行执行完毕！！！
[2016-04-11 19:21:53] test_EmployeeInfo.py [Test Case:to_EmployeeInformation] [line:70]INFO:刷新完成！！！
[2016-04-11 19:21:54] test_EmployeeInfo.py [Test Case:searchbycode] [line:414]INFO:开始执行测试...
[2016-04-11 19:21:58] test_MemberInformation.py [Test Case:to_member] [line:361]INFO:等待页面刷新···
[2016-04-11 19:21:58] test_MemberInformation.py [Test Case:to_member] [line:363]INFO:刷新完成！！！
[2016-04-11 19:22:01] test_MeasureItem.py [Test Case:to_MeasureItem] [line:54]INFO:等待页面刷新···
[2016-04-11 19:22:02] test_MeasureItem.py [Test Case:to_MeasureItem] [line:57]INFO:刷新完成！！！
[2016-04-11 19:22:02] test_OnlinePromotion.py [Test Case:test_2search_byActivityTime] [line:350]INFO:开始执行用例...
[2016-04-11 19:22:05] test_MemberInformation.py [Test Case:tearDown] [line:367]INFO:该条用例执行完毕！！！
[2016-04-11 19:22:05] test_MeasureItem.py [Test Case:tearDown] [line:291]INFO:该条用例执行完毕！！！
[2016-04-11 19:22:09] test_OnlinePromotion.py [Test Case:to_OnlinePromotion] [line:54]INFO:等待页面刷新···
[2016-04-11 19:22:10] test_OnlinePromotion.py [Test Case:to_OnlinePromotion] [line:56]INFO:刷新完成！！！
[2016-04-11 19:22:20] test_MeasureItem.py [Test Case:to_MeasureItem] [line:54]INFO:等待页面刷新···
[2016-04-11 19:22:21] test_MemberInformation.py [Test Case:to_member] [line:361]INFO:等待页面刷新···
[2016-04-11 19:22:21] test_OnlinePromotion.py [Test Case:tearDown] [line:1300]INFO:该条用例执行执行完毕！！！
[2016-04-11 19:22:22] test_MeasureItem.py [Test Case:to_MeasureItem] [line:57]INFO:刷新完成！！！
[2016-04-11 19:22:22] test_MemberInformation.py [Test Case:to_member] [line:363]INFO:刷新完成！！！
[2016-04-11 19:22:24] test_MeasureItem.py [Test Case:tearDown] [line:291]INFO:该条用例执行完毕！！！
[2016-04-11 19:22:26] test_MemberInformation.py [Test Case:tearDown] [line:367]INFO:该条用例执行完毕！！！
[2016-04-11 19:22:27] test_OnlinePromotion.py [Test Case:test_3search_byApplicableObject] [line:410]INFO:开始执行用例...
[2016-04-11 19:22:32] test_EmployeeInfo.py [Test Case:tearDown] [line:800]INFO:该条用例执行完毕！！！
[2016-04-11 19:22:33] test_OnlinePromotion.py [Test Case:to_OnlinePromotion] [line:54]INFO:等待页面刷新···
[2016-04-11 19:22:35] test_OnlinePromotion.py [Test Case:to_OnlinePromotion] [line:56]INFO:刷新完成！！！
[2016-04-11 19:22:41] test_OnlinePromotion.py [Test Case:tearDown] [line:1300]INFO:该条用例执行执行完毕！！！
[2016-04-11 19:22:41] test_MeasureItem.py [Test Case:to_MeasureItem] [line:54]INFO:等待页面刷新···
[2016-04-11 19:22:42] test_MeasureItem.py [Test Case:to_MeasureItem] [line:57]INFO:刷新完成！！！
[2016-04-11 19:22:42] test_EmployeeInfo.py [Test Case:test_9adelete_Employee] [line:781]INFO:开始执行测试...
[2016-04-11 19:22:45] test_MemberInformation.py [Test Case:to_member] [line:361]INFO:等待页面刷新···
[2016-04-11 19:22:46] test_MemberInformation.py [Test Case:to_member] [line:363]INFO:刷新完成！！！
[2016-04-11 19:22:49] test_MeasureItem.py [Test Case:clickButton] [line:120]INFO:保存成功！
[2016-04-11 19:22:49] test_EmployeeInfo.py [Test Case:to_EmployeeInformation] [line:67]INFO:等待页面刷新···
[2016-04-11 19:22:51] test_OnlinePromotion.py [Test Case:test_4search_byMakeDate] [line:432]INFO:开始执行用例...
[2016-04-11 19:22:51] test_MemberInformation.py [Test Case:clickButton] [line:115]INFO:保存成功！
[2016-04-11 19:22:51] test_EmployeeInfo.py [Test Case:to_EmployeeInformation] [line:70]INFO:刷新完成！！！
[2016-04-11 19:22:52] test_MemberInformation.py [Test Case:tearDown] [line:367]INFO:该条用例执行完毕！！！
[2016-04-11 19:22:52] test_EmployeeInfo.py [Test Case:searchbycode] [line:414]INFO:开始执行测试...
[2016-04-11 19:22:53] test_MeasureItem.py [Test Case:tearDown] [line:291]INFO:该条用例执行完毕！！！
[2016-04-11 19:22:58] test_OnlinePromotion.py [Test Case:to_OnlinePromotion] [line:54]INFO:等待页面刷新···
[2016-04-11 19:23:00] test_OnlinePromotion.py [Test Case:to_OnlinePromotion] [line:56]INFO:刷新完成！！！
[2016-04-11 19:23:06] test_MeasureItem.py [Test Case:to_MeasureItem] [line:54]INFO:等待页面刷新···
[2016-04-11 19:23:07] test_MeasureItem.py [Test Case:to_MeasureItem] [line:57]INFO:刷新完成！！！
[2016-04-11 19:23:09] test_MemberInformation.py [Test Case:to_member] [line:361]INFO:等待页面刷新···
[2016-04-11 19:23:09] test_OnlinePromotion.py [Test Case:tearDown] [line:1300]INFO:该条用例执行执行完毕！！！
[2016-04-11 19:23:10] test_MemberInformation.py [Test Case:to_member] [line:363]INFO:刷新完成！！！
[2016-04-11 19:23:14] test_MeasureItem.py [Test Case:clickButton] [line:98]INFO:删除成功
[2016-04-11 19:23:14] test_MeasureItem.py [Test Case:tearDown] [line:291]INFO:该条用例执行完毕！！！
[2016-04-11 19:23:15] test_OnlinePromotion.py [Test Case:test_5search_byIdentifyDocument] [line:480]INFO:开始执行用例...
[2016-04-11 19:23:15] test_MemberInformation.py [Test Case:clickButton] [line:115]INFO:保存成功！
[2016-04-11 19:23:16] test_MemberInformation.py [Test Case:tearDown] [line:367]INFO:该条用例执行完毕！！！
[2016-04-11 19:23:21] test_OnlinePromotion.py [Test Case:to_OnlinePromotion] [line:54]INFO:等待页面刷新···
[2016-04-11 19:23:22] test_OnlinePromotion.py [Test Case:to_OnlinePromotion] [line:56]INFO:刷新完成！！！
[2016-04-11 19:23:28] test_OnlinePromotion.py [Test Case:tearDown] [line:1300]INFO:该条用例执行执行完毕！！！
[2016-04-11 19:23:30] test_SizeSetting.py [Test Case:to_SizeSetting] [line:54]INFO:等待页面刷新···
[2016-04-11 19:23:30] test_EmployeeInfo.py [Test Case:tearDown] [line:800]INFO:该条用例执行完毕！！！
[2016-04-11 19:23:32] test_SizeSetting.py [Test Case:to_SizeSetting] [line:57]INFO:刷新完成！！！
[2016-04-11 19:23:32] test_MemberInformation.py [Test Case:to_member] [line:361]INFO:等待页面刷新···
[2016-04-11 19:23:33] test_MemberInformation.py [Test Case:to_member] [line:363]INFO:刷新完成！！！
[2016-04-11 19:23:36] test_SizeSetting.py [Test Case:tearDown] [line:291]INFO:该条用例执行完毕！！！
[2016-04-11 19:23:37] test_OnlinePromotion.py [Test Case:test_6search_byPromotionType] [line:505]INFO:开始执行用例...
[2016-04-11 19:23:39] test_MemberInformation.py [Test Case:clickButton] [line:83]INFO:删除成功
[2016-04-11 19:23:39] test_MemberInformation.py [Test Case:tearDown] [line:367]INFO:该条用例执行完毕！！！
[2016-04-11 19:23:44] test_OnlinePromotion.py [Test Case:to_OnlinePromotion] [line:54]INFO:等待页面刷新···
[2016-04-11 19:23:46] test_OnlinePromotion.py [Test Case:to_OnlinePromotion] [line:56]INFO:刷新完成！！！
[2016-04-11 19:23:46] test_SizeSetting.py [Test Case:test_1search_BySizeCode] [line:183]INFO:开始执行用例...
[2016-04-11 19:23:47] test_Organization.py [Test Case:to_Organization] [line:55]INFO:等待页面刷新···
[2016-04-11 19:23:51] test_OnlinePromotion.py [Test Case:tearDown] [line:1300]INFO:该条用例执行执行完毕！！！
[2016-04-11 19:23:52] test_Organization.py [Test Case:to_Organization] [line:58]INFO:刷新完成！！！
[2016-04-11 19:23:52] test_SizeSetting.py [Test Case:to_SizeSetting] [line:54]INFO:等待页面刷新···
[2016-04-11 19:23:53] test_SizeSetting.py [Test Case:to_SizeSetting] [line:57]INFO:刷新完成！！！
[2016-04-11 19:23:57] test_OnlinePromotion.py [Test Case:test_7modify_Promotion] [line:560]INFO:开始执行用例...
[2016-04-11 19:23:57] test_SizeSetting.py [Test Case:tearDown] [line:291]INFO:该条用例执行完毕！！！
[2016-04-11 19:24:03] test_SizeSetting.py [Test Case:test_2search_BySizeName] [line:198]INFO:开始执行用例...
[2016-04-11 19:24:03] test_OnlinePromotion.py [Test Case:to_OnlinePromotion] [line:54]INFO:等待页面刷新···
[2016-04-11 19:24:05] test_OnlinePromotion.py [Test Case:to_OnlinePromotion] [line:56]INFO:刷新完成！！！
[2016-04-11 19:24:08] test_SizeSetting.py [Test Case:to_SizeSetting] [line:54]INFO:等待页面刷新···
[2016-04-11 19:24:09] test_SizeSetting.py [Test Case:to_SizeSetting] [line:57]INFO:刷新完成！！！
[2016-04-11 19:24:13] test_SizeSetting.py [Test Case:tearDown] [line:291]INFO:该条用例执行完毕！！！
[2016-04-11 19:24:18] test_SizeSetting.py [Test Case:test_3modify_Size] [line:223]INFO:开始执行用例...
[2016-04-11 19:24:20] test_OnlinePromotion.py [Test Case:edit_Promotion] [line:549]INFO:等待界面刷新~~~
[2016-04-11 19:24:20] test_OnlinePromotion.py [Test Case:edit_Promotion] [line:552]INFO:刷新完成！！！
[2016-04-11 19:24:20] test_OnlinePromotion.py [Test Case:tearDown] [line:1300]INFO:该条用例执行执行完毕！！！
[2016-04-11 19:24:25] test_SizeSetting.py [Test Case:to_SizeSetting] [line:54]INFO:等待页面刷新···
[2016-04-11 19:24:26] test_SizeSetting.py [Test Case:to_SizeSetting] [line:57]INFO:刷新完成！！！
[2016-04-11 19:24:26] test_OnlinePromotion.py [Test Case:test_8modify_AddSuitObject] [line:571]INFO:开始执行用例...
[2016-04-11 19:24:32] test_Organization.py [Test Case:test_0add_Organization] [line:190]INFO:等待页面刷新···
[2016-04-11 19:24:32] test_OnlinePromotion.py [Test Case:to_OnlinePromotion] [line:54]INFO:等待页面刷新···
[2016-04-11 19:24:32] test_Organization.py [Test Case:test_0add_Organization] [line:193]INFO:刷新完成！！！
[2016-04-11 19:24:33] test_OnlinePromotion.py [Test Case:to_OnlinePromotion] [line:56]INFO:刷新完成！！！
[2016-04-11 19:24:36] test_SizeSetting.py [Test Case:tearDown] [line:291]INFO:该条用例执行完毕！！！
[2016-04-11 19:24:40] test_Organization.py [Test Case:clickButton] [line:120]INFO:保存成功！
[2016-04-11 19:24:40] test_Organization.py [Test Case:tearDown] [line:347]INFO:该条用例执行完毕！！！
[2016-04-11 19:24:41] test_SizeSetting.py [Test Case:test_4delete_Size] [line:265]INFO:开始执行用例...
[2016-04-11 19:24:48] test_SizeSetting.py [Test Case:to_SizeSetting] [line:54]INFO:等待页面刷新···
[2016-04-11 19:24:49] test_SizeSetting.py [Test Case:to_SizeSetting] [line:57]INFO:刷新完成！！！
[2016-04-11 19:24:50] test_OnlinePromotion.py [Test Case:edit_Promotion] [line:549]INFO:等待界面刷新~~~
[2016-04-11 19:24:50] test_OnlinePromotion.py [Test Case:edit_Promotion] [line:552]INFO:刷新完成！！！
[2016-04-11 19:24:50] test_OnlinePromotion.py [Test Case:test_8modify_AddSuitObject] [line:577]INFO:等待界面刷新~~~
[2016-04-11 19:24:50] test_OnlinePromotion.py [Test Case:test_8modify_AddSuitObject] [line:580]INFO:刷新完成！！！
[2016-04-11 19:24:53] test_SizeSetting.py [Test Case:test_4delete_Size] [line:276]INFO:等待页面刷新···
[2016-04-11 19:24:53] test_SizeSetting.py [Test Case:test_4delete_Size] [line:278]INFO:刷新完成！！！
[2016-04-11 19:24:54] test_OnlinePromotion.py [Test Case:test_8modify_AddSuitObject] [line:598]INFO:保存成功！
[2016-04-11 19:24:55] test_Organization.py [Test Case:to_Organization] [line:55]INFO:等待页面刷新···
[2016-04-11 19:24:56] test_OnlinePromotion.py [Test Case:tearDown] [line:1300]INFO:该条用例执行执行完毕！！！
[2016-04-11 19:24:56] test_Organization.py [Test Case:to_Organization] [line:58]INFO:刷新完成！！！
[2016-04-11 19:24:56] test_SizeSetting.py [Test Case:tearDown] [line:291]INFO:该条用例执行完毕！！！
[2016-04-11 19:25:02] test_OnlinePromotion.py [Test Case:test_9modify_DeleteSuitObject] [line:611]INFO:开始执行用例...
[2016-04-11 19:25:03] test_Organization.py [Test Case:tearDown] [line:347]INFO:该条用例执行完毕！！！
[2016-04-11 19:25:09] test_OnlinePromotion.py [Test Case:to_OnlinePromotion] [line:54]INFO:等待页面刷新···
[2016-04-11 19:25:11] test_OnlinePromotion.py [Test Case:to_OnlinePromotion] [line:56]INFO:刷新完成！！！
[2016-04-11 19:25:12] test_SKUSet.py [Test Case:to_SKUset] [line:52]INFO:等待页面刷新···
[2016-04-11 19:25:16] test_SKUSet.py [Test Case:to_SKUset] [line:55]INFO:刷新完成！！！
[2016-04-11 19:25:18] test_Organization.py [Test Case:to_Organization] [line:55]INFO:等待页面刷新···
[2016-04-11 19:25:19] test_Organization.py [Test Case:to_Organization] [line:58]INFO:刷新完成！！！
[2016-04-11 19:25:23] test_Organization.py [Test Case:tearDown] [line:347]INFO:该条用例执行完毕！！！
[2016-04-11 19:25:27] test_OnlinePromotion.py [Test Case:edit_Promotion] [line:549]INFO:等待界面刷新~~~
[2016-04-11 19:25:27] test_OnlinePromotion.py [Test Case:edit_Promotion] [line:552]INFO:刷新完成！！！
[2016-04-11 19:25:27] test_OnlinePromotion.py [Test Case:test_9modify_DeleteSuitObject] [line:617]INFO:等待界面刷新~~~
[2016-04-11 19:25:27] test_OnlinePromotion.py [Test Case:test_9modify_DeleteSuitObject] [line:620]INFO:刷新完成！！！
[2016-04-11 19:25:32] test_SKUSet.py [Test Case:tearDown] [line:314]INFO:该条用例执行完毕！！！
[2016-04-11 19:25:36] test_OnlinePromotion.py [Test Case:Delete_And_Add_Assert] [line:72]INFO:删除成功
[2016-04-11 19:25:36] test_Organization.py [Test Case:to_Organization] [line:55]INFO:等待页面刷新···
[2016-04-11 19:25:37] test_OnlinePromotion.py [Test Case:tearDown] [line:1300]INFO:该条用例执行执行完毕！！！
[2016-04-11 19:25:38] test_Organization.py [Test Case:to_Organization] [line:58]INFO:刷新完成！！！
[2016-04-11 19:25:44] test_OnlinePromotion.py [Test Case:test_amodify_Add_TimeConstraint] [line:634]INFO:开始执行用例...
[2016-04-11 19:25:44] test_SKUSet.py [Test Case:to_SKUset] [line:52]INFO:等待页面刷新···
[2016-04-11 19:25:48] test_SKUSet.py [Test Case:to_SKUset] [line:55]INFO:刷新完成！！！
[2016-04-11 19:25:50] test_OnlinePromotion.py [Test Case:to_OnlinePromotion] [line:54]INFO:等待页面刷新···
[2016-04-11 19:25:51] test_Organization.py [Test Case:clickButton] [line:120]INFO:保存成功！
[2016-04-11 19:25:51] test_OnlinePromotion.py [Test Case:to_OnlinePromotion] [line:56]INFO:刷新完成！！！
[2016-04-11 19:25:57] test_Organization.py [Test Case:tearDown] [line:347]INFO:该条用例执行完毕！！！
[2016-04-11 19:25:57] test_SKUSet.py [Test Case:tearDown] [line:314]INFO:该条用例执行完毕！！！
[2016-04-11 19:26:07] test_OnlinePromotion.py [Test Case:edit_Promotion] [line:549]INFO:等待界面刷新~~~
[2016-04-11 19:26:07] test_OnlinePromotion.py [Test Case:edit_Promotion] [line:552]INFO:刷新完成！！！
[2016-04-11 19:26:08] test_OnlinePromotion.py [Test Case:test_amodify_Add_TimeConstraint] [line:644]INFO:等待界面刷新~~~
[2016-04-11 19:26:08] test_OnlinePromotion.py [Test Case:test_amodify_Add_TimeConstraint] [line:647]INFO:刷新完成！！！
[2016-04-11 19:26:11] test_OnlinePromotion.py [Test Case:Delete_And_Add_Assert] [line:80]INFO:保存成功！
[2016-04-11 19:26:12] test_Organization.py [Test Case:to_Organization] [line:55]INFO:等待页面刷新···
[2016-04-11 19:26:13] test_OnlinePromotion.py [Test Case:tearDown] [line:1300]INFO:该条用例执行执行完毕！！！
[2016-04-11 19:26:13] test_SKUSet.py [Test Case:to_SKUset] [line:52]INFO:等待页面刷新···
[2016-04-11 19:26:13] test_Organization.py [Test Case:to_Organization] [line:58]INFO:刷新完成！！！
[2016-04-11 19:26:16] test_SKUSet.py [Test Case:to_SKUset] [line:55]INFO:刷新完成！！！
[2016-04-11 19:26:18] test_OnlinePromotion.py [Test Case:test_bmodify_Delete_TimeConstraint] [line:673]INFO:开始执行用例...
[2016-04-11 19:26:24] test_OnlinePromotion.py [Test Case:to_OnlinePromotion] [line:54]INFO:等待页面刷新···
[2016-04-11 19:26:25] test_OnlinePromotion.py [Test Case:to_OnlinePromotion] [line:56]INFO:刷新完成！！！
[2016-04-11 19:26:25] test_Organization.py [Test Case:clickButton] [line:92]INFO:删除成功
[2016-04-11 19:26:25] test_Organization.py [Test Case:tearDown] [line:347]INFO:该条用例执行完毕！！！
[2016-04-11 19:26:31] test_RoleInfo.py [Test Case:test_0add_Role] [line:135]INFO:开始执行用例...
[2016-04-11 19:26:36] test_RoleInfo.py [Test Case:to_RoleInfo] [line:56]INFO:等待页面刷新···
[2016-04-11 19:26:37] test_RoleInfo.py [Test Case:to_RoleInfo] [line:58]INFO:刷新完成！！！
[2016-04-11 19:26:40] test_OnlinePromotion.py [Test Case:edit_Promotion] [line:549]INFO:等待界面刷新~~~
[2016-04-11 19:26:40] test_OnlinePromotion.py [Test Case:edit_Promotion] [line:552]INFO:刷新完成！！！
[2016-04-11 19:26:41] test_OnlinePromotion.py [Test Case:test_bmodify_Delete_TimeConstraint] [line:684]INFO:等待界面刷新~~~
[2016-04-11 19:26:41] test_OnlinePromotion.py [Test Case:test_bmodify_Delete_TimeConstraint] [line:687]INFO:刷新完成！！！
[2016-04-11 19:26:44] test_OnlinePromotion.py [Test Case:Delete_And_Add_Assert] [line:72]INFO:删除成功
[2016-04-11 19:26:44] test_OnlinePromotion.py [Test Case:tearDown] [line:1300]INFO:该条用例执行执行完毕！！！
[2016-04-11 19:26:44] test_RoleInfo.py [Test Case:clickButton] [line:120]INFO:保存成功！
[2016-04-11 19:26:45] test_RoleInfo.py [Test Case:tearDown] [line:384]INFO:该条用例执行完毕！！！
[2016-04-11 19:26:50] test_OnlinePromotion.py [Test Case:test_cmodify_AddPromotion_com] [line:704]INFO:开始执行用例...
[2016-04-11 19:26:51] test_RoleInfo.py [Test Case:test_1search_ByRoleCode] [line:194]INFO:开始执行用例...
[2016-04-11 19:26:54] test_SKUSet.py [Test Case:tearDown] [line:314]INFO:该条用例执行完毕！！！
[2016-04-11 19:26:56] test_OnlinePromotion.py [Test Case:to_OnlinePromotion] [line:54]INFO:等待页面刷新···
[2016-04-11 19:26:57] test_OnlinePromotion.py [Test Case:to_OnlinePromotion] [line:56]INFO:刷新完成！！！
[2016-04-11 19:26:57] test_RoleInfo.py [Test Case:to_RoleInfo] [line:56]INFO:等待页面刷新···
[2016-04-11 19:26:58] test_RoleInfo.py [Test Case:to_RoleInfo] [line:58]INFO:刷新完成！！！
[2016-04-11 19:27:03] test_RoleInfo.py [Test Case:test_1search_ByRoleCode] [line:216]INFO:等待页面刷新···
[2016-04-11 19:27:03] test_RoleInfo.py [Test Case:test_1search_ByRoleCode] [line:218]INFO:刷新完成！！！
[2016-04-11 19:27:03] test_RoleInfo.py [Test Case:tearDown] [line:384]INFO:该条用例执行完毕！！！
[2016-04-11 19:27:10] test_RoleInfo.py [Test Case:test_2search_ByRoleName] [line:228]INFO:开始执行用例...
[2016-04-11 19:27:12] test_OnlinePromotion.py [Test Case:edit_Promotion] [line:549]INFO:等待界面刷新~~~
[2016-04-11 19:27:12] test_OnlinePromotion.py [Test Case:edit_Promotion] [line:552]INFO:刷新完成！！！
[2016-04-11 19:27:13] test_OnlinePromotion.py [Test Case:test_cmodify_AddPromotion_com] [line:715]INFO:等待界面刷新~~~
[2016-04-11 19:27:13] test_OnlinePromotion.py [Test Case:test_cmodify_AddPromotion_com] [line:718]INFO:刷新完成！！！
[2016-04-11 19:27:15] test_RoleInfo.py [Test Case:to_RoleInfo] [line:56]INFO:等待页面刷新···
[2016-04-11 19:27:16] test_RoleInfo.py [Test Case:to_RoleInfo] [line:58]INFO:刷新完成！！！
[2016-04-11 19:27:17] test_OnlinePromotion.py [Test Case:Delete_And_Add_Assert] [line:80]INFO:保存成功！
[2016-04-11 19:27:20] test_RoleInfo.py [Test Case:test_2search_ByRoleName] [line:245]INFO:等待页面刷新···
[2016-04-11 19:27:20] test_RoleInfo.py [Test Case:test_2search_ByRoleName] [line:247]INFO:刷新完成！！！
[2016-04-11 19:27:20] test_RoleInfo.py [Test Case:tearDown] [line:384]INFO:该条用例执行完毕！！！
[2016-04-11 19:27:24] test_RoleInfo.py [Test Case:test_3search_ByRoleState] [line:257]INFO:开始执行用例...
[2016-04-11 19:27:24] test_OnlinePromotion.py [Test Case:Delete_And_Add_Assert] [line:80]INFO:保存成功！
[2016-04-11 19:27:26] test_OnlinePromotion.py [Test Case:tearDown] [line:1300]INFO:该条用例执行执行完毕！！！
[2016-04-11 19:27:30] test_RoleInfo.py [Test Case:to_RoleInfo] [line:56]INFO:等待页面刷新···
[2016-04-11 19:27:31] test_RoleInfo.py [Test Case:to_RoleInfo] [line:58]INFO:刷新完成！！！
[2016-04-11 19:27:31] test_OnlinePromotion.py [Test Case:test_dmodify_DeletePromotion_com] [line:779]INFO:开始执行用例...
[2016-04-11 19:27:36] test_OnlinePromotion.py [Test Case:to_OnlinePromotion] [line:54]INFO:等待页面刷新···
[2016-04-11 19:27:37] test_RoleInfo.py [Test Case:tearDown] [line:384]INFO:该条用例执行完毕！！！
[2016-04-11 19:27:38] test_OnlinePromotion.py [Test Case:to_OnlinePromotion] [line:56]INFO:刷新完成！！！
[2016-04-11 19:27:42] test_RoleInfo.py [Test Case:test_4search_byRoleInfo] [line:285]INFO:开始执行用例...
[2016-04-11 19:27:48] test_RoleInfo.py [Test Case:to_RoleInfo] [line:56]INFO:等待页面刷新···
[2016-04-11 19:27:49] test_RoleInfo.py [Test Case:to_RoleInfo] [line:58]INFO:刷新完成！！！
[2016-04-11 19:27:51] test_RoleInfo.py [Test Case:test_4search_byRoleInfo] [line:301]INFO:等待页面刷新···
[2016-04-11 19:27:51] test_RoleInfo.py [Test Case:test_4search_byRoleInfo] [line:303]INFO:刷新完成！！！
[2016-04-11 19:27:51] test_RoleInfo.py [Test Case:tearDown] [line:384]INFO:该条用例执行完毕！！！
[2016-04-11 19:27:53] test_OnlinePromotion.py [Test Case:edit_Promotion] [line:549]INFO:等待界面刷新~~~
[2016-04-11 19:27:53] test_OnlinePromotion.py [Test Case:edit_Promotion] [line:552]INFO:刷新完成！！！
[2016-04-11 19:27:54] test_OnlinePromotion.py [Test Case:test_dmodify_DeletePromotion_com] [line:789]INFO:等待界面刷新~~~
[2016-04-11 19:27:54] test_OnlinePromotion.py [Test Case:test_dmodify_DeletePromotion_com] [line:792]INFO:刷新完成！！！
[2016-04-11 19:27:56] test_RoleInfo.py [Test Case:test_5modify_Role] [line:311]INFO:开始执行用例...
[2016-04-11 19:27:57] test_OnlinePromotion.py [Test Case:Delete_And_Add_Assert] [line:72]INFO:删除成功
[2016-04-11 19:27:59] test_OnlinePromotion.py [Test Case:Delete_And_Add_Assert] [line:72]INFO:删除成功
[2016-04-11 19:27:59] test_OnlinePromotion.py [Test Case:tearDown] [line:1300]INFO:该条用例执行执行完毕！！！
[2016-04-11 19:28:01] test_RoleInfo.py [Test Case:to_RoleInfo] [line:56]INFO:等待页面刷新···
[2016-04-11 19:28:02] test_RoleInfo.py [Test Case:to_RoleInfo] [line:58]INFO:刷新完成！！！
[2016-04-11 19:28:04] test_OnlinePromotion.py [Test Case:test_emodify_AddRedemption_com] [line:826]INFO:开始执行用例...
[2016-04-11 19:28:10] test_OnlinePromotion.py [Test Case:to_OnlinePromotion] [line:54]INFO:等待页面刷新···
[2016-04-11 19:28:11] test_OnlinePromotion.py [Test Case:to_OnlinePromotion] [line:56]INFO:刷新完成！！！
[2016-04-11 19:28:25] test_OnlinePromotion.py [Test Case:edit_Promotion] [line:549]INFO:等待界面刷新~~~
[2016-04-11 19:28:25] test_OnlinePromotion.py [Test Case:edit_Promotion] [line:552]INFO:刷新完成！！！
[2016-04-11 19:28:26] test_OnlinePromotion.py [Test Case:test_emodify_AddRedemption_com] [line:834]INFO:等待界面刷新~~~
[2016-04-11 19:28:26] test_OnlinePromotion.py [Test Case:test_emodify_AddRedemption_com] [line:837]INFO:刷新完成！！！
[2016-04-11 19:28:30] test_OnlinePromotion.py [Test Case:Delete_And_Add_Assert] [line:80]INFO:保存成功！
[2016-04-11 19:28:35] test_RoleInfo.py [Test Case:tearDown] [line:384]INFO:该条用例执行完毕！！！
[2016-04-11 19:28:38] test_OnlinePromotion.py [Test Case:Delete_And_Add_Assert] [line:80]INFO:保存成功！
[2016-04-11 19:28:40] test_OnlinePromotion.py [Test Case:tearDown] [line:1300]INFO:该条用例执行执行完毕！！！
[2016-04-11 19:28:40] test_RoleInfo.py [Test Case:test_6delete_Role] [line:358]INFO:开始执行用例...
[2016-04-11 19:28:45] test_RoleInfo.py [Test Case:to_RoleInfo] [line:56]INFO:等待页面刷新···
[2016-04-11 19:28:46] test_OnlinePromotion.py [Test Case:test_fmodify_DeleteRedemption_com] [line:903]INFO:开始执行用例...
[2016-04-11 19:28:48] test_RoleInfo.py [Test Case:to_RoleInfo] [line:58]INFO:刷新完成！！！
[2016-04-11 19:28:52] test_OnlinePromotion.py [Test Case:to_OnlinePromotion] [line:54]INFO:等待页面刷新···
[2016-04-11 19:28:53] test_OnlinePromotion.py [Test Case:to_OnlinePromotion] [line:56]INFO:刷新完成！！！
[2016-04-11 19:29:07] test_OnlinePromotion.py [Test Case:edit_Promotion] [line:549]INFO:等待界面刷新~~~
[2016-04-11 19:29:07] test_OnlinePromotion.py [Test Case:edit_Promotion] [line:552]INFO:刷新完成！！！
[2016-04-11 19:29:08] test_OnlinePromotion.py [Test Case:test_fmodify_DeleteRedemption_com] [line:912]INFO:等待界面刷新~~~
[2016-04-11 19:29:08] test_OnlinePromotion.py [Test Case:test_fmodify_DeleteRedemption_com] [line:915]INFO:刷新完成！！！
[2016-04-11 19:29:12] test_OnlinePromotion.py [Test Case:Delete_And_Add_Assert] [line:72]INFO:删除成功
[2016-04-11 19:29:15] test_OnlinePromotion.py [Test Case:Delete_And_Add_Assert] [line:72]INFO:删除成功
[2016-04-11 19:29:15] test_OnlinePromotion.py [Test Case:tearDown] [line:1300]INFO:该条用例执行执行完毕！！！
[2016-04-11 19:29:19] test_OnlinePromotion.py [Test Case:test_gmodify_AddDonation] [line:950]INFO:开始执行用例...
[2016-04-11 19:29:21] test_RoleInfo.py [Test Case:tearDown] [line:384]INFO:该条用例执行完毕！！！
[2016-04-11 19:29:25] test_OnlinePromotion.py [Test Case:to_OnlinePromotion] [line:54]INFO:等待页面刷新···
[2016-04-11 19:29:26] test_OnlinePromotion.py [Test Case:to_OnlinePromotion] [line:56]INFO:刷新完成！！！
[2016-04-11 19:29:26] test_UserInformation.py [Test Case:test_0add_User] [line:146]INFO:开始执行用例...
[2016-04-11 19:29:31] test_UserInformation.py [Test Case:to_UserInformation] [line:54]INFO:等待页面刷新···
[2016-04-11 19:29:33] test_UserInformation.py [Test Case:to_UserInformation] [line:56]INFO:刷新完成！！！
[2016-04-11 19:29:40] test_UserInformation.py [Test Case:clickButton] [line:131]INFO:保存成功！
[2016-04-11 19:29:40] test_UserInformation.py [Test Case:tearDown] [line:307]INFO:该条用例执行完毕！！！
[2016-04-11 19:29:41] test_OnlinePromotion.py [Test Case:edit_Promotion] [line:549]INFO:等待界面刷新~~~
[2016-04-11 19:29:41] test_OnlinePromotion.py [Test Case:edit_Promotion] [line:552]INFO:刷新完成！！！
[2016-04-11 19:29:42] test_OnlinePromotion.py [Test Case:test_gmodify_AddDonation] [line:960]INFO:等待界面刷新~~~
[2016-04-11 19:29:42] test_OnlinePromotion.py [Test Case:test_gmodify_AddDonation] [line:963]INFO:刷新完成！！！
[2016-04-11 19:29:44] test_UserInformation.py [Test Case:test_1search_byUserCode] [line:205]INFO:开始执行用例...
[2016-04-11 19:29:46] test_OnlinePromotion.py [Test Case:Delete_And_Add_Assert] [line:80]INFO:保存成功！
[2016-04-11 19:29:49] test_UserInformation.py [Test Case:to_UserInformation] [line:54]INFO:等待页面刷新···
[2016-04-11 19:29:51] test_UserInformation.py [Test Case:to_UserInformation] [line:56]INFO:刷新完成！！！
[2016-04-11 19:29:53] test_OnlinePromotion.py [Test Case:Delete_And_Add_Assert] [line:80]INFO:保存成功！
[2016-04-11 19:29:54] test_OnlinePromotion.py [Test Case:tearDown] [line:1300]INFO:该条用例执行执行完毕！！！
[2016-04-11 19:29:54] test_UserInformation.py [Test Case:tearDown] [line:307]INFO:该条用例执行完毕！！！
[2016-04-11 19:30:01] test_OnlinePromotion.py [Test Case:test_hmodify_DeleteDonation] [line:1030]INFO:开始执行用例...
[2016-04-11 19:30:07] test_OnlinePromotion.py [Test Case:to_OnlinePromotion] [line:54]INFO:等待页面刷新···
[2016-04-11 19:30:08] test_OnlinePromotion.py [Test Case:to_OnlinePromotion] [line:56]INFO:刷新完成！！！
[2016-04-11 19:30:23] test_OnlinePromotion.py [Test Case:edit_Promotion] [line:549]INFO:等待界面刷新~~~
[2016-04-11 19:30:23] test_OnlinePromotion.py [Test Case:edit_Promotion] [line:552]INFO:刷新完成！！！
[2016-04-11 19:30:23] test_OnlinePromotion.py [Test Case:test_hmodify_DeleteDonation] [line:1039]INFO:等待界面刷新~~~
[2016-04-11 19:30:23] test_OnlinePromotion.py [Test Case:test_hmodify_DeleteDonation] [line:1042]INFO:刷新完成！！！
[2016-04-11 19:30:27] test_OnlinePromotion.py [Test Case:Delete_And_Add_Assert] [line:72]INFO:删除成功
[2016-04-11 19:30:30] test_OnlinePromotion.py [Test Case:Delete_And_Add_Assert] [line:72]INFO:删除成功
[2016-04-11 19:30:30] test_OnlinePromotion.py [Test Case:tearDown] [line:1300]INFO:该条用例执行执行完毕！！！
[2016-04-11 19:30:37] test_OnlinePromotion.py [Test Case:test_imodify_AddTriggerPoint] [line:1075]INFO:开始执行用例...
[2016-04-11 19:30:37] test_UserInformation.py [Test Case:test_3iew_User] [line:241]INFO:开始执行用例...
[2016-04-11 19:30:43] test_OnlinePromotion.py [Test Case:to_OnlinePromotion] [line:54]INFO:等待页面刷新···
[2016-04-11 19:30:43] test_UserInformation.py [Test Case:to_UserInformation] [line:54]INFO:等待页面刷新···
[2016-04-11 19:30:44] test_OnlinePromotion.py [Test Case:to_OnlinePromotion] [line:56]INFO:刷新完成！！！
[2016-04-11 19:30:44] test_UserInformation.py [Test Case:to_UserInformation] [line:56]INFO:刷新完成！！！
[2016-04-11 19:30:48] test_UserInformation.py [Test Case:tearDown] [line:307]INFO:该条用例执行完毕！！！
[2016-04-11 19:30:53] test_UserInformation.py [Test Case:test_4modify_User] [line:269]INFO:开始执行用例...
[2016-04-11 19:30:58] test_UserInformation.py [Test Case:to_UserInformation] [line:54]INFO:等待页面刷新···
[2016-04-11 19:31:00] test_UserInformation.py [Test Case:to_UserInformation] [line:56]INFO:刷新完成！！！
[2016-04-11 19:31:01] test_OnlinePromotion.py [Test Case:edit_Promotion] [line:549]INFO:等待界面刷新~~~
[2016-04-11 19:31:01] test_OnlinePromotion.py [Test Case:edit_Promotion] [line:552]INFO:刷新完成！！！
[2016-04-11 19:31:02] test_OnlinePromotion.py [Test Case:test_imodify_AddTriggerPoint] [line:1085]INFO:等待界面刷新~~~
[2016-04-11 19:31:02] test_OnlinePromotion.py [Test Case:test_imodify_AddTriggerPoint] [line:1088]INFO:刷新完成！！！
[2016-04-11 19:31:07] test_UserInformation.py [Test Case:clickButton] [line:131]INFO:ORA-00001:违反唯一约束条件
[2016-04-11 19:31:07] test_UserInformation.py [Test Case:tearDown] [line:307]INFO:该条用例执行完毕！！！
[2016-04-11 19:31:09] test_OnlinePromotion.py [Test Case:Delete_And_Add_Assert] [line:80]INFO:保存成功！
[2016-04-11 19:31:11] test_OnlinePromotion.py [Test Case:tearDown] [line:1300]INFO:该条用例执行执行完毕！！！
[2016-04-11 19:31:16] test_OnlinePromotion.py [Test Case:test_jmodify_DeleteTriggerPoint] [line:1146]INFO:开始执行用例...
[2016-04-11 19:31:21] test_OnlinePromotion.py [Test Case:to_OnlinePromotion] [line:54]INFO:等待页面刷新···
[2016-04-11 19:31:22] test_OnlinePromotion.py [Test Case:to_OnlinePromotion] [line:56]INFO:刷新完成！！！
[2016-04-11 19:31:36] test_OnlinePromotion.py [Test Case:edit_Promotion] [line:549]INFO:等待界面刷新~~~
[2016-04-11 19:31:36] test_OnlinePromotion.py [Test Case:edit_Promotion] [line:552]INFO:刷新完成！！！
[2016-04-11 19:31:37] test_OnlinePromotion.py [Test Case:test_jmodify_DeleteTriggerPoint] [line:1156]INFO:等待界面刷新~~~
[2016-04-11 19:31:37] test_OnlinePromotion.py [Test Case:test_jmodify_DeleteTriggerPoint] [line:1159]INFO:刷新完成！！！
[2016-04-11 19:31:39] test_OnlinePromotion.py [Test Case:Delete_And_Add_Assert] [line:72]INFO:删除成功
[2016-04-11 19:31:40] test_OnlinePromotion.py [Test Case:tearDown] [line:1300]INFO:该条用例执行执行完毕！！！
[2016-04-11 19:31:45] test_OnlinePromotion.py [Test Case:test_kmodify_AddPayment] [line:1177]INFO:开始执行用例...
[2016-04-11 19:31:50] test_OnlinePromotion.py [Test Case:to_OnlinePromotion] [line:54]INFO:等待页面刷新···
[2016-04-11 19:31:51] test_OnlinePromotion.py [Test Case:to_OnlinePromotion] [line:56]INFO:刷新完成！！！
[2016-04-11 19:32:05] test_OnlinePromotion.py [Test Case:edit_Promotion] [line:549]INFO:等待界面刷新~~~
[2016-04-11 19:32:05] test_OnlinePromotion.py [Test Case:edit_Promotion] [line:552]INFO:刷新完成！！！
[2016-04-11 19:32:05] test_OnlinePromotion.py [Test Case:test_kmodify_AddPayment] [line:1187]INFO:等待界面刷新~~~
[2016-04-11 19:32:05] test_OnlinePromotion.py [Test Case:test_kmodify_AddPayment] [line:1190]INFO:刷新完成！！！
[2016-04-11 19:32:08] test_OnlinePromotion.py [Test Case:Delete_And_Add_Assert] [line:80]INFO:保存成功！
[2016-04-11 19:32:10] test_OnlinePromotion.py [Test Case:tearDown] [line:1300]INFO:该条用例执行执行完毕！！！
[2016-04-11 19:32:14] test_OnlinePromotion.py [Test Case:test_ldelete_DeletePayment] [line:1217]INFO:开始执行用例...
[2016-04-11 19:32:22] test_OnlinePromotion.py [Test Case:to_OnlinePromotion] [line:54]INFO:等待页面刷新···
[2016-04-11 19:32:23] test_OnlinePromotion.py [Test Case:to_OnlinePromotion] [line:56]INFO:刷新完成！！！
[2016-04-11 19:32:37] test_OnlinePromotion.py [Test Case:edit_Promotion] [line:549]INFO:等待界面刷新~~~
[2016-04-11 19:32:37] test_OnlinePromotion.py [Test Case:edit_Promotion] [line:552]INFO:刷新完成！！！
[2016-04-11 19:32:38] test_OnlinePromotion.py [Test Case:test_ldelete_DeletePayment] [line:1227]INFO:等待界面刷新~~~
[2016-04-11 19:32:38] test_OnlinePromotion.py [Test Case:test_ldelete_DeletePayment] [line:1230]INFO:刷新完成！！！
[2016-04-11 19:32:40] test_OnlinePromotion.py [Test Case:Delete_And_Add_Assert] [line:72]INFO:删除成功
[2016-04-11 19:32:41] test_OnlinePromotion.py [Test Case:tearDown] [line:1300]INFO:该条用例执行执行完毕！！！
[2016-04-11 19:32:46] test_OnlinePromotion.py [Test Case:test_mdelete_Promotion] [line:1253]INFO:开始执行用例...
[2016-04-11 19:32:51] test_OnlinePromotion.py [Test Case:to_OnlinePromotion] [line:54]INFO:等待页面刷新···
[2016-04-11 19:32:52] test_OnlinePromotion.py [Test Case:to_OnlinePromotion] [line:56]INFO:刷新完成！！！
[2016-04-11 19:33:04] test_OnlinePromotion.py [Test Case:Delete_And_Add_Assert] [line:72]INFO:删除成功
[2016-04-11 19:33:04] test_OnlinePromotion.py [Test Case:tearDown] [line:1300]INFO:该条用例执行执行完毕！！！
[2016-04-11 19:33:21] test_OnlinePromotionRelation.py [Test Case:tearDown] [line:259]INFO:该条用例执行完毕！！！
[2016-04-11 19:33:38] test_OnlinePromotionRelation.py [Test Case:tearDown] [line:259]INFO:该条用例执行完毕！！！
[2016-04-11 19:33:52] test_OnlinePromotionRelation.py [Test Case:tearDown] [line:259]INFO:该条用例执行完毕！！！
[2016-04-11 19:34:06] test_OnlinePromotionRelation.py [Test Case:tearDown] [line:259]INFO:该条用例执行完毕！！！
