[2016-04-12 15:37:03] test_AdvertisingTheme.py [Test Case:test_AdvertisingTheme] [line:33]INFO:~~~广告主题模块测试~~~
[2016-04-12 15:37:03] test_BOMManage.py [Test Case:test_BOMManager] [line:32]INFO:~~~BOM管理模块测试~~~
[2016-04-12 15:37:03] test_ColorGroup.py [Test Case:test_ColorGroup] [line:28]INFO:~~~颜色组模块测试~~~
[2016-04-12 15:37:03] test_ColorSetting.py [Test Case:test_ColorSetting] [line:30]INFO:~~~颜色配置模块测试~~~
[2016-04-12 15:37:03] test_CommodityFile.py [Test Case:test_CommodityFile] [line:25]INFO:~~~商品档案模块测试~~~
[2016-04-12 15:37:03] test_CommoditySort.py [Test Case:test_CommoditySort] [line:29]INFO:~~~商品类别模块测试~~~
[2016-04-12 15:37:03] test_MeasureItem.py [Test Case:test_MeasureItem] [line:30]INFO:~~~量体项目模块测试~~~
[2016-04-12 15:37:03] test_SizeSetting.py [Test Case:test_SizeSetting] [line:29]INFO:~~~尺码配置模块测试~~~
[2016-04-12 15:37:03] test_SKUSet.py [Test Case:test_SKUSet] [line:28]INFO:~~~SKU设置模块测试~~~
[2016-04-12 15:37:13] test_AdvertisingTheme.py [Test Case:to_AdvertisingTheme] [line:59]INFO:等待页面刷新···
[2016-04-12 15:37:16] test_AdvertisingTheme.py [Test Case:to_AdvertisingTheme] [line:62]INFO:刷新完成！！！
[2016-04-12 15:37:24] test_AdvertisingTheme.py [Test Case:clickButton] [line:135]INFO:保存成功！
[2016-04-12 15:37:24] test_AdvertisingTheme.py [Test Case:tearDown] [line:380]INFO:该条用例执行完毕！！！
[2016-04-12 15:37:33] test_AdvertisingTheme.py [Test Case:to_AdvertisingTheme] [line:59]INFO:等待页面刷新···
[2016-04-12 15:37:35] test_AdvertisingTheme.py [Test Case:to_AdvertisingTheme] [line:62]INFO:刷新完成！！！
[2016-04-12 15:37:55] test_AdvertisingTheme.py [Test Case:tearDown] [line:380]INFO:该条用例执行完毕！！！
[2016-04-12 15:38:06] test_AdvertisingTheme.py [Test Case:to_AdvertisingTheme] [line:59]INFO:等待页面刷新···
[2016-04-12 15:38:08] test_AdvertisingTheme.py [Test Case:to_AdvertisingTheme] [line:62]INFO:刷新完成！！！
[2016-04-12 15:38:11] test_AdvertisingTheme.py [Test Case:tearDown] [line:380]INFO:该条用例执行完毕！！！
[2016-04-12 15:38:21] test_AdvertisingTheme.py [Test Case:to_AdvertisingTheme] [line:59]INFO:等待页面刷新···
[2016-04-12 15:38:22] test_AdvertisingTheme.py [Test Case:to_AdvertisingTheme] [line:62]INFO:刷新完成！！！
[2016-04-12 15:38:28] test_AdvertisingTheme.py [Test Case:clickButton] [line:135]INFO:保存成功！
[2016-04-12 15:38:28] test_AdvertisingTheme.py [Test Case:tearDown] [line:380]INFO:该条用例执行完毕！！！
[2016-04-12 15:38:37] test_AdvertisingTheme.py [Test Case:to_AdvertisingTheme] [line:59]INFO:等待页面刷新···
[2016-04-12 15:38:39] test_AdvertisingTheme.py [Test Case:to_AdvertisingTheme] [line:62]INFO:刷新完成！！！
[2016-04-12 15:38:44] test_AdvertisingTheme.py [Test Case:clickButton] [line:135]INFO:保存成功！
[2016-04-12 15:38:44] test_AdvertisingTheme.py [Test Case:tearDown] [line:380]INFO:该条用例执行完毕！！！
[2016-04-12 15:38:54] test_BOMManage.py [Test Case:to_BOMManager] [line:58]INFO:等待页面刷新···
[2016-04-12 15:38:59] test_BOMManage.py [Test Case:to_BOMManager] [line:61]INFO:刷新完成！！！
[2016-04-12 15:39:23] test_BOMManage.py [Test Case:clickButton] [line:139]INFO:保存成功！
[2016-04-12 15:39:23] test_BOMManage.py [Test Case:tearDown] [line:337]INFO:该条用例执行完毕！！！
[2016-04-12 15:39:32] test_BOMManage.py [Test Case:to_BOMManager] [line:58]INFO:等待页面刷新···
[2016-04-12 15:39:38] test_BOMManage.py [Test Case:to_BOMManager] [line:61]INFO:刷新完成！！！
[2016-04-12 15:39:45] test_BOMManage.py [Test Case:tearDown] [line:337]INFO:该条用例执行完毕！！！
[2016-04-12 15:39:55] test_BOMManage.py [Test Case:to_BOMManager] [line:58]INFO:等待页面刷新···
[2016-04-12 15:40:00] test_BOMManage.py [Test Case:to_BOMManager] [line:61]INFO:刷新完成！！！
[2016-04-12 15:40:12] test_BOMManage.py [Test Case:tearDown] [line:337]INFO:该条用例执行完毕！！！
[2016-04-12 15:40:22] test_BOMManage.py [Test Case:to_BOMManager] [line:58]INFO:等待页面刷新···
[2016-04-12 15:40:26] test_BOMManage.py [Test Case:to_BOMManager] [line:61]INFO:刷新完成！！！
[2016-04-12 15:41:11] test_BOMManage.py [Test Case:tearDown] [line:337]INFO:该条用例执行完毕！！！
[2016-04-12 15:41:20] test_BOMManage.py [Test Case:to_BOMManager] [line:58]INFO:等待页面刷新···
[2016-04-12 15:41:26] test_BOMManage.py [Test Case:to_BOMManager] [line:61]INFO:刷新完成！！！
[2016-04-12 15:41:51] test_BOMManage.py [Test Case:clickButton] [line:139]INFO:保存成功！
[2016-04-12 15:41:51] test_BOMManage.py [Test Case:tearDown] [line:337]INFO:该条用例执行完毕！！！
[2016-04-12 15:42:00] test_BOMManage.py [Test Case:to_BOMManager] [line:58]INFO:等待页面刷新···
[2016-04-12 15:42:05] test_BOMManage.py [Test Case:to_BOMManager] [line:61]INFO:刷新完成！！！
[2016-04-12 15:42:10] test_BOMManage.py [Test Case:clickButton] [line:111]INFO:删除成功
[2016-04-12 15:42:10] test_BOMManage.py [Test Case:tearDown] [line:337]INFO:该条用例执行完毕！！！
[2016-04-12 15:42:14] test_ColorGroup.py [Test Case:test_0add_ColorGroup] [line:144]INFO:开始执行测试...
[2016-04-12 15:42:19] test_ColorGroup.py [Test Case:to_ColorGroup] [line:52]INFO:等待页面刷新···
[2016-04-12 15:42:20] test_ColorGroup.py [Test Case:to_ColorGroup] [line:55]INFO:刷新完成！！！
[2016-04-12 15:42:24] test_ColorGroup.py [Test Case:clickButton] [line:128]INFO:保存成功！
[2016-04-12 15:42:24] test_ColorGroup.py [Test Case:tearDown] [line:314]INFO:该条用例执行完毕！！！
[2016-04-12 15:42:34] test_ColorGroup.py [Test Case:to_ColorGroup] [line:52]INFO:等待页面刷新···
[2016-04-12 15:42:34] test_ColorGroup.py [Test Case:to_ColorGroup] [line:55]INFO:刷新完成！！！
[2016-04-12 15:42:39] test_ColorGroup.py [Test Case:tearDown] [line:314]INFO:该条用例执行完毕！！！
[2016-04-12 15:42:44] test_ColorGroup.py [Test Case:test_2search_ByCGroupName] [line:220]INFO:开始执行测试...
[2016-04-12 15:42:49] test_ColorGroup.py [Test Case:to_ColorGroup] [line:52]INFO:等待页面刷新···
[2016-04-12 15:42:49] test_ColorGroup.py [Test Case:to_ColorGroup] [line:55]INFO:刷新完成！！！
[2016-04-12 15:42:54] test_ColorGroup.py [Test Case:tearDown] [line:314]INFO:该条用例执行完毕！！！
[2016-04-12 15:42:58] test_ColorGroup.py [Test Case:test_3modify_ColorGroup] [line:245]INFO:开始执行测试...
[2016-04-12 15:43:03] test_ColorGroup.py [Test Case:to_ColorGroup] [line:52]INFO:等待页面刷新···
[2016-04-12 15:43:04] test_ColorGroup.py [Test Case:to_ColorGroup] [line:55]INFO:刷新完成！！！
[2016-04-12 15:43:14] test_ColorGroup.py [Test Case:clickButton] [line:128]INFO:保存成功！
[2016-04-12 15:43:14] test_ColorGroup.py [Test Case:tearDown] [line:314]INFO:该条用例执行完毕！！！
[2016-04-12 15:43:18] test_ColorGroup.py [Test Case:test_4import_ColorGroup] [line:283]INFO:开始执行测试...
[2016-04-12 15:43:23] test_ColorGroup.py [Test Case:to_ColorGroup] [line:52]INFO:等待页面刷新···
[2016-04-12 15:43:24] test_ColorGroup.py [Test Case:to_ColorGroup] [line:55]INFO:刷新完成！！！
[2016-04-12 15:43:26] test_ColorGroup.py [Test Case:tearDown] [line:314]INFO:该条用例执行完毕！！！
[2016-04-12 15:43:35] test_ColorGroup.py [Test Case:to_ColorGroup] [line:52]INFO:等待页面刷新···
[2016-04-12 15:43:36] test_ColorGroup.py [Test Case:to_ColorGroup] [line:55]INFO:刷新完成！！！
[2016-04-12 15:43:45] test_ColorGroup.py [Test Case:clickButton] [line:102]INFO:删除成功
[2016-04-12 15:43:45] test_ColorGroup.py [Test Case:tearDown] [line:314]INFO:该条用例执行完毕！！！
[2016-04-12 15:43:54] test_ColorSetting.py [Test Case:to_ColorSetting] [line:55]INFO:等待页面刷新···
[2016-04-12 15:43:55] test_ColorSetting.py [Test Case:to_ColorSetting] [line:58]INFO:刷新完成！！！
[2016-04-12 15:44:00] test_ColorSetting.py [Test Case:tearDown] [line:414]INFO:该条用例执行完毕！！！
[2016-04-12 15:44:09] test_ColorSetting.py [Test Case:to_ColorSetting] [line:55]INFO:等待页面刷新···
[2016-04-12 15:44:10] test_ColorSetting.py [Test Case:to_ColorSetting] [line:58]INFO:刷新完成！！！
[2016-04-12 15:44:11] test_ColorSetting.py [Test Case:test_1search_ByColorCode] [line:213]INFO:等待页面刷新···
[2016-04-12 15:44:11] test_ColorSetting.py [Test Case:test_1search_ByColorCode] [line:216]INFO:刷新完成！！！
[2016-04-12 15:44:19] test_ColorSetting.py [Test Case:tearDown] [line:414]INFO:该条用例执行完毕！！！
[2016-04-12 15:44:29] test_ColorSetting.py [Test Case:to_ColorSetting] [line:55]INFO:等待页面刷新···
[2016-04-12 15:44:30] test_ColorSetting.py [Test Case:to_ColorSetting] [line:58]INFO:刷新完成！！！
[2016-04-12 15:44:33] test_ColorSetting.py [Test Case:tearDown] [line:414]INFO:该条用例执行完毕！！！
[2016-04-12 15:44:43] test_ColorSetting.py [Test Case:to_ColorSetting] [line:55]INFO:等待页面刷新···
[2016-04-12 15:44:43] test_ColorSetting.py [Test Case:to_ColorSetting] [line:58]INFO:刷新完成！！！
[2016-04-12 15:44:47] test_ColorSetting.py [Test Case:tearDown] [line:414]INFO:该条用例执行完毕！！！
[2016-04-12 15:44:56] test_ColorSetting.py [Test Case:to_ColorSetting] [line:55]INFO:等待页面刷新···
[2016-04-12 15:44:57] test_ColorSetting.py [Test Case:to_ColorSetting] [line:58]INFO:刷新完成！！！
[2016-04-12 15:45:07] test_ColorSetting.py [Test Case:tearDown] [line:414]INFO:该条用例执行完毕！！！
[2016-04-12 15:45:17] test_ColorSetting.py [Test Case:to_ColorSetting] [line:55]INFO:等待页面刷新···
[2016-04-12 15:45:18] test_ColorSetting.py [Test Case:to_ColorSetting] [line:58]INFO:刷新完成！！！
[2016-04-12 15:45:24] test_ColorSetting.py [Test Case:tearDown] [line:414]INFO:该条用例执行完毕！！！
[2016-04-12 15:45:28] test_CommodityFile.py [Test Case:test_0add_File] [line:153]INFO:开始执行用例...
[2016-04-12 15:45:32] test_CommodityFile.py [Test Case:to_CommodityFile] [line:50]INFO:等待页面刷新···
[2016-04-12 15:45:35] test_CommodityFile.py [Test Case:to_CommodityFile] [line:52]INFO:刷新完成！！！
[2016-04-12 15:45:44] test_CommodityFile.py [Test Case:tearDown] [line:434]INFO:该条用例执行完毕！！！
[2016-04-12 15:45:49] test_CommodityFile.py [Test Case:test_1search_ByCode] [line:225]INFO:开始执行用例...
[2016-04-12 15:45:54] test_CommodityFile.py [Test Case:to_CommodityFile] [line:50]INFO:等待页面刷新···
[2016-04-12 15:45:56] test_CommodityFile.py [Test Case:to_CommodityFile] [line:52]INFO:刷新完成！！！
[2016-04-12 15:46:01] test_CommodityFile.py [Test Case:searchbycode] [line:218]INFO:等待页面刷新···
[2016-04-12 15:46:01] test_CommodityFile.py [Test Case:searchbycode] [line:220]INFO:刷新完成！！！
[2016-04-12 15:46:01] test_CommodityFile.py [Test Case:tearDown] [line:434]INFO:该条用例执行完毕！！！
[2016-04-12 15:46:06] test_CommodityFile.py [Test Case:test_2search_ByName] [line:251]INFO:开始执行用例...
[2016-04-12 15:46:11] test_CommodityFile.py [Test Case:to_CommodityFile] [line:50]INFO:等待页面刷新···
[2016-04-12 15:46:13] test_CommodityFile.py [Test Case:to_CommodityFile] [line:52]INFO:刷新完成！！！
[2016-04-12 15:46:17] test_CommodityFile.py [Test Case:test_2search_ByName] [line:267]INFO:等待页面刷新···
[2016-04-12 15:46:17] test_CommodityFile.py [Test Case:test_2search_ByName] [line:269]INFO:刷新完成！！！
[2016-04-12 15:46:18] test_CommodityFile.py [Test Case:tearDown] [line:434]INFO:该条用例执行完毕！！！
[2016-04-12 15:46:23] test_CommodityFile.py [Test Case:test_3search_BySort] [line:281]INFO:开始执行用例...
[2016-04-12 15:46:28] test_CommodityFile.py [Test Case:to_CommodityFile] [line:50]INFO:等待页面刷新···
[2016-04-12 15:46:30] test_CommodityFile.py [Test Case:to_CommodityFile] [line:52]INFO:刷新完成！！！
[2016-04-12 15:46:35] isspublic.py [Test Case:WebWait] [line:47]INFO:页面无法刷新！！！
[2016-04-12 15:46:35] test_CommodityFile.py [Test Case:tearDown] [line:434]INFO:该条用例执行完毕！！！
[2016-04-12 15:46:40] test_CommodityFile.py [Test Case:test_4view_Com] [line:314]INFO:开始执行用例...
[2016-04-12 15:46:45] test_CommodityFile.py [Test Case:to_CommodityFile] [line:50]INFO:等待页面刷新···
[2016-04-12 15:46:47] test_CommodityFile.py [Test Case:to_CommodityFile] [line:52]INFO:刷新完成！！！
[2016-04-12 15:46:51] test_CommodityFile.py [Test Case:test_4view_Com] [line:330]INFO:等待页面刷新···
[2016-04-12 15:46:51] test_CommodityFile.py [Test Case:test_4view_Com] [line:332]INFO:刷新完成！！！
[2016-04-12 15:46:55] test_CommodityFile.py [Test Case:tearDown] [line:434]INFO:该条用例执行完毕！！！
[2016-04-12 15:46:59] test_CommodityFile.py [Test Case:test_5modify_Com] [line:350]INFO:开始执行用例...
[2016-04-12 15:47:04] test_CommodityFile.py [Test Case:to_CommodityFile] [line:50]INFO:等待页面刷新···
[2016-04-12 15:47:06] test_CommodityFile.py [Test Case:to_CommodityFile] [line:52]INFO:刷新完成！！！
[2016-04-12 15:47:11] test_CommodityFile.py [Test Case:searchbycode] [line:218]INFO:等待页面刷新···
[2016-04-12 15:47:11] test_CommodityFile.py [Test Case:searchbycode] [line:220]INFO:刷新完成！！！
[2016-04-12 15:47:20] test_CommodityFile.py [Test Case:searchbycode] [line:218]INFO:等待页面刷新···
[2016-04-12 15:47:20] test_CommodityFile.py [Test Case:searchbycode] [line:220]INFO:刷新完成！！！
[2016-04-12 15:47:20] test_CommodityFile.py [Test Case:tearDown] [line:434]INFO:该条用例执行完毕！！！
[2016-04-12 15:47:24] test_CommodityFile.py [Test Case:test_6modify_ComStatus] [line:393]INFO:开始执行用例...
[2016-04-12 15:47:29] test_CommodityFile.py [Test Case:to_CommodityFile] [line:50]INFO:等待页面刷新···
[2016-04-12 15:47:31] test_CommodityFile.py [Test Case:to_CommodityFile] [line:52]INFO:刷新完成！！！
[2016-04-12 15:47:36] test_CommodityFile.py [Test Case:searchbycode] [line:218]INFO:等待页面刷新···
[2016-04-12 15:47:36] test_CommodityFile.py [Test Case:searchbycode] [line:220]INFO:刷新完成！！！
[2016-04-12 15:47:41] test_CommodityFile.py [Test Case:tearDown] [line:434]INFO:该条用例执行完毕！！！
[2016-04-12 15:47:46] test_CommoditySort.py [Test Case:test_0add_Sort] [line:130]INFO:开始执行用例...
[2016-04-12 15:47:51] test_CommoditySort.py [Test Case:to_CommoditySort] [line:54]INFO:等待页面刷新···
[2016-04-12 15:47:53] test_CommoditySort.py [Test Case:to_CommoditySort] [line:56]INFO:刷新完成！！！
[2016-04-12 15:47:57] test_CommoditySort.py [Test Case:tearDown] [line:320]INFO:该条用例执行完毕
[2016-04-12 15:48:02] test_CommoditySort.py [Test Case:test_1search_BySortCode] [line:184]INFO:开始执行用例...
[2016-04-12 15:48:07] test_CommoditySort.py [Test Case:to_CommoditySort] [line:54]INFO:等待页面刷新···
[2016-04-12 15:48:09] test_CommoditySort.py [Test Case:to_CommoditySort] [line:56]INFO:刷新完成！！！
[2016-04-12 15:48:12] test_CommoditySort.py [Test Case:searchbycode] [line:172]INFO:等待页面刷新···
[2016-04-12 15:48:12] test_CommoditySort.py [Test Case:searchbycode] [line:174]INFO:刷新完成！！！
[2016-04-12 15:48:13] test_CommoditySort.py [Test Case:tearDown] [line:320]INFO:该条用例执行完毕
[2016-04-12 15:48:17] test_CommoditySort.py [Test Case:test_2search_BySortName] [line:199]INFO:开始执行用例...
[2016-04-12 15:48:22] test_CommoditySort.py [Test Case:to_CommoditySort] [line:54]INFO:等待页面刷新···
[2016-04-12 15:48:24] test_CommoditySort.py [Test Case:to_CommoditySort] [line:56]INFO:刷新完成！！！
[2016-04-12 15:48:29] test_CommoditySort.py [Test Case:test_2search_BySortName] [line:218]INFO:等待页面刷新···
[2016-04-12 15:48:29] test_CommoditySort.py [Test Case:test_2search_BySortName] [line:220]INFO:刷新完成！！！
[2016-04-12 15:48:30] test_CommoditySort.py [Test Case:tearDown] [line:320]INFO:该条用例执行完毕
[2016-04-12 15:48:34] test_CommoditySort.py [Test Case:test_3search_BySortInfo] [line:231]INFO:开始执行用例...
[2016-04-12 15:48:39] test_CommoditySort.py [Test Case:to_CommoditySort] [line:54]INFO:等待页面刷新···
[2016-04-12 15:48:41] test_CommoditySort.py [Test Case:to_CommoditySort] [line:56]INFO:刷新完成！！！
[2016-04-12 15:48:45] test_CommoditySort.py [Test Case:test_3search_BySortInfo] [line:246]INFO:等待页面刷新···
[2016-04-12 15:48:45] test_CommoditySort.py [Test Case:test_3search_BySortInfo] [line:248]INFO:刷新完成！！！
[2016-04-12 15:48:46] test_CommoditySort.py [Test Case:tearDown] [line:320]INFO:该条用例执行完毕
[2016-04-12 15:48:50] test_CommoditySort.py [Test Case:test_4modify_Sort] [line:260]INFO:开始执行用例...
[2016-04-12 15:48:55] test_CommoditySort.py [Test Case:to_CommoditySort] [line:54]INFO:等待页面刷新···
[2016-04-12 15:48:57] test_CommoditySort.py [Test Case:to_CommoditySort] [line:56]INFO:刷新完成！！！
[2016-04-12 15:49:02] test_CommoditySort.py [Test Case:searchbycode] [line:172]INFO:等待页面刷新···
[2016-04-12 15:49:02] test_CommoditySort.py [Test Case:searchbycode] [line:174]INFO:刷新完成！！！
[2016-04-12 15:49:09] test_CommoditySort.py [Test Case:searchbycode] [line:172]INFO:等待页面刷新···
[2016-04-12 15:49:09] test_CommoditySort.py [Test Case:searchbycode] [line:174]INFO:刷新完成！！！
[2016-04-12 15:49:10] test_CommoditySort.py [Test Case:tearDown] [line:320]INFO:该条用例执行完毕
[2016-04-12 15:49:14] test_CommoditySort.py [Test Case:test_5delete_Sort] [line:299]INFO:开始执行用例...
[2016-04-12 15:49:19] test_CommoditySort.py [Test Case:to_CommoditySort] [line:54]INFO:等待页面刷新···
[2016-04-12 15:49:21] test_CommoditySort.py [Test Case:to_CommoditySort] [line:56]INFO:刷新完成！！！
[2016-04-12 15:49:26] test_CommoditySort.py [Test Case:searchbycode] [line:172]INFO:等待页面刷新···
[2016-04-12 15:49:26] test_CommoditySort.py [Test Case:searchbycode] [line:174]INFO:刷新完成！！！
[2016-04-12 15:49:29] test_CommoditySort.py [Test Case:tearDown] [line:320]INFO:该条用例执行完毕
[2016-04-12 15:49:38] test_MeasureItem.py [Test Case:to_MeasureItem] [line:54]INFO:等待页面刷新···
[2016-04-12 15:49:39] test_MeasureItem.py [Test Case:to_MeasureItem] [line:57]INFO:刷新完成！！！
[2016-04-12 15:49:44] test_MeasureItem.py [Test Case:clickButton] [line:120]INFO:保存成功！
[2016-04-12 15:49:44] test_MeasureItem.py [Test Case:tearDown] [line:291]INFO:该条用例执行完毕！！！
[2016-04-12 15:49:54] test_MeasureItem.py [Test Case:to_MeasureItem] [line:54]INFO:等待页面刷新···
[2016-04-12 15:49:55] test_MeasureItem.py [Test Case:to_MeasureItem] [line:57]INFO:刷新完成！！！
[2016-04-12 15:49:58] test_MeasureItem.py [Test Case:tearDown] [line:291]INFO:该条用例执行完毕！！！
[2016-04-12 15:50:07] test_MeasureItem.py [Test Case:to_MeasureItem] [line:54]INFO:等待页面刷新···
[2016-04-12 15:50:08] test_MeasureItem.py [Test Case:to_MeasureItem] [line:57]INFO:刷新完成！！！
[2016-04-12 15:50:11] test_MeasureItem.py [Test Case:tearDown] [line:291]INFO:该条用例执行完毕！！！
[2016-04-12 15:50:38] test_MeasureItem.py [Test Case:to_MeasureItem] [line:54]INFO:等待页面刷新···
[2016-04-12 15:50:39] test_MeasureItem.py [Test Case:to_MeasureItem] [line:57]INFO:刷新完成！！！
[2016-04-12 15:50:42] test_MeasureItem.py [Test Case:tearDown] [line:291]INFO:该条用例执行完毕！！！
[2016-04-12 15:50:51] test_MeasureItem.py [Test Case:to_MeasureItem] [line:54]INFO:等待页面刷新···
[2016-04-12 15:50:52] test_MeasureItem.py [Test Case:to_MeasureItem] [line:57]INFO:刷新完成！！！
[2016-04-12 15:50:58] test_MeasureItem.py [Test Case:clickButton] [line:120]INFO:保存成功！
[2016-04-12 15:51:01] test_MeasureItem.py [Test Case:tearDown] [line:291]INFO:该条用例执行完毕！！！
[2016-04-12 15:51:10] test_MeasureItem.py [Test Case:to_MeasureItem] [line:54]INFO:等待页面刷新···
[2016-04-12 15:51:11] test_MeasureItem.py [Test Case:to_MeasureItem] [line:57]INFO:刷新完成！！！
[2016-04-12 15:51:18] test_MeasureItem.py [Test Case:clickButton] [line:98]INFO:删除成功
[2016-04-12 15:51:18] test_MeasureItem.py [Test Case:tearDown] [line:291]INFO:该条用例执行完毕！！！
[2016-04-12 15:51:28] test_SizeSetting.py [Test Case:to_SizeSetting] [line:54]INFO:等待页面刷新···
[2016-04-12 15:51:29] test_SizeSetting.py [Test Case:to_SizeSetting] [line:57]INFO:刷新完成！！！
[2016-04-12 15:51:33] test_SizeSetting.py [Test Case:tearDown] [line:297]INFO:该条用例执行完毕！！！
[2016-04-12 15:51:37] test_SizeSetting.py [Test Case:test_1search_BySizeCode] [line:186]INFO:开始执行用例...
[2016-04-12 15:51:42] test_SizeSetting.py [Test Case:to_SizeSetting] [line:54]INFO:等待页面刷新···
[2016-04-12 15:51:43] test_SizeSetting.py [Test Case:to_SizeSetting] [line:57]INFO:刷新完成！！！
[2016-04-12 15:51:48] test_SizeSetting.py [Test Case:tearDown] [line:297]INFO:该条用例执行完毕！！！
[2016-04-12 15:51:53] test_SizeSetting.py [Test Case:test_2search_BySizeName] [line:201]INFO:开始执行用例...
[2016-04-12 15:51:58] test_SizeSetting.py [Test Case:to_SizeSetting] [line:54]INFO:等待页面刷新···
[2016-04-12 15:51:59] test_SizeSetting.py [Test Case:to_SizeSetting] [line:57]INFO:刷新完成！！！
[2016-04-12 15:52:04] test_SizeSetting.py [Test Case:tearDown] [line:297]INFO:该条用例执行完毕！！！
[2016-04-12 15:52:09] test_SizeSetting.py [Test Case:test_3modify_Size] [line:226]INFO:开始执行用例...
[2016-04-12 15:52:14] test_SizeSetting.py [Test Case:to_SizeSetting] [line:54]INFO:等待页面刷新···
[2016-04-12 15:52:15] test_SizeSetting.py [Test Case:to_SizeSetting] [line:57]INFO:刷新完成！！！
[2016-04-12 15:52:28] test_SizeSetting.py [Test Case:tearDown] [line:297]INFO:该条用例执行完毕！！！
[2016-04-12 15:52:33] test_SizeSetting.py [Test Case:test_4delete_Size] [line:271]INFO:开始执行用例...
[2016-04-12 15:52:38] test_SizeSetting.py [Test Case:to_SizeSetting] [line:54]INFO:等待页面刷新···
[2016-04-12 15:52:38] test_SizeSetting.py [Test Case:to_SizeSetting] [line:57]INFO:刷新完成！！！
[2016-04-12 15:52:44] test_SizeSetting.py [Test Case:test_4delete_Size] [line:282]INFO:等待页面刷新···
[2016-04-12 15:52:44] test_SizeSetting.py [Test Case:test_4delete_Size] [line:284]INFO:刷新完成！！！
[2016-04-12 15:52:47] test_SizeSetting.py [Test Case:tearDown] [line:297]INFO:该条用例执行完毕！！！
[2016-04-12 15:52:56] test_SKUSet.py [Test Case:to_SKUset] [line:52]INFO:等待页面刷新···
[2016-04-12 15:52:59] test_SKUSet.py [Test Case:to_SKUset] [line:55]INFO:刷新完成！！！
[2016-04-12 15:53:13] test_SKUSet.py [Test Case:tearDown] [line:314]INFO:该条用例执行完毕！！！
[2016-04-12 15:53:23] test_SKUSet.py [Test Case:to_SKUset] [line:52]INFO:等待页面刷新···
[2016-04-12 15:53:25] test_SKUSet.py [Test Case:to_SKUset] [line:55]INFO:刷新完成！！！
[2016-04-12 15:53:33] test_SKUSet.py [Test Case:tearDown] [line:314]INFO:该条用例执行完毕！！！
[2016-04-12 15:53:43] test_SKUSet.py [Test Case:to_SKUset] [line:52]INFO:等待页面刷新···
[2016-04-12 15:53:46] test_SKUSet.py [Test Case:to_SKUset] [line:55]INFO:刷新完成！！！
[2016-04-12 15:54:24] test_SKUSet.py [Test Case:tearDown] [line:314]INFO:该条用例执行完毕！！！
