[2016-04-08 14:21:09] test_AdvertisingTheme.py [Test Case:test_AdvertisingTheme] [line:33]INFO:~~~广告主题模块测试~~~
[2016-04-08 14:21:09] test_BOMManage.py [Test Case:test_BOMManager] [line:32]INFO:~~~BOM管理模块测试~~~
[2016-04-08 14:21:09] test_ColorGroup.py [Test Case:test_ColorGroup] [line:28]INFO:~~~颜色组模块测试~~~
[2016-04-08 14:21:09] test_ColorSetting.py [Test Case:test_ColorSetting] [line:30]INFO:~~~颜色配置模块测试~~~
[2016-04-08 14:21:09] test_CommodityFile.py [Test Case:test_CommodityFile] [line:25]INFO:~~~商品档案模块测试~~~
[2016-04-08 14:21:09] test_CommoditySort.py [Test Case:test_CommoditySort] [line:29]INFO:~~~商品类别模块测试~~~
[2016-04-08 14:21:09] test_MeasureItem.py [Test Case:test_MeasureItem] [line:30]INFO:~~~量体项目模块测试~~~
[2016-04-08 14:21:09] test_SizeSetting.py [Test Case:test_SizeSetting] [line:29]INFO:~~~尺码配置模块测试~~~
[2016-04-08 14:21:09] test_SKUSet.py [Test Case:test_SKUSet] [line:28]INFO:~~~SKU设置模块测试~~~
[2016-04-08 14:21:18] test_AdvertisingTheme.py [Test Case:to_AdvertisingTheme] [line:59]INFO:等待页面刷新···
[2016-04-08 14:21:20] test_AdvertisingTheme.py [Test Case:to_AdvertisingTheme] [line:62]INFO:刷新完成！！！
[2016-04-08 14:21:28] test_AdvertisingTheme.py [Test Case:clickButton] [line:135]INFO:保存成功！
[2016-04-08 14:21:28] test_AdvertisingTheme.py [Test Case:tearDown] [line:380]INFO:该条用例执行完毕！！！
[2016-04-08 14:21:37] test_AdvertisingTheme.py [Test Case:to_AdvertisingTheme] [line:59]INFO:等待页面刷新···
[2016-04-08 14:21:39] test_AdvertisingTheme.py [Test Case:to_AdvertisingTheme] [line:62]INFO:刷新完成！！！
[2016-04-08 14:21:59] test_AdvertisingTheme.py [Test Case:tearDown] [line:380]INFO:该条用例执行完毕！！！
[2016-04-08 14:22:09] test_AdvertisingTheme.py [Test Case:to_AdvertisingTheme] [line:59]INFO:等待页面刷新···
[2016-04-08 14:22:10] test_AdvertisingTheme.py [Test Case:to_AdvertisingTheme] [line:62]INFO:刷新完成！！！
[2016-04-08 14:22:14] test_AdvertisingTheme.py [Test Case:tearDown] [line:380]INFO:该条用例执行完毕！！！
[2016-04-08 14:22:23] test_AdvertisingTheme.py [Test Case:to_AdvertisingTheme] [line:59]INFO:等待页面刷新···
[2016-04-08 14:22:25] test_AdvertisingTheme.py [Test Case:to_AdvertisingTheme] [line:62]INFO:刷新完成！！！
[2016-04-08 14:22:30] test_AdvertisingTheme.py [Test Case:clickButton] [line:135]INFO:保存成功！
[2016-04-08 14:22:31] test_AdvertisingTheme.py [Test Case:tearDown] [line:380]INFO:该条用例执行完毕！！！
[2016-04-08 14:22:40] test_AdvertisingTheme.py [Test Case:to_AdvertisingTheme] [line:59]INFO:等待页面刷新···
[2016-04-08 14:22:42] test_AdvertisingTheme.py [Test Case:to_AdvertisingTheme] [line:62]INFO:刷新完成！！！
[2016-04-08 14:22:47] test_AdvertisingTheme.py [Test Case:clickButton] [line:135]INFO:保存成功！
[2016-04-08 14:22:47] test_AdvertisingTheme.py [Test Case:tearDown] [line:380]INFO:该条用例执行完毕！！！
[2016-04-08 14:22:57] test_BOMManage.py [Test Case:to_BOMManager] [line:58]INFO:等待页面刷新···
[2016-04-08 14:23:02] test_BOMManage.py [Test Case:to_BOMManager] [line:61]INFO:刷新完成！！！
[2016-04-08 14:23:29] test_BOMManage.py [Test Case:clickButton] [line:139]INFO:保存成功！
[2016-04-08 14:23:29] test_BOMManage.py [Test Case:tearDown] [line:337]INFO:该条用例执行完毕！！！
[2016-04-08 14:23:39] test_BOMManage.py [Test Case:to_BOMManager] [line:58]INFO:等待页面刷新···
[2016-04-08 14:23:46] test_BOMManage.py [Test Case:to_BOMManager] [line:61]INFO:刷新完成！！！
[2016-04-08 14:23:53] test_BOMManage.py [Test Case:tearDown] [line:337]INFO:该条用例执行完毕！！！
[2016-04-08 14:24:02] test_BOMManage.py [Test Case:to_BOMManager] [line:58]INFO:等待页面刷新···
[2016-04-08 14:24:08] test_BOMManage.py [Test Case:to_BOMManager] [line:61]INFO:刷新完成！！！
[2016-04-08 14:24:19] test_BOMManage.py [Test Case:tearDown] [line:337]INFO:该条用例执行完毕！！！
[2016-04-08 14:24:29] test_BOMManage.py [Test Case:to_BOMManager] [line:58]INFO:等待页面刷新···
[2016-04-08 14:24:34] test_BOMManage.py [Test Case:to_BOMManager] [line:61]INFO:刷新完成！！！
[2016-04-08 14:25:19] test_BOMManage.py [Test Case:tearDown] [line:337]INFO:该条用例执行完毕！！！
[2016-04-08 14:25:28] test_BOMManage.py [Test Case:to_BOMManager] [line:58]INFO:等待页面刷新···
[2016-04-08 14:25:34] test_BOMManage.py [Test Case:to_BOMManager] [line:61]INFO:刷新完成！！！
[2016-04-08 14:26:00] test_BOMManage.py [Test Case:clickButton] [line:139]INFO:保存成功！
[2016-04-08 14:26:00] test_BOMManage.py [Test Case:tearDown] [line:337]INFO:该条用例执行完毕！！！
[2016-04-08 14:26:10] test_BOMManage.py [Test Case:to_BOMManager] [line:58]INFO:等待页面刷新···
[2016-04-08 14:26:15] test_BOMManage.py [Test Case:to_BOMManager] [line:61]INFO:刷新完成！！！
[2016-04-08 14:26:19] test_BOMManage.py [Test Case:clickButton] [line:111]INFO:删除成功
[2016-04-08 14:26:19] test_BOMManage.py [Test Case:tearDown] [line:337]INFO:该条用例执行完毕！！！
[2016-04-08 14:26:24] test_ColorGroup.py [Test Case:test_0add_ColorGroup] [line:143]INFO:开始执行测试...
[2016-04-08 14:26:28] test_ColorGroup.py [Test Case:to_ColorGroup] [line:52]INFO:等待页面刷新···
[2016-04-08 14:26:29] test_ColorGroup.py [Test Case:to_ColorGroup] [line:55]INFO:刷新完成！！！
[2016-04-08 14:26:34] test_ColorGroup.py [Test Case:clickButton] [line:127]INFO:保存成功！
[2016-04-08 14:26:34] test_ColorGroup.py [Test Case:tearDown] [line:313]INFO:该条用例执行完毕！！！
[2016-04-08 14:26:43] test_ColorGroup.py [Test Case:to_ColorGroup] [line:52]INFO:等待页面刷新···
[2016-04-08 14:26:43] test_ColorGroup.py [Test Case:to_ColorGroup] [line:55]INFO:刷新完成！！！
[2016-04-08 14:26:47] test_ColorGroup.py [Test Case:tearDown] [line:313]INFO:该条用例执行完毕！！！
[2016-04-08 14:26:52] test_ColorGroup.py [Test Case:test_2search_ByCGroupName] [line:219]INFO:开始执行测试...
[2016-04-08 14:26:57] test_ColorGroup.py [Test Case:to_ColorGroup] [line:52]INFO:等待页面刷新···
[2016-04-08 14:26:57] test_ColorGroup.py [Test Case:to_ColorGroup] [line:55]INFO:刷新完成！！！
[2016-04-08 14:27:00] test_ColorGroup.py [Test Case:tearDown] [line:313]INFO:该条用例执行完毕！！！
[2016-04-08 14:27:05] test_ColorGroup.py [Test Case:test_3modify_ColorGroup] [line:244]INFO:开始执行测试...
[2016-04-08 14:27:10] test_ColorGroup.py [Test Case:to_ColorGroup] [line:52]INFO:等待页面刷新···
[2016-04-08 14:27:10] test_ColorGroup.py [Test Case:to_ColorGroup] [line:55]INFO:刷新完成！！！
[2016-04-08 14:27:19] test_ColorGroup.py [Test Case:clickButton] [line:127]INFO:保存成功！
[2016-04-08 14:27:19] test_ColorGroup.py [Test Case:tearDown] [line:313]INFO:该条用例执行完毕！！！
[2016-04-08 14:27:23] test_ColorGroup.py [Test Case:test_4import_ColorGroup] [line:282]INFO:开始执行测试...
[2016-04-08 14:27:28] test_ColorGroup.py [Test Case:to_ColorGroup] [line:52]INFO:等待页面刷新···
[2016-04-08 14:27:29] test_ColorGroup.py [Test Case:to_ColorGroup] [line:55]INFO:刷新完成！！！
[2016-04-08 14:27:31] test_ColorGroup.py [Test Case:tearDown] [line:313]INFO:该条用例执行完毕！！！
[2016-04-08 14:27:40] test_ColorGroup.py [Test Case:to_ColorGroup] [line:52]INFO:等待页面刷新···
[2016-04-08 14:27:40] test_ColorGroup.py [Test Case:to_ColorGroup] [line:55]INFO:刷新完成！！！
[2016-04-08 14:27:48] test_ColorGroup.py [Test Case:clickButton] [line:101]INFO:删除成功
[2016-04-08 14:27:48] test_ColorGroup.py [Test Case:tearDown] [line:313]INFO:该条用例执行完毕！！！
[2016-04-08 14:27:57] test_ColorSetting.py [Test Case:to_ColorSetting] [line:55]INFO:等待页面刷新···
[2016-04-08 14:27:58] test_ColorSetting.py [Test Case:to_ColorSetting] [line:58]INFO:刷新完成！！！
[2016-04-08 14:28:03] test_ColorSetting.py [Test Case:tearDown] [line:414]INFO:该条用例执行完毕！！！
[2016-04-08 14:28:12] test_ColorSetting.py [Test Case:to_ColorSetting] [line:55]INFO:等待页面刷新···
[2016-04-08 14:28:13] test_ColorSetting.py [Test Case:to_ColorSetting] [line:58]INFO:刷新完成！！！
[2016-04-08 14:28:14] test_ColorSetting.py [Test Case:test_1search_ByColorCode] [line:213]INFO:等待页面刷新···
[2016-04-08 14:28:14] test_ColorSetting.py [Test Case:test_1search_ByColorCode] [line:216]INFO:刷新完成！！！
[2016-04-08 14:28:23] test_ColorSetting.py [Test Case:tearDown] [line:414]INFO:该条用例执行完毕！！！
[2016-04-08 14:28:33] test_ColorSetting.py [Test Case:to_ColorSetting] [line:55]INFO:等待页面刷新···
[2016-04-08 14:28:33] test_ColorSetting.py [Test Case:to_ColorSetting] [line:58]INFO:刷新完成！！！
[2016-04-08 14:28:37] test_ColorSetting.py [Test Case:tearDown] [line:414]INFO:该条用例执行完毕！！！
[2016-04-08 14:28:46] test_ColorSetting.py [Test Case:to_ColorSetting] [line:55]INFO:等待页面刷新···
[2016-04-08 14:28:47] test_ColorSetting.py [Test Case:to_ColorSetting] [line:58]INFO:刷新完成！！！
[2016-04-08 14:28:51] test_ColorSetting.py [Test Case:tearDown] [line:414]INFO:该条用例执行完毕！！！
[2016-04-08 14:29:00] test_ColorSetting.py [Test Case:to_ColorSetting] [line:55]INFO:等待页面刷新···
[2016-04-08 14:29:01] test_ColorSetting.py [Test Case:to_ColorSetting] [line:58]INFO:刷新完成！！！
[2016-04-08 14:29:11] test_ColorSetting.py [Test Case:tearDown] [line:414]INFO:该条用例执行完毕！！！
[2016-04-08 14:29:20] test_ColorSetting.py [Test Case:to_ColorSetting] [line:55]INFO:等待页面刷新···
[2016-04-08 14:29:22] test_ColorSetting.py [Test Case:to_ColorSetting] [line:58]INFO:刷新完成！！！
[2016-04-08 14:29:28] test_ColorSetting.py [Test Case:tearDown] [line:414]INFO:该条用例执行完毕！！！
[2016-04-08 14:29:32] test_CommodityFile.py [Test Case:test_0add_File] [line:152]INFO:开始执行用例...
[2016-04-08 14:29:37] test_CommodityFile.py [Test Case:to_CommodityFile] [line:50]INFO:等待页面刷新···
[2016-04-08 14:29:41] test_CommodityFile.py [Test Case:to_CommodityFile] [line:52]INFO:刷新完成！！！
[2016-04-08 14:29:53] test_CommodityFile.py [Test Case:tearDown] [line:430]INFO:该条用例执行完毕！！！
[2016-04-08 14:29:58] test_CommodityFile.py [Test Case:test_1search_ByCode] [line:224]INFO:开始执行用例...
[2016-04-08 14:30:03] test_CommodityFile.py [Test Case:to_CommodityFile] [line:50]INFO:等待页面刷新···
[2016-04-08 14:30:06] test_CommodityFile.py [Test Case:to_CommodityFile] [line:52]INFO:刷新完成！！！
[2016-04-08 14:30:10] test_CommodityFile.py [Test Case:searchbycode] [line:217]INFO:等待页面刷新···
[2016-04-08 14:30:10] test_CommodityFile.py [Test Case:searchbycode] [line:219]INFO:刷新完成！！！
[2016-04-08 14:30:11] test_CommodityFile.py [Test Case:tearDown] [line:430]INFO:该条用例执行完毕！！！
[2016-04-08 14:30:15] test_CommodityFile.py [Test Case:test_2search_ByName] [line:250]INFO:开始执行用例...
[2016-04-08 14:30:20] test_CommodityFile.py [Test Case:to_CommodityFile] [line:50]INFO:等待页面刷新···
[2016-04-08 14:30:23] test_CommodityFile.py [Test Case:to_CommodityFile] [line:52]INFO:刷新完成！！！
[2016-04-08 14:30:27] test_CommodityFile.py [Test Case:test_2search_ByName] [line:266]INFO:等待页面刷新···
[2016-04-08 14:30:27] test_CommodityFile.py [Test Case:test_2search_ByName] [line:268]INFO:刷新完成！！！
[2016-04-08 14:30:28] test_CommodityFile.py [Test Case:tearDown] [line:430]INFO:该条用例执行完毕！！！
[2016-04-08 14:30:32] test_CommodityFile.py [Test Case:test_3search_BySort] [line:280]INFO:开始执行用例...
[2016-04-08 14:30:37] test_CommodityFile.py [Test Case:to_CommodityFile] [line:50]INFO:等待页面刷新···
[2016-04-08 14:30:39] test_CommodityFile.py [Test Case:to_CommodityFile] [line:52]INFO:刷新完成！！！
[2016-04-08 14:30:46] test_CommodityFile.py [Test Case:test_3search_BySort] [line:297]INFO:等待页面刷新···
[2016-04-08 14:30:46] test_CommodityFile.py [Test Case:test_3search_BySort] [line:299]INFO:刷新完成！！！
[2016-04-08 14:30:47] test_CommodityFile.py [Test Case:tearDown] [line:430]INFO:该条用例执行完毕！！！
[2016-04-08 14:30:51] test_CommodityFile.py [Test Case:test_4view_Com] [line:313]INFO:开始执行用例...
[2016-04-08 14:30:56] test_CommodityFile.py [Test Case:to_CommodityFile] [line:50]INFO:等待页面刷新···
[2016-04-08 14:30:58] test_CommodityFile.py [Test Case:to_CommodityFile] [line:52]INFO:刷新完成！！！
[2016-04-08 14:31:01] test_CommodityFile.py [Test Case:test_4view_Com] [line:329]INFO:等待页面刷新···
[2016-04-08 14:31:01] test_CommodityFile.py [Test Case:test_4view_Com] [line:331]INFO:刷新完成！！！
[2016-04-08 14:31:06] test_CommodityFile.py [Test Case:tearDown] [line:430]INFO:该条用例执行完毕！！！
[2016-04-08 14:31:10] test_CommodityFile.py [Test Case:test_5modify_Com] [line:349]INFO:开始执行用例...
[2016-04-08 14:31:15] test_CommodityFile.py [Test Case:to_CommodityFile] [line:50]INFO:等待页面刷新···
[2016-04-08 14:31:18] test_CommodityFile.py [Test Case:to_CommodityFile] [line:52]INFO:刷新完成！！！
[2016-04-08 14:31:22] test_CommodityFile.py [Test Case:searchbycode] [line:217]INFO:等待页面刷新···
[2016-04-08 14:31:22] test_CommodityFile.py [Test Case:searchbycode] [line:219]INFO:刷新完成！！！
[2016-04-08 14:31:31] test_CommodityFile.py [Test Case:searchbycode] [line:217]INFO:等待页面刷新···
[2016-04-08 14:31:31] test_CommodityFile.py [Test Case:searchbycode] [line:219]INFO:刷新完成！！！
[2016-04-08 14:31:31] test_CommodityFile.py [Test Case:tearDown] [line:430]INFO:该条用例执行完毕！！！
[2016-04-08 14:31:36] test_CommodityFile.py [Test Case:test_6modify_ComStatus] [line:389]INFO:开始执行用例...
[2016-04-08 14:31:40] test_CommodityFile.py [Test Case:to_CommodityFile] [line:50]INFO:等待页面刷新···
[2016-04-08 14:31:43] test_CommodityFile.py [Test Case:to_CommodityFile] [line:52]INFO:刷新完成！！！
[2016-04-08 14:31:47] test_CommodityFile.py [Test Case:searchbycode] [line:217]INFO:等待页面刷新···
[2016-04-08 14:31:47] test_CommodityFile.py [Test Case:searchbycode] [line:219]INFO:刷新完成！！！
[2016-04-08 14:31:52] test_CommodityFile.py [Test Case:tearDown] [line:430]INFO:该条用例执行完毕！！！
[2016-04-08 14:31:57] test_CommoditySort.py [Test Case:test_0add_Sort] [line:130]INFO:开始执行用例...
[2016-04-08 14:32:02] test_CommoditySort.py [Test Case:to_CommoditySort] [line:54]INFO:等待页面刷新···
[2016-04-08 14:32:03] test_CommoditySort.py [Test Case:to_CommoditySort] [line:56]INFO:刷新完成！！！
[2016-04-08 14:32:07] test_CommoditySort.py [Test Case:tearDown] [line:320]INFO:该条用例执行完毕
[2016-04-08 14:32:12] test_CommoditySort.py [Test Case:test_1search_BySortCode] [line:184]INFO:开始执行用例...
[2016-04-08 14:32:16] test_CommoditySort.py [Test Case:to_CommoditySort] [line:54]INFO:等待页面刷新···
[2016-04-08 14:32:18] test_CommoditySort.py [Test Case:to_CommoditySort] [line:56]INFO:刷新完成！！！
[2016-04-08 14:32:22] test_CommoditySort.py [Test Case:searchbycode] [line:172]INFO:等待页面刷新···
[2016-04-08 14:32:22] test_CommoditySort.py [Test Case:searchbycode] [line:174]INFO:刷新完成！！！
[2016-04-08 14:32:22] test_CommoditySort.py [Test Case:tearDown] [line:320]INFO:该条用例执行完毕
[2016-04-08 14:32:27] test_CommoditySort.py [Test Case:test_2search_BySortName] [line:199]INFO:开始执行用例...
[2016-04-08 14:32:32] test_CommoditySort.py [Test Case:to_CommoditySort] [line:54]INFO:等待页面刷新···
[2016-04-08 14:32:34] test_CommoditySort.py [Test Case:to_CommoditySort] [line:56]INFO:刷新完成！！！
[2016-04-08 14:32:38] test_CommoditySort.py [Test Case:test_2search_BySortName] [line:218]INFO:等待页面刷新···
[2016-04-08 14:32:38] test_CommoditySort.py [Test Case:test_2search_BySortName] [line:220]INFO:刷新完成！！！
[2016-04-08 14:32:39] test_CommoditySort.py [Test Case:tearDown] [line:320]INFO:该条用例执行完毕
[2016-04-08 14:32:43] test_CommoditySort.py [Test Case:test_3search_BySortInfo] [line:231]INFO:开始执行用例...
[2016-04-08 14:32:48] test_CommoditySort.py [Test Case:to_CommoditySort] [line:54]INFO:等待页面刷新···
[2016-04-08 14:32:50] test_CommoditySort.py [Test Case:to_CommoditySort] [line:56]INFO:刷新完成！！！
[2016-04-08 14:32:54] test_CommoditySort.py [Test Case:test_3search_BySortInfo] [line:246]INFO:等待页面刷新···
[2016-04-08 14:32:54] test_CommoditySort.py [Test Case:test_3search_BySortInfo] [line:248]INFO:刷新完成！！！
[2016-04-08 14:32:55] test_CommoditySort.py [Test Case:tearDown] [line:320]INFO:该条用例执行完毕
[2016-04-08 14:32:59] test_CommoditySort.py [Test Case:test_4modify_Sort] [line:260]INFO:开始执行用例...
[2016-04-08 14:33:04] test_CommoditySort.py [Test Case:to_CommoditySort] [line:54]INFO:等待页面刷新···
[2016-04-08 14:33:06] test_CommoditySort.py [Test Case:to_CommoditySort] [line:56]INFO:刷新完成！！！
[2016-04-08 14:33:10] test_CommoditySort.py [Test Case:searchbycode] [line:172]INFO:等待页面刷新···
[2016-04-08 14:33:10] test_CommoditySort.py [Test Case:searchbycode] [line:174]INFO:刷新完成！！！
[2016-04-08 14:33:17] test_CommoditySort.py [Test Case:searchbycode] [line:172]INFO:等待页面刷新···
[2016-04-08 14:33:17] test_CommoditySort.py [Test Case:searchbycode] [line:174]INFO:刷新完成！！！
[2016-04-08 14:33:18] test_CommoditySort.py [Test Case:tearDown] [line:320]INFO:该条用例执行完毕
[2016-04-08 14:33:22] test_CommoditySort.py [Test Case:test_5delete_Sort] [line:299]INFO:开始执行用例...
[2016-04-08 14:33:27] test_CommoditySort.py [Test Case:to_CommoditySort] [line:54]INFO:等待页面刷新···
[2016-04-08 14:33:29] test_CommoditySort.py [Test Case:to_CommoditySort] [line:56]INFO:刷新完成！！！
[2016-04-08 14:33:33] test_CommoditySort.py [Test Case:searchbycode] [line:172]INFO:等待页面刷新···
[2016-04-08 14:33:33] test_CommoditySort.py [Test Case:searchbycode] [line:174]INFO:刷新完成！！！
[2016-04-08 14:33:37] test_CommoditySort.py [Test Case:tearDown] [line:320]INFO:该条用例执行完毕
[2016-04-08 14:33:46] test_MeasureItem.py [Test Case:to_MeasureItem] [line:54]INFO:等待页面刷新···
[2016-04-08 14:33:47] test_MeasureItem.py [Test Case:to_MeasureItem] [line:57]INFO:刷新完成！！！
[2016-04-08 14:33:52] test_MeasureItem.py [Test Case:clickButton] [line:120]INFO:保存成功！
[2016-04-08 14:33:52] test_MeasureItem.py [Test Case:tearDown] [line:291]INFO:该条用例执行完毕！！！
[2016-04-08 14:34:02] test_MeasureItem.py [Test Case:to_MeasureItem] [line:54]INFO:等待页面刷新···
[2016-04-08 14:34:03] test_MeasureItem.py [Test Case:to_MeasureItem] [line:57]INFO:刷新完成！！！
[2016-04-08 14:34:06] test_MeasureItem.py [Test Case:tearDown] [line:291]INFO:该条用例执行完毕！！！
[2016-04-08 14:34:15] test_MeasureItem.py [Test Case:to_MeasureItem] [line:54]INFO:等待页面刷新···
[2016-04-08 14:34:16] test_MeasureItem.py [Test Case:to_MeasureItem] [line:57]INFO:刷新完成！！！
[2016-04-08 14:34:19] test_MeasureItem.py [Test Case:tearDown] [line:291]INFO:该条用例执行完毕！！！
[2016-04-08 14:34:29] test_MeasureItem.py [Test Case:to_MeasureItem] [line:54]INFO:等待页面刷新···
[2016-04-08 14:34:29] test_MeasureItem.py [Test Case:to_MeasureItem] [line:57]INFO:刷新完成！！！
[2016-04-08 14:34:32] test_MeasureItem.py [Test Case:tearDown] [line:291]INFO:该条用例执行完毕！！！
[2016-04-08 14:34:41] test_MeasureItem.py [Test Case:to_MeasureItem] [line:54]INFO:等待页面刷新···
[2016-04-08 14:34:42] test_MeasureItem.py [Test Case:to_MeasureItem] [line:57]INFO:刷新完成！！！
[2016-04-08 14:34:49] test_MeasureItem.py [Test Case:clickButton] [line:120]INFO:保存成功！
[2016-04-08 14:34:51] test_MeasureItem.py [Test Case:tearDown] [line:291]INFO:该条用例执行完毕！！！
[2016-04-08 14:35:01] test_MeasureItem.py [Test Case:to_MeasureItem] [line:54]INFO:等待页面刷新···
[2016-04-08 14:35:02] test_MeasureItem.py [Test Case:to_MeasureItem] [line:57]INFO:刷新完成！！！
[2016-04-08 14:35:08] test_MeasureItem.py [Test Case:clickButton] [line:98]INFO:删除成功
[2016-04-08 14:35:08] test_MeasureItem.py [Test Case:tearDown] [line:291]INFO:该条用例执行完毕！！！
[2016-04-08 14:35:18] test_SizeSetting.py [Test Case:to_SizeSetting] [line:54]INFO:等待页面刷新···
[2016-04-08 14:35:19] test_SizeSetting.py [Test Case:to_SizeSetting] [line:57]INFO:刷新完成！！！
[2016-04-08 14:35:23] test_SizeSetting.py [Test Case:tearDown] [line:291]INFO:该条用例执行完毕！！！
[2016-04-08 14:35:27] test_SizeSetting.py [Test Case:test_1search_BySizeCode] [line:183]INFO:开始执行用例...
[2016-04-08 14:35:32] test_SizeSetting.py [Test Case:to_SizeSetting] [line:54]INFO:等待页面刷新···
[2016-04-08 14:35:33] test_SizeSetting.py [Test Case:to_SizeSetting] [line:57]INFO:刷新完成！！！
[2016-04-08 14:35:37] test_SizeSetting.py [Test Case:tearDown] [line:291]INFO:该条用例执行完毕！！！
[2016-04-08 14:35:41] test_SizeSetting.py [Test Case:test_2search_BySizeName] [line:198]INFO:开始执行用例...
[2016-04-08 14:35:47] test_SizeSetting.py [Test Case:to_SizeSetting] [line:54]INFO:等待页面刷新···
[2016-04-08 14:35:47] test_SizeSetting.py [Test Case:to_SizeSetting] [line:57]INFO:刷新完成！！！
[2016-04-08 14:35:51] test_SizeSetting.py [Test Case:tearDown] [line:291]INFO:该条用例执行完毕！！！
[2016-04-08 14:35:55] test_SizeSetting.py [Test Case:test_3modify_Size] [line:223]INFO:开始执行用例...
[2016-04-08 14:36:00] test_SizeSetting.py [Test Case:to_SizeSetting] [line:54]INFO:等待页面刷新···
[2016-04-08 14:36:01] test_SizeSetting.py [Test Case:to_SizeSetting] [line:57]INFO:刷新完成！！！
[2016-04-08 14:36:10] test_SizeSetting.py [Test Case:tearDown] [line:291]INFO:该条用例执行完毕！！！
[2016-04-08 14:36:15] test_SizeSetting.py [Test Case:test_4delete_Size] [line:265]INFO:开始执行用例...
[2016-04-08 14:36:20] test_SizeSetting.py [Test Case:to_SizeSetting] [line:54]INFO:等待页面刷新···
[2016-04-08 14:36:21] test_SizeSetting.py [Test Case:to_SizeSetting] [line:57]INFO:刷新完成！！！
[2016-04-08 14:36:24] test_SizeSetting.py [Test Case:test_4delete_Size] [line:276]INFO:等待页面刷新···
[2016-04-08 14:36:24] test_SizeSetting.py [Test Case:test_4delete_Size] [line:278]INFO:刷新完成！！！
[2016-04-08 14:36:28] test_SizeSetting.py [Test Case:tearDown] [line:291]INFO:该条用例执行完毕！！！
[2016-04-08 14:36:37] test_SKUSet.py [Test Case:to_SKUset] [line:52]INFO:等待页面刷新···
[2016-04-08 14:36:40] test_SKUSet.py [Test Case:to_SKUset] [line:55]INFO:刷新完成！！！
[2016-04-08 14:36:54] test_SKUSet.py [Test Case:tearDown] [line:314]INFO:该条用例执行完毕！！！
[2016-04-08 14:37:05] test_SKUSet.py [Test Case:to_SKUset] [line:52]INFO:等待页面刷新···
[2016-04-08 14:37:07] test_SKUSet.py [Test Case:to_SKUset] [line:55]INFO:刷新完成！！！
[2016-04-08 14:37:16] test_SKUSet.py [Test Case:tearDown] [line:314]INFO:该条用例执行完毕！！！
[2016-04-08 14:37:26] test_SKUSet.py [Test Case:to_SKUset] [line:52]INFO:等待页面刷新···
[2016-04-08 14:37:29] test_SKUSet.py [Test Case:to_SKUset] [line:55]INFO:刷新完成！！！
[2016-04-08 14:38:07] test_SKUSet.py [Test Case:tearDown] [line:314]INFO:该条用例执行完毕！！！
