[2016-04-08 14:40:14] test_AdvertisingTheme.py [Test Case:test_AdvertisingTheme] [line:33]INFO:~~~广告主题模块测试~~~
[2016-04-08 14:40:14] test_BOMManage.py [Test Case:test_BOMManager] [line:32]INFO:~~~BOM管理模块测试~~~
[2016-04-08 14:40:14] test_ColorGroup.py [Test Case:test_ColorGroup] [line:28]INFO:~~~颜色组模块测试~~~
[2016-04-08 14:40:14] test_ColorSetting.py [Test Case:test_ColorSetting] [line:30]INFO:~~~颜色配置模块测试~~~
[2016-04-08 14:40:14] test_CommodityFile.py [Test Case:test_CommodityFile] [line:25]INFO:~~~商品档案模块测试~~~
[2016-04-08 14:40:14] test_CommoditySort.py [Test Case:test_CommoditySort] [line:29]INFO:~~~商品类别模块测试~~~
[2016-04-08 14:40:14] test_MeasureItem.py [Test Case:test_MeasureItem] [line:30]INFO:~~~量体项目模块测试~~~
[2016-04-08 14:40:14] test_SizeSetting.py [Test Case:test_SizeSetting] [line:29]INFO:~~~尺码配置模块测试~~~
[2016-04-08 14:40:14] test_SKUSet.py [Test Case:test_SKUSet] [line:28]INFO:~~~SKU设置模块测试~~~
[2016-04-08 14:40:25] test_AdvertisingTheme.py [Test Case:to_AdvertisingTheme] [line:59]INFO:等待页面刷新···
[2016-04-08 14:40:26] test_AdvertisingTheme.py [Test Case:to_AdvertisingTheme] [line:62]INFO:刷新完成！！！
[2016-04-08 14:40:34] test_AdvertisingTheme.py [Test Case:clickButton] [line:135]INFO:保存成功！
[2016-04-08 14:40:34] test_AdvertisingTheme.py [Test Case:tearDown] [line:380]INFO:该条用例执行完毕！！！
[2016-04-08 14:40:44] test_AdvertisingTheme.py [Test Case:to_AdvertisingTheme] [line:59]INFO:等待页面刷新···
[2016-04-08 14:40:45] test_AdvertisingTheme.py [Test Case:to_AdvertisingTheme] [line:62]INFO:刷新完成！！！
[2016-04-08 14:41:06] test_AdvertisingTheme.py [Test Case:tearDown] [line:380]INFO:该条用例执行完毕！！！
[2016-04-08 14:41:16] test_AdvertisingTheme.py [Test Case:to_AdvertisingTheme] [line:59]INFO:等待页面刷新···
[2016-04-08 14:41:17] test_AdvertisingTheme.py [Test Case:to_AdvertisingTheme] [line:62]INFO:刷新完成！！！
[2016-04-08 14:41:21] test_AdvertisingTheme.py [Test Case:tearDown] [line:380]INFO:该条用例执行完毕！！！
[2016-04-08 14:41:30] test_AdvertisingTheme.py [Test Case:to_AdvertisingTheme] [line:59]INFO:等待页面刷新···
[2016-04-08 14:41:32] test_AdvertisingTheme.py [Test Case:to_AdvertisingTheme] [line:62]INFO:刷新完成！！！
[2016-04-08 14:41:38] test_AdvertisingTheme.py [Test Case:clickButton] [line:135]INFO:保存成功！
[2016-04-08 14:41:38] test_AdvertisingTheme.py [Test Case:tearDown] [line:380]INFO:该条用例执行完毕！！！
[2016-04-08 14:41:49] test_AdvertisingTheme.py [Test Case:to_AdvertisingTheme] [line:59]INFO:等待页面刷新···
[2016-04-08 14:41:51] test_AdvertisingTheme.py [Test Case:to_AdvertisingTheme] [line:62]INFO:刷新完成！！！
[2016-04-08 14:41:56] test_AdvertisingTheme.py [Test Case:clickButton] [line:135]INFO:保存成功！
[2016-04-08 14:41:56] test_AdvertisingTheme.py [Test Case:tearDown] [line:380]INFO:该条用例执行完毕！！！
[2016-04-08 14:42:05] test_BOMManage.py [Test Case:to_BOMManager] [line:58]INFO:等待页面刷新···
[2016-04-08 14:42:11] test_BOMManage.py [Test Case:to_BOMManager] [line:61]INFO:刷新完成！！！
[2016-04-08 14:42:37] test_BOMManage.py [Test Case:clickButton] [line:139]INFO:保存成功！
[2016-04-08 14:42:37] test_BOMManage.py [Test Case:tearDown] [line:337]INFO:该条用例执行完毕！！！
[2016-04-08 14:42:47] test_BOMManage.py [Test Case:to_BOMManager] [line:58]INFO:等待页面刷新···
[2016-04-08 14:42:51] test_BOMManage.py [Test Case:to_BOMManager] [line:61]INFO:刷新完成！！！
[2016-04-08 14:42:58] test_BOMManage.py [Test Case:tearDown] [line:337]INFO:该条用例执行完毕！！！
[2016-04-08 14:43:08] test_BOMManage.py [Test Case:to_BOMManager] [line:58]INFO:等待页面刷新···
[2016-04-08 14:43:14] test_BOMManage.py [Test Case:to_BOMManager] [line:61]INFO:刷新完成！！！
[2016-04-08 14:43:26] test_BOMManage.py [Test Case:tearDown] [line:337]INFO:该条用例执行完毕！！！
[2016-04-08 14:43:35] test_BOMManage.py [Test Case:to_BOMManager] [line:58]INFO:等待页面刷新···
[2016-04-08 14:43:41] test_BOMManage.py [Test Case:to_BOMManager] [line:61]INFO:刷新完成！！！
[2016-04-08 14:44:25] test_BOMManage.py [Test Case:tearDown] [line:337]INFO:该条用例执行完毕！！！
[2016-04-08 14:44:36] test_BOMManage.py [Test Case:to_BOMManager] [line:58]INFO:等待页面刷新···
[2016-04-08 14:44:41] test_BOMManage.py [Test Case:to_BOMManager] [line:61]INFO:刷新完成！！！
[2016-04-08 14:45:06] test_BOMManage.py [Test Case:clickButton] [line:139]INFO:保存成功！
[2016-04-08 14:45:06] test_BOMManage.py [Test Case:tearDown] [line:337]INFO:该条用例执行完毕！！！
[2016-04-08 14:45:16] test_BOMManage.py [Test Case:to_BOMManager] [line:58]INFO:等待页面刷新···
[2016-04-08 14:45:26] test_BOMManage.py [Test Case:to_BOMManager] [line:61]INFO:刷新完成！！！
[2016-04-08 14:45:31] test_BOMManage.py [Test Case:clickButton] [line:111]INFO:删除成功
[2016-04-08 14:45:31] test_BOMManage.py [Test Case:tearDown] [line:337]INFO:该条用例执行完毕！！！
[2016-04-08 14:45:35] test_ColorGroup.py [Test Case:test_0add_ColorGroup] [line:143]INFO:开始执行测试...
[2016-04-08 14:45:40] test_ColorGroup.py [Test Case:to_ColorGroup] [line:52]INFO:等待页面刷新···
[2016-04-08 14:45:41] test_ColorGroup.py [Test Case:to_ColorGroup] [line:55]INFO:刷新完成！！！
[2016-04-08 14:45:45] test_ColorGroup.py [Test Case:clickButton] [line:127]INFO:保存成功！
[2016-04-08 14:45:45] test_ColorGroup.py [Test Case:tearDown] [line:313]INFO:该条用例执行完毕！！！
[2016-04-08 14:45:55] test_ColorGroup.py [Test Case:to_ColorGroup] [line:52]INFO:等待页面刷新···
[2016-04-08 14:45:56] test_ColorGroup.py [Test Case:to_ColorGroup] [line:55]INFO:刷新完成！！！
[2016-04-08 14:45:59] test_ColorGroup.py [Test Case:tearDown] [line:313]INFO:该条用例执行完毕！！！
[2016-04-08 14:46:04] test_ColorGroup.py [Test Case:test_2search_ByCGroupName] [line:219]INFO:开始执行测试...
[2016-04-08 14:46:09] test_ColorGroup.py [Test Case:to_ColorGroup] [line:52]INFO:等待页面刷新···
[2016-04-08 14:46:09] test_ColorGroup.py [Test Case:to_ColorGroup] [line:55]INFO:刷新完成！！！
[2016-04-08 14:46:12] test_ColorGroup.py [Test Case:tearDown] [line:313]INFO:该条用例执行完毕！！！
[2016-04-08 14:46:17] test_ColorGroup.py [Test Case:test_3modify_ColorGroup] [line:244]INFO:开始执行测试...
[2016-04-08 14:46:22] test_ColorGroup.py [Test Case:to_ColorGroup] [line:52]INFO:等待页面刷新···
[2016-04-08 14:46:22] test_ColorGroup.py [Test Case:to_ColorGroup] [line:55]INFO:刷新完成！！！
[2016-04-08 14:46:32] test_ColorGroup.py [Test Case:clickButton] [line:127]INFO:保存成功！
[2016-04-08 14:46:32] test_ColorGroup.py [Test Case:tearDown] [line:313]INFO:该条用例执行完毕！！！
[2016-04-08 14:46:36] test_ColorGroup.py [Test Case:test_4import_ColorGroup] [line:282]INFO:开始执行测试...
[2016-04-08 14:46:41] test_ColorGroup.py [Test Case:to_ColorGroup] [line:52]INFO:等待页面刷新···
[2016-04-08 14:46:42] test_ColorGroup.py [Test Case:to_ColorGroup] [line:55]INFO:刷新完成！！！
[2016-04-08 14:46:44] test_ColorGroup.py [Test Case:tearDown] [line:313]INFO:该条用例执行完毕！！！
[2016-04-08 14:46:54] test_ColorGroup.py [Test Case:to_ColorGroup] [line:52]INFO:等待页面刷新···
[2016-04-08 14:46:54] test_ColorGroup.py [Test Case:to_ColorGroup] [line:55]INFO:刷新完成！！！
[2016-04-08 14:47:02] test_ColorGroup.py [Test Case:clickButton] [line:101]INFO:删除成功
[2016-04-08 14:47:02] test_ColorGroup.py [Test Case:tearDown] [line:313]INFO:该条用例执行完毕！！！
[2016-04-08 14:47:11] test_ColorSetting.py [Test Case:to_ColorSetting] [line:55]INFO:等待页面刷新···
[2016-04-08 14:47:12] test_ColorSetting.py [Test Case:to_ColorSetting] [line:58]INFO:刷新完成！！！
[2016-04-08 14:47:19] test_ColorSetting.py [Test Case:tearDown] [line:414]INFO:该条用例执行完毕！！！
[2016-04-08 14:47:30] test_ColorSetting.py [Test Case:to_ColorSetting] [line:55]INFO:等待页面刷新···
[2016-04-08 14:47:31] test_ColorSetting.py [Test Case:to_ColorSetting] [line:58]INFO:刷新完成！！！
[2016-04-08 14:47:32] test_ColorSetting.py [Test Case:test_1search_ByColorCode] [line:213]INFO:等待页面刷新···
[2016-04-08 14:47:32] test_ColorSetting.py [Test Case:test_1search_ByColorCode] [line:216]INFO:刷新完成！！！
[2016-04-08 14:47:40] test_ColorSetting.py [Test Case:tearDown] [line:414]INFO:该条用例执行完毕！！！
[2016-04-08 14:47:50] test_ColorSetting.py [Test Case:to_ColorSetting] [line:55]INFO:等待页面刷新···
[2016-04-08 14:47:51] test_ColorSetting.py [Test Case:to_ColorSetting] [line:58]INFO:刷新完成！！！
[2016-04-08 14:47:55] test_ColorSetting.py [Test Case:tearDown] [line:414]INFO:该条用例执行完毕！！！
[2016-04-08 14:48:05] test_ColorSetting.py [Test Case:to_ColorSetting] [line:55]INFO:等待页面刷新···
[2016-04-08 14:48:06] test_ColorSetting.py [Test Case:to_ColorSetting] [line:58]INFO:刷新完成！！！
[2016-04-08 14:48:09] test_ColorSetting.py [Test Case:tearDown] [line:414]INFO:该条用例执行完毕！！！
[2016-04-08 14:48:19] test_ColorSetting.py [Test Case:to_ColorSetting] [line:55]INFO:等待页面刷新···
[2016-04-08 14:48:20] test_ColorSetting.py [Test Case:to_ColorSetting] [line:58]INFO:刷新完成！！！
[2016-04-08 14:48:30] test_ColorSetting.py [Test Case:tearDown] [line:414]INFO:该条用例执行完毕！！！
[2016-04-08 14:48:39] test_ColorSetting.py [Test Case:to_ColorSetting] [line:55]INFO:等待页面刷新···
[2016-04-08 14:48:40] test_ColorSetting.py [Test Case:to_ColorSetting] [line:58]INFO:刷新完成！！！
[2016-04-08 14:48:46] test_ColorSetting.py [Test Case:tearDown] [line:414]INFO:该条用例执行完毕！！！
[2016-04-08 14:48:51] test_CommodityFile.py [Test Case:test_0add_File] [line:152]INFO:开始执行用例...
[2016-04-08 14:48:56] test_CommodityFile.py [Test Case:to_CommodityFile] [line:50]INFO:等待页面刷新···
[2016-04-08 14:48:58] test_CommodityFile.py [Test Case:to_CommodityFile] [line:52]INFO:刷新完成！！！
[2016-04-08 14:49:08] test_CommodityFile.py [Test Case:tearDown] [line:430]INFO:该条用例执行完毕！！！
[2016-04-08 14:49:13] test_CommodityFile.py [Test Case:test_1search_ByCode] [line:224]INFO:开始执行用例...
[2016-04-08 14:49:17] test_CommodityFile.py [Test Case:to_CommodityFile] [line:50]INFO:等待页面刷新···
[2016-04-08 14:49:20] test_CommodityFile.py [Test Case:to_CommodityFile] [line:52]INFO:刷新完成！！！
[2016-04-08 14:49:24] test_CommodityFile.py [Test Case:searchbycode] [line:217]INFO:等待页面刷新···
[2016-04-08 14:49:24] test_CommodityFile.py [Test Case:searchbycode] [line:219]INFO:刷新完成！！！
[2016-04-08 14:49:24] test_CommodityFile.py [Test Case:tearDown] [line:430]INFO:该条用例执行完毕！！！
[2016-04-08 14:49:29] test_CommodityFile.py [Test Case:test_2search_ByName] [line:250]INFO:开始执行用例...
[2016-04-08 14:49:33] test_CommodityFile.py [Test Case:to_CommodityFile] [line:50]INFO:等待页面刷新···
[2016-04-08 14:49:36] test_CommodityFile.py [Test Case:to_CommodityFile] [line:52]INFO:刷新完成！！！
[2016-04-08 14:49:39] test_CommodityFile.py [Test Case:test_2search_ByName] [line:266]INFO:等待页面刷新···
[2016-04-08 14:49:39] test_CommodityFile.py [Test Case:test_2search_ByName] [line:268]INFO:刷新完成！！！
[2016-04-08 14:49:40] test_CommodityFile.py [Test Case:tearDown] [line:430]INFO:该条用例执行完毕！！！
[2016-04-08 14:49:45] test_CommodityFile.py [Test Case:test_3search_BySort] [line:280]INFO:开始执行用例...
[2016-04-08 14:49:49] test_CommodityFile.py [Test Case:to_CommodityFile] [line:50]INFO:等待页面刷新···
[2016-04-08 14:49:52] test_CommodityFile.py [Test Case:to_CommodityFile] [line:52]INFO:刷新完成！！！
[2016-04-08 14:49:58] test_CommodityFile.py [Test Case:test_3search_BySort] [line:297]INFO:等待页面刷新···
[2016-04-08 14:49:58] test_CommodityFile.py [Test Case:test_3search_BySort] [line:299]INFO:刷新完成！！！
[2016-04-08 14:49:59] test_CommodityFile.py [Test Case:tearDown] [line:430]INFO:该条用例执行完毕！！！
[2016-04-08 14:50:03] test_CommodityFile.py [Test Case:test_4view_Com] [line:313]INFO:开始执行用例...
[2016-04-08 14:50:08] test_CommodityFile.py [Test Case:to_CommodityFile] [line:50]INFO:等待页面刷新···
[2016-04-08 14:50:10] test_CommodityFile.py [Test Case:to_CommodityFile] [line:52]INFO:刷新完成！！！
[2016-04-08 14:50:14] test_CommodityFile.py [Test Case:test_4view_Com] [line:329]INFO:等待页面刷新···
[2016-04-08 14:50:14] test_CommodityFile.py [Test Case:test_4view_Com] [line:331]INFO:刷新完成！！！
[2016-04-08 14:50:15] test_CommodityFile.py [Test Case:tearDown] [line:430]INFO:该条用例执行完毕！！！
[2016-04-08 14:50:20] test_CommodityFile.py [Test Case:test_5modify_Com] [line:349]INFO:开始执行用例...
[2016-04-08 14:50:26] test_CommodityFile.py [Test Case:to_CommodityFile] [line:50]INFO:等待页面刷新···
[2016-04-08 14:50:28] test_CommodityFile.py [Test Case:to_CommodityFile] [line:52]INFO:刷新完成！！！
[2016-04-08 14:50:32] test_CommodityFile.py [Test Case:searchbycode] [line:217]INFO:等待页面刷新···
[2016-04-08 14:50:32] test_CommodityFile.py [Test Case:searchbycode] [line:219]INFO:刷新完成！！！
[2016-04-08 14:50:39] test_CommodityFile.py [Test Case:searchbycode] [line:217]INFO:等待页面刷新···
[2016-04-08 14:50:39] test_CommodityFile.py [Test Case:searchbycode] [line:219]INFO:刷新完成！！！
[2016-04-08 14:50:39] test_CommodityFile.py [Test Case:tearDown] [line:430]INFO:该条用例执行完毕！！！
[2016-04-08 14:50:43] test_CommodityFile.py [Test Case:test_6modify_ComStatus] [line:389]INFO:开始执行用例...
[2016-04-08 14:50:49] test_CommodityFile.py [Test Case:to_CommodityFile] [line:50]INFO:等待页面刷新···
[2016-04-08 14:50:51] test_CommodityFile.py [Test Case:to_CommodityFile] [line:52]INFO:刷新完成！！！
[2016-04-08 14:50:55] test_CommodityFile.py [Test Case:searchbycode] [line:217]INFO:等待页面刷新···
[2016-04-08 14:50:55] test_CommodityFile.py [Test Case:searchbycode] [line:219]INFO:刷新完成！！！
[2016-04-08 14:51:00] test_CommodityFile.py [Test Case:tearDown] [line:430]INFO:该条用例执行完毕！！！
[2016-04-08 14:51:06] test_CommoditySort.py [Test Case:test_0add_Sort] [line:130]INFO:开始执行用例...
[2016-04-08 14:51:10] test_CommoditySort.py [Test Case:to_CommoditySort] [line:54]INFO:等待页面刷新···
[2016-04-08 14:51:13] test_CommoditySort.py [Test Case:to_CommoditySort] [line:56]INFO:刷新完成！！！
[2016-04-08 14:51:17] test_CommoditySort.py [Test Case:tearDown] [line:320]INFO:该条用例执行完毕
[2016-04-08 14:51:21] test_CommoditySort.py [Test Case:test_1search_BySortCode] [line:184]INFO:开始执行用例...
[2016-04-08 14:51:26] test_CommoditySort.py [Test Case:to_CommoditySort] [line:54]INFO:等待页面刷新···
[2016-04-08 14:51:28] test_CommoditySort.py [Test Case:to_CommoditySort] [line:56]INFO:刷新完成！！！
[2016-04-08 14:51:31] test_CommoditySort.py [Test Case:searchbycode] [line:172]INFO:等待页面刷新···
[2016-04-08 14:51:31] test_CommoditySort.py [Test Case:searchbycode] [line:174]INFO:刷新完成！！！
[2016-04-08 14:51:32] test_CommoditySort.py [Test Case:tearDown] [line:320]INFO:该条用例执行完毕
[2016-04-08 14:51:36] test_CommoditySort.py [Test Case:test_2search_BySortName] [line:199]INFO:开始执行用例...
[2016-04-08 14:51:41] test_CommoditySort.py [Test Case:to_CommoditySort] [line:54]INFO:等待页面刷新···
[2016-04-08 14:51:43] test_CommoditySort.py [Test Case:to_CommoditySort] [line:56]INFO:刷新完成！！！
[2016-04-08 14:51:47] test_CommoditySort.py [Test Case:test_2search_BySortName] [line:218]INFO:等待页面刷新···
[2016-04-08 14:51:47] test_CommoditySort.py [Test Case:test_2search_BySortName] [line:220]INFO:刷新完成！！！
[2016-04-08 14:51:48] test_CommoditySort.py [Test Case:tearDown] [line:320]INFO:该条用例执行完毕
[2016-04-08 14:51:52] test_CommoditySort.py [Test Case:test_3search_BySortInfo] [line:231]INFO:开始执行用例...
[2016-04-08 14:51:57] test_CommoditySort.py [Test Case:to_CommoditySort] [line:54]INFO:等待页面刷新···
[2016-04-08 14:51:59] test_CommoditySort.py [Test Case:to_CommoditySort] [line:56]INFO:刷新完成！！！
[2016-04-08 14:52:03] test_CommoditySort.py [Test Case:test_3search_BySortInfo] [line:246]INFO:等待页面刷新···
[2016-04-08 14:52:03] test_CommoditySort.py [Test Case:test_3search_BySortInfo] [line:248]INFO:刷新完成！！！
[2016-04-08 14:52:04] test_CommoditySort.py [Test Case:tearDown] [line:320]INFO:该条用例执行完毕
[2016-04-08 14:52:08] test_CommoditySort.py [Test Case:test_4modify_Sort] [line:260]INFO:开始执行用例...
[2016-04-08 14:52:13] test_CommoditySort.py [Test Case:to_CommoditySort] [line:54]INFO:等待页面刷新···
[2016-04-08 14:52:15] test_CommoditySort.py [Test Case:to_CommoditySort] [line:56]INFO:刷新完成！！！
[2016-04-08 14:52:20] test_CommoditySort.py [Test Case:searchbycode] [line:172]INFO:等待页面刷新···
[2016-04-08 14:52:20] test_CommoditySort.py [Test Case:searchbycode] [line:174]INFO:刷新完成！！！
[2016-04-08 14:52:27] test_CommoditySort.py [Test Case:searchbycode] [line:172]INFO:等待页面刷新···
[2016-04-08 14:52:27] test_CommoditySort.py [Test Case:searchbycode] [line:174]INFO:刷新完成！！！
[2016-04-08 14:52:27] test_CommoditySort.py [Test Case:tearDown] [line:320]INFO:该条用例执行完毕
[2016-04-08 14:52:32] test_CommoditySort.py [Test Case:test_5delete_Sort] [line:299]INFO:开始执行用例...
[2016-04-08 14:52:37] test_CommoditySort.py [Test Case:to_CommoditySort] [line:54]INFO:等待页面刷新···
[2016-04-08 14:52:39] test_CommoditySort.py [Test Case:to_CommoditySort] [line:56]INFO:刷新完成！！！
[2016-04-08 14:52:43] test_CommoditySort.py [Test Case:searchbycode] [line:172]INFO:等待页面刷新···
[2016-04-08 14:52:43] test_CommoditySort.py [Test Case:searchbycode] [line:174]INFO:刷新完成！！！
[2016-04-08 14:52:47] test_CommoditySort.py [Test Case:tearDown] [line:320]INFO:该条用例执行完毕
[2016-04-08 14:52:56] test_MeasureItem.py [Test Case:to_MeasureItem] [line:54]INFO:等待页面刷新···
[2016-04-08 14:52:57] test_MeasureItem.py [Test Case:to_MeasureItem] [line:57]INFO:刷新完成！！！
[2016-04-08 14:53:02] test_MeasureItem.py [Test Case:clickButton] [line:120]INFO:保存成功！
[2016-04-08 14:53:02] test_MeasureItem.py [Test Case:tearDown] [line:291]INFO:该条用例执行完毕！！！
[2016-04-08 14:53:12] test_MeasureItem.py [Test Case:to_MeasureItem] [line:54]INFO:等待页面刷新···
[2016-04-08 14:53:12] test_MeasureItem.py [Test Case:to_MeasureItem] [line:57]INFO:刷新完成！！！
[2016-04-08 14:53:16] test_MeasureItem.py [Test Case:tearDown] [line:291]INFO:该条用例执行完毕！！！
[2016-04-08 14:53:26] test_MeasureItem.py [Test Case:to_MeasureItem] [line:54]INFO:等待页面刷新···
[2016-04-08 14:53:27] test_MeasureItem.py [Test Case:to_MeasureItem] [line:57]INFO:刷新完成！！！
[2016-04-08 14:53:30] test_MeasureItem.py [Test Case:tearDown] [line:291]INFO:该条用例执行完毕！！！
[2016-04-08 14:53:39] test_MeasureItem.py [Test Case:to_MeasureItem] [line:54]INFO:等待页面刷新···
[2016-04-08 14:53:40] test_MeasureItem.py [Test Case:to_MeasureItem] [line:57]INFO:刷新完成！！！
[2016-04-08 14:53:42] test_MeasureItem.py [Test Case:tearDown] [line:291]INFO:该条用例执行完毕！！！
[2016-04-08 14:53:52] test_MeasureItem.py [Test Case:to_MeasureItem] [line:54]INFO:等待页面刷新···
[2016-04-08 14:53:53] test_MeasureItem.py [Test Case:to_MeasureItem] [line:57]INFO:刷新完成！！！
[2016-04-08 14:53:59] test_MeasureItem.py [Test Case:clickButton] [line:120]INFO:保存成功！
[2016-04-08 14:54:01] test_MeasureItem.py [Test Case:tearDown] [line:291]INFO:该条用例执行完毕！！！
[2016-04-08 14:54:10] test_MeasureItem.py [Test Case:to_MeasureItem] [line:54]INFO:等待页面刷新···
[2016-04-08 14:54:11] test_MeasureItem.py [Test Case:to_MeasureItem] [line:57]INFO:刷新完成！！！
[2016-04-08 14:54:17] test_MeasureItem.py [Test Case:clickButton] [line:98]INFO:删除成功
[2016-04-08 14:54:17] test_MeasureItem.py [Test Case:tearDown] [line:291]INFO:该条用例执行完毕！！！
[2016-04-08 14:54:27] test_SizeSetting.py [Test Case:to_SizeSetting] [line:54]INFO:等待页面刷新···
[2016-04-08 14:54:28] test_SizeSetting.py [Test Case:to_SizeSetting] [line:57]INFO:刷新完成！！！
[2016-04-08 14:54:32] test_SizeSetting.py [Test Case:tearDown] [line:291]INFO:该条用例执行完毕！！！
[2016-04-08 14:54:36] test_SizeSetting.py [Test Case:test_1search_BySizeCode] [line:183]INFO:开始执行用例...
[2016-04-08 14:54:42] test_SizeSetting.py [Test Case:to_SizeSetting] [line:54]INFO:等待页面刷新···
[2016-04-08 14:54:43] test_SizeSetting.py [Test Case:to_SizeSetting] [line:57]INFO:刷新完成！！！
[2016-04-08 14:54:46] test_SizeSetting.py [Test Case:tearDown] [line:291]INFO:该条用例执行完毕！！！
[2016-04-08 14:54:51] test_SizeSetting.py [Test Case:test_2search_BySizeName] [line:198]INFO:开始执行用例...
[2016-04-08 14:54:56] test_SizeSetting.py [Test Case:to_SizeSetting] [line:54]INFO:等待页面刷新···
[2016-04-08 14:54:57] test_SizeSetting.py [Test Case:to_SizeSetting] [line:57]INFO:刷新完成！！！
[2016-04-08 14:55:00] test_SizeSetting.py [Test Case:tearDown] [line:291]INFO:该条用例执行完毕！！！
[2016-04-08 14:55:05] test_SizeSetting.py [Test Case:test_3modify_Size] [line:223]INFO:开始执行用例...
[2016-04-08 14:55:09] test_SizeSetting.py [Test Case:to_SizeSetting] [line:54]INFO:等待页面刷新···
[2016-04-08 14:55:10] test_SizeSetting.py [Test Case:to_SizeSetting] [line:57]INFO:刷新完成！！！
[2016-04-08 14:55:20] test_SizeSetting.py [Test Case:tearDown] [line:291]INFO:该条用例执行完毕！！！
[2016-04-08 14:55:25] test_SizeSetting.py [Test Case:test_4delete_Size] [line:265]INFO:开始执行用例...
[2016-04-08 14:55:30] test_SizeSetting.py [Test Case:to_SizeSetting] [line:54]INFO:等待页面刷新···
[2016-04-08 14:55:31] test_SizeSetting.py [Test Case:to_SizeSetting] [line:57]INFO:刷新完成！！！
[2016-04-08 14:55:34] test_SizeSetting.py [Test Case:test_4delete_Size] [line:276]INFO:等待页面刷新···
[2016-04-08 14:55:34] test_SizeSetting.py [Test Case:test_4delete_Size] [line:278]INFO:刷新完成！！！
[2016-04-08 14:55:37] test_SizeSetting.py [Test Case:tearDown] [line:291]INFO:该条用例执行完毕！！！
[2016-04-08 14:55:46] test_SKUSet.py [Test Case:to_SKUset] [line:52]INFO:等待页面刷新···
[2016-04-08 14:55:49] test_SKUSet.py [Test Case:to_SKUset] [line:55]INFO:刷新完成！！！
[2016-04-08 14:56:02] test_SKUSet.py [Test Case:tearDown] [line:314]INFO:该条用例执行完毕！！！
[2016-04-08 14:56:11] test_SKUSet.py [Test Case:to_SKUset] [line:52]INFO:等待页面刷新···
[2016-04-08 14:56:14] test_SKUSet.py [Test Case:to_SKUset] [line:55]INFO:刷新完成！！！
[2016-04-08 14:56:22] test_SKUSet.py [Test Case:tearDown] [line:314]INFO:该条用例执行完毕！！！
[2016-04-08 14:56:32] test_SKUSet.py [Test Case:to_SKUset] [line:52]INFO:等待页面刷新···
[2016-04-08 14:56:35] test_SKUSet.py [Test Case:to_SKUset] [line:55]INFO:刷新完成！！！
[2016-04-08 14:57:12] test_SKUSet.py [Test Case:tearDown] [line:314]INFO:该条用例执行完毕！！！
