[2016-04-12 10:43:37] test_EmployeeInfo.py [Test Case:test_EmployeeInfo] [line:43]INFO:~~~人员信息模块测试~~~
[2016-04-12 10:43:37] test_EmployeeInfo.py [Test Case:<module>] [line:827]INFO:test_EmployeeInfo start--
[2016-04-12 10:43:41] test_EmployeeInfo.py [Test Case:test_6modify_LoginPasswdReset] [line:579]INFO:开始执行测试...
[2016-04-12 10:43:46] test_EmployeeInfo.py [Test Case:to_EmployeeInformation] [line:67]INFO:等待页面刷新···
[2016-04-12 10:43:47] test_EmployeeInfo.py [Test Case:to_EmployeeInformation] [line:70]INFO:刷新完成！！！
[2016-04-12 10:43:48] test_EmployeeInfo.py [Test Case:searchbycode] [line:429]INFO:开始执行测试...
[2016-04-12 10:44:10] test_EmployeeInfo.py [Test Case:tearDown] [line:819]INFO:该条用例执行完毕！！！
[2016-04-12 10:44:15] test_EmployeeInfo.py [Test Case:test_7modify_RoleAssignment] [line:617]INFO:开始执行测试...
[2016-04-12 10:44:21] test_EmployeeInfo.py [Test Case:to_EmployeeInformation] [line:67]INFO:等待页面刷新···
[2016-04-12 10:44:22] test_EmployeeInfo.py [Test Case:to_EmployeeInformation] [line:70]INFO:刷新完成！！！
[2016-04-12 10:44:24] test_EmployeeInfo.py [Test Case:searchbycode] [line:429]INFO:开始执行测试...
[2016-04-12 10:44:34] test_EmployeeInfo.py [Test Case:test_7modify_RoleAssignment] [line:650]INFO:等待页面刷新···
[2016-04-12 10:44:35] test_EmployeeInfo.py [Test Case:test_7modify_RoleAssignment] [line:653]INFO:刷新完成！！！
[2016-04-12 10:44:48] test_EmployeeInfo.py [Test Case:test_7modify_RoleAssignment] [line:700]INFO:保存成功！
[2016-04-12 10:44:48] test_EmployeeInfo.py [Test Case:searchbycode] [line:429]INFO:开始执行测试...
[2016-04-12 10:44:49] test_EmployeeInfo.py [Test Case:tearDown] [line:819]INFO:该条用例执行完毕！！！
[2016-04-12 10:44:53] test_EmployeeInfo.py [Test Case:test_8modify_Storedistribution] [line:713]INFO:开始执行测试...
[2016-04-12 10:44:59] test_EmployeeInfo.py [Test Case:to_EmployeeInformation] [line:67]INFO:等待页面刷新···
[2016-04-12 10:45:00] test_EmployeeInfo.py [Test Case:to_EmployeeInformation] [line:70]INFO:刷新完成！！！
[2016-04-12 10:45:01] test_EmployeeInfo.py [Test Case:searchbycode] [line:429]INFO:开始执行测试...
[2016-04-12 10:45:12] test_EmployeeInfo.py [Test Case:test_8modify_Storedistribution] [line:731]INFO:等待页面刷新···
[2016-04-12 10:45:12] test_EmployeeInfo.py [Test Case:test_8modify_Storedistribution] [line:734]INFO:刷新完成！！！
[2016-04-12 10:45:25] test_EmployeeInfo.py [Test Case:test_8modify_Storedistribution] [line:785]INFO:保存成功！
[2016-04-12 10:45:25] test_EmployeeInfo.py [Test Case:searchbycode] [line:429]INFO:开始执行测试...
[2016-04-12 10:45:26] test_EmployeeInfo.py [Test Case:tearDown] [line:819]INFO:该条用例执行完毕！！！
[2016-04-12 10:45:26] test_EmployeeInfo.py [Test Case:<module>] [line:855]INFO:test_EmployeeInfo end--
