[2016-04-06 15:01:46] test_CustomizedOrders.py [Test Case:Test_CustomizedOrders] [line:19]INFO:~~~订制订单模块测试~~~
[2016-04-06 15:01:51] test_CustomizedOrders.py [Test Case:test_0CommoditySeason_check] [line:145]INFO:开始执行用例...
[2016-04-06 15:01:56] test_CustomizedOrders.py [Test Case:to_CommodityOrder] [line:47]INFO:等待页面刷新···
[2016-04-06 15:01:59] test_CustomizedOrders.py [Test Case:to_CommodityOrder] [line:49]INFO:刷新完成！！！
[2016-04-06 15:02:04] test_CustomizedOrders.py [Test Case:tearDown] [line:452]INFO:该条用例执行完毕！！！
[2016-04-06 15:02:09] test_CustomizedOrders.py [Test Case:test_1search_by_OrderDate] [line:168]INFO:开始执行用例...
[2016-04-06 15:02:13] test_CustomizedOrders.py [Test Case:to_CommodityOrder] [line:47]INFO:等待页面刷新···
[2016-04-06 15:02:17] test_CustomizedOrders.py [Test Case:to_CommodityOrder] [line:49]INFO:刷新完成！！！
[2016-04-06 15:02:26] test_CustomizedOrders.py [Test Case:tearDown] [line:452]INFO:该条用例执行完毕！！！
[2016-04-06 15:02:31] test_CustomizedOrders.py [Test Case:test_2search_by_TheOrderNumber] [line:225]INFO:开始执行用例...
[2016-04-06 15:02:35] test_CustomizedOrders.py [Test Case:to_CommodityOrder] [line:47]INFO:等待页面刷新···
[2016-04-06 15:02:39] test_CustomizedOrders.py [Test Case:to_CommodityOrder] [line:49]INFO:刷新完成！！！
[2016-04-06 15:02:48] test_CustomizedOrders.py [Test Case:tearDown] [line:452]INFO:该条用例执行完毕！！！
[2016-04-06 15:02:57] test_CustomizedOrders.py [Test Case:to_CommodityOrder] [line:47]INFO:等待页面刷新···
[2016-04-06 15:03:01] test_CustomizedOrders.py [Test Case:to_CommodityOrder] [line:49]INFO:刷新完成！！！
[2016-04-06 15:03:10] test_CustomizedOrders.py [Test Case:tearDown] [line:452]INFO:该条用例执行完毕！！！
[2016-04-06 15:03:14] test_CustomizedOrders.py [Test Case:test_4search_by_TheOrderStatus] [line:284]INFO:开始执行用例...
[2016-04-06 15:03:19] test_CustomizedOrders.py [Test Case:to_CommodityOrder] [line:47]INFO:等待页面刷新···
[2016-04-06 15:03:23] test_CustomizedOrders.py [Test Case:to_CommodityOrder] [line:49]INFO:刷新完成！！！
[2016-04-06 15:03:34] test_CustomizedOrders.py [Test Case:tearDown] [line:452]INFO:该条用例执行完毕！！！
[2016-04-06 15:03:38] test_CustomizedOrders.py [Test Case:test_5search_by_PaymentStatus] [line:319]INFO:开始执行用例...
[2016-04-06 15:03:42] test_CustomizedOrders.py [Test Case:to_CommodityOrder] [line:47]INFO:等待页面刷新···
[2016-04-06 15:03:46] test_CustomizedOrders.py [Test Case:to_CommodityOrder] [line:49]INFO:刷新完成！！！
[2016-04-06 15:03:57] test_CustomizedOrders.py [Test Case:tearDown] [line:452]INFO:该条用例执行完毕！！！
[2016-04-06 15:04:02] test_CustomizedOrders.py [Test Case:test_6search_by_TheConsignee] [line:362]INFO:开始执行用例...
[2016-04-06 15:04:06] test_CustomizedOrders.py [Test Case:to_CommodityOrder] [line:47]INFO:等待页面刷新···
[2016-04-06 15:04:10] test_CustomizedOrders.py [Test Case:to_CommodityOrder] [line:49]INFO:刷新完成！！！
[2016-04-06 15:04:19] test_CustomizedOrders.py [Test Case:tearDown] [line:452]INFO:该条用例执行完毕！！！
[2016-04-06 15:04:24] test_CustomizedOrders.py [Test Case:test_7search_by_ConsigneePhone] [line:392]INFO:开始执行用例...
[2016-04-06 15:04:29] test_CustomizedOrders.py [Test Case:to_CommodityOrder] [line:47]INFO:等待页面刷新···
[2016-04-06 15:04:33] test_CustomizedOrders.py [Test Case:to_CommodityOrder] [line:49]INFO:刷新完成！！！
[2016-04-06 15:04:42] test_CustomizedOrders.py [Test Case:tearDown] [line:452]INFO:该条用例执行完毕！！！
[2016-04-06 15:04:47] test_CustomizedOrders.py [Test Case:test_8search_by_Store] [line:424]INFO:开始执行用例...
[2016-04-06 15:04:51] test_CustomizedOrders.py [Test Case:to_CommodityOrder] [line:47]INFO:等待页面刷新···
[2016-04-06 15:04:55] test_CustomizedOrders.py [Test Case:to_CommodityOrder] [line:49]INFO:刷新完成！！！
[2016-04-06 15:05:04] test_CustomizedOrders.py [Test Case:tearDown] [line:452]INFO:该条用例执行完毕！！！
