[2016-04-05 17:14:47] test_CustomizedOrders.py [Test Case:Test_CustomizedOrders] [line:19]INFO:~~~订制订单模块测试~~~
[2016-04-05 17:14:47] test_Measure_Data.py [Test Case:test_Measure_Data] [line:29]INFO:~~~商品档案模块测试~~~
[2016-04-05 17:14:47] test_Measure_WorkOrder.py [Test Case:test_Measure_WorkOrder] [line:35]INFO:~~~量体工单模块测试~~~
[2016-04-05 17:14:47] test_MemberInformation.py [Test Case:Test_MemberInformation] [line:22]INFO:~~~会员信息模块测试~~~
[2016-04-05 17:14:47] test_AdvertisingTheme.py [Test Case:test_AdvertisingTheme] [line:33]INFO:~~~广告主题模块测试~~~
[2016-04-05 17:14:47] test_BOMManage.py [Test Case:test_BOMManager] [line:32]INFO:~~~BOM管理模块测试~~~
[2016-04-05 17:14:47] test_ColorGroup.py [Test Case:test_ColorGroup] [line:28]INFO:~~~颜色组模块测试~~~
[2016-04-05 17:14:47] test_ColorSetting.py [Test Case:test_ColorSetting] [line:30]INFO:~~~颜色配置模块测试~~~
[2016-04-05 17:14:47] test_CommodityFile.py [Test Case:test_CommodityFile] [line:25]INFO:~~~商品档案模块测试~~~
[2016-04-05 17:14:47] test_CommoditySort.py [Test Case:test_CommoditySort] [line:29]INFO:~~~商品类别模块测试~~~
[2016-04-05 17:14:47] test_MeasureItem.py [Test Case:test_MeasureItem] [line:30]INFO:~~~量体项目模块测试~~~
[2016-04-05 17:14:47] test_SizeSetting.py [Test Case:test_SizeSetting] [line:29]INFO:~~~尺码配置模块测试~~~
[2016-04-05 17:14:47] test_SKUSet.py [Test Case:test_SKUSet] [line:28]INFO:~~~SKU设置模块测试~~~
[2016-04-05 17:14:47] test_ConstantSetting.py [Test Case:test_ConstantSetting] [line:32]INFO:~~~常数配置模块测试~~~
[2016-04-05 17:14:47] test_CustomExpress.py [Test Case:test_CustomExpress] [line:26]INFO:~~~自定义快递模块测试~~~
[2016-04-05 17:14:47] test_DefaultExpress.py [Test Case:test_DefaultExpress] [line:31]INFO:~~~默认快递模块测试~~~
[2016-04-05 17:14:47] test_Device.py [Test Case:test_Device] [line:29]INFO:~~~设备信息模块测试~~~
[2016-04-05 17:14:47] test_EmployeeInfo.py [Test Case:test_EmployeeInfo] [line:43]INFO:~~~人员信息模块测试~~~
[2016-04-05 17:14:47] test_Organization.py [Test Case:test_Organization] [line:28]INFO:~~~销售组织管理模块测试~~~
[2016-04-05 17:14:47] test_RoleInfo.py [Test Case:test_RoleInfo] [line:31]INFO:~~~商品类别模块测试~~~
[2016-04-05 17:14:47] test_UserInformation.py [Test Case:test_UserInformation] [line:29]INFO:~~~用户信息模块测试~~~
[2016-04-05 17:14:47] test_OfflinePromotion.py [Test Case:test_OfflinePromotion] [line:28]INFO:~~~线下促销模块测试~~~
[2016-04-05 17:14:47] test_OfflinePromotionRelation.py [Test Case:test_OfflinePromotionRelation] [line:24]INFO:~~~线下促销关系模块测试~~~
[2016-04-05 17:14:47] test_OnlinePromotion.py [Test Case:test_OnlinePromotion] [line:29]INFO:~~~线上促销模块测试~~~
[2016-04-05 17:14:47] test_OnlinePromotionRelation.py [Test Case:test_OlinePromotionRelation] [line:32]INFO:~~~线上促销关系模块测试~~~
[2016-04-05 17:14:57] test_CustomizedOrders.py [Test Case:test_0CommoditySeason_check] [line:145]INFO:开始执行用例...
[2016-04-05 17:15:05] test_ConstantSetting.py [Test Case:to_ConstantSetting] [line:58]INFO:等待页面刷新···
[2016-04-05 17:15:06] test_ConstantSetting.py [Test Case:to_ConstantSetting] [line:61]INFO:刷新完成！！！
[2016-04-05 17:15:07] test_CustomizedOrders.py [Test Case:to_CommodityOrder] [line:47]INFO:等待页面刷新···
[2016-04-05 17:15:09] test_AdvertisingTheme.py [Test Case:to_AdvertisingTheme] [line:59]INFO:等待页面刷新···
[2016-04-05 17:15:09] test_OfflinePromotion.py [Test Case:to_OfflinePromotion] [line:54]INFO:等待页面刷新···
[2016-04-05 17:15:11] test_OfflinePromotion.py [Test Case:to_OfflinePromotion] [line:56]INFO:刷新完成！！！
[2016-04-05 17:15:11] test_AdvertisingTheme.py [Test Case:to_AdvertisingTheme] [line:62]INFO:刷新完成！！！
[2016-04-05 17:15:12] test_CustomizedOrders.py [Test Case:to_CommodityOrder] [line:49]INFO:刷新完成！！！
[2016-04-05 17:15:13] test_ConstantSetting.py [Test Case:clickButton] [line:132]INFO:保存成功！
[2016-04-05 17:15:13] test_ConstantSetting.py [Test Case:tearDown] [line:326]INFO:该条用例执行完毕！！！
[2016-04-05 17:15:18] test_CustomizedOrders.py [Test Case:tearDown] [line:452]INFO:该条用例执行完毕！！！
[2016-04-05 17:15:20] test_AdvertisingTheme.py [Test Case:clickButton] [line:135]INFO:保存成功！
[2016-04-05 17:15:20] test_AdvertisingTheme.py [Test Case:tearDown] [line:380]INFO:该条用例执行完毕！！！
[2016-04-05 17:15:27] test_ConstantSetting.py [Test Case:to_ConstantSetting] [line:58]INFO:等待页面刷新···
[2016-04-05 17:15:27] test_ConstantSetting.py [Test Case:to_ConstantSetting] [line:61]INFO:刷新完成！！！
[2016-04-05 17:15:28] test_CustomizedOrders.py [Test Case:test_1search_by_OrderDate] [line:168]INFO:开始执行用例...
[2016-04-05 17:15:30] test_OfflinePromotion.py [Test Case:clickButton] [line:157]INFO:保存成功！
[2016-04-05 17:15:34] test_ConstantSetting.py [Test Case:tearDown] [line:326]INFO:该条用例执行完毕！！！
[2016-04-05 17:15:36] test_CustomizedOrders.py [Test Case:to_CommodityOrder] [line:47]INFO:等待页面刷新···
[2016-04-05 17:15:37] test_AdvertisingTheme.py [Test Case:to_AdvertisingTheme] [line:59]INFO:等待页面刷新···
[2016-04-05 17:15:37] test_OfflinePromotion.py [Test Case:test_0add_Promotion] [line:281]INFO:刷新~~~
[2016-04-05 17:15:39] test_OfflinePromotion.py [Test Case:tearDown] [line:1107]INFO:该条用例执行执行完毕！！！
[2016-04-05 17:15:40] test_AdvertisingTheme.py [Test Case:to_AdvertisingTheme] [line:62]INFO:刷新完成！！！
[2016-04-05 17:15:42] test_CustomizedOrders.py [Test Case:to_CommodityOrder] [line:49]INFO:刷新完成！！！
[2016-04-05 17:15:52] test_CustomizedOrders.py [Test Case:tearDown] [line:452]INFO:该条用例执行完毕！！！
[2016-04-05 17:15:52] test_ConstantSetting.py [Test Case:to_ConstantSetting] [line:58]INFO:等待页面刷新···
[2016-04-05 17:15:53] test_ConstantSetting.py [Test Case:to_ConstantSetting] [line:61]INFO:刷新完成！！！
[2016-04-05 17:15:55] test_OfflinePromotion.py [Test Case:to_OfflinePromotion] [line:54]INFO:等待页面刷新···
[2016-04-05 17:15:56] test_ConstantSetting.py [Test Case:tearDown] [line:326]INFO:该条用例执行完毕！！！
[2016-04-05 17:15:57] test_OfflinePromotion.py [Test Case:to_OfflinePromotion] [line:56]INFO:刷新完成！！！
[2016-04-05 17:15:59] test_CustomizedOrders.py [Test Case:test_2search_by_TheOrderNumber] [line:225]INFO:开始执行用例...
[2016-04-05 17:16:01] test_AdvertisingTheme.py [Test Case:tearDown] [line:380]INFO:该条用例执行完毕！！！
[2016-04-05 17:16:04] test_CustomizedOrders.py [Test Case:to_CommodityOrder] [line:47]INFO:等待页面刷新···
[2016-04-05 17:16:10] test_CustomizedOrders.py [Test Case:to_CommodityOrder] [line:49]INFO:刷新完成！！！
[2016-04-05 17:16:12] test_ConstantSetting.py [Test Case:to_ConstantSetting] [line:58]INFO:等待页面刷新···
[2016-04-05 17:16:12] test_ConstantSetting.py [Test Case:to_ConstantSetting] [line:61]INFO:刷新完成！！！
[2016-04-05 17:16:17] test_AdvertisingTheme.py [Test Case:to_AdvertisingTheme] [line:59]INFO:等待页面刷新···
[2016-04-05 17:16:17] test_OfflinePromotion.py [Test Case:tearDown] [line:1107]INFO:该条用例执行执行完毕！！！
[2016-04-05 17:16:18] test_ConstantSetting.py [Test Case:clickButton] [line:132]INFO:保存成功！
[2016-04-05 17:16:19] test_ConstantSetting.py [Test Case:tearDown] [line:326]INFO:该条用例执行完毕！！！
[2016-04-05 17:16:19] test_AdvertisingTheme.py [Test Case:to_AdvertisingTheme] [line:62]INFO:刷新完成！！！
[2016-04-05 17:16:20] test_CustomizedOrders.py [Test Case:tearDown] [line:452]INFO:该条用例执行完毕！！！
[2016-04-05 17:16:23] test_AdvertisingTheme.py [Test Case:tearDown] [line:380]INFO:该条用例执行完毕！！！
[2016-04-05 17:16:36] test_OfflinePromotion.py [Test Case:to_OfflinePromotion] [line:54]INFO:等待页面刷新···
[2016-04-05 17:16:37] test_ConstantSetting.py [Test Case:to_ConstantSetting] [line:58]INFO:等待页面刷新···
[2016-04-05 17:16:37] test_OfflinePromotion.py [Test Case:to_OfflinePromotion] [line:56]INFO:刷新完成！！！
[2016-04-05 17:16:38] test_ConstantSetting.py [Test Case:to_ConstantSetting] [line:61]INFO:刷新完成！！！
[2016-04-05 17:16:41] test_CustomizedOrders.py [Test Case:to_CommodityOrder] [line:47]INFO:等待页面刷新···
[2016-04-05 17:16:44] test_AdvertisingTheme.py [Test Case:to_AdvertisingTheme] [line:59]INFO:等待页面刷新···
[2016-04-05 17:16:46] test_AdvertisingTheme.py [Test Case:to_AdvertisingTheme] [line:62]INFO:刷新完成！！！
[2016-04-05 17:16:47] test_CustomizedOrders.py [Test Case:to_CommodityOrder] [line:49]INFO:刷新完成！！！
[2016-04-05 17:16:47] test_OfflinePromotion.py [Test Case:tearDown] [line:1107]INFO:该条用例执行执行完毕！！！
[2016-04-05 17:16:48] test_ConstantSetting.py [Test Case:clickButton] [line:132]INFO:保存成功！
[2016-04-05 17:16:52] test_ConstantSetting.py [Test Case:tearDown] [line:326]INFO:该条用例执行完毕！！！
[2016-04-05 17:16:52] test_AdvertisingTheme.py [Test Case:clickButton] [line:135]INFO:保存成功！
[2016-04-05 17:16:53] test_AdvertisingTheme.py [Test Case:tearDown] [line:380]INFO:该条用例执行完毕！！！
[2016-04-05 17:16:56] test_CustomizedOrders.py [Test Case:tearDown] [line:452]INFO:该条用例执行完毕！！！
[2016-04-05 17:17:02] test_OfflinePromotion.py [Test Case:to_OfflinePromotion] [line:54]INFO:等待页面刷新···
[2016-04-05 17:17:04] test_OfflinePromotion.py [Test Case:to_OfflinePromotion] [line:56]INFO:刷新完成！！！
[2016-04-05 17:17:06] test_CustomizedOrders.py [Test Case:test_4search_by_TheOrderStatus] [line:284]INFO:开始执行用例...
[2016-04-05 17:17:07] test_OfflinePromotion.py [Test Case:tearDown] [line:1107]INFO:该条用例执行执行完毕！！！
[2016-04-05 17:17:12] test_ConstantSetting.py [Test Case:to_ConstantSetting] [line:58]INFO:等待页面刷新···
[2016-04-05 17:17:12] test_ConstantSetting.py [Test Case:to_ConstantSetting] [line:61]INFO:刷新完成！！！
[2016-04-05 17:17:12] test_AdvertisingTheme.py [Test Case:to_AdvertisingTheme] [line:59]INFO:等待页面刷新···
[2016-04-05 17:17:14] test_CustomizedOrders.py [Test Case:to_CommodityOrder] [line:47]INFO:等待页面刷新···
[2016-04-05 17:17:15] test_AdvertisingTheme.py [Test Case:to_AdvertisingTheme] [line:62]INFO:刷新完成！！！
[2016-04-05 17:17:20] test_AdvertisingTheme.py [Test Case:clickButton] [line:135]INFO:保存成功！
[2016-04-05 17:17:20] test_CustomizedOrders.py [Test Case:to_CommodityOrder] [line:49]INFO:刷新完成！！！
[2016-04-05 17:17:21] test_AdvertisingTheme.py [Test Case:tearDown] [line:380]INFO:该条用例执行完毕！！！
[2016-04-05 17:17:21] test_ConstantSetting.py [Test Case:clickButton] [line:106]INFO:删除成功
[2016-04-05 17:17:21] test_ConstantSetting.py [Test Case:tearDown] [line:326]INFO:该条用例执行完毕！！！
[2016-04-05 17:17:25] test_OfflinePromotion.py [Test Case:to_OfflinePromotion] [line:54]INFO:等待页面刷新···
[2016-04-05 17:17:26] test_OfflinePromotion.py [Test Case:to_OfflinePromotion] [line:56]INFO:刷新完成！！！
[2016-04-05 17:17:32] test_CustomizedOrders.py [Test Case:tearDown] [line:452]INFO:该条用例执行完毕！！！
[2016-04-05 17:17:34] test_OfflinePromotion.py [Test Case:tearDown] [line:1107]INFO:该条用例执行执行完毕！！！
[2016-04-05 17:17:38] test_BOMManage.py [Test Case:to_BOMManager] [line:58]INFO:等待页面刷新···
[2016-04-05 17:17:38] test_CustomExpress.py [Test Case:to_CustomExpress] [line:51]INFO:等待页面刷新···
[2016-04-05 17:17:42] test_CustomizedOrders.py [Test Case:test_5search_by_PaymentStatus] [line:319]INFO:开始执行用例...
[2016-04-05 17:17:42] test_CustomExpress.py [Test Case:to_CustomExpress] [line:54]INFO:刷新完成！！！
[2016-04-05 17:17:42] test_BOMManage.py [Test Case:to_BOMManager] [line:61]INFO:刷新完成！！！
[2016-04-05 17:17:49] test_CustomizedOrders.py [Test Case:to_CommodityOrder] [line:47]INFO:等待页面刷新···
[2016-04-05 17:17:49] test_CustomExpress.py [Test Case:test_1search_byTemplateType] [line:289]INFO:等待页面刷新···
[2016-04-05 17:17:49] test_CustomExpress.py [Test Case:test_1search_byTemplateType] [line:292]INFO:刷新完成！！！
[2016-04-05 17:17:50] test_CustomExpress.py [Test Case:tearDown] [line:500]INFO:该条用例执行完毕！！！
[2016-04-05 17:17:51] test_OfflinePromotion.py [Test Case:to_OfflinePromotion] [line:54]INFO:等待页面刷新···
[2016-04-05 17:17:52] test_OfflinePromotion.py [Test Case:to_OfflinePromotion] [line:56]INFO:刷新完成！！！
[2016-04-05 17:17:53] test_BOMManage.py [Test Case:clickButton] [line:136]INFO:保存成功！
[2016-04-05 17:17:53] test_BOMManage.py [Test Case:tearDown] [line:334]INFO:该条用例执行完毕！！！
[2016-04-05 17:17:54] test_CustomizedOrders.py [Test Case:to_CommodityOrder] [line:49]INFO:刷新完成！！！
[2016-04-05 17:17:56] test_OfflinePromotion.py [Test Case:tearDown] [line:1107]INFO:该条用例执行执行完毕！！！
[2016-04-05 17:18:07] test_CustomizedOrders.py [Test Case:tearDown] [line:452]INFO:该条用例执行完毕！！！
[2016-04-05 17:18:07] test_CustomExpress.py [Test Case:to_CustomExpress] [line:51]INFO:等待页面刷新···
[2016-04-05 17:18:10] test_CustomExpress.py [Test Case:to_CustomExpress] [line:54]INFO:刷新完成！！！
[2016-04-05 17:18:11] test_BOMManage.py [Test Case:to_BOMManager] [line:58]INFO:等待页面刷新···
[2016-04-05 17:18:13] test_BOMManage.py [Test Case:to_BOMManager] [line:61]INFO:刷新完成！！！
[2016-04-05 17:18:16] test_CustomizedOrders.py [Test Case:test_6search_by_TheConsignee] [line:362]INFO:开始执行用例...
[2016-04-05 17:18:17] test_OfflinePromotion.py [Test Case:to_OfflinePromotion] [line:54]INFO:等待页面刷新···
[2016-04-05 17:18:18] test_OfflinePromotion.py [Test Case:to_OfflinePromotion] [line:56]INFO:刷新完成！！！
[2016-04-05 17:18:18] test_CustomExpress.py [Test Case:test_2search_byExpressType] [line:363]INFO:等待页面刷新···
[2016-04-05 17:18:18] test_CustomExpress.py [Test Case:test_2search_byExpressType] [line:367]INFO:刷新完成！！！
[2016-04-05 17:18:19] test_CustomExpress.py [Test Case:tearDown] [line:500]INFO:该条用例执行完毕！！！
[2016-04-05 17:18:21] test_CustomizedOrders.py [Test Case:to_CommodityOrder] [line:47]INFO:等待页面刷新···
[2016-04-05 17:18:21] test_BOMManage.py [Test Case:tearDown] [line:334]INFO:该条用例执行完毕！！！
[2016-04-05 17:18:22] test_OfflinePromotion.py [Test Case:tearDown] [line:1107]INFO:该条用例执行执行完毕！！！
[2016-04-05 17:18:26] test_CustomizedOrders.py [Test Case:to_CommodityOrder] [line:49]INFO:刷新完成！！！
[2016-04-05 17:18:32] test_CustomExpress.py [Test Case:to_CustomExpress] [line:51]INFO:等待页面刷新···
[2016-04-05 17:18:34] test_CustomExpress.py [Test Case:to_CustomExpress] [line:54]INFO:刷新完成！！！
[2016-04-05 17:18:38] test_CustomizedOrders.py [Test Case:tearDown] [line:452]INFO:该条用例执行完毕！！！
[2016-04-05 17:18:40] test_OfflinePromotion.py [Test Case:to_OfflinePromotion] [line:54]INFO:等待页面刷新···
[2016-04-05 17:18:41] test_BOMManage.py [Test Case:to_BOMManager] [line:58]INFO:等待页面刷新···
[2016-04-05 17:18:41] test_OfflinePromotion.py [Test Case:to_OfflinePromotion] [line:56]INFO:刷新完成！！！
[2016-04-05 17:18:41] test_CustomExpress.py [Test Case:test_3search_byStoreName] [line:396]INFO:等待页面刷新···
[2016-04-05 17:18:41] test_CustomExpress.py [Test Case:test_3search_byStoreName] [line:400]INFO:刷新完成！！！
[2016-04-05 17:18:42] test_CustomExpress.py [Test Case:tearDown] [line:500]INFO:该条用例执行完毕！！！
[2016-04-05 17:18:44] test_BOMManage.py [Test Case:to_BOMManager] [line:61]INFO:刷新完成！！！
[2016-04-05 17:18:46] test_CustomizedOrders.py [Test Case:test_7search_by_ConsigneePhone] [line:392]INFO:开始执行用例...
[2016-04-05 17:18:51] test_CustomizedOrders.py [Test Case:to_CommodityOrder] [line:47]INFO:等待页面刷新···
[2016-04-05 17:18:53] test_BOMManage.py [Test Case:tearDown] [line:334]INFO:该条用例执行完毕！！！
[2016-04-05 17:18:57] test_CustomizedOrders.py [Test Case:to_CommodityOrder] [line:49]INFO:刷新完成！！！
[2016-04-05 17:18:58] test_CustomExpress.py [Test Case:to_CustomExpress] [line:51]INFO:等待页面刷新···
[2016-04-05 17:18:59] test_CustomExpress.py [Test Case:to_CustomExpress] [line:54]INFO:刷新完成！！！
[2016-04-05 17:19:05] test_CustomExpress.py [Test Case:clickButton] [line:131]INFO:保存成功！
[2016-04-05 17:19:05] test_BOMManage.py [Test Case:to_BOMManager] [line:58]INFO:等待页面刷新···
[2016-04-05 17:19:05] test_CustomExpress.py [Test Case:tearDown] [line:500]INFO:该条用例执行完毕！！！
[2016-04-05 17:19:07] test_CustomizedOrders.py [Test Case:tearDown] [line:452]INFO:该条用例执行完毕！！！
[2016-04-05 17:19:08] test_BOMManage.py [Test Case:to_BOMManager] [line:61]INFO:刷新完成！！！
[2016-04-05 17:19:13] test_OfflinePromotion.py [Test Case:tearDown] [line:1107]INFO:该条用例执行执行完毕！！！
[2016-04-05 17:19:16] test_CustomizedOrders.py [Test Case:test_8search_by_Store] [line:424]INFO:开始执行用例...
[2016-04-05 17:19:17] test_CustomExpress.py [Test Case:to_CustomExpress] [line:51]INFO:等待页面刷新···
[2016-04-05 17:19:18] test_CustomExpress.py [Test Case:to_CustomExpress] [line:54]INFO:刷新完成！！！
[2016-04-05 17:19:21] test_CustomizedOrders.py [Test Case:to_CommodityOrder] [line:47]INFO:等待页面刷新···
[2016-04-05 17:19:25] test_CustomExpress.py [Test Case:clickButton] [line:131]INFO:保存成功！
[2016-04-05 17:19:25] test_CustomExpress.py [Test Case:test_5modify_CustomExpress] [line:459]INFO:等待页面刷新···
[2016-04-05 17:19:26] test_CustomExpress.py [Test Case:test_5modify_CustomExpress] [line:463]INFO:刷新完成！！！
[2016-04-05 17:19:26] test_CustomExpress.py [Test Case:tearDown] [line:500]INFO:该条用例执行完毕！！！
[2016-04-05 17:19:26] test_CustomizedOrders.py [Test Case:to_CommodityOrder] [line:49]INFO:刷新完成！！！
[2016-04-05 17:19:29] test_OfflinePromotion.py [Test Case:to_OfflinePromotion] [line:54]INFO:等待页面刷新···
[2016-04-05 17:19:30] test_OfflinePromotion.py [Test Case:to_OfflinePromotion] [line:56]INFO:刷新完成！！！
[2016-04-05 17:19:36] test_CustomizedOrders.py [Test Case:tearDown] [line:452]INFO:该条用例执行完毕！！！
[2016-04-05 17:19:37] test_DefaultExpress.py [Test Case:to_DefaultExpress] [line:56]INFO:等待页面刷新···
[2016-04-05 17:19:39] test_DefaultExpress.py [Test Case:to_DefaultExpress] [line:59]INFO:刷新完成！！！
[2016-04-05 17:19:43] test_DefaultExpress.py [Test Case:clickButton] [line:130]INFO:保存成功！
[2016-04-05 17:19:43] test_DefaultExpress.py [Test Case:tearDown] [line:309]INFO:该条用例执行完毕！！！
[2016-04-05 17:19:46] test_OfflinePromotion.py [Test Case:Delete_And_Add_Assert] [line:81]INFO:保存成功！
[2016-04-05 17:19:53] test_BOMManage.py [Test Case:tearDown] [line:334]INFO:该条用例执行完毕！！！
[2016-04-05 17:19:54] test_OfflinePromotion.py [Test Case:Delete_And_Add_Assert] [line:81]INFO:保存成功！
[2016-04-05 17:19:55] test_DefaultExpress.py [Test Case:to_DefaultExpress] [line:56]INFO:等待页面刷新···
[2016-04-05 17:19:56] test_OfflinePromotion.py [Test Case:tearDown] [line:1107]INFO:该条用例执行执行完毕！！！
[2016-04-05 17:19:57] test_DefaultExpress.py [Test Case:to_DefaultExpress] [line:59]INFO:刷新完成！！！
[2016-04-05 17:20:00] test_DefaultExpress.py [Test Case:tearDown] [line:309]INFO:该条用例执行完毕！！！
[2016-04-05 17:20:06] test_Measure_Data.py [Test Case:tearDown] [line:256]INFO:该条用例执行完毕！！！
[2016-04-05 17:20:08] test_BOMManage.py [Test Case:to_BOMManager] [line:58]INFO:等待页面刷新···
[2016-04-05 17:20:11] test_BOMManage.py [Test Case:to_BOMManager] [line:61]INFO:刷新完成！！！
[2016-04-05 17:20:13] test_OfflinePromotion.py [Test Case:to_OfflinePromotion] [line:54]INFO:等待页面刷新···
[2016-04-05 17:20:14] test_OfflinePromotion.py [Test Case:to_OfflinePromotion] [line:56]INFO:刷新完成！！！
[2016-04-05 17:20:17] test_BOMManage.py [Test Case:clickButton] [line:136]INFO:保存成功！
[2016-04-05 17:20:17] test_BOMManage.py [Test Case:tearDown] [line:334]INFO:该条用例执行完毕！！！
[2016-04-05 17:20:19] test_DefaultExpress.py [Test Case:to_DefaultExpress] [line:56]INFO:等待页面刷新···
[2016-04-05 17:20:20] test_DefaultExpress.py [Test Case:to_DefaultExpress] [line:59]INFO:刷新完成！！！
[2016-04-05 17:20:22] test_DefaultExpress.py [Test Case:tearDown] [line:309]INFO:该条用例执行完毕！！！
[2016-04-05 17:20:28] test_OfflinePromotion.py [Test Case:tearDown] [line:1107]INFO:该条用例执行执行完毕！！！
[2016-04-05 17:20:30] test_Measure_Data.py [Test Case:tearDown] [line:256]INFO:该条用例执行完毕！！！
[2016-04-05 17:20:34] test_BOMManage.py [Test Case:to_BOMManager] [line:58]INFO:等待页面刷新···
[2016-04-05 17:20:36] test_BOMManage.py [Test Case:to_BOMManager] [line:61]INFO:刷新完成！！！
[2016-04-05 17:20:40] test_DefaultExpress.py [Test Case:to_DefaultExpress] [line:56]INFO:等待页面刷新···
[2016-04-05 17:20:40] test_BOMManage.py [Test Case:clickButton] [line:108]INFO:删除成功
[2016-04-05 17:20:40] test_BOMManage.py [Test Case:tearDown] [line:334]INFO:该条用例执行完毕！！！
[2016-04-05 17:20:41] test_DefaultExpress.py [Test Case:to_DefaultExpress] [line:59]INFO:刷新完成！！！
[2016-04-05 17:20:47] test_DefaultExpress.py [Test Case:clickButton] [line:130]INFO:保存成功！
[2016-04-05 17:20:47] test_DefaultExpress.py [Test Case:tearDown] [line:309]INFO:该条用例执行完毕！！！
[2016-04-05 17:20:48] test_OfflinePromotion.py [Test Case:to_OfflinePromotion] [line:54]INFO:等待页面刷新···
[2016-04-05 17:20:49] test_OfflinePromotion.py [Test Case:to_OfflinePromotion] [line:56]INFO:刷新完成！！！
[2016-04-05 17:20:52] test_ColorGroup.py [Test Case:test_0add_ColorGroup] [line:143]INFO:开始执行测试...
[2016-04-05 17:20:55] test_Measure_Data.py [Test Case:tearDown] [line:256]INFO:该条用例执行完毕！！！
[2016-04-05 17:20:58] test_ColorGroup.py [Test Case:to_ColorGroup] [line:52]INFO:等待页面刷新···
[2016-04-05 17:20:59] test_ColorGroup.py [Test Case:to_ColorGroup] [line:55]INFO:刷新完成！！！
[2016-04-05 17:21:03] test_ColorGroup.py [Test Case:clickButton] [line:127]INFO:保存成功！
[2016-04-05 17:21:04] test_ColorGroup.py [Test Case:tearDown] [line:313]INFO:该条用例执行完毕！！！
[2016-04-05 17:21:04] test_DefaultExpress.py [Test Case:to_DefaultExpress] [line:56]INFO:等待页面刷新···
[2016-04-05 17:21:05] test_DefaultExpress.py [Test Case:to_DefaultExpress] [line:59]INFO:刷新完成！！！
[2016-04-05 17:21:12] test_DefaultExpress.py [Test Case:clickButton] [line:130]INFO:保存成功！
[2016-04-05 17:21:14] test_DefaultExpress.py [Test Case:tearDown] [line:309]INFO:该条用例执行完毕！！！
[2016-04-05 17:21:17] test_ColorGroup.py [Test Case:to_ColorGroup] [line:52]INFO:等待页面刷新···
[2016-04-05 17:21:18] test_ColorGroup.py [Test Case:to_ColorGroup] [line:55]INFO:刷新完成！！！
[2016-04-05 17:21:18] test_Measure_Data.py [Test Case:tearDown] [line:256]INFO:该条用例执行完毕！！！
[2016-04-05 17:21:23] test_ColorGroup.py [Test Case:tearDown] [line:313]INFO:该条用例执行完毕！！！
[2016-04-05 17:21:26] test_DefaultExpress.py [Test Case:to_DefaultExpress] [line:56]INFO:等待页面刷新···
[2016-04-05 17:21:28] test_DefaultExpress.py [Test Case:to_DefaultExpress] [line:59]INFO:刷新完成！！！
[2016-04-05 17:21:32] test_OfflinePromotion.py [Test Case:tearDown] [line:1107]INFO:该条用例执行执行完毕！！！
[2016-04-05 17:21:32] test_ColorGroup.py [Test Case:test_2search_ByCGroupName] [line:219]INFO:开始执行测试...
[2016-04-05 17:21:34] test_DefaultExpress.py [Test Case:clickButton] [line:104]INFO:删除成功
[2016-04-05 17:21:34] test_DefaultExpress.py [Test Case:tearDown] [line:309]INFO:该条用例执行完毕！！！
[2016-04-05 17:21:38] test_ColorGroup.py [Test Case:to_ColorGroup] [line:52]INFO:等待页面刷新···
[2016-04-05 17:21:39] test_ColorGroup.py [Test Case:to_ColorGroup] [line:55]INFO:刷新完成！！！
[2016-04-05 17:21:42] test_ColorGroup.py [Test Case:tearDown] [line:313]INFO:该条用例执行完毕！！！
[2016-04-05 17:21:45] test_Device.py [Test Case:test_0add_Device] [line:134]INFO:开始执行用例...
[2016-04-05 17:21:48] test_OfflinePromotion.py [Test Case:to_OfflinePromotion] [line:54]INFO:等待页面刷新···
[2016-04-05 17:21:49] test_OfflinePromotion.py [Test Case:to_OfflinePromotion] [line:56]INFO:刷新完成！！！
[2016-04-05 17:21:52] test_Measure_Data.py [Test Case:tearDown] [line:256]INFO:该条用例执行完毕！！！
[2016-04-05 17:21:52] test_ColorGroup.py [Test Case:test_3modify_ColorGroup] [line:244]INFO:开始执行测试...
[2016-04-05 17:21:53] test_Device.py [Test Case:to_Device] [line:55]INFO:等待页面刷新···
[2016-04-05 17:21:56] test_Device.py [Test Case:to_Device] [line:58]INFO:刷新完成！！！
[2016-04-05 17:21:58] test_ColorGroup.py [Test Case:to_ColorGroup] [line:52]INFO:等待页面刷新···
[2016-04-05 17:21:59] test_ColorGroup.py [Test Case:to_ColorGroup] [line:55]INFO:刷新完成！！！
[2016-04-05 17:22:03] test_Device.py [Test Case:clickButton] [line:120]INFO:保存成功！
[2016-04-05 17:22:03] test_Device.py [Test Case:tearDown] [line:413]INFO:该条用例执行完毕！！！
[2016-04-05 17:22:07] test_OfflinePromotion.py [Test Case:Delete_And_Add_Assert] [line:73]INFO:删除成功
[2016-04-05 17:22:08] test_ColorGroup.py [Test Case:clickButton] [line:127]INFO:保存成功！
[2016-04-05 17:22:08] test_ColorGroup.py [Test Case:tearDown] [line:313]INFO:该条用例执行完毕！！！
[2016-04-05 17:22:10] test_OfflinePromotion.py [Test Case:Delete_And_Add_Assert] [line:73]INFO:删除成功
[2016-04-05 17:22:10] test_OfflinePromotion.py [Test Case:tearDown] [line:1107]INFO:该条用例执行执行完毕！！！
[2016-04-05 17:22:13] test_Device.py [Test Case:test_1search_byDeviceName] [line:180]INFO:开始执行用例...
[2016-04-05 17:22:16] test_ColorGroup.py [Test Case:test_4import_ColorGroup] [line:282]INFO:开始执行测试...
[2016-04-05 17:22:18] test_Device.py [Test Case:to_Device] [line:55]INFO:等待页面刷新···
[2016-04-05 17:22:19] test_Measure_Data.py [Test Case:tearDown] [line:256]INFO:该条用例执行完毕！！！
[2016-04-05 17:22:21] test_Device.py [Test Case:to_Device] [line:58]INFO:刷新完成！！！
[2016-04-05 17:22:25] test_ColorGroup.py [Test Case:to_ColorGroup] [line:52]INFO:等待页面刷新···
[2016-04-05 17:22:26] test_ColorGroup.py [Test Case:to_ColorGroup] [line:55]INFO:刷新完成！！！
[2016-04-05 17:22:28] test_OfflinePromotion.py [Test Case:to_OfflinePromotion] [line:54]INFO:等待页面刷新···
[2016-04-05 17:22:29] test_ColorGroup.py [Test Case:tearDown] [line:313]INFO:该条用例执行完毕！！！
[2016-04-05 17:22:29] test_Device.py [Test Case:tearDown] [line:413]INFO:该条用例执行完毕！！！
[2016-04-05 17:22:29] test_OfflinePromotion.py [Test Case:to_OfflinePromotion] [line:56]INFO:刷新完成！！！
[2016-04-05 17:22:30] test_Measure_WorkOrder.py [Test Case:test_0add_WorkOrder] [line:144]INFO:开始执行测试...
[2016-04-05 17:22:35] test_Measure_WorkOrder.py [Test Case:to_measureWorkOrder] [line:709]INFO:等待页面刷新···
[2016-04-05 17:22:41] test_Device.py [Test Case:test_2search_byDeviceCode] [line:260]INFO:开始执行用例...
[2016-04-05 17:22:41] test_Measure_WorkOrder.py [Test Case:to_measureWorkOrder] [line:711]INFO:刷新完成！！！
[2016-04-05 17:22:47] test_ColorGroup.py [Test Case:to_ColorGroup] [line:52]INFO:等待页面刷新···
[2016-04-05 17:22:47] test_OfflinePromotion.py [Test Case:Delete_And_Add_Assert] [line:81]INFO:保存成功！
[2016-04-05 17:22:48] test_ColorGroup.py [Test Case:to_ColorGroup] [line:55]INFO:刷新完成！！！
[2016-04-05 17:22:48] test_Measure_WorkOrder.py [Test Case:test_0add_WorkOrder] [line:162]INFO:等待页面刷新···
[2016-04-05 17:22:48] test_Measure_WorkOrder.py [Test Case:test_0add_WorkOrder] [line:164]INFO:刷新完成！！！
[2016-04-05 17:22:49] test_Device.py [Test Case:to_Device] [line:55]INFO:等待页面刷新···
[2016-04-05 17:22:49] test_OfflinePromotion.py [Test Case:tearDown] [line:1107]INFO:该条用例执行执行完毕！！！
[2016-04-05 17:22:50] test_Device.py [Test Case:to_Device] [line:58]INFO:刷新完成！！！
[2016-04-05 17:22:55] test_ColorGroup.py [Test Case:clickButton] [line:101]INFO:删除成功
[2016-04-05 17:22:55] test_ColorGroup.py [Test Case:tearDown] [line:313]INFO:该条用例执行完毕！！！
[2016-04-05 17:22:59] test_Device.py [Test Case:tearDown] [line:413]INFO:该条用例执行完毕！！！
[2016-04-05 17:23:03] test_OfflinePromotion.py [Test Case:to_OfflinePromotion] [line:54]INFO:等待页面刷新···
[2016-04-05 17:23:04] test_OfflinePromotion.py [Test Case:to_OfflinePromotion] [line:56]INFO:刷新完成！！！
[2016-04-05 17:23:07] test_Measure_WorkOrder.py [Test Case:tearDown] [line:718]INFO:该条用例执行完毕！！！
[2016-04-05 17:23:12] test_ColorSetting.py [Test Case:to_ColorSetting] [line:55]INFO:等待页面刷新···
[2016-04-05 17:23:13] test_ColorSetting.py [Test Case:to_ColorSetting] [line:58]INFO:刷新完成！！！
[2016-04-05 17:23:15] test_Device.py [Test Case:to_Device] [line:55]INFO:等待页面刷新···
[2016-04-05 17:23:17] test_Measure_WorkOrder.py [Test Case:test_1look_WorkOrder] [line:279]INFO:开始执行测试...
[2016-04-05 17:23:19] test_ColorSetting.py [Test Case:tearDown] [line:414]INFO:该条用例执行完毕！！！
[2016-04-05 17:23:22] test_Measure_WorkOrder.py [Test Case:to_measureWorkOrder] [line:709]INFO:等待页面刷新···
[2016-04-05 17:23:22] test_OfflinePromotion.py [Test Case:Delete_And_Add_Assert] [line:73]INFO:删除成功
[2016-04-05 17:23:22] test_OfflinePromotion.py [Test Case:tearDown] [line:1107]INFO:该条用例执行执行完毕！！！
[2016-04-05 17:23:22] test_Device.py [Test Case:to_Device] [line:58]INFO:刷新完成！！！
[2016-04-05 17:23:27] test_Measure_WorkOrder.py [Test Case:to_measureWorkOrder] [line:711]INFO:刷新完成！！！
[2016-04-05 17:23:28] test_Device.py [Test Case:tearDown] [line:413]INFO:该条用例执行完毕！！！
[2016-04-05 17:23:33] test_ColorSetting.py [Test Case:to_ColorSetting] [line:55]INFO:等待页面刷新···
[2016-04-05 17:23:34] test_ColorSetting.py [Test Case:to_ColorSetting] [line:58]INFO:刷新完成！！！
[2016-04-05 17:23:35] test_ColorSetting.py [Test Case:test_1search_ByColorCode] [line:213]INFO:等待页面刷新···
[2016-04-05 17:23:35] test_ColorSetting.py [Test Case:test_1search_ByColorCode] [line:216]INFO:刷新完成！！！
[2016-04-05 17:23:37] test_Measure_WorkOrder.py [Test Case:tearDown] [line:718]INFO:该条用例执行完毕！！！
[2016-04-05 17:23:38] test_OfflinePromotion.py [Test Case:to_OfflinePromotion] [line:54]INFO:等待页面刷新···
[2016-04-05 17:23:40] test_OfflinePromotion.py [Test Case:to_OfflinePromotion] [line:56]INFO:刷新完成！！！
[2016-04-05 17:23:40] test_Device.py [Test Case:test_4search_byDeviceType] [line:300]INFO:开始执行用例...
[2016-04-05 17:23:45] test_ColorSetting.py [Test Case:tearDown] [line:414]INFO:该条用例执行完毕！！！
[2016-04-05 17:23:48] test_Measure_WorkOrder.py [Test Case:test_2search_ByWorkOrder] [line:327]INFO:开始执行测试...
[2016-04-05 17:23:48] test_Device.py [Test Case:to_Device] [line:55]INFO:等待页面刷新···
[2016-04-05 17:23:50] test_Device.py [Test Case:to_Device] [line:58]INFO:刷新完成！！！
[2016-04-05 17:23:54] test_Measure_WorkOrder.py [Test Case:to_measureWorkOrder] [line:709]INFO:等待页面刷新···
[2016-04-05 17:23:58] test_OfflinePromotion.py [Test Case:Delete_And_Add_Assert] [line:81]INFO:保存成功！
[2016-04-05 17:24:00] test_Measure_WorkOrder.py [Test Case:to_measureWorkOrder] [line:711]INFO:刷新完成！！！
[2016-04-05 17:24:00] test_OfflinePromotion.py [Test Case:tearDown] [line:1107]INFO:该条用例执行执行完毕！！！
[2016-04-05 17:24:02] test_ColorSetting.py [Test Case:to_ColorSetting] [line:55]INFO:等待页面刷新···
[2016-04-05 17:24:03] test_ColorSetting.py [Test Case:to_ColorSetting] [line:58]INFO:刷新完成！！！
[2016-04-05 17:24:07] test_ColorSetting.py [Test Case:tearDown] [line:414]INFO:该条用例执行完毕！！！
[2016-04-05 17:24:07] test_Device.py [Test Case:tearDown] [line:413]INFO:该条用例执行完毕！！！
[2016-04-05 17:24:11] test_Measure_WorkOrder.py [Test Case:tearDown] [line:718]INFO:该条用例执行完毕！！！
[2016-04-05 17:24:13] test_OfflinePromotion.py [Test Case:to_OfflinePromotion] [line:54]INFO:等待页面刷新···
[2016-04-05 17:24:14] test_OfflinePromotion.py [Test Case:to_OfflinePromotion] [line:56]INFO:刷新完成！！！
[2016-04-05 17:24:17] test_Device.py [Test Case:test_5search_byOrgType] [line:325]INFO:开始执行用例...
[2016-04-05 17:24:22] test_Measure_WorkOrder.py [Test Case:test_3search_ByAppointmentTime] [line:341]INFO:开始执行测试...
[2016-04-05 17:24:26] test_ColorSetting.py [Test Case:to_ColorSetting] [line:55]INFO:等待页面刷新···
[2016-04-05 17:24:27] test_ColorSetting.py [Test Case:to_ColorSetting] [line:58]INFO:刷新完成！！！
[2016-04-05 17:24:27] test_Device.py [Test Case:to_Device] [line:55]INFO:等待页面刷新···
[2016-04-05 17:24:28] test_Measure_WorkOrder.py [Test Case:to_measureWorkOrder] [line:709]INFO:等待页面刷新···
[2016-04-05 17:24:30] test_Device.py [Test Case:to_Device] [line:58]INFO:刷新完成！！！
[2016-04-05 17:24:31] test_ColorSetting.py [Test Case:tearDown] [line:414]INFO:该条用例执行完毕！！！
[2016-04-05 17:24:32] test_OfflinePromotion.py [Test Case:Delete_And_Add_Assert] [line:73]INFO:删除成功
[2016-04-05 17:24:32] test_OfflinePromotion.py [Test Case:tearDown] [line:1107]INFO:该条用例执行执行完毕！！！
[2016-04-05 17:24:33] test_Measure_WorkOrder.py [Test Case:to_measureWorkOrder] [line:711]INFO:刷新完成！！！
[2016-04-05 17:24:36] test_Device.py [Test Case:tearDown] [line:413]INFO:该条用例执行完毕！！！
[2016-04-05 17:24:44] test_Measure_WorkOrder.py [Test Case:tearDown] [line:718]INFO:该条用例执行完毕！！！
[2016-04-05 17:24:46] test_OfflinePromotion.py [Test Case:to_OfflinePromotion] [line:54]INFO:等待页面刷新···
[2016-04-05 17:24:47] test_ColorSetting.py [Test Case:to_ColorSetting] [line:55]INFO:等待页面刷新···
[2016-04-05 17:24:47] test_Device.py [Test Case:test_6modify_Device] [line:348]INFO:开始执行用例...
[2016-04-05 17:24:48] test_OfflinePromotion.py [Test Case:to_OfflinePromotion] [line:56]INFO:刷新完成！！！
[2016-04-05 17:24:48] test_ColorSetting.py [Test Case:to_ColorSetting] [line:58]INFO:刷新完成！！！
[2016-04-05 17:24:54] test_Device.py [Test Case:to_Device] [line:55]INFO:等待页面刷新···
[2016-04-05 17:24:54] test_Measure_WorkOrder.py [Test Case:test_4search_By_AppointmentStore] [line:399]INFO:开始执行测试
[2016-04-05 17:24:57] test_Device.py [Test Case:to_Device] [line:58]INFO:刷新完成！！！
[2016-04-05 17:24:59] test_ColorSetting.py [Test Case:tearDown] [line:414]INFO:该条用例执行完毕！！！
[2016-04-05 17:25:03] test_Measure_WorkOrder.py [Test Case:to_measureWorkOrder] [line:709]INFO:等待页面刷新···
[2016-04-05 17:25:07] test_OfflinePromotion.py [Test Case:Delete_And_Add_Assert] [line:81]INFO:保存成功！
[2016-04-05 17:25:08] test_Device.py [Test Case:clickButton] [line:120]INFO:保存成功！
[2016-04-05 17:25:08] test_Measure_WorkOrder.py [Test Case:to_measureWorkOrder] [line:711]INFO:刷新完成！！！
[2016-04-05 17:25:14] test_ColorSetting.py [Test Case:to_ColorSetting] [line:55]INFO:等待页面刷新···
[2016-04-05 17:25:15] test_ColorSetting.py [Test Case:to_ColorSetting] [line:58]INFO:刷新完成！！！
[2016-04-05 17:25:16] test_OfflinePromotion.py [Test Case:Delete_And_Add_Assert] [line:81]INFO:保存成功！
[2016-04-05 17:25:16] test_Device.py [Test Case:tearDown] [line:413]INFO:该条用例执行完毕！！！
[2016-04-05 17:25:17] test_OfflinePromotion.py [Test Case:tearDown] [line:1107]INFO:该条用例执行执行完毕！！！
[2016-04-05 17:25:19] test_Measure_WorkOrder.py [Test Case:tearDown] [line:718]INFO:该条用例执行完毕！！！
[2016-04-05 17:25:21] test_ColorSetting.py [Test Case:tearDown] [line:414]INFO:该条用例执行完毕！！！
[2016-04-05 17:25:23] test_Device.py [Test Case:test_7delete_Device] [line:390]INFO:开始执行用例...
[2016-04-05 17:25:28] test_Device.py [Test Case:to_Device] [line:55]INFO:等待页面刷新···
[2016-04-05 17:25:31] test_Device.py [Test Case:to_Device] [line:58]INFO:刷新完成！！！
[2016-04-05 17:25:31] test_Measure_WorkOrder.py [Test Case:test_5search_ByMeasureWay] [line:428]INFO:开始执行测试...
[2016-04-05 17:25:34] test_CommodityFile.py [Test Case:test_0add_File] [line:150]INFO:开始执行用例...
[2016-04-05 17:25:37] test_OfflinePromotion.py [Test Case:to_OfflinePromotion] [line:54]INFO:等待页面刷新···
[2016-04-05 17:25:39] test_OfflinePromotion.py [Test Case:to_OfflinePromotion] [line:56]INFO:刷新完成！！！
[2016-04-05 17:25:39] test_Measure_WorkOrder.py [Test Case:to_measureWorkOrder] [line:709]INFO:等待页面刷新···
[2016-04-05 17:25:42] test_Device.py [Test Case:clickButton] [line:95]INFO:删除成功
[2016-04-05 17:25:42] test_Device.py [Test Case:tearDown] [line:413]INFO:该条用例执行完毕！！！
[2016-04-05 17:25:44] test_CommodityFile.py [Test Case:to_CommodityFile] [line:50]INFO:等待页面刷新···
[2016-04-05 17:25:46] test_CommodityFile.py [Test Case:to_CommodityFile] [line:52]INFO:刷新完成！！！
[2016-04-05 17:25:46] test_Measure_WorkOrder.py [Test Case:to_measureWorkOrder] [line:711]INFO:刷新完成！！！
[2016-04-05 17:25:51] test_EmployeeInfo.py [Test Case:test_01add_Employee] [line:220]INFO:开始执行测试...
[2016-04-05 17:25:55] test_OfflinePromotion.py [Test Case:Delete_And_Add_Assert] [line:73]INFO:删除成功
[2016-04-05 17:25:56] test_EmployeeInfo.py [Test Case:to_EmployeeInformation] [line:67]INFO:等待页面刷新···
[2016-04-05 17:25:57] test_Measure_WorkOrder.py [Test Case:tearDown] [line:718]INFO:该条用例执行完毕！！！
[2016-04-05 17:25:57] test_CommodityFile.py [Test Case:tearDown] [line:428]INFO:该条用例执行完毕！！！
[2016-04-05 17:25:57] test_OfflinePromotion.py [Test Case:Delete_And_Add_Assert] [line:73]INFO:删除成功
[2016-04-05 17:25:58] test_OfflinePromotion.py [Test Case:tearDown] [line:1107]INFO:该条用例执行执行完毕！！！
[2016-04-05 17:25:59] test_EmployeeInfo.py [Test Case:to_EmployeeInformation] [line:70]INFO:刷新完成！！！
[2016-04-05 17:26:08] test_Measure_WorkOrder.py [Test Case:test_6search_ByMeasureMaster] [line:456]INFO:开始执行测试...
[2016-04-05 17:26:08] test_CommodityFile.py [Test Case:test_1search_ByCode] [line:222]INFO:开始执行用例...
[2016-04-05 17:26:16] test_Measure_WorkOrder.py [Test Case:to_measureWorkOrder] [line:709]INFO:等待页面刷新···
[2016-04-05 17:26:18] test_CommodityFile.py [Test Case:to_CommodityFile] [line:50]INFO:等待页面刷新···
[2016-04-05 17:26:18] test_OfflinePromotion.py [Test Case:to_OfflinePromotion] [line:54]INFO:等待页面刷新···
[2016-04-05 17:26:18] test_EmployeeInfo.py [Test Case:clickButton] [line:156]INFO:保存成功！
[2016-04-05 17:26:20] test_OfflinePromotion.py [Test Case:to_OfflinePromotion] [line:56]INFO:刷新完成！！！
[2016-04-05 17:26:22] test_CommodityFile.py [Test Case:to_CommodityFile] [line:52]INFO:刷新完成！！！
[2016-04-05 17:26:22] test_Measure_WorkOrder.py [Test Case:to_measureWorkOrder] [line:711]INFO:刷新完成！！！
[2016-04-05 17:26:25] test_CommodityFile.py [Test Case:searchbycode] [line:215]INFO:等待页面刷新···
[2016-04-05 17:26:25] test_CommodityFile.py [Test Case:searchbycode] [line:217]INFO:刷新完成！！！
[2016-04-05 17:26:25] test_CommodityFile.py [Test Case:tearDown] [line:428]INFO:该条用例执行完毕！！！
[2016-04-05 17:26:31] test_Measure_WorkOrder.py [Test Case:tearDown] [line:718]INFO:该条用例执行完毕！！！
[2016-04-05 17:26:34] test_EmployeeInfo.py [Test Case:tearDown] [line:798]INFO:该条用例执行完毕！！！
[2016-04-05 17:26:34] test_OfflinePromotion.py [Test Case:Delete_And_Add_Assert] [line:81]INFO:保存成功！
[2016-04-05 17:26:35] test_CommodityFile.py [Test Case:test_2search_ByName] [line:248]INFO:开始执行用例...
[2016-04-05 17:26:36] test_OfflinePromotion.py [Test Case:tearDown] [line:1107]INFO:该条用例执行执行完毕！！！
[2016-04-05 17:26:41] test_Measure_WorkOrder.py [Test Case:test_7search_ByMeasureState] [line:486]INFO:开始执行测试...
[2016-04-05 17:26:41] test_CommodityFile.py [Test Case:to_CommodityFile] [line:50]INFO:等待页面刷新···
[2016-04-05 17:26:44] test_CommodityFile.py [Test Case:to_CommodityFile] [line:52]INFO:刷新完成！！！
[2016-04-05 17:26:46] test_EmployeeInfo.py [Test Case:test_02add_EmployeeCopy] [line:335]INFO:开始执行测试...
[2016-04-05 17:26:46] test_CommodityFile.py [Test Case:test_2search_ByName] [line:264]INFO:等待页面刷新···
[2016-04-05 17:26:46] test_CommodityFile.py [Test Case:test_2search_ByName] [line:266]INFO:刷新完成！！！
[2016-04-05 17:26:47] test_Measure_WorkOrder.py [Test Case:to_measureWorkOrder] [line:709]INFO:等待页面刷新···
[2016-04-05 17:26:48] test_CommodityFile.py [Test Case:tearDown] [line:428]INFO:该条用例执行完毕！！！
[2016-04-05 17:26:52] test_Measure_WorkOrder.py [Test Case:to_measureWorkOrder] [line:711]INFO:刷新完成！！！
[2016-04-05 17:26:54] test_EmployeeInfo.py [Test Case:to_EmployeeInformation] [line:67]INFO:等待页面刷新···
[2016-04-05 17:26:56] test_EmployeeInfo.py [Test Case:to_EmployeeInformation] [line:70]INFO:刷新完成！！！
[2016-04-05 17:26:57] test_OfflinePromotion.py [Test Case:to_OfflinePromotion] [line:54]INFO:等待页面刷新···
[2016-04-05 17:26:58] test_OfflinePromotion.py [Test Case:to_OfflinePromotion] [line:56]INFO:刷新完成！！！
[2016-04-05 17:26:58] test_CommodityFile.py [Test Case:test_3search_BySort] [line:278]INFO:开始执行用例...
[2016-04-05 17:27:01] test_Measure_WorkOrder.py [Test Case:tearDown] [line:718]INFO:该条用例执行完毕！！！
[2016-04-05 17:27:04] test_CommodityFile.py [Test Case:to_CommodityFile] [line:50]INFO:等待页面刷新···
[2016-04-05 17:27:07] test_CommodityFile.py [Test Case:to_CommodityFile] [line:52]INFO:刷新完成！！！
[2016-04-05 17:27:09] test_Measure_WorkOrder.py [Test Case:test_8search_ByDressPerson] [line:511]INFO:开始执行测试...
[2016-04-05 17:27:13] test_CommodityFile.py [Test Case:test_3search_BySort] [line:295]INFO:等待页面刷新···
[2016-04-05 17:27:13] test_CommodityFile.py [Test Case:test_3search_BySort] [line:297]INFO:刷新完成！！！
[2016-04-05 17:27:14] test_Measure_WorkOrder.py [Test Case:to_measureWorkOrder] [line:709]INFO:等待页面刷新···
[2016-04-05 17:27:14] test_CommodityFile.py [Test Case:tearDown] [line:428]INFO:该条用例执行完毕！！！
[2016-04-05 17:27:14] test_OfflinePromotion.py [Test Case:Delete_And_Add_Assert] [line:73]INFO:删除成功
[2016-04-05 17:27:16] test_OfflinePromotion.py [Test Case:tearDown] [line:1107]INFO:该条用例执行执行完毕！！！
[2016-04-05 17:27:19] test_Measure_WorkOrder.py [Test Case:to_measureWorkOrder] [line:711]INFO:刷新完成！！！
[2016-04-05 17:27:24] test_EmployeeInfo.py [Test Case:searchbycode] [line:411]INFO:开始执行测试...
[2016-04-05 17:27:25] test_CommodityFile.py [Test Case:test_4view_Com] [line:311]INFO:开始执行用例...
[2016-04-05 17:27:30] test_Measure_WorkOrder.py [Test Case:tearDown] [line:718]INFO:该条用例执行完毕！！！
[2016-04-05 17:27:33] test_CommodityFile.py [Test Case:to_CommodityFile] [line:50]INFO:等待页面刷新···
[2016-04-05 17:27:33] test_EmployeeInfo.py [Test Case:clickButton] [line:133]INFO:删除成功
[2016-04-05 17:27:33] test_EmployeeInfo.py [Test Case:tearDown] [line:798]INFO:该条用例执行完毕！！！
[2016-04-05 17:27:33] test_OfflinePromotion.py [Test Case:to_OfflinePromotion] [line:54]INFO:等待页面刷新···
[2016-04-05 17:27:34] test_OfflinePromotion.py [Test Case:to_OfflinePromotion] [line:56]INFO:刷新完成！！！
[2016-04-05 17:27:36] test_CommodityFile.py [Test Case:to_CommodityFile] [line:52]INFO:刷新完成！！！
[2016-04-05 17:27:38] test_Measure_WorkOrder.py [Test Case:test_9search_ByPhone] [line:544]INFO:开始执行测试...
[2016-04-05 17:27:38] test_CommodityFile.py [Test Case:test_4view_Com] [line:327]INFO:等待页面刷新···
[2016-04-05 17:27:38] test_CommodityFile.py [Test Case:test_4view_Com] [line:329]INFO:刷新完成！！！
[2016-04-05 17:27:41] test_CommodityFile.py [Test Case:tearDown] [line:428]INFO:该条用例执行完毕！！！
[2016-04-05 17:27:43] test_EmployeeInfo.py [Test Case:test_1search_ByEmployeeCode] [line:430]INFO:开始执行测试...
[2016-04-05 17:27:45] test_Measure_WorkOrder.py [Test Case:to_measureWorkOrder] [line:709]INFO:等待页面刷新···
[2016-04-05 17:27:45] test_OfflinePromotion.py [Test Case:clickButton] [line:131]INFO:删除成功
[2016-04-05 17:27:45] test_OfflinePromotion.py [Test Case:tearDown] [line:1107]INFO:该条用例执行执行完毕！！！
[2016-04-05 17:27:49] test_Measure_WorkOrder.py [Test Case:to_measureWorkOrder] [line:711]INFO:刷新完成！！！
[2016-04-05 17:27:51] test_EmployeeInfo.py [Test Case:to_EmployeeInformation] [line:67]INFO:等待页面刷新···
[2016-04-05 17:27:52] test_EmployeeInfo.py [Test Case:to_EmployeeInformation] [line:70]INFO:刷新完成！！！
[2016-04-05 17:27:52] test_CommodityFile.py [Test Case:test_5modify_Com] [line:347]INFO:开始执行用例...
[2016-04-05 17:27:53] test_EmployeeInfo.py [Test Case:searchbycode] [line:411]INFO:开始执行测试...
[2016-04-05 17:27:55] test_OfflinePromotion.py [Test Case:test_lmodify_ApprovalStatus] [line:1079]INFO:开始执行用例...
[2016-04-05 17:27:59] test_EmployeeInfo.py [Test Case:tearDown] [line:798]INFO:该条用例执行完毕！！！
[2016-04-05 17:27:59] test_CommodityFile.py [Test Case:to_CommodityFile] [line:50]INFO:等待页面刷新···
[2016-04-05 17:28:00] test_Measure_WorkOrder.py [Test Case:tearDown] [line:718]INFO:该条用例执行完毕！！！
[2016-04-05 17:28:01] test_OfflinePromotion.py [Test Case:to_OfflinePromotion] [line:54]INFO:等待页面刷新···
[2016-04-05 17:28:03] test_CommodityFile.py [Test Case:to_CommodityFile] [line:52]INFO:刷新完成！！！
[2016-04-05 17:28:03] test_OfflinePromotion.py [Test Case:to_OfflinePromotion] [line:56]INFO:刷新完成！！！
[2016-04-05 17:28:06] test_CommodityFile.py [Test Case:searchbycode] [line:215]INFO:等待页面刷新···
[2016-04-05 17:28:06] test_CommodityFile.py [Test Case:searchbycode] [line:217]INFO:刷新完成！！！
[2016-04-05 17:28:09] test_EmployeeInfo.py [Test Case:test_2search_ByEmployeeName] [line:443]INFO:开始执行测试...
[2016-04-05 17:28:11] test_CommodityFile.py [Test Case:searchbycode] [line:215]INFO:等待页面刷新···
[2016-04-05 17:28:11] test_CommodityFile.py [Test Case:searchbycode] [line:217]INFO:刷新完成！！！
[2016-04-05 17:28:11] test_CommodityFile.py [Test Case:tearDown] [line:428]INFO:该条用例执行完毕！！！
[2016-04-05 17:28:12] test_Measure_WorkOrder.py [Test Case:test_amodify_WorkOrder] [line:575]INFO:开始执行测试...
[2016-04-05 17:28:16] test_EmployeeInfo.py [Test Case:to_EmployeeInformation] [line:67]INFO:等待页面刷新···
[2016-04-05 17:28:17] test_EmployeeInfo.py [Test Case:to_EmployeeInformation] [line:70]INFO:刷新完成！！！
[2016-04-05 17:28:18] test_Measure_WorkOrder.py [Test Case:to_measureWorkOrder] [line:709]INFO:等待页面刷新···
[2016-04-05 17:28:20] test_CommodityFile.py [Test Case:test_6modify_ComStatus] [line:387]INFO:开始执行用例...
[2016-04-05 17:28:22] test_OfflinePromotion.py [Test Case:clickButton] [line:157]INFO:保存成功！
[2016-04-05 17:28:24] test_EmployeeInfo.py [Test Case:tearDown] [line:798]INFO:该条用例执行完毕！！！
[2016-04-05 17:28:24] test_Measure_WorkOrder.py [Test Case:to_measureWorkOrder] [line:711]INFO:刷新完成！！！
[2016-04-05 17:28:27] test_OfflinePromotion.py [Test Case:test_0add_Promotion] [line:281]INFO:刷新~~~
[2016-04-05 17:28:27] test_CommodityFile.py [Test Case:to_CommodityFile] [line:50]INFO:等待页面刷新···
[2016-04-05 17:28:30] test_CommodityFile.py [Test Case:to_CommodityFile] [line:52]INFO:刷新完成！！！
[2016-04-05 17:28:33] test_EmployeeInfo.py [Test Case:test_3search_ByPhones] [line:465]INFO:开始执行测试...
[2016-04-05 17:28:33] test_CommodityFile.py [Test Case:searchbycode] [line:215]INFO:等待页面刷新···
[2016-04-05 17:28:34] test_CommodityFile.py [Test Case:searchbycode] [line:217]INFO:刷新完成！！！
[2016-04-05 17:28:37] test_OfflinePromotion.py [Test Case:tearDown] [line:1107]INFO:该条用例执行执行完毕！！！
[2016-04-05 17:28:39] test_CommodityFile.py [Test Case:tearDown] [line:428]INFO:该条用例执行完毕！！！
[2016-04-05 17:28:40] test_EmployeeInfo.py [Test Case:to_EmployeeInformation] [line:67]INFO:等待页面刷新···
[2016-04-05 17:28:40] test_Measure_WorkOrder.py [Test Case:tearDown] [line:718]INFO:该条用例执行完毕！！！
[2016-04-05 17:28:41] test_EmployeeInfo.py [Test Case:to_EmployeeInformation] [line:70]INFO:刷新完成！！！
[2016-04-05 17:28:43] test_EmployeeInfo.py [Test Case:tearDown] [line:798]INFO:该条用例执行完毕！！！
[2016-04-05 17:28:50] test_CommoditySort.py [Test Case:test_0add_Sort] [line:130]INFO:开始执行用例...
[2016-04-05 17:28:52] test_Measure_WorkOrder.py [Test Case:test_bmodify_MeasureState] [line:623]INFO:开始执行测试...
[2016-04-05 17:28:56] test_EmployeeInfo.py [Test Case:test_4search_ByEmployeePosition] [line:485]INFO:开始执行测试...
[2016-04-05 17:28:58] test_Measure_WorkOrder.py [Test Case:to_measureWorkOrder] [line:709]INFO:等待页面刷新···
[2016-04-05 17:28:59] test_OfflinePromotionRelation.py [Test Case:tearDown] [line:253]INFO:该条用例执行完毕！！！
[2016-04-05 17:28:59] test_CommoditySort.py [Test Case:to_CommoditySort] [line:54]INFO:等待页面刷新···
[2016-04-05 17:29:02] test_CommoditySort.py [Test Case:to_CommoditySort] [line:56]INFO:刷新完成！！！
[2016-04-05 17:29:04] test_Measure_WorkOrder.py [Test Case:to_measureWorkOrder] [line:711]INFO:刷新完成！！！
[2016-04-05 17:29:04] test_EmployeeInfo.py [Test Case:to_EmployeeInformation] [line:67]INFO:等待页面刷新···
[2016-04-05 17:29:05] test_EmployeeInfo.py [Test Case:to_EmployeeInformation] [line:70]INFO:刷新完成！！！
[2016-04-05 17:29:06] test_CommoditySort.py [Test Case:tearDown] [line:320]INFO:该条用例执行完毕
[2016-04-05 17:29:14] test_CommoditySort.py [Test Case:test_1search_BySortCode] [line:184]INFO:开始执行用例...
[2016-04-05 17:29:14] test_EmployeeInfo.py [Test Case:tearDown] [line:798]INFO:该条用例执行完毕！！！
[2016-04-05 17:29:17] test_Measure_WorkOrder.py [Test Case:tearDown] [line:718]INFO:该条用例执行完毕！！！
[2016-04-05 17:29:18] test_OfflinePromotionRelation.py [Test Case:tearDown] [line:253]INFO:该条用例执行完毕！！！
[2016-04-05 17:29:19] test_CommoditySort.py [Test Case:to_CommoditySort] [line:54]INFO:等待页面刷新···
[2016-04-05 17:29:21] test_CommoditySort.py [Test Case:to_CommoditySort] [line:56]INFO:刷新完成！！！
[2016-04-05 17:29:23] test_EmployeeInfo.py [Test Case:test_5modify_EmployeeInfo] [line:517]INFO:开始执行测试...
[2016-04-05 17:29:26] test_CommoditySort.py [Test Case:searchbycode] [line:172]INFO:等待页面刷新···
[2016-04-05 17:29:26] test_CommoditySort.py [Test Case:searchbycode] [line:174]INFO:刷新完成！！！
[2016-04-05 17:29:27] test_Measure_WorkOrder.py [Test Case:test_cdelete_WorkOrder] [line:671]INFO:开始执行测试...
[2016-04-05 17:29:27] test_CommoditySort.py [Test Case:tearDown] [line:320]INFO:该条用例执行完毕
[2016-04-05 17:29:30] test_EmployeeInfo.py [Test Case:to_EmployeeInformation] [line:67]INFO:等待页面刷新···
[2016-04-05 17:29:32] test_EmployeeInfo.py [Test Case:to_EmployeeInformation] [line:70]INFO:刷新完成！！！
[2016-04-05 17:29:32] test_Measure_WorkOrder.py [Test Case:to_measureWorkOrder] [line:709]INFO:等待页面刷新···
[2016-04-05 17:29:33] test_EmployeeInfo.py [Test Case:searchbycode] [line:411]INFO:开始执行测试...
[2016-04-05 17:29:37] test_Measure_WorkOrder.py [Test Case:to_measureWorkOrder] [line:711]INFO:刷新完成！！！
[2016-04-05 17:29:38] test_CommoditySort.py [Test Case:test_2search_BySortName] [line:199]INFO:开始执行用例...
[2016-04-05 17:29:44] test_OfflinePromotionRelation.py [Test Case:tearDown] [line:253]INFO:该条用例执行完毕！！！
[2016-04-05 17:29:45] test_EmployeeInfo.py [Test Case:clickButton] [line:156]INFO:保存成功！
[2016-04-05 17:29:45] test_EmployeeInfo.py [Test Case:searchbycode] [line:411]INFO:开始执行测试...
[2016-04-05 17:29:45] test_CommoditySort.py [Test Case:to_CommoditySort] [line:54]INFO:等待页面刷新···
[2016-04-05 17:29:47] test_CommoditySort.py [Test Case:to_CommoditySort] [line:56]INFO:刷新完成！！！
[2016-04-05 17:29:49] test_Measure_WorkOrder.py [Test Case:clickButton] [line:102]INFO:删除成功
[2016-04-05 17:29:49] test_Measure_WorkOrder.py [Test Case:tearDown] [line:718]INFO:该条用例执行完毕！！！
[2016-04-05 17:29:51] test_EmployeeInfo.py [Test Case:test_5modify_EmployeeInfo] [line:549]INFO:等待页面刷新···
[2016-04-05 17:29:51] test_EmployeeInfo.py [Test Case:test_5modify_EmployeeInfo] [line:552]INFO:刷新完成！！！
[2016-04-05 17:29:51] test_CommoditySort.py [Test Case:test_2search_BySortName] [line:218]INFO:等待页面刷新···
[2016-04-05 17:29:51] test_CommoditySort.py [Test Case:test_2search_BySortName] [line:220]INFO:刷新完成！！！
[2016-04-05 17:29:52] test_EmployeeInfo.py [Test Case:tearDown] [line:798]INFO:该条用例执行完毕！！！
[2016-04-05 17:29:52] test_CommoditySort.py [Test Case:tearDown] [line:320]INFO:该条用例执行完毕
[2016-04-05 17:30:02] test_EmployeeInfo.py [Test Case:test_6modify_LoginPasswdReset] [line:561]INFO:开始执行测试...
[2016-04-05 17:30:02] test_OfflinePromotionRelation.py [Test Case:tearDown] [line:253]INFO:该条用例执行完毕！！！
[2016-04-05 17:30:04] test_CommoditySort.py [Test Case:test_3search_BySortInfo] [line:231]INFO:开始执行用例...
[2016-04-05 17:30:10] test_MemberInformation.py [Test Case:to_member] [line:361]INFO:等待页面刷新···
[2016-04-05 17:30:11] test_MemberInformation.py [Test Case:to_member] [line:363]INFO:刷新完成！！！
[2016-04-05 17:30:11] test_EmployeeInfo.py [Test Case:to_EmployeeInformation] [line:67]INFO:等待页面刷新···
[2016-04-05 17:30:12] test_CommoditySort.py [Test Case:to_CommoditySort] [line:54]INFO:等待页面刷新···
[2016-04-05 17:30:12] test_EmployeeInfo.py [Test Case:to_EmployeeInformation] [line:70]INFO:刷新完成！！！
[2016-04-05 17:30:15] test_CommoditySort.py [Test Case:to_CommoditySort] [line:56]INFO:刷新完成！！！
[2016-04-05 17:30:19] test_OnlinePromotion.py [Test Case:to_OnlinePromotion] [line:54]INFO:等待页面刷新···
[2016-04-05 17:30:19] test_CommoditySort.py [Test Case:test_3search_BySortInfo] [line:246]INFO:等待页面刷新···
[2016-04-05 17:30:19] test_CommoditySort.py [Test Case:test_3search_BySortInfo] [line:248]INFO:刷新完成！！！
[2016-04-05 17:30:20] test_OnlinePromotion.py [Test Case:to_OnlinePromotion] [line:56]INFO:刷新完成！！！
[2016-04-05 17:30:20] test_CommoditySort.py [Test Case:tearDown] [line:320]INFO:该条用例执行完毕
[2016-04-05 17:30:29] test_EmployeeInfo.py [Test Case:tearDown] [line:798]INFO:该条用例执行完毕！！！
[2016-04-05 17:30:31] test_CommoditySort.py [Test Case:test_4modify_Sort] [line:260]INFO:开始执行用例...
[2016-04-05 17:30:33] test_MemberInformation.py [Test Case:clickButton] [line:115]INFO:保存成功！
[2016-04-05 17:30:34] test_MemberInformation.py [Test Case:tearDown] [line:367]INFO:该条用例执行完毕！！！
[2016-04-05 17:30:36] test_CommoditySort.py [Test Case:to_CommoditySort] [line:54]INFO:等待页面刷新···
[2016-04-05 17:30:37] test_CommoditySort.py [Test Case:to_CommoditySort] [line:56]INFO:刷新完成！！！
[2016-04-05 17:30:38] test_EmployeeInfo.py [Test Case:test_7modify_RoleAssignment] [line:595]INFO:开始执行测试...
[2016-04-05 17:30:43] test_CommoditySort.py [Test Case:searchbycode] [line:172]INFO:等待页面刷新···
[2016-04-05 17:30:43] test_CommoditySort.py [Test Case:searchbycode] [line:174]INFO:刷新完成！！！
[2016-04-05 17:30:44] test_EmployeeInfo.py [Test Case:to_EmployeeInformation] [line:67]INFO:等待页面刷新···
[2016-04-05 17:30:45] test_OnlinePromotion.py [Test Case:Delete_And_Add_Assert] [line:80]INFO:保存成功！
[2016-04-05 17:30:46] test_EmployeeInfo.py [Test Case:to_EmployeeInformation] [line:70]INFO:刷新完成！！！
[2016-04-05 17:30:47] test_OnlinePromotion.py [Test Case:test_0add_Promotion] [line:273]INFO:刷新~~~
[2016-04-05 17:30:48] test_OnlinePromotion.py [Test Case:tearDown] [line:1189]INFO:该条用例执行执行完毕！！！
[2016-04-05 17:30:48] test_EmployeeInfo.py [Test Case:searchbycode] [line:411]INFO:开始执行测试...
[2016-04-05 17:30:50] test_MemberInformation.py [Test Case:to_member] [line:361]INFO:等待页面刷新···
[2016-04-05 17:30:51] test_MemberInformation.py [Test Case:to_member] [line:363]INFO:刷新完成！！！
[2016-04-05 17:30:51] test_CommoditySort.py [Test Case:searchbycode] [line:172]INFO:等待页面刷新···
[2016-04-05 17:30:51] test_CommoditySort.py [Test Case:searchbycode] [line:174]INFO:刷新完成！！！
[2016-04-05 17:30:52] test_CommoditySort.py [Test Case:tearDown] [line:320]INFO:该条用例执行完毕
[2016-04-05 17:30:56] test_EmployeeInfo.py [Test Case:test_7modify_RoleAssignment] [line:628]INFO:等待页面刷新···
[2016-04-05 17:30:56] test_EmployeeInfo.py [Test Case:test_7modify_RoleAssignment] [line:631]INFO:刷新完成！！！
[2016-04-05 17:30:57] test_MemberInformation.py [Test Case:tearDown] [line:367]INFO:该条用例执行完毕！！！
[2016-04-05 17:30:59] test_OnlinePromotion.py [Test Case:to_OnlinePromotion] [line:54]INFO:等待页面刷新···
[2016-04-05 17:31:00] test_OnlinePromotion.py [Test Case:to_OnlinePromotion] [line:56]INFO:刷新完成！！！
[2016-04-05 17:31:02] test_CommoditySort.py [Test Case:test_5delete_Sort] [line:299]INFO:开始执行用例...
[2016-04-05 17:31:08] test_CommoditySort.py [Test Case:to_CommoditySort] [line:54]INFO:等待页面刷新···
[2016-04-05 17:31:08] test_EmployeeInfo.py [Test Case:test_7modify_RoleAssignment] [line:678]INFO:保存成功！
[2016-04-05 17:31:08] test_EmployeeInfo.py [Test Case:searchbycode] [line:411]INFO:开始执行测试...
[2016-04-05 17:31:10] test_CommoditySort.py [Test Case:to_CommoditySort] [line:56]INFO:刷新完成！！！
[2016-04-05 17:31:12] test_MemberInformation.py [Test Case:to_member] [line:361]INFO:等待页面刷新···
[2016-04-05 17:31:13] test_MemberInformation.py [Test Case:to_member] [line:363]INFO:刷新完成！！！
[2016-04-05 17:31:14] test_EmployeeInfo.py [Test Case:tearDown] [line:798]INFO:该条用例执行完毕！！！
[2016-04-05 17:31:15] test_CommoditySort.py [Test Case:searchbycode] [line:172]INFO:等待页面刷新···
[2016-04-05 17:31:15] test_CommoditySort.py [Test Case:searchbycode] [line:174]INFO:刷新完成！！！
[2016-04-05 17:31:17] test_MemberInformation.py [Test Case:tearDown] [line:367]INFO:该条用例执行完毕！！！
[2016-04-05 17:31:18] test_CommoditySort.py [Test Case:tearDown] [line:320]INFO:该条用例执行完毕
[2016-04-05 17:31:20] test_OnlinePromotion.py [Test Case:tearDown] [line:1189]INFO:该条用例执行执行完毕！！！
[2016-04-05 17:31:21] test_EmployeeInfo.py [Test Case:test_8modify_Storedistribution] [line:691]INFO:开始执行测试...
[2016-04-05 17:31:28] test_EmployeeInfo.py [Test Case:to_EmployeeInformation] [line:67]INFO:等待页面刷新···
[2016-04-05 17:31:29] test_EmployeeInfo.py [Test Case:to_EmployeeInformation] [line:70]INFO:刷新完成！！！
[2016-04-05 17:31:30] test_EmployeeInfo.py [Test Case:searchbycode] [line:411]INFO:开始执行测试...
[2016-04-05 17:31:37] test_MeasureItem.py [Test Case:to_MeasureItem] [line:54]INFO:等待页面刷新···
[2016-04-05 17:31:37] test_MeasureItem.py [Test Case:to_MeasureItem] [line:57]INFO:刷新完成！！！
[2016-04-05 17:31:38] test_MemberInformation.py [Test Case:to_member] [line:361]INFO:等待页面刷新···
[2016-04-05 17:31:39] test_MemberInformation.py [Test Case:to_member] [line:363]INFO:刷新完成！！！
[2016-04-05 17:31:39] test_EmployeeInfo.py [Test Case:test_8modify_Storedistribution] [line:709]INFO:等待页面刷新···
[2016-04-05 17:31:39] test_EmployeeInfo.py [Test Case:test_8modify_Storedistribution] [line:712]INFO:刷新完成！！！
[2016-04-05 17:31:40] test_OnlinePromotion.py [Test Case:to_OnlinePromotion] [line:54]INFO:等待页面刷新···
[2016-04-05 17:31:41] test_OnlinePromotion.py [Test Case:to_OnlinePromotion] [line:56]INFO:刷新完成！！！
[2016-04-05 17:31:43] test_MemberInformation.py [Test Case:clickButton] [line:115]INFO:保存成功！
[2016-04-05 17:31:43] test_MemberInformation.py [Test Case:tearDown] [line:367]INFO:该条用例执行完毕！！！
[2016-04-05 17:31:43] test_MeasureItem.py [Test Case:clickButton] [line:120]INFO:保存成功！
[2016-04-05 17:31:43] test_MeasureItem.py [Test Case:tearDown] [line:291]INFO:该条用例执行完毕！！！
[2016-04-05 17:31:50] test_OnlinePromotion.py [Test Case:tearDown] [line:1189]INFO:该条用例执行执行完毕！！！
[2016-04-05 17:31:53] test_EmployeeInfo.py [Test Case:test_8modify_Storedistribution] [line:763]INFO:保存成功！
[2016-04-05 17:31:53] test_EmployeeInfo.py [Test Case:searchbycode] [line:411]INFO:开始执行测试...
[2016-04-05 17:31:57] test_MemberInformation.py [Test Case:to_member] [line:361]INFO:等待页面刷新···
[2016-04-05 17:31:58] test_MemberInformation.py [Test Case:to_member] [line:363]INFO:刷新完成！！！
[2016-04-05 17:31:59] test_EmployeeInfo.py [Test Case:tearDown] [line:798]INFO:该条用例执行完毕！！！
[2016-04-05 17:31:59] test_MeasureItem.py [Test Case:to_MeasureItem] [line:54]INFO:等待页面刷新···
[2016-04-05 17:32:00] test_MeasureItem.py [Test Case:to_MeasureItem] [line:57]INFO:刷新完成！！！
[2016-04-05 17:32:04] test_MemberInformation.py [Test Case:clickButton] [line:115]INFO:保存成功！
[2016-04-05 17:32:04] test_MemberInformation.py [Test Case:tearDown] [line:367]INFO:该条用例执行完毕！！！
[2016-04-05 17:32:05] test_MeasureItem.py [Test Case:tearDown] [line:291]INFO:该条用例执行完毕！！！
[2016-04-05 17:32:06] test_OnlinePromotion.py [Test Case:to_OnlinePromotion] [line:54]INFO:等待页面刷新···
[2016-04-05 17:32:07] test_OnlinePromotion.py [Test Case:to_OnlinePromotion] [line:56]INFO:刷新完成！！！
[2016-04-05 17:32:10] test_OnlinePromotion.py [Test Case:tearDown] [line:1189]INFO:该条用例执行执行完毕！！！
[2016-04-05 17:32:10] test_EmployeeInfo.py [Test Case:test_9adelete_Employee] [line:779]INFO:开始执行测试...
[2016-04-05 17:32:18] test_EmployeeInfo.py [Test Case:to_EmployeeInformation] [line:67]INFO:等待页面刷新···
[2016-04-05 17:32:21] test_EmployeeInfo.py [Test Case:to_EmployeeInformation] [line:70]INFO:刷新完成！！！
[2016-04-05 17:32:22] test_EmployeeInfo.py [Test Case:searchbycode] [line:411]INFO:开始执行测试...
[2016-04-05 17:32:23] test_MemberInformation.py [Test Case:to_member] [line:361]INFO:等待页面刷新···
[2016-04-05 17:32:24] test_MemberInformation.py [Test Case:to_member] [line:363]INFO:刷新完成！！！
[2016-04-05 17:32:25] test_MeasureItem.py [Test Case:to_MeasureItem] [line:54]INFO:等待页面刷新···
[2016-04-05 17:32:26] test_MeasureItem.py [Test Case:to_MeasureItem] [line:57]INFO:刷新完成！！！
[2016-04-05 17:32:28] test_OnlinePromotion.py [Test Case:to_OnlinePromotion] [line:54]INFO:等待页面刷新···
[2016-04-05 17:32:29] test_MeasureItem.py [Test Case:tearDown] [line:291]INFO:该条用例执行完毕！！！
[2016-04-05 17:32:30] test_OnlinePromotion.py [Test Case:to_OnlinePromotion] [line:56]INFO:刷新完成！！！
[2016-04-05 17:32:30] test_MemberInformation.py [Test Case:clickButton] [line:83]INFO:删除成功
[2016-04-05 17:32:30] test_MemberInformation.py [Test Case:tearDown] [line:367]INFO:该条用例执行完毕！！！
[2016-04-05 17:32:32] test_EmployeeInfo.py [Test Case:clickButton] [line:133]INFO:删除成功
[2016-04-05 17:32:32] test_EmployeeInfo.py [Test Case:tearDown] [line:798]INFO:该条用例执行完毕！！！
[2016-04-05 17:32:38] test_OnlinePromotion.py [Test Case:tearDown] [line:1189]INFO:该条用例执行执行完毕！！！
[2016-04-05 17:32:41] test_MeasureItem.py [Test Case:to_MeasureItem] [line:54]INFO:等待页面刷新···
[2016-04-05 17:32:42] test_MeasureItem.py [Test Case:to_MeasureItem] [line:57]INFO:刷新完成！！！
[2016-04-05 17:32:44] test_MeasureItem.py [Test Case:tearDown] [line:291]INFO:该条用例执行完毕！！！
[2016-04-05 17:32:45] test_Organization.py [Test Case:to_Organization] [line:55]INFO:等待页面刷新···
[2016-04-05 17:32:46] test_Organization.py [Test Case:to_Organization] [line:58]INFO:刷新完成！！！
[2016-04-05 17:32:52] test_OnlinePromotion.py [Test Case:to_OnlinePromotion] [line:54]INFO:等待页面刷新···
[2016-04-05 17:32:54] test_OnlinePromotion.py [Test Case:to_OnlinePromotion] [line:56]INFO:刷新完成！！！
[2016-04-05 17:32:58] test_OnlinePromotion.py [Test Case:tearDown] [line:1189]INFO:该条用例执行执行完毕！！！
[2016-04-05 17:32:58] test_MeasureItem.py [Test Case:to_MeasureItem] [line:54]INFO:等待页面刷新···
[2016-04-05 17:32:59] test_MeasureItem.py [Test Case:to_MeasureItem] [line:57]INFO:刷新完成！！！
[2016-04-05 17:33:00] test_Organization.py [Test Case:clickButton] [line:120]INFO:保存成功！
[2016-04-05 17:33:00] test_Organization.py [Test Case:tearDown] [line:347]INFO:该条用例执行完毕！！！
[2016-04-05 17:33:06] test_MeasureItem.py [Test Case:clickButton] [line:120]INFO:保存成功！
[2016-04-05 17:33:09] test_MeasureItem.py [Test Case:tearDown] [line:291]INFO:该条用例执行完毕！！！
[2016-04-05 17:33:12] test_OnlinePromotion.py [Test Case:to_OnlinePromotion] [line:54]INFO:等待页面刷新···
[2016-04-05 17:33:13] test_OnlinePromotion.py [Test Case:to_OnlinePromotion] [line:56]INFO:刷新完成！！！
[2016-04-05 17:33:14] test_Organization.py [Test Case:to_Organization] [line:55]INFO:等待页面刷新···
[2016-04-05 17:33:15] test_Organization.py [Test Case:to_Organization] [line:58]INFO:刷新完成！！！
[2016-04-05 17:33:17] test_OnlinePromotion.py [Test Case:tearDown] [line:1189]INFO:该条用例执行执行完毕！！！
[2016-04-05 17:33:21] test_MeasureItem.py [Test Case:to_MeasureItem] [line:54]INFO:等待页面刷新···
[2016-04-05 17:33:21] test_MeasureItem.py [Test Case:to_MeasureItem] [line:57]INFO:刷新完成！！！
[2016-04-05 17:33:22] test_Organization.py [Test Case:tearDown] [line:347]INFO:该条用例执行完毕！！！
[2016-04-05 17:33:27] test_OnlinePromotion.py [Test Case:to_OnlinePromotion] [line:54]INFO:等待页面刷新···
[2016-04-05 17:33:28] test_OnlinePromotion.py [Test Case:to_OnlinePromotion] [line:56]INFO:刷新完成！！！
[2016-04-05 17:33:29] test_MeasureItem.py [Test Case:clickButton] [line:98]INFO:删除成功
[2016-04-05 17:33:29] test_MeasureItem.py [Test Case:tearDown] [line:291]INFO:该条用例执行完毕！！！
[2016-04-05 17:33:33] test_Organization.py [Test Case:to_Organization] [line:55]INFO:等待页面刷新···
[2016-04-05 17:33:34] test_Organization.py [Test Case:to_Organization] [line:58]INFO:刷新完成！！！
[2016-04-05 17:33:38] test_OnlinePromotion.py [Test Case:tearDown] [line:1189]INFO:该条用例执行执行完毕！！！
[2016-04-05 17:33:39] test_Organization.py [Test Case:tearDown] [line:347]INFO:该条用例执行完毕！！！
[2016-04-05 17:33:41] test_SizeSetting.py [Test Case:to_SizeSetting] [line:54]INFO:等待页面刷新···
[2016-04-05 17:33:41] test_SizeSetting.py [Test Case:to_SizeSetting] [line:57]INFO:刷新完成！！！
[2016-04-05 17:33:46] test_SizeSetting.py [Test Case:tearDown] [line:295]INFO:该条用例执行完毕！！！
[2016-04-05 17:33:52] test_Organization.py [Test Case:to_Organization] [line:55]INFO:等待页面刷新···
[2016-04-05 17:33:54] test_Organization.py [Test Case:to_Organization] [line:58]INFO:刷新完成！！！
[2016-04-05 17:33:56] test_SizeSetting.py [Test Case:test_1search_BySizeCode] [line:183]INFO:开始执行用例...
[2016-04-05 17:33:57] test_OnlinePromotion.py [Test Case:to_OnlinePromotion] [line:54]INFO:等待页面刷新···
[2016-04-05 17:33:59] test_OnlinePromotion.py [Test Case:to_OnlinePromotion] [line:56]INFO:刷新完成！！！
[2016-04-05 17:34:01] test_SizeSetting.py [Test Case:to_SizeSetting] [line:54]INFO:等待页面刷新···
[2016-04-05 17:34:01] test_SizeSetting.py [Test Case:to_SizeSetting] [line:57]INFO:刷新完成！！！
[2016-04-05 17:34:05] test_Organization.py [Test Case:clickButton] [line:120]INFO:保存成功！
[2016-04-05 17:34:05] test_SizeSetting.py [Test Case:tearDown] [line:295]INFO:该条用例执行完毕！！！
[2016-04-05 17:34:10] test_Organization.py [Test Case:tearDown] [line:347]INFO:该条用例执行完毕！！！
[2016-04-05 17:34:12] test_SizeSetting.py [Test Case:test_2search_BySizeName] [line:198]INFO:开始执行用例...
[2016-04-05 17:34:15] test_OnlinePromotion.py [Test Case:test_8modify_AddSuitObject] [line:567]INFO:保存成功！
[2016-04-05 17:34:16] test_OnlinePromotion.py [Test Case:tearDown] [line:1189]INFO:该条用例执行执行完毕！！！
[2016-04-05 17:34:18] test_SizeSetting.py [Test Case:to_SizeSetting] [line:54]INFO:等待页面刷新···
[2016-04-05 17:34:19] test_SizeSetting.py [Test Case:to_SizeSetting] [line:57]INFO:刷新完成！！！
[2016-04-05 17:34:23] test_SizeSetting.py [Test Case:tearDown] [line:295]INFO:该条用例执行完毕！！！
[2016-04-05 17:34:24] test_Organization.py [Test Case:to_Organization] [line:55]INFO:等待页面刷新···
[2016-04-05 17:34:25] test_Organization.py [Test Case:to_Organization] [line:58]INFO:刷新完成！！！
[2016-04-05 17:34:29] test_OnlinePromotion.py [Test Case:to_OnlinePromotion] [line:54]INFO:等待页面刷新···
[2016-04-05 17:34:30] test_SizeSetting.py [Test Case:test_3modify_Size] [line:223]INFO:开始执行用例...
[2016-04-05 17:34:30] test_OnlinePromotion.py [Test Case:to_OnlinePromotion] [line:56]INFO:刷新完成！！！
[2016-04-05 17:34:35] test_Organization.py [Test Case:clickButton] [line:92]INFO:删除成功
[2016-04-05 17:34:35] test_Organization.py [Test Case:tearDown] [line:347]INFO:该条用例执行完毕！！！
[2016-04-05 17:34:36] test_SizeSetting.py [Test Case:to_SizeSetting] [line:54]INFO:等待页面刷新···
[2016-04-05 17:34:37] test_SizeSetting.py [Test Case:to_SizeSetting] [line:57]INFO:刷新完成！！！
[2016-04-05 17:34:41] test_RoleInfo.py [Test Case:test_0add_Role] [line:135]INFO:开始执行用例...
[2016-04-05 17:34:41] test_SizeSetting.py [Test Case:test_3modify_Size] [line:238]INFO:等待页面刷新···
[2016-04-05 17:34:42] test_SizeSetting.py [Test Case:test_3modify_Size] [line:241]INFO:刷新完成！！！
[2016-04-05 17:34:46] test_SizeSetting.py [Test Case:tearDown] [line:295]INFO:该条用例执行完毕！！！
[2016-04-05 17:34:47] test_RoleInfo.py [Test Case:to_RoleInfo] [line:56]INFO:等待页面刷新···
[2016-04-05 17:34:47] test_RoleInfo.py [Test Case:to_RoleInfo] [line:58]INFO:刷新完成！！！
[2016-04-05 17:34:51] test_SizeSetting.py [Test Case:test_4delete_Size] [line:269]INFO:开始执行用例...
[2016-04-05 17:34:51] test_OnlinePromotion.py [Test Case:Delete_And_Add_Assert] [line:72]INFO:删除成功
[2016-04-05 17:34:52] test_OnlinePromotion.py [Test Case:tearDown] [line:1189]INFO:该条用例执行执行完毕！！！
[2016-04-05 17:34:54] test_RoleInfo.py [Test Case:clickButton] [line:120]INFO:保存成功！
[2016-04-05 17:34:54] test_RoleInfo.py [Test Case:tearDown] [line:384]INFO:该条用例执行完毕！！！
[2016-04-05 17:34:57] test_SizeSetting.py [Test Case:to_SizeSetting] [line:54]INFO:等待页面刷新···
[2016-04-05 17:34:58] test_SizeSetting.py [Test Case:to_SizeSetting] [line:57]INFO:刷新完成！！！
[2016-04-05 17:35:02] test_RoleInfo.py [Test Case:test_1search_ByRoleCode] [line:194]INFO:开始执行用例...
[2016-04-05 17:35:02] test_SizeSetting.py [Test Case:test_4delete_Size] [line:280]INFO:等待页面刷新···
[2016-04-05 17:35:02] test_SizeSetting.py [Test Case:test_4delete_Size] [line:282]INFO:刷新完成！！！
[2016-04-05 17:35:06] test_SizeSetting.py [Test Case:tearDown] [line:295]INFO:该条用例执行完毕！！！
[2016-04-05 17:35:06] test_OnlinePromotion.py [Test Case:to_OnlinePromotion] [line:54]INFO:等待页面刷新···
[2016-04-05 17:35:08] test_OnlinePromotion.py [Test Case:to_OnlinePromotion] [line:56]INFO:刷新完成！！！
[2016-04-05 17:35:09] test_RoleInfo.py [Test Case:to_RoleInfo] [line:56]INFO:等待页面刷新···
[2016-04-05 17:35:10] test_RoleInfo.py [Test Case:to_RoleInfo] [line:58]INFO:刷新完成！！！
[2016-04-05 17:35:15] test_RoleInfo.py [Test Case:test_1search_ByRoleCode] [line:216]INFO:等待页面刷新···
[2016-04-05 17:35:15] test_RoleInfo.py [Test Case:test_1search_ByRoleCode] [line:218]INFO:刷新完成！！！
[2016-04-05 17:35:15] test_RoleInfo.py [Test Case:tearDown] [line:384]INFO:该条用例执行完毕！！！
[2016-04-05 17:35:16] test_SKUSet.py [Test Case:to_SKUset] [line:52]INFO:等待页面刷新···
[2016-04-05 17:35:18] test_SKUSet.py [Test Case:to_SKUset] [line:55]INFO:刷新完成！！！
[2016-04-05 17:35:22] test_RoleInfo.py [Test Case:test_2search_ByRoleName] [line:228]INFO:开始执行用例...
[2016-04-05 17:35:25] test_OnlinePromotion.py [Test Case:Delete_And_Add_Assert] [line:80]INFO:保存成功！
[2016-04-05 17:35:27] test_OnlinePromotion.py [Test Case:tearDown] [line:1189]INFO:该条用例执行执行完毕！！！
[2016-04-05 17:35:29] test_RoleInfo.py [Test Case:to_RoleInfo] [line:56]INFO:等待页面刷新···
[2016-04-05 17:35:30] test_RoleInfo.py [Test Case:to_RoleInfo] [line:58]INFO:刷新完成！！！
[2016-04-05 17:35:30] test_SKUSet.py [Test Case:tearDown] [line:305]INFO:该条用例执行完毕！！！
[2016-04-05 17:35:33] test_RoleInfo.py [Test Case:test_2search_ByRoleName] [line:245]INFO:等待页面刷新···
[2016-04-05 17:35:33] test_RoleInfo.py [Test Case:test_2search_ByRoleName] [line:247]INFO:刷新完成！！！
[2016-04-05 17:35:33] test_RoleInfo.py [Test Case:tearDown] [line:384]INFO:该条用例执行完毕！！！
[2016-04-05 17:35:40] test_OnlinePromotion.py [Test Case:to_OnlinePromotion] [line:54]INFO:等待页面刷新···
[2016-04-05 17:35:42] test_OnlinePromotion.py [Test Case:to_OnlinePromotion] [line:56]INFO:刷新完成！！！
[2016-04-05 17:35:43] test_RoleInfo.py [Test Case:test_3search_ByRoleState] [line:257]INFO:开始执行用例...
[2016-04-05 17:35:45] test_SKUSet.py [Test Case:to_SKUset] [line:52]INFO:等待页面刷新···
[2016-04-05 17:35:47] test_SKUSet.py [Test Case:to_SKUset] [line:55]INFO:刷新完成！！！
[2016-04-05 17:35:48] test_RoleInfo.py [Test Case:to_RoleInfo] [line:56]INFO:等待页面刷新···
[2016-04-05 17:35:48] test_RoleInfo.py [Test Case:to_RoleInfo] [line:58]INFO:刷新完成！！！
[2016-04-05 17:35:51] test_SKUSet.py [Test Case:tearDown] [line:305]INFO:该条用例执行完毕！！！
[2016-04-05 17:35:55] test_RoleInfo.py [Test Case:tearDown] [line:384]INFO:该条用例执行完毕！！！
[2016-04-05 17:35:58] test_OnlinePromotion.py [Test Case:Delete_And_Add_Assert] [line:72]INFO:删除成功
[2016-04-05 17:35:59] test_OnlinePromotion.py [Test Case:tearDown] [line:1189]INFO:该条用例执行执行完毕！！！
[2016-04-05 17:36:02] test_RoleInfo.py [Test Case:test_4search_byRoleInfo] [line:285]INFO:开始执行用例...
[2016-04-05 17:36:03] test_SKUSet.py [Test Case:to_SKUset] [line:52]INFO:等待页面刷新···
[2016-04-05 17:36:05] test_SKUSet.py [Test Case:to_SKUset] [line:55]INFO:刷新完成！！！
[2016-04-05 17:36:09] test_RoleInfo.py [Test Case:to_RoleInfo] [line:56]INFO:等待页面刷新···
[2016-04-05 17:36:10] test_RoleInfo.py [Test Case:to_RoleInfo] [line:58]INFO:刷新完成！！！
[2016-04-05 17:36:11] test_SKUSet.py [Test Case:clickButton] [line:130]INFO:保存成功！
[2016-04-05 17:36:12] test_SKUSet.py [Test Case:tearDown] [line:305]INFO:该条用例执行完毕！！！
[2016-04-05 17:36:13] test_RoleInfo.py [Test Case:test_4search_byRoleInfo] [line:301]INFO:等待页面刷新···
[2016-04-05 17:36:13] test_RoleInfo.py [Test Case:test_4search_byRoleInfo] [line:303]INFO:刷新完成！！！
[2016-04-05 17:36:13] test_RoleInfo.py [Test Case:tearDown] [line:384]INFO:该条用例执行完毕！！！
[2016-04-05 17:36:14] test_OnlinePromotion.py [Test Case:to_OnlinePromotion] [line:54]INFO:等待页面刷新···
[2016-04-05 17:36:15] test_OnlinePromotion.py [Test Case:to_OnlinePromotion] [line:56]INFO:刷新完成！！！
[2016-04-05 17:36:20] test_RoleInfo.py [Test Case:test_5modify_Role] [line:311]INFO:开始执行用例...
[2016-04-05 17:36:24] test_SKUSet.py [Test Case:to_SKUset] [line:52]INFO:等待页面刷新···
[2016-04-05 17:36:26] test_SKUSet.py [Test Case:to_SKUset] [line:55]INFO:刷新完成！！！
[2016-04-05 17:36:27] test_RoleInfo.py [Test Case:to_RoleInfo] [line:56]INFO:等待页面刷新···
[2016-04-05 17:36:28] test_RoleInfo.py [Test Case:to_RoleInfo] [line:58]INFO:刷新完成！！！
[2016-04-05 17:36:32] test_SKUSet.py [Test Case:clickButton] [line:130]INFO:保存成功！
[2016-04-05 17:36:32] test_SKUSet.py [Test Case:tearDown] [line:305]INFO:该条用例执行完毕！！！
[2016-04-05 17:36:32] test_RoleInfo.py [Test Case:test_5modify_Role] [line:328]INFO:等待页面刷新···
[2016-04-05 17:36:33] test_RoleInfo.py [Test Case:test_5modify_Role] [line:330]INFO:刷新完成！！！
[2016-04-05 17:36:33] test_OnlinePromotion.py [Test Case:Delete_And_Add_Assert] [line:80]INFO:保存成功！
[2016-04-05 17:36:35] test_RoleInfo.py [Test Case:clickButton] [line:120]INFO:保存成功！
[2016-04-05 17:36:38] test_RoleInfo.py [Test Case:tearDown] [line:384]INFO:该条用例执行完毕！！！
[2016-04-05 17:36:40] test_OnlinePromotion.py [Test Case:Delete_And_Add_Assert] [line:80]INFO:保存成功！
[2016-04-05 17:36:42] test_OnlinePromotion.py [Test Case:tearDown] [line:1189]INFO:该条用例执行执行完毕！！！
[2016-04-05 17:36:42] test_RoleInfo.py [Test Case:test_6delete_Role] [line:358]INFO:开始执行用例...
[2016-04-05 17:36:47] test_RoleInfo.py [Test Case:to_RoleInfo] [line:56]INFO:等待页面刷新···
[2016-04-05 17:36:47] test_RoleInfo.py [Test Case:to_RoleInfo] [line:58]INFO:刷新完成！！！
[2016-04-05 17:36:51] test_RoleInfo.py [Test Case:test_6delete_Role] [line:369]INFO:等待页面刷新···
[2016-04-05 17:36:51] test_RoleInfo.py [Test Case:test_6delete_Role] [line:371]INFO:刷新完成！！！
[2016-04-05 17:36:52] test_OnlinePromotion.py [Test Case:to_OnlinePromotion] [line:54]INFO:等待页面刷新···
[2016-04-05 17:36:53] test_OnlinePromotion.py [Test Case:to_OnlinePromotion] [line:56]INFO:刷新完成！！！
[2016-04-05 17:36:54] test_RoleInfo.py [Test Case:clickButton] [line:98]INFO:删除成功
[2016-04-05 17:36:54] test_RoleInfo.py [Test Case:tearDown] [line:384]INFO:该条用例执行完毕！！！
[2016-04-05 17:36:59] test_UserInformation.py [Test Case:test_0add_User] [line:146]INFO:开始执行用例...
[2016-04-05 17:37:04] test_UserInformation.py [Test Case:to_UserInformation] [line:54]INFO:等待页面刷新···
[2016-04-05 17:37:06] test_UserInformation.py [Test Case:to_UserInformation] [line:56]INFO:刷新完成！！！
[2016-04-05 17:37:09] test_OnlinePromotion.py [Test Case:Delete_And_Add_Assert] [line:72]INFO:删除成功
[2016-04-05 17:37:11] test_OnlinePromotion.py [Test Case:Delete_And_Add_Assert] [line:72]INFO:删除成功
[2016-04-05 17:37:11] test_OnlinePromotion.py [Test Case:tearDown] [line:1189]INFO:该条用例执行执行完毕！！！
[2016-04-05 17:37:12] test_UserInformation.py [Test Case:clickButton] [line:131]INFO:用户编码已存在
[2016-04-05 17:37:12] test_UserInformation.py [Test Case:tearDown] [line:307]INFO:该条用例执行完毕！！！
[2016-04-05 17:37:19] test_UserInformation.py [Test Case:test_1search_byUserCode] [line:205]INFO:开始执行用例...
[2016-04-05 17:37:23] test_OnlinePromotion.py [Test Case:to_OnlinePromotion] [line:54]INFO:等待页面刷新···
[2016-04-05 17:37:24] test_OnlinePromotion.py [Test Case:to_OnlinePromotion] [line:56]INFO:刷新完成！！！
[2016-04-05 17:37:24] test_UserInformation.py [Test Case:to_UserInformation] [line:54]INFO:等待页面刷新···
[2016-04-05 17:37:25] test_UserInformation.py [Test Case:to_UserInformation] [line:56]INFO:刷新完成！！！
[2016-04-05 17:37:29] test_UserInformation.py [Test Case:tearDown] [line:307]INFO:该条用例执行完毕！！！
[2016-04-05 17:37:33] test_UserInformation.py [Test Case:test_2search_byUserName] [line:219]INFO:开始执行用例...
[2016-04-05 17:37:38] test_UserInformation.py [Test Case:to_UserInformation] [line:54]INFO:等待页面刷新···
[2016-04-05 17:37:39] test_UserInformation.py [Test Case:to_UserInformation] [line:56]INFO:刷新完成！！！
[2016-04-05 17:37:41] test_OnlinePromotion.py [Test Case:Delete_And_Add_Assert] [line:80]INFO:保存成功！
[2016-04-05 17:37:43] test_UserInformation.py [Test Case:tearDown] [line:307]INFO:该条用例执行完毕！！！
[2016-04-05 17:37:47] test_UserInformation.py [Test Case:test_3iew_User] [line:241]INFO:开始执行用例...
[2016-04-05 17:37:48] test_OnlinePromotion.py [Test Case:Delete_And_Add_Assert] [line:80]INFO:保存成功！
[2016-04-05 17:37:49] test_OnlinePromotion.py [Test Case:tearDown] [line:1189]INFO:该条用例执行执行完毕！！！
[2016-04-05 17:37:52] test_UserInformation.py [Test Case:to_UserInformation] [line:54]INFO:等待页面刷新···
[2016-04-05 17:37:53] test_UserInformation.py [Test Case:to_UserInformation] [line:56]INFO:刷新完成！！！
[2016-04-05 17:37:59] test_OnlinePromotion.py [Test Case:to_OnlinePromotion] [line:54]INFO:等待页面刷新···
[2016-04-05 17:38:00] test_OnlinePromotion.py [Test Case:to_OnlinePromotion] [line:56]INFO:刷新完成！！！
[2016-04-05 17:38:01] test_UserInformation.py [Test Case:clickButton] [line:131]INFO:ORA-00001:违反唯一约束条件
[2016-04-05 17:38:01] test_UserInformation.py [Test Case:tearDown] [line:307]INFO:该条用例执行完毕！！！
[2016-04-05 17:38:06] test_UserInformation.py [Test Case:test_4modify_User] [line:269]INFO:开始执行用例...
[2016-04-05 17:38:11] test_UserInformation.py [Test Case:to_UserInformation] [line:54]INFO:等待页面刷新···
[2016-04-05 17:38:13] test_UserInformation.py [Test Case:to_UserInformation] [line:56]INFO:刷新完成！！！
[2016-04-05 17:38:16] test_OnlinePromotion.py [Test Case:Delete_And_Add_Assert] [line:72]INFO:删除成功
[2016-04-05 17:38:19] test_OnlinePromotion.py [Test Case:Delete_And_Add_Assert] [line:72]INFO:删除成功
[2016-04-05 17:38:19] test_UserInformation.py [Test Case:clickButton] [line:131]INFO:ORA-00001:违反唯一约束条件
[2016-04-05 17:38:19] test_OnlinePromotion.py [Test Case:tearDown] [line:1189]INFO:该条用例执行执行完毕！！！
[2016-04-05 17:38:19] test_UserInformation.py [Test Case:tearDown] [line:307]INFO:该条用例执行完毕！！！
[2016-04-05 17:38:28] test_OnlinePromotion.py [Test Case:to_OnlinePromotion] [line:54]INFO:等待页面刷新···
[2016-04-05 17:38:29] test_OnlinePromotion.py [Test Case:to_OnlinePromotion] [line:56]INFO:刷新完成！！！
[2016-04-05 17:38:46] test_OnlinePromotion.py [Test Case:Delete_And_Add_Assert] [line:80]INFO:保存成功！
[2016-04-05 17:38:51] test_OnlinePromotion.py [Test Case:Delete_And_Add_Assert] [line:80]INFO:保存成功！
[2016-04-05 17:38:53] test_OnlinePromotion.py [Test Case:tearDown] [line:1189]INFO:该条用例执行执行完毕！！！
[2016-04-05 17:39:01] test_OnlinePromotion.py [Test Case:to_OnlinePromotion] [line:54]INFO:等待页面刷新···
[2016-04-05 17:39:03] test_OnlinePromotion.py [Test Case:to_OnlinePromotion] [line:56]INFO:刷新完成！！！
[2016-04-05 17:39:18] test_OnlinePromotion.py [Test Case:Delete_And_Add_Assert] [line:72]INFO:删除成功
[2016-04-05 17:39:21] test_OnlinePromotion.py [Test Case:Delete_And_Add_Assert] [line:72]INFO:删除成功
[2016-04-05 17:39:21] test_OnlinePromotion.py [Test Case:tearDown] [line:1189]INFO:该条用例执行执行完毕！！！
[2016-04-05 17:39:30] test_OnlinePromotion.py [Test Case:to_OnlinePromotion] [line:54]INFO:等待页面刷新···
[2016-04-05 17:39:31] test_OnlinePromotion.py [Test Case:to_OnlinePromotion] [line:56]INFO:刷新完成！！！
[2016-04-05 17:39:49] test_OnlinePromotion.py [Test Case:Delete_And_Add_Assert] [line:80]INFO:保存成功！
[2016-04-05 17:39:51] test_OnlinePromotion.py [Test Case:tearDown] [line:1189]INFO:该条用例执行执行完毕！！！
[2016-04-05 17:40:00] test_OnlinePromotion.py [Test Case:to_OnlinePromotion] [line:54]INFO:等待页面刷新···
[2016-04-05 17:40:01] test_OnlinePromotion.py [Test Case:to_OnlinePromotion] [line:56]INFO:刷新完成！！！
[2016-04-05 17:40:15] test_OnlinePromotion.py [Test Case:Delete_And_Add_Assert] [line:72]INFO:删除成功
[2016-04-05 17:40:16] test_OnlinePromotion.py [Test Case:tearDown] [line:1189]INFO:该条用例执行执行完毕！！！
[2016-04-05 17:40:25] test_OnlinePromotion.py [Test Case:to_OnlinePromotion] [line:54]INFO:等待页面刷新···
[2016-04-05 17:40:26] test_OnlinePromotion.py [Test Case:to_OnlinePromotion] [line:56]INFO:刷新完成！！！
[2016-04-05 17:40:40] test_OnlinePromotion.py [Test Case:Delete_And_Add_Assert] [line:80]INFO:保存成功！
[2016-04-05 17:40:41] test_OnlinePromotion.py [Test Case:tearDown] [line:1189]INFO:该条用例执行执行完毕！！！
[2016-04-05 17:40:50] test_OnlinePromotion.py [Test Case:to_OnlinePromotion] [line:54]INFO:等待页面刷新···
[2016-04-05 17:40:51] test_OnlinePromotion.py [Test Case:to_OnlinePromotion] [line:56]INFO:刷新完成！！！
[2016-04-05 17:41:05] test_OnlinePromotion.py [Test Case:Delete_And_Add_Assert] [line:72]INFO:删除成功
[2016-04-05 17:41:07] test_OnlinePromotion.py [Test Case:tearDown] [line:1189]INFO:该条用例执行执行完毕！！！
[2016-04-05 17:41:16] test_OnlinePromotion.py [Test Case:to_OnlinePromotion] [line:54]INFO:等待页面刷新···
[2016-04-05 17:41:16] test_OnlinePromotion.py [Test Case:to_OnlinePromotion] [line:56]INFO:刷新完成！！！
[2016-04-05 17:41:26] test_OnlinePromotion.py [Test Case:Delete_And_Add_Assert] [line:72]INFO:删除成功
[2016-04-05 17:41:26] test_OnlinePromotion.py [Test Case:tearDown] [line:1189]INFO:该条用例执行执行完毕！！！
[2016-04-05 17:41:42] test_OnlinePromotionRelation.py [Test Case:tearDown] [line:259]INFO:该条用例执行完毕！！！
[2016-04-05 17:41:58] test_OnlinePromotionRelation.py [Test Case:tearDown] [line:259]INFO:该条用例执行完毕！！！
[2016-04-05 17:42:11] test_OnlinePromotionRelation.py [Test Case:tearDown] [line:259]INFO:该条用例执行完毕！！！
[2016-04-05 17:42:24] test_OnlinePromotionRelation.py [Test Case:tearDown] [line:259]INFO:该条用例执行完毕！！！
