[2016-04-13 10:36:33] test_OfflinePromotion.py [Test Case:test_OfflinePromotion] [line:28]INFO:~~~线下促销模块测试~~~
[2016-04-13 10:36:33] test_OfflinePromotionRelation.py [Test Case:test_OfflinePromotionRelation] [line:24]INFO:~~~线下促销关系模块测试~~~
[2016-04-13 10:36:33] test_OnlinePromotion.py [Test Case:test_OnlinePromotion] [line:29]INFO:~~~线上促销模块测试~~~
[2016-04-13 10:36:33] test_OnlinePromotionRelation.py [Test Case:test_OlinePromotionRelation] [line:32]INFO:~~~线上促销关系模块测试~~~
[2016-04-13 10:36:42] test_OfflinePromotion.py [Test Case:to_OfflinePromotion] [line:54]INFO:等待页面刷新···
[2016-04-13 10:36:47] test_OfflinePromotion.py [Test Case:to_OfflinePromotion] [line:56]INFO:刷新完成！！！
[2016-04-13 10:37:34] test_OfflinePromotion.py [Test Case:tearDown] [line:1155]INFO:该条用例执行执行完毕！！！
[2016-04-13 10:37:43] test_OfflinePromotion.py [Test Case:to_OfflinePromotion] [line:54]INFO:等待页面刷新···
[2016-04-13 10:37:45] test_OfflinePromotion.py [Test Case:to_OfflinePromotion] [line:56]INFO:刷新完成！！！
[2016-04-13 10:38:09] test_OfflinePromotion.py [Test Case:tearDown] [line:1155]INFO:该条用例执行执行完毕！！！
[2016-04-13 10:38:18] test_OfflinePromotion.py [Test Case:to_OfflinePromotion] [line:54]INFO:等待页面刷新···
[2016-04-13 10:38:19] test_OfflinePromotion.py [Test Case:to_OfflinePromotion] [line:56]INFO:刷新完成！！！
[2016-04-13 10:38:31] test_OfflinePromotion.py [Test Case:tearDown] [line:1155]INFO:该条用例执行执行完毕！！！
[2016-04-13 10:38:41] test_OfflinePromotion.py [Test Case:to_OfflinePromotion] [line:54]INFO:等待页面刷新···
[2016-04-13 10:38:42] test_OfflinePromotion.py [Test Case:to_OfflinePromotion] [line:56]INFO:刷新完成！！！
[2016-04-13 10:38:48] test_OfflinePromotion.py [Test Case:tearDown] [line:1155]INFO:该条用例执行执行完毕！！！
[2016-04-13 10:38:57] test_OfflinePromotion.py [Test Case:to_OfflinePromotion] [line:54]INFO:等待页面刷新···
[2016-04-13 10:38:58] test_OfflinePromotion.py [Test Case:to_OfflinePromotion] [line:56]INFO:刷新完成！！！
[2016-04-13 10:39:07] test_OfflinePromotion.py [Test Case:tearDown] [line:1155]INFO:该条用例执行执行完毕！！！
[2016-04-13 10:39:16] test_OfflinePromotion.py [Test Case:to_OfflinePromotion] [line:54]INFO:等待页面刷新···
[2016-04-13 10:39:18] test_OfflinePromotion.py [Test Case:to_OfflinePromotion] [line:56]INFO:刷新完成！！！
[2016-04-13 10:39:23] test_OfflinePromotion.py [Test Case:tearDown] [line:1155]INFO:该条用例执行执行完毕！！！
[2016-04-13 10:39:33] test_OfflinePromotion.py [Test Case:to_OfflinePromotion] [line:54]INFO:等待页面刷新···
[2016-04-13 10:39:34] test_OfflinePromotion.py [Test Case:to_OfflinePromotion] [line:56]INFO:刷新完成！！！
[2016-04-13 10:39:37] isspublic.py [Test Case:WebWait] [line:47]INFO:页面无法刷新！！！
[2016-04-13 10:39:37] test_OfflinePromotion.py [Test Case:tearDown] [line:1155]INFO:该条用例执行执行完毕！！！
[2016-04-13 10:39:47] test_OfflinePromotion.py [Test Case:to_OfflinePromotion] [line:54]INFO:等待页面刷新···
[2016-04-13 10:39:48] test_OfflinePromotion.py [Test Case:to_OfflinePromotion] [line:56]INFO:刷新完成！！！
[2016-04-13 10:40:26] test_OfflinePromotion.py [Test Case:tearDown] [line:1155]INFO:该条用例执行执行完毕！！！
[2016-04-13 10:40:35] test_OfflinePromotion.py [Test Case:to_OfflinePromotion] [line:54]INFO:等待页面刷新···
[2016-04-13 10:40:36] test_OfflinePromotion.py [Test Case:to_OfflinePromotion] [line:56]INFO:刷新完成！！！
[2016-04-13 10:41:15] test_OfflinePromotion.py [Test Case:tearDown] [line:1155]INFO:该条用例执行执行完毕！！！
[2016-04-13 10:41:24] test_OfflinePromotion.py [Test Case:to_OfflinePromotion] [line:54]INFO:等待页面刷新···
[2016-04-13 10:41:25] test_OfflinePromotion.py [Test Case:to_OfflinePromotion] [line:56]INFO:刷新完成！！！
[2016-04-13 10:42:03] test_OfflinePromotion.py [Test Case:tearDown] [line:1155]INFO:该条用例执行执行完毕！！！
[2016-04-13 10:42:12] test_OfflinePromotion.py [Test Case:to_OfflinePromotion] [line:54]INFO:等待页面刷新···
[2016-04-13 10:42:13] test_OfflinePromotion.py [Test Case:to_OfflinePromotion] [line:56]INFO:刷新完成！！！
[2016-04-13 10:42:51] test_OfflinePromotion.py [Test Case:tearDown] [line:1155]INFO:该条用例执行执行完毕！！！
[2016-04-13 10:43:01] test_OfflinePromotion.py [Test Case:to_OfflinePromotion] [line:54]INFO:等待页面刷新···
[2016-04-13 10:43:02] test_OfflinePromotion.py [Test Case:to_OfflinePromotion] [line:56]INFO:刷新完成！！！
[2016-04-13 10:43:40] test_OfflinePromotion.py [Test Case:tearDown] [line:1155]INFO:该条用例执行执行完毕！！！
[2016-04-13 10:43:49] test_OfflinePromotion.py [Test Case:to_OfflinePromotion] [line:54]INFO:等待页面刷新···
[2016-04-13 10:43:51] test_OfflinePromotion.py [Test Case:to_OfflinePromotion] [line:56]INFO:刷新完成！！！
[2016-04-13 10:44:29] test_OfflinePromotion.py [Test Case:tearDown] [line:1155]INFO:该条用例执行执行完毕！！！
[2016-04-13 10:44:38] test_OfflinePromotion.py [Test Case:to_OfflinePromotion] [line:54]INFO:等待页面刷新···
[2016-04-13 10:44:40] test_OfflinePromotion.py [Test Case:to_OfflinePromotion] [line:56]INFO:刷新完成！！！
[2016-04-13 10:45:18] test_OfflinePromotion.py [Test Case:tearDown] [line:1155]INFO:该条用例执行执行完毕！！！
[2016-04-13 10:45:28] test_OfflinePromotion.py [Test Case:to_OfflinePromotion] [line:54]INFO:等待页面刷新···
[2016-04-13 10:45:29] test_OfflinePromotion.py [Test Case:to_OfflinePromotion] [line:56]INFO:刷新完成！！！
[2016-04-13 10:46:07] test_OfflinePromotion.py [Test Case:tearDown] [line:1155]INFO:该条用例执行执行完毕！！！
[2016-04-13 10:46:17] test_OfflinePromotion.py [Test Case:to_OfflinePromotion] [line:54]INFO:等待页面刷新···
[2016-04-13 10:46:18] test_OfflinePromotion.py [Test Case:to_OfflinePromotion] [line:56]INFO:刷新完成！！！
[2016-04-13 10:46:56] test_OfflinePromotion.py [Test Case:tearDown] [line:1155]INFO:该条用例执行执行完毕！！！
[2016-04-13 10:47:05] test_OfflinePromotion.py [Test Case:to_OfflinePromotion] [line:54]INFO:等待页面刷新···
[2016-04-13 10:47:06] test_OfflinePromotion.py [Test Case:to_OfflinePromotion] [line:56]INFO:刷新完成！！！
[2016-04-13 10:47:45] test_OfflinePromotion.py [Test Case:tearDown] [line:1155]INFO:该条用例执行执行完毕！！！
[2016-04-13 10:47:54] test_OfflinePromotion.py [Test Case:to_OfflinePromotion] [line:54]INFO:等待页面刷新···
[2016-04-13 10:47:55] test_OfflinePromotion.py [Test Case:to_OfflinePromotion] [line:56]INFO:刷新完成！！！
[2016-04-13 10:48:33] test_OfflinePromotion.py [Test Case:tearDown] [line:1155]INFO:该条用例执行执行完毕！！！
[2016-04-13 10:48:43] test_OfflinePromotion.py [Test Case:to_OfflinePromotion] [line:54]INFO:等待页面刷新···
[2016-04-13 10:48:44] test_OfflinePromotion.py [Test Case:to_OfflinePromotion] [line:56]INFO:刷新完成！！！
[2016-04-13 10:49:22] test_OfflinePromotion.py [Test Case:tearDown] [line:1155]INFO:该条用例执行执行完毕！！！
[2016-04-13 10:49:31] test_OfflinePromotion.py [Test Case:to_OfflinePromotion] [line:54]INFO:等待页面刷新···
[2016-04-13 10:49:32] test_OfflinePromotion.py [Test Case:to_OfflinePromotion] [line:56]INFO:刷新完成！！！
[2016-04-13 10:50:11] test_OfflinePromotion.py [Test Case:tearDown] [line:1155]INFO:该条用例执行执行完毕！！！
[2016-04-13 10:50:20] test_OfflinePromotion.py [Test Case:to_OfflinePromotion] [line:54]INFO:等待页面刷新···
[2016-04-13 10:50:21] test_OfflinePromotion.py [Test Case:to_OfflinePromotion] [line:56]INFO:刷新完成！！！
[2016-04-13 10:50:59] test_OfflinePromotion.py [Test Case:tearDown] [line:1155]INFO:该条用例执行执行完毕！！！
[2016-04-13 10:51:05] test_OfflinePromotion.py [Test Case:test_lmodify_ApprovalStatus] [line:1127]INFO:开始执行用例...
[2016-04-13 10:51:10] test_OfflinePromotion.py [Test Case:to_OfflinePromotion] [line:54]INFO:等待页面刷新···
[2016-04-13 10:51:11] test_OfflinePromotion.py [Test Case:to_OfflinePromotion] [line:56]INFO:刷新完成！！！
[2016-04-13 10:51:57] test_OfflinePromotion.py [Test Case:tearDown] [line:1155]INFO:该条用例执行执行完毕！！！
[2016-04-13 10:52:13] test_OfflinePromotionRelation.py [Test Case:tearDown] [line:253]INFO:该条用例执行完毕！！！
[2016-04-13 10:52:28] test_OfflinePromotionRelation.py [Test Case:tearDown] [line:253]INFO:该条用例执行完毕！！！
[2016-04-13 10:52:41] test_OfflinePromotionRelation.py [Test Case:tearDown] [line:253]INFO:该条用例执行完毕！！！
[2016-04-13 10:52:55] test_OfflinePromotionRelation.py [Test Case:tearDown] [line:253]INFO:该条用例执行完毕！！！
[2016-04-13 10:53:00] test_OnlinePromotion.py [Test Case:test_0add_Promotion] [line:191]INFO:开始执行用例...
[2016-04-13 10:53:04] test_OnlinePromotion.py [Test Case:to_OnlinePromotion] [line:54]INFO:等待页面刷新···
[2016-04-13 10:53:06] test_OnlinePromotion.py [Test Case:to_OnlinePromotion] [line:56]INFO:刷新完成！！！
[2016-04-13 10:53:28] test_OnlinePromotion.py [Test Case:Delete_And_Add_Assert] [line:80]INFO:请增加时段约束信息！
[2016-04-13 10:53:28] test_OnlinePromotion.py [Test Case:tearDown] [line:1300]INFO:该条用例执行执行完毕！！！
[2016-04-13 10:53:32] test_OnlinePromotion.py [Test Case:test_1search_byKeyWord] [line:318]INFO:开始执行用例...
[2016-04-13 10:53:38] test_OnlinePromotion.py [Test Case:to_OnlinePromotion] [line:54]INFO:等待页面刷新···
[2016-04-13 10:53:39] test_OnlinePromotion.py [Test Case:to_OnlinePromotion] [line:56]INFO:刷新完成！！！
[2016-04-13 10:54:03] test_OnlinePromotion.py [Test Case:tearDown] [line:1300]INFO:该条用例执行执行完毕！！！
[2016-04-13 10:54:08] test_OnlinePromotion.py [Test Case:test_2search_byActivityTime] [line:350]INFO:开始执行用例...
[2016-04-13 10:54:13] test_OnlinePromotion.py [Test Case:to_OnlinePromotion] [line:54]INFO:等待页面刷新···
[2016-04-13 10:54:14] test_OnlinePromotion.py [Test Case:to_OnlinePromotion] [line:56]INFO:刷新完成！！！
[2016-04-13 10:54:25] test_OnlinePromotion.py [Test Case:tearDown] [line:1300]INFO:该条用例执行执行完毕！！！
[2016-04-13 10:54:29] test_OnlinePromotion.py [Test Case:test_3search_byApplicableObject] [line:410]INFO:开始执行用例...
[2016-04-13 10:54:35] test_OnlinePromotion.py [Test Case:to_OnlinePromotion] [line:54]INFO:等待页面刷新···
[2016-04-13 10:54:36] test_OnlinePromotion.py [Test Case:to_OnlinePromotion] [line:56]INFO:刷新完成！！！
[2016-04-13 10:54:41] test_OnlinePromotion.py [Test Case:tearDown] [line:1300]INFO:该条用例执行执行完毕！！！
[2016-04-13 10:54:45] test_OnlinePromotion.py [Test Case:test_4search_byMakeDate] [line:432]INFO:开始执行用例...
[2016-04-13 10:54:51] test_OnlinePromotion.py [Test Case:to_OnlinePromotion] [line:54]INFO:等待页面刷新···
[2016-04-13 10:54:52] test_OnlinePromotion.py [Test Case:to_OnlinePromotion] [line:56]INFO:刷新完成！！！
[2016-04-13 10:55:01] test_OnlinePromotion.py [Test Case:tearDown] [line:1300]INFO:该条用例执行执行完毕！！！
[2016-04-13 10:55:06] test_OnlinePromotion.py [Test Case:test_5search_byIdentifyDocument] [line:480]INFO:开始执行用例...
[2016-04-13 10:55:11] test_OnlinePromotion.py [Test Case:to_OnlinePromotion] [line:54]INFO:等待页面刷新···
[2016-04-13 10:55:12] test_OnlinePromotion.py [Test Case:to_OnlinePromotion] [line:56]INFO:刷新完成！！！
[2016-04-13 10:55:17] test_OnlinePromotion.py [Test Case:tearDown] [line:1300]INFO:该条用例执行执行完毕！！！
[2016-04-13 10:55:22] test_OnlinePromotion.py [Test Case:test_6search_byPromotionType] [line:505]INFO:开始执行用例...
[2016-04-13 10:55:27] test_OnlinePromotion.py [Test Case:to_OnlinePromotion] [line:54]INFO:等待页面刷新···
[2016-04-13 10:55:28] test_OnlinePromotion.py [Test Case:to_OnlinePromotion] [line:56]INFO:刷新完成！！！
[2016-04-13 10:55:33] test_OnlinePromotion.py [Test Case:tearDown] [line:1300]INFO:该条用例执行执行完毕！！！
[2016-04-13 10:55:38] test_OnlinePromotion.py [Test Case:test_7modify_Promotion] [line:560]INFO:开始执行用例...
[2016-04-13 10:55:43] test_OnlinePromotion.py [Test Case:to_OnlinePromotion] [line:54]INFO:等待页面刷新···
[2016-04-13 10:55:44] test_OnlinePromotion.py [Test Case:to_OnlinePromotion] [line:56]INFO:刷新完成！！！
[2016-04-13 10:56:22] test_OnlinePromotion.py [Test Case:tearDown] [line:1300]INFO:该条用例执行执行完毕！！！
[2016-04-13 10:56:26] test_OnlinePromotion.py [Test Case:test_8modify_AddSuitObject] [line:571]INFO:开始执行用例...
[2016-04-13 10:56:31] test_OnlinePromotion.py [Test Case:to_OnlinePromotion] [line:54]INFO:等待页面刷新···
[2016-04-13 10:56:33] test_OnlinePromotion.py [Test Case:to_OnlinePromotion] [line:56]INFO:刷新完成！！！
[2016-04-13 10:57:11] test_OnlinePromotion.py [Test Case:tearDown] [line:1300]INFO:该条用例执行执行完毕！！！
[2016-04-13 10:57:15] test_OnlinePromotion.py [Test Case:test_9modify_DeleteSuitObject] [line:611]INFO:开始执行用例...
[2016-04-13 10:57:20] test_OnlinePromotion.py [Test Case:to_OnlinePromotion] [line:54]INFO:等待页面刷新···
[2016-04-13 10:57:21] test_OnlinePromotion.py [Test Case:to_OnlinePromotion] [line:56]INFO:刷新完成！！！
[2016-04-13 10:57:59] test_OnlinePromotion.py [Test Case:tearDown] [line:1300]INFO:该条用例执行执行完毕！！！
[2016-04-13 10:58:03] test_OnlinePromotion.py [Test Case:test_amodify_Add_TimeConstraint] [line:634]INFO:开始执行用例...
[2016-04-13 10:58:08] test_OnlinePromotion.py [Test Case:to_OnlinePromotion] [line:54]INFO:等待页面刷新···
[2016-04-13 10:58:09] test_OnlinePromotion.py [Test Case:to_OnlinePromotion] [line:56]INFO:刷新完成！！！
[2016-04-13 10:58:47] test_OnlinePromotion.py [Test Case:tearDown] [line:1300]INFO:该条用例执行执行完毕！！！
[2016-04-13 10:58:52] test_OnlinePromotion.py [Test Case:test_bmodify_Delete_TimeConstraint] [line:673]INFO:开始执行用例...
[2016-04-13 10:58:57] test_OnlinePromotion.py [Test Case:to_OnlinePromotion] [line:54]INFO:等待页面刷新···
[2016-04-13 10:58:58] test_OnlinePromotion.py [Test Case:to_OnlinePromotion] [line:56]INFO:刷新完成！！！
[2016-04-13 10:59:36] test_OnlinePromotion.py [Test Case:tearDown] [line:1300]INFO:该条用例执行执行完毕！！！
[2016-04-13 10:59:40] test_OnlinePromotion.py [Test Case:test_cmodify_AddPromotion_com] [line:704]INFO:开始执行用例...
[2016-04-13 10:59:45] test_OnlinePromotion.py [Test Case:to_OnlinePromotion] [line:54]INFO:等待页面刷新···
[2016-04-13 10:59:47] test_OnlinePromotion.py [Test Case:to_OnlinePromotion] [line:56]INFO:刷新完成！！！
[2016-04-13 11:00:25] test_OnlinePromotion.py [Test Case:tearDown] [line:1300]INFO:该条用例执行执行完毕！！！
[2016-04-13 11:00:29] test_OnlinePromotion.py [Test Case:test_dmodify_DeletePromotion_com] [line:779]INFO:开始执行用例...
[2016-04-13 11:00:34] test_OnlinePromotion.py [Test Case:to_OnlinePromotion] [line:54]INFO:等待页面刷新···
[2016-04-13 11:00:35] test_OnlinePromotion.py [Test Case:to_OnlinePromotion] [line:56]INFO:刷新完成！！！
[2016-04-13 11:01:13] test_OnlinePromotion.py [Test Case:tearDown] [line:1300]INFO:该条用例执行执行完毕！！！
[2016-04-13 11:01:18] test_OnlinePromotion.py [Test Case:test_emodify_AddRedemption_com] [line:826]INFO:开始执行用例...
[2016-04-13 11:01:23] test_OnlinePromotion.py [Test Case:to_OnlinePromotion] [line:54]INFO:等待页面刷新···
[2016-04-13 11:01:24] test_OnlinePromotion.py [Test Case:to_OnlinePromotion] [line:56]INFO:刷新完成！！！
[2016-04-13 11:02:02] test_OnlinePromotion.py [Test Case:tearDown] [line:1300]INFO:该条用例执行执行完毕！！！
[2016-04-13 11:02:07] test_OnlinePromotion.py [Test Case:test_fmodify_DeleteRedemption_com] [line:903]INFO:开始执行用例...
[2016-04-13 11:02:11] test_OnlinePromotion.py [Test Case:to_OnlinePromotion] [line:54]INFO:等待页面刷新···
[2016-04-13 11:02:12] test_OnlinePromotion.py [Test Case:to_OnlinePromotion] [line:56]INFO:刷新完成！！！
[2016-04-13 11:02:51] test_OnlinePromotion.py [Test Case:tearDown] [line:1300]INFO:该条用例执行执行完毕！！！
[2016-04-13 11:02:55] test_OnlinePromotion.py [Test Case:test_gmodify_AddDonation] [line:950]INFO:开始执行用例...
[2016-04-13 11:03:00] test_OnlinePromotion.py [Test Case:to_OnlinePromotion] [line:54]INFO:等待页面刷新···
[2016-04-13 11:03:01] test_OnlinePromotion.py [Test Case:to_OnlinePromotion] [line:56]INFO:刷新完成！！！
[2016-04-13 11:03:39] test_OnlinePromotion.py [Test Case:tearDown] [line:1300]INFO:该条用例执行执行完毕！！！
[2016-04-13 11:03:44] test_OnlinePromotion.py [Test Case:test_hmodify_DeleteDonation] [line:1030]INFO:开始执行用例...
[2016-04-13 11:03:48] test_OnlinePromotion.py [Test Case:to_OnlinePromotion] [line:54]INFO:等待页面刷新···
[2016-04-13 11:03:50] test_OnlinePromotion.py [Test Case:to_OnlinePromotion] [line:56]INFO:刷新完成！！！
[2016-04-13 11:04:28] test_OnlinePromotion.py [Test Case:tearDown] [line:1300]INFO:该条用例执行执行完毕！！！
[2016-04-13 11:04:32] test_OnlinePromotion.py [Test Case:test_imodify_AddTriggerPoint] [line:1075]INFO:开始执行用例...
[2016-04-13 11:04:37] test_OnlinePromotion.py [Test Case:to_OnlinePromotion] [line:54]INFO:等待页面刷新···
[2016-04-13 11:04:38] test_OnlinePromotion.py [Test Case:to_OnlinePromotion] [line:56]INFO:刷新完成！！！
[2016-04-13 11:05:16] test_OnlinePromotion.py [Test Case:tearDown] [line:1300]INFO:该条用例执行执行完毕！！！
[2016-04-13 11:05:21] test_OnlinePromotion.py [Test Case:test_jmodify_DeleteTriggerPoint] [line:1146]INFO:开始执行用例...
[2016-04-13 11:05:26] test_OnlinePromotion.py [Test Case:to_OnlinePromotion] [line:54]INFO:等待页面刷新···
[2016-04-13 11:05:27] test_OnlinePromotion.py [Test Case:to_OnlinePromotion] [line:56]INFO:刷新完成！！！
[2016-04-13 11:06:05] test_OnlinePromotion.py [Test Case:tearDown] [line:1300]INFO:该条用例执行执行完毕！！！
[2016-04-13 11:06:10] test_OnlinePromotion.py [Test Case:test_kmodify_AddPayment] [line:1177]INFO:开始执行用例...
[2016-04-13 11:06:15] test_OnlinePromotion.py [Test Case:to_OnlinePromotion] [line:54]INFO:等待页面刷新···
[2016-04-13 11:06:16] test_OnlinePromotion.py [Test Case:to_OnlinePromotion] [line:56]INFO:刷新完成！！！
[2016-04-13 11:06:54] test_OnlinePromotion.py [Test Case:tearDown] [line:1300]INFO:该条用例执行执行完毕！！！
[2016-04-13 11:06:58] test_OnlinePromotion.py [Test Case:test_ldelete_DeletePayment] [line:1217]INFO:开始执行用例...
[2016-04-13 11:10:32] test_OnlinePromotion.py [Test Case:tearDown] [line:1300]INFO:该条用例执行执行完毕！！！
[2016-04-13 11:10:37] test_OnlinePromotion.py [Test Case:test_mdelete_Promotion] [line:1253]INFO:开始执行用例...
[2016-04-13 11:13:03] test_OnlinePromotion.py [Test Case:to_OnlinePromotion] [line:54]INFO:等待页面刷新···
[2016-04-13 11:13:05] test_OnlinePromotion.py [Test Case:to_OnlinePromotion] [line:56]INFO:刷新完成！！！
[2016-04-13 11:13:43] test_OnlinePromotion.py [Test Case:tearDown] [line:1300]INFO:该条用例执行执行完毕！！！
[2016-04-13 11:14:03] test_OnlinePromotionRelation.py [Test Case:tearDown] [line:259]INFO:该条用例执行完毕！！！
[2016-04-13 11:14:20] test_OnlinePromotionRelation.py [Test Case:tearDown] [line:259]INFO:该条用例执行完毕！！！
[2016-04-13 11:14:34] test_OnlinePromotionRelation.py [Test Case:tearDown] [line:259]INFO:该条用例执行完毕！！！
[2016-04-13 11:14:49] test_OnlinePromotionRelation.py [Test Case:tearDown] [line:259]INFO:该条用例执行完毕！！！
