[2016-04-13 09:32:09] test_ConstantSetting.py [Test Case:test_ConstantSetting] [line:32]INFO:~~~常数配置模块测试~~~
[2016-04-13 09:32:09] test_CustomExpress.py [Test Case:test_CustomExpress] [line:28]INFO:~~~自定义快递模块测试~~~
[2016-04-13 09:32:09] test_DefaultExpress.py [Test Case:test_DefaultExpress] [line:31]INFO:~~~默认快递模块测试~~~
[2016-04-13 09:32:09] test_Device.py [Test Case:test_Device] [line:29]INFO:~~~设备信息模块测试~~~
[2016-04-13 09:32:09] test_EmployeeInfo.py [Test Case:test_EmployeeInfo] [line:43]INFO:~~~人员信息模块测试~~~
[2016-04-13 09:32:09] test_Organization.py [Test Case:test_Organization] [line:28]INFO:~~~销售组织管理模块测试~~~
[2016-04-13 09:32:09] test_RoleInfo.py [Test Case:test_RoleInfo] [line:31]INFO:~~~商品类别模块测试~~~
[2016-04-13 09:32:09] test_UserInformation.py [Test Case:test_UserInformation] [line:29]INFO:~~~用户信息模块测试~~~
[2016-04-13 09:32:18] test_ConstantSetting.py [Test Case:to_ConstantSetting] [line:58]INFO:等待页面刷新···
[2016-04-13 09:32:18] test_ConstantSetting.py [Test Case:to_ConstantSetting] [line:61]INFO:刷新完成！！！
[2016-04-13 09:32:23] test_ConstantSetting.py [Test Case:clickButton] [line:132]INFO:保存成功！
[2016-04-13 09:32:24] test_ConstantSetting.py [Test Case:tearDown] [line:326]INFO:该条用例执行完毕！！！
[2016-04-13 09:32:33] test_ConstantSetting.py [Test Case:to_ConstantSetting] [line:58]INFO:等待页面刷新···
[2016-04-13 09:32:34] test_ConstantSetting.py [Test Case:to_ConstantSetting] [line:61]INFO:刷新完成！！！
[2016-04-13 09:32:39] test_ConstantSetting.py [Test Case:tearDown] [line:326]INFO:该条用例执行完毕！！！
[2016-04-13 09:32:48] test_ConstantSetting.py [Test Case:to_ConstantSetting] [line:58]INFO:等待页面刷新···
[2016-04-13 09:32:49] test_ConstantSetting.py [Test Case:to_ConstantSetting] [line:61]INFO:刷新完成！！！
[2016-04-13 09:32:52] test_ConstantSetting.py [Test Case:tearDown] [line:326]INFO:该条用例执行完毕！！！
[2016-04-13 09:33:01] test_ConstantSetting.py [Test Case:to_ConstantSetting] [line:58]INFO:等待页面刷新···
[2016-04-13 09:33:01] test_ConstantSetting.py [Test Case:to_ConstantSetting] [line:61]INFO:刷新完成！！！
[2016-04-13 09:33:07] test_ConstantSetting.py [Test Case:clickButton] [line:132]INFO:保存成功！
[2016-04-13 09:33:07] test_ConstantSetting.py [Test Case:tearDown] [line:326]INFO:该条用例执行完毕！！！
[2016-04-13 09:33:17] test_ConstantSetting.py [Test Case:to_ConstantSetting] [line:58]INFO:等待页面刷新···
[2016-04-13 09:33:17] test_ConstantSetting.py [Test Case:to_ConstantSetting] [line:61]INFO:刷新完成！！！
[2016-04-13 09:33:26] test_ConstantSetting.py [Test Case:clickButton] [line:132]INFO:保存成功！
[2016-04-13 09:33:29] test_ConstantSetting.py [Test Case:tearDown] [line:326]INFO:该条用例执行完毕！！！
[2016-04-13 09:33:38] test_ConstantSetting.py [Test Case:to_ConstantSetting] [line:58]INFO:等待页面刷新···
[2016-04-13 09:33:39] test_ConstantSetting.py [Test Case:to_ConstantSetting] [line:61]INFO:刷新完成！！！
[2016-04-13 09:33:47] test_ConstantSetting.py [Test Case:clickButton] [line:106]INFO:删除成功
[2016-04-13 09:33:47] test_ConstantSetting.py [Test Case:tearDown] [line:326]INFO:该条用例执行完毕！！！
[2016-04-13 09:33:56] test_CustomExpress.py [Test Case:to_CustomExpress] [line:53]INFO:等待页面刷新···
[2016-04-13 09:33:58] test_CustomExpress.py [Test Case:to_CustomExpress] [line:56]INFO:刷新完成！！！
[2016-04-13 09:34:07] test_CustomExpress.py [Test Case:test_1search_byTemplateType] [line:293]INFO:等待页面刷新···
[2016-04-13 09:34:07] test_CustomExpress.py [Test Case:test_1search_byTemplateType] [line:296]INFO:刷新完成！！！
[2016-04-13 09:34:08] test_CustomExpress.py [Test Case:tearDown] [line:504]INFO:该条用例执行完毕！！！
[2016-04-13 09:34:17] test_CustomExpress.py [Test Case:to_CustomExpress] [line:53]INFO:等待页面刷新···
[2016-04-13 09:34:20] test_CustomExpress.py [Test Case:to_CustomExpress] [line:56]INFO:刷新完成！！！
[2016-04-13 09:34:30] test_CustomExpress.py [Test Case:test_2search_byExpressType] [line:367]INFO:等待页面刷新···
[2016-04-13 09:34:30] test_CustomExpress.py [Test Case:test_2search_byExpressType] [line:371]INFO:刷新完成！！！
[2016-04-13 09:34:30] test_CustomExpress.py [Test Case:tearDown] [line:504]INFO:该条用例执行完毕！！！
[2016-04-13 09:34:40] test_CustomExpress.py [Test Case:to_CustomExpress] [line:53]INFO:等待页面刷新···
[2016-04-13 09:34:42] test_CustomExpress.py [Test Case:to_CustomExpress] [line:56]INFO:刷新完成！！！
[2016-04-13 09:34:49] test_CustomExpress.py [Test Case:test_3search_byStoreName] [line:400]INFO:等待页面刷新···
[2016-04-13 09:34:49] test_CustomExpress.py [Test Case:test_3search_byStoreName] [line:404]INFO:刷新完成！！！
[2016-04-13 09:34:50] test_CustomExpress.py [Test Case:tearDown] [line:504]INFO:该条用例执行完毕！！！
[2016-04-13 09:34:59] test_CustomExpress.py [Test Case:to_CustomExpress] [line:53]INFO:等待页面刷新···
[2016-04-13 09:35:01] test_CustomExpress.py [Test Case:to_CustomExpress] [line:56]INFO:刷新完成！！！
[2016-04-13 09:35:08] test_CustomExpress.py [Test Case:clickButton] [line:135]INFO:保存成功！
[2016-04-13 09:35:08] test_CustomExpress.py [Test Case:tearDown] [line:504]INFO:该条用例执行完毕！！！
[2016-04-13 09:35:17] test_CustomExpress.py [Test Case:to_CustomExpress] [line:53]INFO:等待页面刷新···
[2016-04-13 09:35:20] test_CustomExpress.py [Test Case:to_CustomExpress] [line:56]INFO:刷新完成！！！
[2016-04-13 09:35:26] test_CustomExpress.py [Test Case:clickButton] [line:135]INFO:保存成功！
[2016-04-13 09:35:26] test_CustomExpress.py [Test Case:test_5modify_CustomExpress] [line:463]INFO:等待页面刷新···
[2016-04-13 09:35:26] test_CustomExpress.py [Test Case:test_5modify_CustomExpress] [line:467]INFO:刷新完成！！！
[2016-04-13 09:35:26] test_CustomExpress.py [Test Case:tearDown] [line:504]INFO:该条用例执行完毕！！！
[2016-04-13 09:35:36] test_DefaultExpress.py [Test Case:to_DefaultExpress] [line:56]INFO:等待页面刷新···
[2016-04-13 09:35:37] test_DefaultExpress.py [Test Case:to_DefaultExpress] [line:59]INFO:刷新完成！！！
[2016-04-13 09:35:41] test_DefaultExpress.py [Test Case:clickButton] [line:130]INFO:保存成功！
[2016-04-13 09:35:41] test_DefaultExpress.py [Test Case:tearDown] [line:309]INFO:该条用例执行完毕！！！
[2016-04-13 09:35:50] test_DefaultExpress.py [Test Case:to_DefaultExpress] [line:56]INFO:等待页面刷新···
[2016-04-13 09:35:51] test_DefaultExpress.py [Test Case:to_DefaultExpress] [line:59]INFO:刷新完成！！！
[2016-04-13 09:35:54] test_DefaultExpress.py [Test Case:tearDown] [line:309]INFO:该条用例执行完毕！！！
[2016-04-13 09:36:03] test_DefaultExpress.py [Test Case:to_DefaultExpress] [line:56]INFO:等待页面刷新···
[2016-04-13 09:36:04] test_DefaultExpress.py [Test Case:to_DefaultExpress] [line:59]INFO:刷新完成！！！
[2016-04-13 09:36:06] test_DefaultExpress.py [Test Case:tearDown] [line:309]INFO:该条用例执行完毕！！！
[2016-04-13 09:36:16] test_DefaultExpress.py [Test Case:to_DefaultExpress] [line:56]INFO:等待页面刷新···
[2016-04-13 09:36:17] test_DefaultExpress.py [Test Case:to_DefaultExpress] [line:59]INFO:刷新完成！！！
[2016-04-13 09:36:21] test_DefaultExpress.py [Test Case:clickButton] [line:130]INFO:保存成功！
[2016-04-13 09:36:21] test_DefaultExpress.py [Test Case:tearDown] [line:309]INFO:该条用例执行完毕！！！
[2016-04-13 09:36:31] test_DefaultExpress.py [Test Case:to_DefaultExpress] [line:56]INFO:等待页面刷新···
[2016-04-13 09:36:32] test_DefaultExpress.py [Test Case:to_DefaultExpress] [line:59]INFO:刷新完成！！！
[2016-04-13 09:36:39] test_DefaultExpress.py [Test Case:clickButton] [line:130]INFO:保存成功！
[2016-04-13 09:36:41] test_DefaultExpress.py [Test Case:tearDown] [line:309]INFO:该条用例执行完毕！！！
[2016-04-13 09:36:50] test_DefaultExpress.py [Test Case:to_DefaultExpress] [line:56]INFO:等待页面刷新···
[2016-04-13 09:36:52] test_DefaultExpress.py [Test Case:to_DefaultExpress] [line:59]INFO:刷新完成！！！
[2016-04-13 09:36:57] test_DefaultExpress.py [Test Case:clickButton] [line:104]INFO:删除成功
[2016-04-13 09:36:57] test_DefaultExpress.py [Test Case:tearDown] [line:309]INFO:该条用例执行完毕！！！
[2016-04-13 09:37:02] test_Device.py [Test Case:test_0add_Device] [line:134]INFO:开始执行用例...
[2016-04-13 09:37:07] test_Device.py [Test Case:to_Device] [line:55]INFO:等待页面刷新···
[2016-04-13 09:37:13] test_Device.py [Test Case:to_Device] [line:58]INFO:刷新完成！！！
[2016-04-13 09:37:20] test_Device.py [Test Case:clickButton] [line:120]INFO:保存成功！
[2016-04-13 09:37:20] test_Device.py [Test Case:tearDown] [line:413]INFO:该条用例执行完毕！！！
[2016-04-13 09:37:25] test_Device.py [Test Case:test_1search_byDeviceName] [line:180]INFO:开始执行用例...
[2016-04-13 09:37:29] test_Device.py [Test Case:to_Device] [line:55]INFO:等待页面刷新···
[2016-04-13 09:37:32] test_Device.py [Test Case:to_Device] [line:58]INFO:刷新完成！！！
[2016-04-13 09:37:40] test_Device.py [Test Case:tearDown] [line:413]INFO:该条用例执行完毕！！！
[2016-04-13 09:37:44] test_Device.py [Test Case:test_2search_byDeviceCode] [line:260]INFO:开始执行用例...
[2016-04-13 09:37:49] test_Device.py [Test Case:to_Device] [line:55]INFO:等待页面刷新···
[2016-04-13 09:37:52] test_Device.py [Test Case:to_Device] [line:58]INFO:刷新完成！！！
[2016-04-13 09:38:00] test_Device.py [Test Case:tearDown] [line:413]INFO:该条用例执行完毕！！！
[2016-04-13 09:38:10] test_Device.py [Test Case:to_Device] [line:55]INFO:等待页面刷新···
[2016-04-13 09:38:13] test_Device.py [Test Case:to_Device] [line:58]INFO:刷新完成！！！
[2016-04-13 09:38:18] test_Device.py [Test Case:tearDown] [line:413]INFO:该条用例执行完毕！！！
[2016-04-13 09:38:22] test_Device.py [Test Case:test_4search_byDeviceType] [line:300]INFO:开始执行用例...
[2016-04-13 09:38:27] test_Device.py [Test Case:to_Device] [line:55]INFO:等待页面刷新···
[2016-04-13 09:38:30] test_Device.py [Test Case:to_Device] [line:58]INFO:刷新完成！！！
[2016-04-13 09:38:46] isspublic.py [Test Case:WebWait] [line:47]INFO:页面无法刷新！！！
[2016-04-13 09:38:46] test_Device.py [Test Case:tearDown] [line:413]INFO:该条用例执行完毕！！！
[2016-04-13 09:38:51] test_Device.py [Test Case:test_5search_byOrgType] [line:325]INFO:开始执行用例...
[2016-04-13 09:38:56] test_Device.py [Test Case:to_Device] [line:55]INFO:等待页面刷新···
[2016-04-13 09:39:00] test_Device.py [Test Case:to_Device] [line:58]INFO:刷新完成！！！
[2016-04-13 09:39:07] test_Device.py [Test Case:tearDown] [line:413]INFO:该条用例执行完毕！！！
[2016-04-13 09:39:11] test_Device.py [Test Case:test_6modify_Device] [line:348]INFO:开始执行用例...
[2016-04-13 09:39:16] test_Device.py [Test Case:to_Device] [line:55]INFO:等待页面刷新···
[2016-04-13 09:39:19] test_Device.py [Test Case:to_Device] [line:58]INFO:刷新完成！！！
[2016-04-13 09:39:30] test_Device.py [Test Case:clickButton] [line:120]INFO:保存成功！
[2016-04-13 09:39:38] test_Device.py [Test Case:tearDown] [line:413]INFO:该条用例执行完毕！！！
[2016-04-13 09:39:42] test_Device.py [Test Case:test_7delete_Device] [line:390]INFO:开始执行用例...
[2016-04-13 09:39:47] test_Device.py [Test Case:to_Device] [line:55]INFO:等待页面刷新···
[2016-04-13 09:39:50] test_Device.py [Test Case:to_Device] [line:58]INFO:刷新完成！！！
[2016-04-13 09:39:59] test_Device.py [Test Case:clickButton] [line:95]INFO:删除成功
[2016-04-13 09:39:59] test_Device.py [Test Case:tearDown] [line:413]INFO:该条用例执行完毕！！！
[2016-04-13 09:40:04] test_EmployeeInfo.py [Test Case:test_01add_Employee] [line:220]INFO:开始执行测试...
[2016-04-13 09:40:09] test_EmployeeInfo.py [Test Case:to_EmployeeInformation] [line:67]INFO:等待页面刷新···
[2016-04-13 09:40:11] test_EmployeeInfo.py [Test Case:to_EmployeeInformation] [line:70]INFO:刷新完成！！！
[2016-04-13 09:41:01] test_EmployeeInfo.py [Test Case:clickButton] [line:157]INFO:保存成功！
[2016-04-13 09:41:12] test_EmployeeInfo.py [Test Case:tearDown] [line:822]INFO:该条用例执行完毕！！！
[2016-04-13 09:41:18] test_EmployeeInfo.py [Test Case:test_02add_EmployeeCopy] [line:350]INFO:开始执行测试...
[2016-04-13 09:41:22] test_EmployeeInfo.py [Test Case:to_EmployeeInformation] [line:67]INFO:等待页面刷新···
[2016-04-13 09:41:24] test_EmployeeInfo.py [Test Case:to_EmployeeInformation] [line:70]INFO:刷新完成！！！
[2016-04-13 09:41:42] test_EmployeeInfo.py [Test Case:searchbycode] [line:426]INFO:开始执行测试...
[2016-04-13 09:41:55] test_EmployeeInfo.py [Test Case:clickButton] [line:134]INFO:删除成功
[2016-04-13 09:41:55] test_EmployeeInfo.py [Test Case:tearDown] [line:822]INFO:该条用例执行完毕！！！
[2016-04-13 09:41:59] test_EmployeeInfo.py [Test Case:test_1search_ByEmployeeCode] [line:445]INFO:开始执行测试...
[2016-04-13 09:42:04] test_EmployeeInfo.py [Test Case:to_EmployeeInformation] [line:67]INFO:等待页面刷新···
[2016-04-13 09:42:06] test_EmployeeInfo.py [Test Case:to_EmployeeInformation] [line:70]INFO:刷新完成！！！
[2016-04-13 09:42:07] test_EmployeeInfo.py [Test Case:searchbycode] [line:426]INFO:开始执行测试...
[2016-04-13 09:42:16] test_EmployeeInfo.py [Test Case:tearDown] [line:822]INFO:该条用例执行完毕！！！
[2016-04-13 09:42:21] test_EmployeeInfo.py [Test Case:test_2search_ByEmployeeName] [line:458]INFO:开始执行测试...
[2016-04-13 09:42:26] test_EmployeeInfo.py [Test Case:to_EmployeeInformation] [line:67]INFO:等待页面刷新···
[2016-04-13 09:42:27] test_EmployeeInfo.py [Test Case:to_EmployeeInformation] [line:70]INFO:刷新完成！！！
[2016-04-13 09:42:34] test_EmployeeInfo.py [Test Case:tearDown] [line:822]INFO:该条用例执行完毕！！！
[2016-04-13 09:42:39] test_EmployeeInfo.py [Test Case:test_3search_ByPhones] [line:480]INFO:开始执行测试...
[2016-04-13 09:42:44] test_EmployeeInfo.py [Test Case:to_EmployeeInformation] [line:67]INFO:等待页面刷新···
[2016-04-13 09:42:45] test_EmployeeInfo.py [Test Case:to_EmployeeInformation] [line:70]INFO:刷新完成！！！
[2016-04-13 09:42:51] test_EmployeeInfo.py [Test Case:tearDown] [line:822]INFO:该条用例执行完毕！！！
[2016-04-13 09:42:55] test_EmployeeInfo.py [Test Case:test_4search_ByEmployeePosition] [line:500]INFO:开始执行测试...
[2016-04-13 09:43:00] test_EmployeeInfo.py [Test Case:to_EmployeeInformation] [line:67]INFO:等待页面刷新···
[2016-04-13 09:43:01] test_EmployeeInfo.py [Test Case:to_EmployeeInformation] [line:70]INFO:刷新完成！！！
[2016-04-13 09:43:12] test_EmployeeInfo.py [Test Case:tearDown] [line:822]INFO:该条用例执行完毕！！！
[2016-04-13 09:43:17] test_EmployeeInfo.py [Test Case:test_5modify_EmployeeInfo] [line:532]INFO:开始执行测试...
[2016-04-13 09:43:22] test_EmployeeInfo.py [Test Case:to_EmployeeInformation] [line:67]INFO:等待页面刷新···
[2016-04-13 09:43:23] test_EmployeeInfo.py [Test Case:to_EmployeeInformation] [line:70]INFO:刷新完成！！！
[2016-04-13 09:43:24] test_EmployeeInfo.py [Test Case:searchbycode] [line:426]INFO:开始执行测试...
[2016-04-13 09:43:43] test_EmployeeInfo.py [Test Case:clickButton] [line:157]INFO:保存成功！
[2016-04-13 09:43:43] test_EmployeeInfo.py [Test Case:searchbycode] [line:426]INFO:开始执行测试...
[2016-04-13 09:43:50] test_EmployeeInfo.py [Test Case:test_5modify_EmployeeInfo] [line:564]INFO:等待页面刷新···
[2016-04-13 09:43:50] test_EmployeeInfo.py [Test Case:test_5modify_EmployeeInfo] [line:567]INFO:刷新完成！！！
[2016-04-13 09:43:51] test_EmployeeInfo.py [Test Case:tearDown] [line:822]INFO:该条用例执行完毕！！！
[2016-04-13 09:43:56] test_EmployeeInfo.py [Test Case:test_6modify_LoginPasswdReset] [line:576]INFO:开始执行测试...
[2016-04-13 09:44:01] test_EmployeeInfo.py [Test Case:to_EmployeeInformation] [line:67]INFO:等待页面刷新···
[2016-04-13 09:44:04] test_EmployeeInfo.py [Test Case:to_EmployeeInformation] [line:70]INFO:刷新完成！！！
[2016-04-13 09:44:05] test_EmployeeInfo.py [Test Case:searchbycode] [line:426]INFO:开始执行测试...
[2016-04-13 09:44:24] test_EmployeeInfo.py [Test Case:tearDown] [line:822]INFO:该条用例执行完毕！！！
[2016-04-13 09:44:29] test_EmployeeInfo.py [Test Case:test_7modify_RoleAssignment] [line:614]INFO:开始执行测试...
[2016-04-13 09:44:33] test_EmployeeInfo.py [Test Case:to_EmployeeInformation] [line:67]INFO:等待页面刷新···
[2016-04-13 09:44:35] test_EmployeeInfo.py [Test Case:to_EmployeeInformation] [line:70]INFO:刷新完成！！！
[2016-04-13 09:44:37] test_EmployeeInfo.py [Test Case:searchbycode] [line:426]INFO:开始执行测试...
[2016-04-13 09:44:46] test_EmployeeInfo.py [Test Case:test_7modify_RoleAssignment] [line:647]INFO:等待页面刷新···
[2016-04-13 09:44:47] test_EmployeeInfo.py [Test Case:test_7modify_RoleAssignment] [line:650]INFO:刷新完成！！！
[2016-04-13 09:45:00] test_EmployeeInfo.py [Test Case:test_7modify_RoleAssignment] [line:697]INFO:保存成功！
[2016-04-13 09:45:02] test_EmployeeInfo.py [Test Case:searchbycode] [line:426]INFO:开始执行测试...
[2016-04-13 09:45:09] test_EmployeeInfo.py [Test Case:tearDown] [line:822]INFO:该条用例执行完毕！！！
[2016-04-13 09:45:14] test_EmployeeInfo.py [Test Case:test_8modify_Storedistribution] [line:714]INFO:开始执行测试...
[2016-04-13 09:45:19] test_EmployeeInfo.py [Test Case:to_EmployeeInformation] [line:67]INFO:等待页面刷新···
[2016-04-13 09:45:21] test_EmployeeInfo.py [Test Case:to_EmployeeInformation] [line:70]INFO:刷新完成！！！
[2016-04-13 09:45:22] test_EmployeeInfo.py [Test Case:searchbycode] [line:426]INFO:开始执行测试...
[2016-04-13 09:45:31] test_EmployeeInfo.py [Test Case:test_8modify_Storedistribution] [line:732]INFO:等待页面刷新···
[2016-04-13 09:45:31] test_EmployeeInfo.py [Test Case:test_8modify_Storedistribution] [line:735]INFO:刷新完成！！！
[2016-04-13 09:45:44] test_EmployeeInfo.py [Test Case:test_8modify_Storedistribution] [line:786]INFO:保存成功！
[2016-04-13 09:45:46] test_EmployeeInfo.py [Test Case:searchbycode] [line:426]INFO:开始执行测试...
[2016-04-13 09:45:54] test_EmployeeInfo.py [Test Case:tearDown] [line:822]INFO:该条用例执行完毕！！！
[2016-04-13 09:45:59] test_EmployeeInfo.py [Test Case:test_9adelete_Employee] [line:803]INFO:开始执行测试...
[2016-04-13 09:46:04] test_EmployeeInfo.py [Test Case:to_EmployeeInformation] [line:67]INFO:等待页面刷新···
[2016-04-13 09:46:06] test_EmployeeInfo.py [Test Case:to_EmployeeInformation] [line:70]INFO:刷新完成！！！
[2016-04-13 09:46:07] test_EmployeeInfo.py [Test Case:searchbycode] [line:426]INFO:开始执行测试...
[2016-04-13 09:46:18] test_EmployeeInfo.py [Test Case:clickButton] [line:134]INFO:删除成功
[2016-04-13 09:46:18] test_EmployeeInfo.py [Test Case:tearDown] [line:822]INFO:该条用例执行完毕！！！
[2016-04-13 09:46:27] test_Organization.py [Test Case:to_Organization] [line:55]INFO:等待页面刷新···
[2016-04-13 09:46:31] test_Organization.py [Test Case:to_Organization] [line:58]INFO:刷新完成！！！
[2016-04-13 09:46:45] test_Organization.py [Test Case:clickButton] [line:121]INFO:保存成功！
[2016-04-13 09:46:45] test_Organization.py [Test Case:tearDown] [line:348]INFO:该条用例执行完毕！！！
[2016-04-13 09:46:55] test_Organization.py [Test Case:to_Organization] [line:55]INFO:等待页面刷新···
[2016-04-13 09:46:56] test_Organization.py [Test Case:to_Organization] [line:58]INFO:刷新完成！！！
[2016-04-13 09:47:07] test_Organization.py [Test Case:tearDown] [line:348]INFO:该条用例执行完毕！！！
[2016-04-13 09:47:17] test_Organization.py [Test Case:to_Organization] [line:55]INFO:等待页面刷新···
[2016-04-13 09:47:18] test_Organization.py [Test Case:to_Organization] [line:58]INFO:刷新完成！！！
[2016-04-13 09:47:27] test_Organization.py [Test Case:tearDown] [line:348]INFO:该条用例执行完毕！！！
[2016-04-13 09:47:37] test_Organization.py [Test Case:to_Organization] [line:55]INFO:等待页面刷新···
[2016-04-13 09:47:38] test_Organization.py [Test Case:to_Organization] [line:58]INFO:刷新完成！！！
[2016-04-13 09:47:52] test_Organization.py [Test Case:clickButton] [line:121]INFO:保存成功！
[2016-04-13 09:48:00] test_Organization.py [Test Case:tearDown] [line:348]INFO:该条用例执行完毕！！！
[2016-04-13 09:48:09] test_Organization.py [Test Case:to_Organization] [line:55]INFO:等待页面刷新···
[2016-04-13 09:48:11] test_Organization.py [Test Case:to_Organization] [line:58]INFO:刷新完成！！！
[2016-04-13 09:48:24] test_Organization.py [Test Case:clickButton] [line:93]INFO:删除成功
[2016-04-13 09:48:24] test_Organization.py [Test Case:tearDown] [line:348]INFO:该条用例执行完毕！！！
[2016-04-13 09:48:29] test_RoleInfo.py [Test Case:test_0add_Role] [line:135]INFO:开始执行用例...
[2016-04-13 09:48:34] test_RoleInfo.py [Test Case:to_RoleInfo] [line:56]INFO:等待页面刷新···
[2016-04-13 09:48:35] test_RoleInfo.py [Test Case:to_RoleInfo] [line:58]INFO:刷新完成！！！
[2016-04-13 09:48:43] test_RoleInfo.py [Test Case:clickButton] [line:120]INFO:保存成功！
[2016-04-13 09:48:43] test_RoleInfo.py [Test Case:tearDown] [line:384]INFO:该条用例执行完毕！！！
[2016-04-13 09:48:47] test_RoleInfo.py [Test Case:test_1search_ByRoleCode] [line:194]INFO:开始执行用例...
[2016-04-13 09:48:52] test_RoleInfo.py [Test Case:to_RoleInfo] [line:56]INFO:等待页面刷新···
[2016-04-13 09:48:53] test_RoleInfo.py [Test Case:to_RoleInfo] [line:58]INFO:刷新完成！！！
[2016-04-13 09:48:58] test_RoleInfo.py [Test Case:test_1search_ByRoleCode] [line:216]INFO:等待页面刷新···
[2016-04-13 09:48:58] test_RoleInfo.py [Test Case:test_1search_ByRoleCode] [line:218]INFO:刷新完成！！！
[2016-04-13 09:48:58] test_RoleInfo.py [Test Case:tearDown] [line:384]INFO:该条用例执行完毕！！！
[2016-04-13 09:49:03] test_RoleInfo.py [Test Case:test_2search_ByRoleName] [line:228]INFO:开始执行用例...
[2016-04-13 09:49:08] test_RoleInfo.py [Test Case:to_RoleInfo] [line:56]INFO:等待页面刷新···
[2016-04-13 09:49:09] test_RoleInfo.py [Test Case:to_RoleInfo] [line:58]INFO:刷新完成！！！
[2016-04-13 09:49:12] test_RoleInfo.py [Test Case:test_2search_ByRoleName] [line:245]INFO:等待页面刷新···
[2016-04-13 09:49:12] test_RoleInfo.py [Test Case:test_2search_ByRoleName] [line:247]INFO:刷新完成！！！
[2016-04-13 09:49:12] test_RoleInfo.py [Test Case:tearDown] [line:384]INFO:该条用例执行完毕！！！
[2016-04-13 09:49:17] test_RoleInfo.py [Test Case:test_3search_ByRoleState] [line:257]INFO:开始执行用例...
[2016-04-13 09:49:22] test_RoleInfo.py [Test Case:to_RoleInfo] [line:56]INFO:等待页面刷新···
[2016-04-13 09:49:23] test_RoleInfo.py [Test Case:to_RoleInfo] [line:58]INFO:刷新完成！！！
[2016-04-13 09:49:29] test_RoleInfo.py [Test Case:tearDown] [line:384]INFO:该条用例执行完毕！！！
[2016-04-13 09:49:33] test_RoleInfo.py [Test Case:test_4search_byRoleInfo] [line:285]INFO:开始执行用例...
[2016-04-13 09:49:38] test_RoleInfo.py [Test Case:to_RoleInfo] [line:56]INFO:等待页面刷新···
[2016-04-13 09:49:39] test_RoleInfo.py [Test Case:to_RoleInfo] [line:58]INFO:刷新完成！！！
[2016-04-13 09:49:41] test_RoleInfo.py [Test Case:test_4search_byRoleInfo] [line:301]INFO:等待页面刷新···
[2016-04-13 09:49:41] test_RoleInfo.py [Test Case:test_4search_byRoleInfo] [line:303]INFO:刷新完成！！！
[2016-04-13 09:49:41] test_RoleInfo.py [Test Case:tearDown] [line:384]INFO:该条用例执行完毕！！！
[2016-04-13 09:49:46] test_RoleInfo.py [Test Case:test_5modify_Role] [line:311]INFO:开始执行用例...
[2016-04-13 09:49:51] test_RoleInfo.py [Test Case:to_RoleInfo] [line:56]INFO:等待页面刷新···
[2016-04-13 09:49:52] test_RoleInfo.py [Test Case:to_RoleInfo] [line:58]INFO:刷新完成！！！
[2016-04-13 09:50:25] test_RoleInfo.py [Test Case:tearDown] [line:384]INFO:该条用例执行完毕！！！
[2016-04-13 09:50:30] test_RoleInfo.py [Test Case:test_6delete_Role] [line:358]INFO:开始执行用例...
[2016-04-13 09:50:36] test_RoleInfo.py [Test Case:to_RoleInfo] [line:56]INFO:等待页面刷新···
[2016-04-13 09:50:37] test_RoleInfo.py [Test Case:to_RoleInfo] [line:58]INFO:刷新完成！！！
[2016-04-13 09:51:10] test_RoleInfo.py [Test Case:tearDown] [line:384]INFO:该条用例执行完毕！！！
[2016-04-13 09:51:15] test_UserInformation.py [Test Case:test_0add_User] [line:146]INFO:开始执行用例...
[2016-04-13 09:51:19] test_UserInformation.py [Test Case:to_UserInformation] [line:54]INFO:等待页面刷新···
[2016-04-13 09:51:21] test_UserInformation.py [Test Case:to_UserInformation] [line:56]INFO:刷新完成！！！
[2016-04-13 09:51:29] test_UserInformation.py [Test Case:clickButton] [line:131]INFO:保存成功！
[2016-04-13 09:51:29] test_UserInformation.py [Test Case:tearDown] [line:307]INFO:该条用例执行完毕！！！
[2016-04-13 09:51:34] test_UserInformation.py [Test Case:test_1search_byUserCode] [line:205]INFO:开始执行用例...
[2016-04-13 09:51:39] test_UserInformation.py [Test Case:to_UserInformation] [line:54]INFO:等待页面刷新···
[2016-04-13 09:51:40] test_UserInformation.py [Test Case:to_UserInformation] [line:56]INFO:刷新完成！！！
[2016-04-13 09:51:44] test_UserInformation.py [Test Case:tearDown] [line:307]INFO:该条用例执行完毕！！！
[2016-04-13 09:51:49] test_UserInformation.py [Test Case:test_2search_byUserName] [line:219]INFO:开始执行用例...
[2016-04-13 09:51:53] test_UserInformation.py [Test Case:to_UserInformation] [line:54]INFO:等待页面刷新···
[2016-04-13 09:51:55] test_UserInformation.py [Test Case:to_UserInformation] [line:56]INFO:刷新完成！！！
[2016-04-13 09:51:58] test_UserInformation.py [Test Case:tearDown] [line:307]INFO:该条用例执行完毕！！！
[2016-04-13 09:52:03] test_UserInformation.py [Test Case:test_3iew_User] [line:241]INFO:开始执行用例...
[2016-04-13 09:52:08] test_UserInformation.py [Test Case:to_UserInformation] [line:54]INFO:等待页面刷新···
[2016-04-13 09:52:10] test_UserInformation.py [Test Case:to_UserInformation] [line:56]INFO:刷新完成！！！
[2016-04-13 09:52:17] test_UserInformation.py [Test Case:clickButton] [line:131]INFO:ORA-00001:违反唯一约束条件
[2016-04-13 09:52:17] test_UserInformation.py [Test Case:tearDown] [line:307]INFO:该条用例执行完毕！！！
[2016-04-13 09:52:21] test_UserInformation.py [Test Case:test_4modify_User] [line:269]INFO:开始执行用例...
[2016-04-13 09:52:26] test_UserInformation.py [Test Case:to_UserInformation] [line:54]INFO:等待页面刷新···
[2016-04-13 09:52:30] test_UserInformation.py [Test Case:to_UserInformation] [line:56]INFO:刷新完成！！！
[2016-04-13 09:52:37] test_UserInformation.py [Test Case:clickButton] [line:131]INFO:ORA-00001:违反唯一约束条件
[2016-04-13 09:52:37] test_UserInformation.py [Test Case:tearDown] [line:307]INFO:该条用例执行完毕！！！
