[2016-04-12 11:59:10] test_CustomizedOrders.py [Test Case:Test_CustomizedOrders] [line:19]INFO:~~~订制订单模块测试~~~
[2016-04-12 11:59:10] test_Measure_Data.py [Test Case:test_Measure_Data] [line:29]INFO:~~~商品档案模块测试~~~
[2016-04-12 11:59:10] test_Measure_WorkOrder.py [Test Case:test_Measure_WorkOrder] [line:35]INFO:~~~量体工单模块测试~~~
[2016-04-12 11:59:10] test_MemberInformation.py [Test Case:Test_MemberInformation] [line:22]INFO:~~~会员信息模块测试~~~
[2016-04-12 11:59:16] test_CustomizedOrders.py [Test Case:test_0CommoditySeason_check] [line:145]INFO:开始执行用例...
[2016-04-12 11:59:20] test_CustomizedOrders.py [Test Case:to_CommodityOrder] [line:47]INFO:等待页面刷新···
[2016-04-12 11:59:25] test_CustomizedOrders.py [Test Case:to_CommodityOrder] [line:49]INFO:刷新完成！！！
[2016-04-12 11:59:29] test_CustomizedOrders.py [Test Case:tearDown] [line:452]INFO:该条用例执行完毕！！！
[2016-04-12 11:59:34] test_CustomizedOrders.py [Test Case:test_1search_by_OrderDate] [line:168]INFO:开始执行用例...
[2016-04-12 11:59:39] test_CustomizedOrders.py [Test Case:to_CommodityOrder] [line:47]INFO:等待页面刷新···
[2016-04-12 11:59:44] test_CustomizedOrders.py [Test Case:to_CommodityOrder] [line:49]INFO:刷新完成！！！
[2016-04-12 11:59:53] test_CustomizedOrders.py [Test Case:tearDown] [line:452]INFO:该条用例执行完毕！！！
[2016-04-12 11:59:58] test_CustomizedOrders.py [Test Case:test_2search_by_TheOrderNumber] [line:225]INFO:开始执行用例...
[2016-04-12 12:00:02] test_CustomizedOrders.py [Test Case:to_CommodityOrder] [line:47]INFO:等待页面刷新···
[2016-04-12 12:00:07] test_CustomizedOrders.py [Test Case:to_CommodityOrder] [line:49]INFO:刷新完成！！！
[2016-04-12 12:00:16] test_CustomizedOrders.py [Test Case:tearDown] [line:452]INFO:该条用例执行完毕！！！
[2016-04-12 12:00:25] test_CustomizedOrders.py [Test Case:to_CommodityOrder] [line:47]INFO:等待页面刷新···
[2016-04-12 12:00:31] test_CustomizedOrders.py [Test Case:to_CommodityOrder] [line:49]INFO:刷新完成！！！
[2016-04-12 12:00:40] test_CustomizedOrders.py [Test Case:tearDown] [line:452]INFO:该条用例执行完毕！！！
[2016-04-12 12:00:45] test_CustomizedOrders.py [Test Case:test_4search_by_TheOrderStatus] [line:284]INFO:开始执行用例...
[2016-04-12 12:00:50] test_CustomizedOrders.py [Test Case:to_CommodityOrder] [line:47]INFO:等待页面刷新···
[2016-04-12 12:00:55] test_CustomizedOrders.py [Test Case:to_CommodityOrder] [line:49]INFO:刷新完成！！！
[2016-04-12 12:01:06] test_CustomizedOrders.py [Test Case:tearDown] [line:452]INFO:该条用例执行完毕！！！
[2016-04-12 12:01:10] test_CustomizedOrders.py [Test Case:test_5search_by_PaymentStatus] [line:319]INFO:开始执行用例...
[2016-04-12 12:01:15] test_CustomizedOrders.py [Test Case:to_CommodityOrder] [line:47]INFO:等待页面刷新···
[2016-04-12 12:01:20] test_CustomizedOrders.py [Test Case:to_CommodityOrder] [line:49]INFO:刷新完成！！！
[2016-04-12 12:01:26] isspublic.py [Test Case:WebWait] [line:47]INFO:页面无法刷新！！！
[2016-04-12 12:01:26] test_CustomizedOrders.py [Test Case:tearDown] [line:452]INFO:该条用例执行完毕！！！
[2016-04-12 12:01:31] test_CustomizedOrders.py [Test Case:test_6search_by_TheConsignee] [line:362]INFO:开始执行用例...
[2016-04-12 12:01:36] test_CustomizedOrders.py [Test Case:to_CommodityOrder] [line:47]INFO:等待页面刷新···
[2016-04-12 12:01:40] test_CustomizedOrders.py [Test Case:to_CommodityOrder] [line:49]INFO:刷新完成！！！
[2016-04-12 12:01:50] test_CustomizedOrders.py [Test Case:tearDown] [line:452]INFO:该条用例执行完毕！！！
[2016-04-12 12:01:55] test_CustomizedOrders.py [Test Case:test_7search_by_ConsigneePhone] [line:392]INFO:开始执行用例...
[2016-04-12 12:01:59] test_CustomizedOrders.py [Test Case:to_CommodityOrder] [line:47]INFO:等待页面刷新···
[2016-04-12 12:02:04] test_CustomizedOrders.py [Test Case:to_CommodityOrder] [line:49]INFO:刷新完成！！！
[2016-04-12 12:02:14] test_CustomizedOrders.py [Test Case:tearDown] [line:452]INFO:该条用例执行完毕！！！
[2016-04-12 12:02:19] test_CustomizedOrders.py [Test Case:test_8search_by_Store] [line:424]INFO:开始执行用例...
[2016-04-12 12:02:23] test_CustomizedOrders.py [Test Case:to_CommodityOrder] [line:47]INFO:等待页面刷新···
[2016-04-12 12:02:27] test_CustomizedOrders.py [Test Case:to_CommodityOrder] [line:49]INFO:刷新完成！！！
[2016-04-12 12:02:37] test_CustomizedOrders.py [Test Case:tearDown] [line:452]INFO:该条用例执行完毕！！！
[2016-04-12 12:03:07] test_Measure_Data.py [Test Case:tearDown] [line:259]INFO:该条用例执行完毕！！！
[2016-04-12 12:03:30] test_Measure_Data.py [Test Case:tearDown] [line:259]INFO:该条用例执行完毕！！！
[2016-04-12 12:03:57] test_Measure_Data.py [Test Case:tearDown] [line:259]INFO:该条用例执行完毕！！！
[2016-04-12 12:04:21] test_Measure_Data.py [Test Case:tearDown] [line:259]INFO:该条用例执行完毕！！！
[2016-04-12 12:04:53] test_Measure_Data.py [Test Case:tearDown] [line:259]INFO:该条用例执行完毕！！！
[2016-04-12 12:05:22] test_Measure_Data.py [Test Case:tearDown] [line:259]INFO:该条用例执行完毕！！！
[2016-04-12 12:05:27] test_Measure_WorkOrder.py [Test Case:test_0add_WorkOrder] [line:137]INFO:开始执行测试...
[2016-04-12 12:05:31] test_Measure_WorkOrder.py [Test Case:to_measureWorkOrder] [line:705]INFO:等待页面刷新···
[2016-04-12 12:05:41] isspublic.py [Test Case:isRefreshed] [line:68]ERROR:当前界面未刷新
[2016-04-12 12:05:41] test_Measure_WorkOrder.py [Test Case:to_measureWorkOrder] [line:707]INFO:刷新完成！！！
[2016-04-12 12:05:49] test_Measure_WorkOrder.py [Test Case:test_0add_WorkOrder] [line:157]INFO:等待页面刷新···
[2016-04-12 12:05:50] test_Measure_WorkOrder.py [Test Case:test_0add_WorkOrder] [line:159]INFO:刷新完成！！！
[2016-04-12 12:06:15] test_Measure_WorkOrder.py [Test Case:tearDown] [line:714]INFO:该条用例执行完毕！！！
[2016-04-12 12:06:19] test_Measure_WorkOrder.py [Test Case:test_1look_WorkOrder] [line:275]INFO:开始执行测试...
[2016-04-12 12:06:23] test_Measure_WorkOrder.py [Test Case:to_measureWorkOrder] [line:705]INFO:等待页面刷新···
[2016-04-12 12:06:34] test_Measure_WorkOrder.py [Test Case:to_measureWorkOrder] [line:707]INFO:刷新完成！！！
[2016-04-12 12:06:49] test_Measure_WorkOrder.py [Test Case:tearDown] [line:714]INFO:该条用例执行完毕！！！
[2016-04-12 12:06:54] test_Measure_WorkOrder.py [Test Case:test_2search_ByWorkOrder] [line:323]INFO:开始执行测试...
[2016-04-12 12:06:58] test_Measure_WorkOrder.py [Test Case:to_measureWorkOrder] [line:705]INFO:等待页面刷新···
[2016-04-12 12:07:10] test_Measure_WorkOrder.py [Test Case:to_measureWorkOrder] [line:707]INFO:刷新完成！！！
[2016-04-12 12:07:25] test_Measure_WorkOrder.py [Test Case:tearDown] [line:714]INFO:该条用例执行完毕！！！
[2016-04-12 12:07:30] test_Measure_WorkOrder.py [Test Case:test_3search_ByAppointmentTime] [line:337]INFO:开始执行测试...
[2016-04-12 12:07:34] test_Measure_WorkOrder.py [Test Case:to_measureWorkOrder] [line:705]INFO:等待页面刷新···
[2016-04-12 12:07:48] isspublic.py [Test Case:isRefreshed] [line:68]ERROR:当前界面未刷新
[2016-04-12 12:07:48] test_Measure_WorkOrder.py [Test Case:to_measureWorkOrder] [line:707]INFO:刷新完成！！！
[2016-04-12 12:08:04] test_Measure_WorkOrder.py [Test Case:tearDown] [line:714]INFO:该条用例执行完毕！！！
[2016-04-12 12:08:08] test_Measure_WorkOrder.py [Test Case:test_4search_By_AppointmentStore] [line:395]INFO:开始执行测试
[2016-04-12 12:08:12] test_Measure_WorkOrder.py [Test Case:to_measureWorkOrder] [line:705]INFO:等待页面刷新···
[2016-04-12 12:08:23] test_Measure_WorkOrder.py [Test Case:to_measureWorkOrder] [line:707]INFO:刷新完成！！！
[2016-04-12 12:08:38] test_Measure_WorkOrder.py [Test Case:tearDown] [line:714]INFO:该条用例执行完毕！！！
[2016-04-12 12:08:43] test_Measure_WorkOrder.py [Test Case:test_5search_ByMeasureWay] [line:424]INFO:开始执行测试...
[2016-04-12 12:08:48] test_Measure_WorkOrder.py [Test Case:to_measureWorkOrder] [line:705]INFO:等待页面刷新···
[2016-04-12 12:08:58] test_Measure_WorkOrder.py [Test Case:to_measureWorkOrder] [line:707]INFO:刷新完成！！！
[2016-04-12 12:09:15] test_Measure_WorkOrder.py [Test Case:tearDown] [line:714]INFO:该条用例执行完毕！！！
[2016-04-12 12:09:20] test_Measure_WorkOrder.py [Test Case:test_6search_ByMeasureMaster] [line:452]INFO:开始执行测试...
[2016-04-12 12:09:24] test_Measure_WorkOrder.py [Test Case:to_measureWorkOrder] [line:705]INFO:等待页面刷新···
[2016-04-12 12:09:35] test_Measure_WorkOrder.py [Test Case:to_measureWorkOrder] [line:707]INFO:刷新完成！！！
[2016-04-12 12:09:53] test_Measure_WorkOrder.py [Test Case:tearDown] [line:714]INFO:该条用例执行完毕！！！
[2016-04-12 12:09:57] test_Measure_WorkOrder.py [Test Case:test_7search_ByMeasureState] [line:482]INFO:开始执行测试...
[2016-04-12 12:10:02] test_Measure_WorkOrder.py [Test Case:to_measureWorkOrder] [line:705]INFO:等待页面刷新···
[2016-04-12 12:10:12] test_Measure_WorkOrder.py [Test Case:to_measureWorkOrder] [line:707]INFO:刷新完成！！！
[2016-04-12 12:10:27] test_Measure_WorkOrder.py [Test Case:tearDown] [line:714]INFO:该条用例执行完毕！！！
[2016-04-12 12:10:31] test_Measure_WorkOrder.py [Test Case:test_8search_ByDressPerson] [line:507]INFO:开始执行测试...
[2016-04-12 12:10:36] test_Measure_WorkOrder.py [Test Case:to_measureWorkOrder] [line:705]INFO:等待页面刷新···
[2016-04-12 12:10:47] test_Measure_WorkOrder.py [Test Case:to_measureWorkOrder] [line:707]INFO:刷新完成！！！
[2016-04-12 12:11:02] test_Measure_WorkOrder.py [Test Case:tearDown] [line:714]INFO:该条用例执行完毕！！！
[2016-04-12 12:11:06] test_Measure_WorkOrder.py [Test Case:test_9search_ByPhone] [line:540]INFO:开始执行测试...
[2016-04-12 12:11:11] test_Measure_WorkOrder.py [Test Case:to_measureWorkOrder] [line:705]INFO:等待页面刷新···
[2016-04-12 12:11:22] test_Measure_WorkOrder.py [Test Case:to_measureWorkOrder] [line:707]INFO:刷新完成！！！
[2016-04-12 12:11:37] test_Measure_WorkOrder.py [Test Case:tearDown] [line:714]INFO:该条用例执行完毕！！！
[2016-04-12 12:11:41] test_Measure_WorkOrder.py [Test Case:test_amodify_WorkOrder] [line:571]INFO:开始执行测试...
[2016-04-12 12:11:45] test_Measure_WorkOrder.py [Test Case:to_measureWorkOrder] [line:705]INFO:等待页面刷新···
[2016-04-12 12:11:55] test_Measure_WorkOrder.py [Test Case:to_measureWorkOrder] [line:707]INFO:刷新完成！！！
[2016-04-12 12:12:25] test_Measure_WorkOrder.py [Test Case:tearDown] [line:714]INFO:该条用例执行完毕！！！
[2016-04-12 12:12:30] test_Measure_WorkOrder.py [Test Case:test_bmodify_MeasureState] [line:619]INFO:开始执行测试...
[2016-04-12 12:12:35] test_Measure_WorkOrder.py [Test Case:to_measureWorkOrder] [line:705]INFO:等待页面刷新···
[2016-04-12 12:12:46] test_Measure_WorkOrder.py [Test Case:to_measureWorkOrder] [line:707]INFO:刷新完成！！！
[2016-04-12 12:13:04] test_Measure_WorkOrder.py [Test Case:tearDown] [line:714]INFO:该条用例执行完毕！！！
[2016-04-12 12:13:08] test_Measure_WorkOrder.py [Test Case:test_cdelete_WorkOrder] [line:667]INFO:开始执行测试...
[2016-04-12 12:13:13] test_Measure_WorkOrder.py [Test Case:to_measureWorkOrder] [line:705]INFO:等待页面刷新···
[2016-04-12 12:13:23] test_Measure_WorkOrder.py [Test Case:to_measureWorkOrder] [line:707]INFO:刷新完成！！！
[2016-04-12 12:13:39] test_Measure_WorkOrder.py [Test Case:clickButton] [line:104]INFO:删除成功
[2016-04-12 12:13:39] test_Measure_WorkOrder.py [Test Case:tearDown] [line:714]INFO:该条用例执行完毕！！！
[2016-04-12 12:13:49] test_MemberInformation.py [Test Case:to_member] [line:361]INFO:等待页面刷新···
[2016-04-12 12:13:49] test_MemberInformation.py [Test Case:to_member] [line:363]INFO:刷新完成！！！
[2016-04-12 12:14:11] test_MemberInformation.py [Test Case:clickButton] [line:115]INFO:保存成功！
[2016-04-12 12:14:11] test_MemberInformation.py [Test Case:tearDown] [line:367]INFO:该条用例执行完毕！！！
[2016-04-12 12:14:21] test_MemberInformation.py [Test Case:to_member] [line:361]INFO:等待页面刷新···
[2016-04-12 12:14:21] test_MemberInformation.py [Test Case:to_member] [line:363]INFO:刷新完成！！！
[2016-04-12 12:14:27] test_MemberInformation.py [Test Case:tearDown] [line:367]INFO:该条用例执行完毕！！！
[2016-04-12 12:14:36] test_MemberInformation.py [Test Case:to_member] [line:361]INFO:等待页面刷新···
[2016-04-12 12:14:37] test_MemberInformation.py [Test Case:to_member] [line:363]INFO:刷新完成！！！
[2016-04-12 12:14:42] test_MemberInformation.py [Test Case:tearDown] [line:367]INFO:该条用例执行完毕！！！
[2016-04-12 12:14:51] test_MemberInformation.py [Test Case:to_member] [line:361]INFO:等待页面刷新···
[2016-04-12 12:14:52] test_MemberInformation.py [Test Case:to_member] [line:363]INFO:刷新完成！！！
[2016-04-12 12:14:56] test_MemberInformation.py [Test Case:clickButton] [line:115]INFO:保存成功！
[2016-04-12 12:14:56] test_MemberInformation.py [Test Case:tearDown] [line:367]INFO:该条用例执行完毕！！！
[2016-04-12 12:15:06] test_MemberInformation.py [Test Case:to_member] [line:361]INFO:等待页面刷新···
[2016-04-12 12:15:06] test_MemberInformation.py [Test Case:to_member] [line:363]INFO:刷新完成！！！
[2016-04-12 12:15:11] test_MemberInformation.py [Test Case:clickButton] [line:115]INFO:保存成功！
[2016-04-12 12:15:12] test_MemberInformation.py [Test Case:tearDown] [line:367]INFO:该条用例执行完毕！！！
[2016-04-12 12:15:21] test_MemberInformation.py [Test Case:to_member] [line:361]INFO:等待页面刷新···
[2016-04-12 12:15:22] test_MemberInformation.py [Test Case:to_member] [line:363]INFO:刷新完成！！！
[2016-04-12 12:15:27] test_MemberInformation.py [Test Case:clickButton] [line:83]INFO:删除成功
[2016-04-12 12:15:27] test_MemberInformation.py [Test Case:tearDown] [line:367]INFO:该条用例执行完毕！！！
