[2016-04-13 14:16:30] test_OfflinePromotion.py [Test Case:test_OfflinePromotion] [line:28]INFO:~~~线下促销模块测试~~~
[2016-04-13 14:16:30] test_OfflinePromotion.py [Test Case:<module>] [line:1166]INFO:test_OnlinePromotion start--
[2016-04-13 14:16:39] test_OfflinePromotion.py [Test Case:to_OfflinePromotion] [line:54]INFO:等待页面刷新···
[2016-04-13 14:16:40] test_OfflinePromotion.py [Test Case:to_OfflinePromotion] [line:56]INFO:刷新完成！！！
[2016-04-13 14:17:27] test_OfflinePromotion.py [Test Case:tearDown] [line:1156]INFO:该条用例执行执行完毕！！！
[2016-04-13 14:17:36] test_OfflinePromotion.py [Test Case:to_OfflinePromotion] [line:54]INFO:等待页面刷新···
[2016-04-13 14:17:37] test_OfflinePromotion.py [Test Case:to_OfflinePromotion] [line:56]INFO:刷新完成！！！
[2016-04-13 14:18:01] test_OfflinePromotion.py [Test Case:tearDown] [line:1156]INFO:该条用例执行执行完毕！！！
[2016-04-13 14:18:11] test_OfflinePromotion.py [Test Case:to_OfflinePromotion] [line:54]INFO:等待页面刷新···
[2016-04-13 14:18:12] test_OfflinePromotion.py [Test Case:to_OfflinePromotion] [line:56]INFO:刷新完成！！！
[2016-04-13 14:18:22] test_OfflinePromotion.py [Test Case:tearDown] [line:1156]INFO:该条用例执行执行完毕！！！
[2016-04-13 14:18:31] test_OfflinePromotion.py [Test Case:to_OfflinePromotion] [line:54]INFO:等待页面刷新···
[2016-04-13 14:18:34] test_OfflinePromotion.py [Test Case:to_OfflinePromotion] [line:56]INFO:刷新完成！！！
[2016-04-13 14:18:39] test_OfflinePromotion.py [Test Case:tearDown] [line:1156]INFO:该条用例执行执行完毕！！！
[2016-04-13 14:18:48] test_OfflinePromotion.py [Test Case:to_OfflinePromotion] [line:54]INFO:等待页面刷新···
[2016-04-13 14:18:49] test_OfflinePromotion.py [Test Case:to_OfflinePromotion] [line:56]INFO:刷新完成！！！
[2016-04-13 14:18:58] test_OfflinePromotion.py [Test Case:tearDown] [line:1156]INFO:该条用例执行执行完毕！！！
[2016-04-13 14:19:07] test_OfflinePromotion.py [Test Case:to_OfflinePromotion] [line:54]INFO:等待页面刷新···
[2016-04-13 14:19:08] test_OfflinePromotion.py [Test Case:to_OfflinePromotion] [line:56]INFO:刷新完成！！！
[2016-04-13 14:19:14] test_OfflinePromotion.py [Test Case:tearDown] [line:1156]INFO:该条用例执行执行完毕！！！
[2016-04-13 14:19:23] test_OfflinePromotion.py [Test Case:to_OfflinePromotion] [line:54]INFO:等待页面刷新···
[2016-04-13 14:19:24] test_OfflinePromotion.py [Test Case:to_OfflinePromotion] [line:56]INFO:刷新完成！！！
[2016-04-13 14:19:29] test_OfflinePromotion.py [Test Case:tearDown] [line:1156]INFO:该条用例执行执行完毕！！！
[2016-04-13 14:19:38] test_OfflinePromotion.py [Test Case:to_OfflinePromotion] [line:54]INFO:等待页面刷新···
[2016-04-13 14:19:40] test_OfflinePromotion.py [Test Case:to_OfflinePromotion] [line:56]INFO:刷新完成！！！
[2016-04-13 14:20:21] test_OfflinePromotion.py [Test Case:tearDown] [line:1156]INFO:该条用例执行执行完毕！！！
[2016-04-13 14:20:31] test_OfflinePromotion.py [Test Case:to_OfflinePromotion] [line:54]INFO:等待页面刷新···
[2016-04-13 14:20:32] test_OfflinePromotion.py [Test Case:to_OfflinePromotion] [line:56]INFO:刷新完成！！！
[2016-04-13 14:21:14] test_OfflinePromotion.py [Test Case:tearDown] [line:1156]INFO:该条用例执行执行完毕！！！
[2016-04-13 14:21:24] test_OfflinePromotion.py [Test Case:to_OfflinePromotion] [line:54]INFO:等待页面刷新···
[2016-04-13 14:21:25] test_OfflinePromotion.py [Test Case:to_OfflinePromotion] [line:56]INFO:刷新完成！！！
[2016-04-13 14:22:07] test_OfflinePromotion.py [Test Case:tearDown] [line:1156]INFO:该条用例执行执行完毕！！！
[2016-04-13 14:22:16] test_OfflinePromotion.py [Test Case:to_OfflinePromotion] [line:54]INFO:等待页面刷新···
[2016-04-13 14:22:18] test_OfflinePromotion.py [Test Case:to_OfflinePromotion] [line:56]INFO:刷新完成！！！
[2016-04-13 14:22:59] test_OfflinePromotion.py [Test Case:tearDown] [line:1156]INFO:该条用例执行执行完毕！！！
[2016-04-13 14:23:09] test_OfflinePromotion.py [Test Case:to_OfflinePromotion] [line:54]INFO:等待页面刷新···
[2016-04-13 14:23:10] test_OfflinePromotion.py [Test Case:to_OfflinePromotion] [line:56]INFO:刷新完成！！！
[2016-04-13 14:23:52] test_OfflinePromotion.py [Test Case:tearDown] [line:1156]INFO:该条用例执行执行完毕！！！
[2016-04-13 14:24:02] test_OfflinePromotion.py [Test Case:to_OfflinePromotion] [line:54]INFO:等待页面刷新···
[2016-04-13 14:24:03] test_OfflinePromotion.py [Test Case:to_OfflinePromotion] [line:56]INFO:刷新完成！！！
[2016-04-13 14:24:45] test_OfflinePromotion.py [Test Case:tearDown] [line:1156]INFO:该条用例执行执行完毕！！！
[2016-04-13 14:24:54] test_OfflinePromotion.py [Test Case:to_OfflinePromotion] [line:54]INFO:等待页面刷新···
[2016-04-13 14:24:55] test_OfflinePromotion.py [Test Case:to_OfflinePromotion] [line:56]INFO:刷新完成！！！
[2016-04-13 14:25:37] test_OfflinePromotion.py [Test Case:tearDown] [line:1156]INFO:该条用例执行执行完毕！！！
[2016-04-13 14:25:47] test_OfflinePromotion.py [Test Case:to_OfflinePromotion] [line:54]INFO:等待页面刷新···
[2016-04-13 14:25:48] test_OfflinePromotion.py [Test Case:to_OfflinePromotion] [line:56]INFO:刷新完成！！！
[2016-04-13 14:26:30] test_OfflinePromotion.py [Test Case:tearDown] [line:1156]INFO:该条用例执行执行完毕！！！
[2016-04-13 14:26:40] test_OfflinePromotion.py [Test Case:to_OfflinePromotion] [line:54]INFO:等待页面刷新···
[2016-04-13 14:26:41] test_OfflinePromotion.py [Test Case:to_OfflinePromotion] [line:56]INFO:刷新完成！！！
[2016-04-13 14:27:23] test_OfflinePromotion.py [Test Case:tearDown] [line:1156]INFO:该条用例执行执行完毕！！！
[2016-04-13 14:27:32] test_OfflinePromotion.py [Test Case:to_OfflinePromotion] [line:54]INFO:等待页面刷新···
[2016-04-13 14:27:33] test_OfflinePromotion.py [Test Case:to_OfflinePromotion] [line:56]INFO:刷新完成！！！
[2016-04-13 14:28:16] test_OfflinePromotion.py [Test Case:tearDown] [line:1156]INFO:该条用例执行执行完毕！！！
[2016-04-13 14:28:26] test_OfflinePromotion.py [Test Case:to_OfflinePromotion] [line:54]INFO:等待页面刷新···
[2016-04-13 14:28:27] test_OfflinePromotion.py [Test Case:to_OfflinePromotion] [line:56]INFO:刷新完成！！！
[2016-04-13 14:29:09] test_OfflinePromotion.py [Test Case:tearDown] [line:1156]INFO:该条用例执行执行完毕！！！
[2016-04-13 14:29:19] test_OfflinePromotion.py [Test Case:to_OfflinePromotion] [line:54]INFO:等待页面刷新···
[2016-04-13 14:29:20] test_OfflinePromotion.py [Test Case:to_OfflinePromotion] [line:56]INFO:刷新完成！！！
[2016-04-13 14:30:02] test_OfflinePromotion.py [Test Case:tearDown] [line:1156]INFO:该条用例执行执行完毕！！！
[2016-04-13 14:30:12] test_OfflinePromotion.py [Test Case:to_OfflinePromotion] [line:54]INFO:等待页面刷新···
[2016-04-13 14:30:13] test_OfflinePromotion.py [Test Case:to_OfflinePromotion] [line:56]INFO:刷新完成！！！
[2016-04-13 14:30:55] test_OfflinePromotion.py [Test Case:tearDown] [line:1156]INFO:该条用例执行执行完毕！！！
[2016-04-13 14:30:56] test_OfflinePromotion.py [Test Case:<module>] [line:1211]INFO:test_DefaultExpress end--
