[2016-04-13 12:00:09] test_OfflinePromotion.py [Test Case:test_OfflinePromotion] [line:28]INFO:~~~线下促销模块测试~~~
[2016-04-13 12:00:09] test_OfflinePromotion.py [Test Case:<module>] [line:1165]INFO:test_OnlinePromotion start--
[2016-04-13 12:00:18] test_OfflinePromotion.py [Test Case:to_OfflinePromotion] [line:54]INFO:等待页面刷新···
[2016-04-13 12:00:20] test_OfflinePromotion.py [Test Case:to_OfflinePromotion] [line:56]INFO:刷新完成！！！
[2016-04-13 12:01:07] test_OfflinePromotion.py [Test Case:tearDown] [line:1155]INFO:该条用例执行执行完毕！！！
[2016-04-13 12:01:16] test_OfflinePromotion.py [Test Case:to_OfflinePromotion] [line:54]INFO:等待页面刷新···
[2016-04-13 12:01:17] test_OfflinePromotion.py [Test Case:to_OfflinePromotion] [line:56]INFO:刷新完成！！！
[2016-04-13 12:01:41] test_OfflinePromotion.py [Test Case:tearDown] [line:1155]INFO:该条用例执行执行完毕！！！
[2016-04-13 12:01:50] test_OfflinePromotion.py [Test Case:to_OfflinePromotion] [line:54]INFO:等待页面刷新···
[2016-04-13 12:01:51] test_OfflinePromotion.py [Test Case:to_OfflinePromotion] [line:56]INFO:刷新完成！！！
[2016-04-13 12:02:02] test_OfflinePromotion.py [Test Case:tearDown] [line:1155]INFO:该条用例执行执行完毕！！！
[2016-04-13 12:02:11] test_OfflinePromotion.py [Test Case:to_OfflinePromotion] [line:54]INFO:等待页面刷新···
[2016-04-13 12:02:13] test_OfflinePromotion.py [Test Case:to_OfflinePromotion] [line:56]INFO:刷新完成！！！
[2016-04-13 12:02:17] test_OfflinePromotion.py [Test Case:tearDown] [line:1155]INFO:该条用例执行执行完毕！！！
[2016-04-13 12:02:26] test_OfflinePromotion.py [Test Case:to_OfflinePromotion] [line:54]INFO:等待页面刷新···
[2016-04-13 12:02:28] test_OfflinePromotion.py [Test Case:to_OfflinePromotion] [line:56]INFO:刷新完成！！！
[2016-04-13 12:02:37] test_OfflinePromotion.py [Test Case:tearDown] [line:1155]INFO:该条用例执行执行完毕！！！
[2016-04-13 12:02:46] test_OfflinePromotion.py [Test Case:to_OfflinePromotion] [line:54]INFO:等待页面刷新···
[2016-04-13 12:02:47] test_OfflinePromotion.py [Test Case:to_OfflinePromotion] [line:56]INFO:刷新完成！！！
[2016-04-13 12:02:53] test_OfflinePromotion.py [Test Case:tearDown] [line:1155]INFO:该条用例执行执行完毕！！！
[2016-04-13 12:03:02] test_OfflinePromotion.py [Test Case:to_OfflinePromotion] [line:54]INFO:等待页面刷新···
[2016-04-13 12:03:03] test_OfflinePromotion.py [Test Case:to_OfflinePromotion] [line:56]INFO:刷新完成！！！
[2016-04-13 12:03:09] test_OfflinePromotion.py [Test Case:tearDown] [line:1155]INFO:该条用例执行执行完毕！！！
[2016-04-13 12:03:18] test_OfflinePromotion.py [Test Case:to_OfflinePromotion] [line:54]INFO:等待页面刷新···
[2016-04-13 12:03:20] test_OfflinePromotion.py [Test Case:to_OfflinePromotion] [line:56]INFO:刷新完成！！！
[2016-04-13 12:03:58] test_OfflinePromotion.py [Test Case:tearDown] [line:1155]INFO:该条用例执行执行完毕！！！
[2016-04-13 12:04:07] test_OfflinePromotion.py [Test Case:to_OfflinePromotion] [line:54]INFO:等待页面刷新···
[2016-04-13 12:04:08] test_OfflinePromotion.py [Test Case:to_OfflinePromotion] [line:56]INFO:刷新完成！！！
[2016-04-13 12:04:46] test_OfflinePromotion.py [Test Case:tearDown] [line:1155]INFO:该条用例执行执行完毕！！！
[2016-04-13 12:04:55] test_OfflinePromotion.py [Test Case:to_OfflinePromotion] [line:54]INFO:等待页面刷新···
[2016-04-13 12:04:56] test_OfflinePromotion.py [Test Case:to_OfflinePromotion] [line:56]INFO:刷新完成！！！
[2016-04-13 12:05:34] test_OfflinePromotion.py [Test Case:tearDown] [line:1155]INFO:该条用例执行执行完毕！！！
[2016-04-13 12:05:44] test_OfflinePromotion.py [Test Case:to_OfflinePromotion] [line:54]INFO:等待页面刷新···
[2016-04-13 12:05:45] test_OfflinePromotion.py [Test Case:to_OfflinePromotion] [line:56]INFO:刷新完成！！！
[2016-04-13 12:06:23] test_OfflinePromotion.py [Test Case:tearDown] [line:1155]INFO:该条用例执行执行完毕！！！
[2016-04-13 12:06:33] test_OfflinePromotion.py [Test Case:to_OfflinePromotion] [line:54]INFO:等待页面刷新···
[2016-04-13 12:06:34] test_OfflinePromotion.py [Test Case:to_OfflinePromotion] [line:56]INFO:刷新完成！！！
[2016-04-13 12:07:12] test_OfflinePromotion.py [Test Case:tearDown] [line:1155]INFO:该条用例执行执行完毕！！！
[2016-04-13 12:07:22] test_OfflinePromotion.py [Test Case:to_OfflinePromotion] [line:54]INFO:等待页面刷新···
[2016-04-13 12:07:23] test_OfflinePromotion.py [Test Case:to_OfflinePromotion] [line:56]INFO:刷新完成！！！
[2016-04-13 12:08:01] test_OfflinePromotion.py [Test Case:tearDown] [line:1155]INFO:该条用例执行执行完毕！！！
[2016-04-13 12:08:10] test_OfflinePromotion.py [Test Case:to_OfflinePromotion] [line:54]INFO:等待页面刷新···
[2016-04-13 12:08:11] test_OfflinePromotion.py [Test Case:to_OfflinePromotion] [line:56]INFO:刷新完成！！！
[2016-04-13 12:08:49] test_OfflinePromotion.py [Test Case:tearDown] [line:1155]INFO:该条用例执行执行完毕！！！
[2016-04-13 12:08:59] test_OfflinePromotion.py [Test Case:to_OfflinePromotion] [line:54]INFO:等待页面刷新···
[2016-04-13 12:09:00] test_OfflinePromotion.py [Test Case:to_OfflinePromotion] [line:56]INFO:刷新完成！！！
[2016-04-13 12:09:38] test_OfflinePromotion.py [Test Case:tearDown] [line:1155]INFO:该条用例执行执行完毕！！！
[2016-04-13 12:09:48] test_OfflinePromotion.py [Test Case:to_OfflinePromotion] [line:54]INFO:等待页面刷新···
[2016-04-13 12:09:49] test_OfflinePromotion.py [Test Case:to_OfflinePromotion] [line:56]INFO:刷新完成！！！
[2016-04-13 12:10:27] test_OfflinePromotion.py [Test Case:tearDown] [line:1155]INFO:该条用例执行执行完毕！！！
[2016-04-13 12:10:36] test_OfflinePromotion.py [Test Case:to_OfflinePromotion] [line:54]INFO:等待页面刷新···
[2016-04-13 12:10:37] test_OfflinePromotion.py [Test Case:to_OfflinePromotion] [line:56]INFO:刷新完成！！！
[2016-04-13 12:11:16] test_OfflinePromotion.py [Test Case:tearDown] [line:1155]INFO:该条用例执行执行完毕！！！
[2016-04-13 12:11:25] test_OfflinePromotion.py [Test Case:to_OfflinePromotion] [line:54]INFO:等待页面刷新···
[2016-04-13 12:11:26] test_OfflinePromotion.py [Test Case:to_OfflinePromotion] [line:56]INFO:刷新完成！！！
[2016-04-13 12:12:04] test_OfflinePromotion.py [Test Case:tearDown] [line:1155]INFO:该条用例执行执行完毕！！！
[2016-04-13 12:12:14] test_OfflinePromotion.py [Test Case:to_OfflinePromotion] [line:54]INFO:等待页面刷新···
[2016-04-13 12:12:15] test_OfflinePromotion.py [Test Case:to_OfflinePromotion] [line:56]INFO:刷新完成！！！
[2016-04-13 12:12:53] test_OfflinePromotion.py [Test Case:tearDown] [line:1155]INFO:该条用例执行执行完毕！！！
[2016-04-13 12:13:02] test_OfflinePromotion.py [Test Case:to_OfflinePromotion] [line:54]INFO:等待页面刷新···
[2016-04-13 12:13:04] test_OfflinePromotion.py [Test Case:to_OfflinePromotion] [line:56]INFO:刷新完成！！！
[2016-04-13 12:13:42] test_OfflinePromotion.py [Test Case:tearDown] [line:1155]INFO:该条用例执行执行完毕！！！
[2016-04-13 12:13:51] test_OfflinePromotion.py [Test Case:to_OfflinePromotion] [line:54]INFO:等待页面刷新···
[2016-04-13 12:13:52] test_OfflinePromotion.py [Test Case:to_OfflinePromotion] [line:56]INFO:刷新完成！！！
[2016-04-13 12:14:30] test_OfflinePromotion.py [Test Case:tearDown] [line:1155]INFO:该条用例执行执行完毕！！！
[2016-04-13 12:14:35] test_OfflinePromotion.py [Test Case:test_lmodify_ApprovalStatus] [line:1127]INFO:开始执行用例...
[2016-04-13 12:14:39] test_OfflinePromotion.py [Test Case:to_OfflinePromotion] [line:54]INFO:等待页面刷新···
[2016-04-13 12:14:41] test_OfflinePromotion.py [Test Case:to_OfflinePromotion] [line:56]INFO:刷新完成！！！
[2016-04-13 12:15:27] test_OfflinePromotion.py [Test Case:tearDown] [line:1155]INFO:该条用例执行执行完毕！！！
