[2016-04-06 17:17:56] test_CustomizedOrders.py [Test Case:Test_CustomizedOrders] [line:19]INFO:~~~订制订单模块测试~~~
[2016-04-06 17:17:56] test_Measure_Data.py [Test Case:test_Measure_Data] [line:29]INFO:~~~商品档案模块测试~~~
[2016-04-06 17:17:56] test_Measure_WorkOrder.py [Test Case:test_Measure_WorkOrder] [line:35]INFO:~~~量体工单模块测试~~~
[2016-04-06 17:17:56] test_MemberInformation.py [Test Case:Test_MemberInformation] [line:22]INFO:~~~会员信息模块测试~~~
[2016-04-06 17:17:56] test_AdvertisingTheme.py [Test Case:test_AdvertisingTheme] [line:33]INFO:~~~广告主题模块测试~~~
[2016-04-06 17:17:56] test_BOMManage.py [Test Case:test_BOMManager] [line:32]INFO:~~~BOM管理模块测试~~~
[2016-04-06 17:17:56] test_ColorGroup.py [Test Case:test_ColorGroup] [line:28]INFO:~~~颜色组模块测试~~~
[2016-04-06 17:17:56] test_ColorSetting.py [Test Case:test_ColorSetting] [line:30]INFO:~~~颜色配置模块测试~~~
[2016-04-06 17:17:56] test_CommodityFile.py [Test Case:test_CommodityFile] [line:25]INFO:~~~商品档案模块测试~~~
[2016-04-06 17:17:56] test_CommoditySort.py [Test Case:test_CommoditySort] [line:29]INFO:~~~商品类别模块测试~~~
[2016-04-06 17:17:56] test_MeasureItem.py [Test Case:test_MeasureItem] [line:30]INFO:~~~量体项目模块测试~~~
[2016-04-06 17:17:56] test_SizeSetting.py [Test Case:test_SizeSetting] [line:29]INFO:~~~尺码配置模块测试~~~
[2016-04-06 17:17:56] test_SKUSet.py [Test Case:test_SKUSet] [line:28]INFO:~~~SKU设置模块测试~~~
[2016-04-06 17:17:56] test_ConstantSetting.py [Test Case:test_ConstantSetting] [line:32]INFO:~~~常数配置模块测试~~~
[2016-04-06 17:17:56] test_CustomExpress.py [Test Case:test_CustomExpress] [line:26]INFO:~~~自定义快递模块测试~~~
[2016-04-06 17:17:56] test_DefaultExpress.py [Test Case:test_DefaultExpress] [line:31]INFO:~~~默认快递模块测试~~~
[2016-04-06 17:17:56] test_Device.py [Test Case:test_Device] [line:29]INFO:~~~设备信息模块测试~~~
[2016-04-06 17:17:56] test_EmployeeInfo.py [Test Case:test_EmployeeInfo] [line:43]INFO:~~~人员信息模块测试~~~
[2016-04-06 17:17:56] test_Organization.py [Test Case:test_Organization] [line:28]INFO:~~~销售组织管理模块测试~~~
[2016-04-06 17:17:56] test_RoleInfo.py [Test Case:test_RoleInfo] [line:31]INFO:~~~商品类别模块测试~~~
[2016-04-06 17:17:56] test_UserInformation.py [Test Case:test_UserInformation] [line:29]INFO:~~~用户信息模块测试~~~
[2016-04-06 17:17:56] test_OfflinePromotion.py [Test Case:test_OfflinePromotion] [line:28]INFO:~~~线下促销模块测试~~~
[2016-04-06 17:17:56] test_OfflinePromotionRelation.py [Test Case:test_OfflinePromotionRelation] [line:24]INFO:~~~线下促销关系模块测试~~~
[2016-04-06 17:17:56] test_OnlinePromotion.py [Test Case:test_OnlinePromotion] [line:29]INFO:~~~线上促销模块测试~~~
[2016-04-06 17:17:56] test_OnlinePromotionRelation.py [Test Case:test_OlinePromotionRelation] [line:32]INFO:~~~线上促销关系模块测试~~~
[2016-04-06 17:18:08] test_CustomizedOrders.py [Test Case:test_0CommoditySeason_check] [line:145]INFO:开始执行用例...
[2016-04-06 17:18:16] test_CustomizedOrders.py [Test Case:to_CommodityOrder] [line:47]INFO:等待页面刷新···
[2016-04-06 17:18:17] test_OfflinePromotion.py [Test Case:to_OfflinePromotion] [line:54]INFO:等待页面刷新···
[2016-04-06 17:18:18] test_ConstantSetting.py [Test Case:to_ConstantSetting] [line:58]INFO:等待页面刷新···
[2016-04-06 17:18:18] test_AdvertisingTheme.py [Test Case:to_AdvertisingTheme] [line:59]INFO:等待页面刷新···
[2016-04-06 17:18:18] test_ConstantSetting.py [Test Case:to_ConstantSetting] [line:61]INFO:刷新完成！！！
[2016-04-06 17:18:19] test_OfflinePromotion.py [Test Case:to_OfflinePromotion] [line:56]INFO:刷新完成！！！
[2016-04-06 17:18:22] test_AdvertisingTheme.py [Test Case:to_AdvertisingTheme] [line:62]INFO:刷新完成！！！
[2016-04-06 17:18:22] test_CustomizedOrders.py [Test Case:to_CommodityOrder] [line:49]INFO:刷新完成！！！
[2016-04-06 17:18:25] test_ConstantSetting.py [Test Case:clickButton] [line:132]INFO:保存成功！
[2016-04-06 17:18:25] test_ConstantSetting.py [Test Case:tearDown] [line:326]INFO:该条用例执行完毕！！！
[2016-04-06 17:18:29] test_CustomizedOrders.py [Test Case:tearDown] [line:452]INFO:该条用例执行完毕！！！
[2016-04-06 17:18:30] test_AdvertisingTheme.py [Test Case:clickButton] [line:135]INFO:保存成功！
[2016-04-06 17:18:30] test_AdvertisingTheme.py [Test Case:tearDown] [line:380]INFO:该条用例执行完毕！！！
[2016-04-06 17:18:37] test_CustomizedOrders.py [Test Case:test_1search_by_OrderDate] [line:168]INFO:开始执行用例...
[2016-04-06 17:18:37] test_ConstantSetting.py [Test Case:to_ConstantSetting] [line:58]INFO:等待页面刷新···
[2016-04-06 17:18:38] test_ConstantSetting.py [Test Case:to_ConstantSetting] [line:61]INFO:刷新完成！！！
[2016-04-06 17:18:39] test_OfflinePromotion.py [Test Case:clickButton] [line:157]INFO:保存成功！
[2016-04-06 17:18:44] test_CustomizedOrders.py [Test Case:to_CommodityOrder] [line:47]INFO:等待页面刷新···
[2016-04-06 17:18:44] test_ConstantSetting.py [Test Case:tearDown] [line:326]INFO:该条用例执行完毕！！！
[2016-04-06 17:18:47] test_OfflinePromotion.py [Test Case:test_0add_Promotion] [line:280]INFO:刷新~~~
[2016-04-06 17:18:48] test_AdvertisingTheme.py [Test Case:to_AdvertisingTheme] [line:59]INFO:等待页面刷新···
[2016-04-06 17:18:49] test_OfflinePromotion.py [Test Case:tearDown] [line:1103]INFO:该条用例执行执行完毕！！！
[2016-04-06 17:18:50] test_AdvertisingTheme.py [Test Case:to_AdvertisingTheme] [line:62]INFO:刷新完成！！！
[2016-04-06 17:18:50] test_CustomizedOrders.py [Test Case:to_CommodityOrder] [line:49]INFO:刷新完成！！！
[2016-04-06 17:19:00] test_CustomizedOrders.py [Test Case:tearDown] [line:452]INFO:该条用例执行完毕！！！
[2016-04-06 17:19:02] test_ConstantSetting.py [Test Case:to_ConstantSetting] [line:58]INFO:等待页面刷新···
[2016-04-06 17:19:02] test_ConstantSetting.py [Test Case:to_ConstantSetting] [line:61]INFO:刷新完成！！！
[2016-04-06 17:19:05] test_OfflinePromotion.py [Test Case:to_OfflinePromotion] [line:54]INFO:等待页面刷新···
[2016-04-06 17:19:06] test_ConstantSetting.py [Test Case:tearDown] [line:326]INFO:该条用例执行完毕！！！
[2016-04-06 17:19:06] test_OfflinePromotion.py [Test Case:to_OfflinePromotion] [line:56]INFO:刷新完成！！！
[2016-04-06 17:19:08] test_CustomizedOrders.py [Test Case:test_2search_by_TheOrderNumber] [line:225]INFO:开始执行用例...
[2016-04-06 17:19:12] test_AdvertisingTheme.py [Test Case:tearDown] [line:380]INFO:该条用例执行完毕！！！
[2016-04-06 17:19:14] test_CustomizedOrders.py [Test Case:to_CommodityOrder] [line:47]INFO:等待页面刷新···
[2016-04-06 17:19:19] test_CustomizedOrders.py [Test Case:to_CommodityOrder] [line:49]INFO:刷新完成！！！
[2016-04-06 17:19:23] test_ConstantSetting.py [Test Case:to_ConstantSetting] [line:58]INFO:等待页面刷新···
[2016-04-06 17:19:23] test_ConstantSetting.py [Test Case:to_ConstantSetting] [line:61]INFO:刷新完成！！！
[2016-04-06 17:19:27] test_OfflinePromotion.py [Test Case:tearDown] [line:1103]INFO:该条用例执行执行完毕！！！
[2016-04-06 17:19:29] test_CustomizedOrders.py [Test Case:tearDown] [line:452]INFO:该条用例执行完毕！！！
[2016-04-06 17:19:29] test_ConstantSetting.py [Test Case:clickButton] [line:132]INFO:保存成功！
[2016-04-06 17:19:29] test_ConstantSetting.py [Test Case:tearDown] [line:326]INFO:该条用例执行完毕！！！
[2016-04-06 17:19:29] test_AdvertisingTheme.py [Test Case:to_AdvertisingTheme] [line:59]INFO:等待页面刷新···
[2016-04-06 17:19:32] test_AdvertisingTheme.py [Test Case:to_AdvertisingTheme] [line:62]INFO:刷新完成！！！
[2016-04-06 17:19:35] test_AdvertisingTheme.py [Test Case:tearDown] [line:380]INFO:该条用例执行完毕！！！
[2016-04-06 17:19:41] test_OfflinePromotion.py [Test Case:to_OfflinePromotion] [line:54]INFO:等待页面刷新···
[2016-04-06 17:19:43] test_OfflinePromotion.py [Test Case:to_OfflinePromotion] [line:56]INFO:刷新完成！！！
[2016-04-06 17:19:47] test_ConstantSetting.py [Test Case:to_ConstantSetting] [line:58]INFO:等待页面刷新···
[2016-04-06 17:19:48] test_CustomizedOrders.py [Test Case:to_CommodityOrder] [line:47]INFO:等待页面刷新···
[2016-04-06 17:19:48] test_ConstantSetting.py [Test Case:to_ConstantSetting] [line:61]INFO:刷新完成！！！
[2016-04-06 17:19:53] test_OfflinePromotion.py [Test Case:tearDown] [line:1103]INFO:该条用例执行执行完毕！！！
[2016-04-06 17:19:54] test_CustomizedOrders.py [Test Case:to_CommodityOrder] [line:49]INFO:刷新完成！！！
[2016-04-06 17:19:55] test_AdvertisingTheme.py [Test Case:to_AdvertisingTheme] [line:59]INFO:等待页面刷新···
[2016-04-06 17:19:57] test_ConstantSetting.py [Test Case:clickButton] [line:132]INFO:保存成功！
[2016-04-06 17:19:57] test_AdvertisingTheme.py [Test Case:to_AdvertisingTheme] [line:62]INFO:刷新完成！！！
[2016-04-06 17:20:01] test_ConstantSetting.py [Test Case:tearDown] [line:326]INFO:该条用例执行完毕！！！
[2016-04-06 17:20:03] test_AdvertisingTheme.py [Test Case:clickButton] [line:135]INFO:保存成功！
[2016-04-06 17:20:04] test_CustomizedOrders.py [Test Case:tearDown] [line:452]INFO:该条用例执行完毕！！！
[2016-04-06 17:20:04] test_AdvertisingTheme.py [Test Case:tearDown] [line:380]INFO:该条用例执行完毕！！！
[2016-04-06 17:20:07] test_OfflinePromotion.py [Test Case:to_OfflinePromotion] [line:54]INFO:等待页面刷新···
[2016-04-06 17:20:08] test_OfflinePromotion.py [Test Case:to_OfflinePromotion] [line:56]INFO:刷新完成！！！
[2016-04-06 17:20:11] test_OfflinePromotion.py [Test Case:tearDown] [line:1103]INFO:该条用例执行执行完毕！！！
[2016-04-06 17:20:15] test_CustomizedOrders.py [Test Case:test_4search_by_TheOrderStatus] [line:284]INFO:开始执行用例...
[2016-04-06 17:20:22] test_CustomizedOrders.py [Test Case:to_CommodityOrder] [line:47]INFO:等待页面刷新···
[2016-04-06 17:20:23] test_AdvertisingTheme.py [Test Case:to_AdvertisingTheme] [line:59]INFO:等待页面刷新···
[2016-04-06 17:20:23] test_ConstantSetting.py [Test Case:to_ConstantSetting] [line:58]INFO:等待页面刷新···
[2016-04-06 17:20:24] test_ConstantSetting.py [Test Case:to_ConstantSetting] [line:61]INFO:刷新完成！！！
[2016-04-06 17:20:26] test_AdvertisingTheme.py [Test Case:to_AdvertisingTheme] [line:62]INFO:刷新完成！！！
[2016-04-06 17:20:30] test_CustomizedOrders.py [Test Case:to_CommodityOrder] [line:49]INFO:刷新完成！！！
[2016-04-06 17:20:30] test_OfflinePromotion.py [Test Case:to_OfflinePromotion] [line:54]INFO:等待页面刷新···
[2016-04-06 17:20:31] test_OfflinePromotion.py [Test Case:to_OfflinePromotion] [line:56]INFO:刷新完成！！！
[2016-04-06 17:20:34] test_ConstantSetting.py [Test Case:clickButton] [line:106]INFO:删除成功
[2016-04-06 17:20:34] test_ConstantSetting.py [Test Case:tearDown] [line:326]INFO:该条用例执行完毕！！！
[2016-04-06 17:20:35] test_AdvertisingTheme.py [Test Case:clickButton] [line:135]INFO:保存成功！
[2016-04-06 17:20:35] test_AdvertisingTheme.py [Test Case:tearDown] [line:380]INFO:该条用例执行完毕！！！
[2016-04-06 17:20:40] test_OfflinePromotion.py [Test Case:tearDown] [line:1103]INFO:该条用例执行执行完毕！！！
[2016-04-06 17:20:40] test_CustomizedOrders.py [Test Case:tearDown] [line:452]INFO:该条用例执行完毕！！！
[2016-04-06 17:20:52] test_CustomExpress.py [Test Case:to_CustomExpress] [line:51]INFO:等待页面刷新···
[2016-04-06 17:20:52] test_CustomizedOrders.py [Test Case:test_5search_by_PaymentStatus] [line:319]INFO:开始执行用例...
[2016-04-06 17:20:54] test_CustomExpress.py [Test Case:to_CustomExpress] [line:54]INFO:刷新完成！！！
[2016-04-06 17:20:55] test_BOMManage.py [Test Case:to_BOMManager] [line:58]INFO:等待页面刷新···
[2016-04-06 17:20:58] test_BOMManage.py [Test Case:to_BOMManager] [line:61]INFO:刷新完成！！！
[2016-04-06 17:20:59] test_CustomizedOrders.py [Test Case:to_CommodityOrder] [line:47]INFO:等待页面刷新···
[2016-04-06 17:21:00] test_OfflinePromotion.py [Test Case:to_OfflinePromotion] [line:54]INFO:等待页面刷新···
[2016-04-06 17:21:02] test_CustomExpress.py [Test Case:test_1search_byTemplateType] [line:289]INFO:等待页面刷新···
[2016-04-06 17:21:02] test_CustomExpress.py [Test Case:test_1search_byTemplateType] [line:292]INFO:刷新完成！！！
[2016-04-06 17:21:02] test_OfflinePromotion.py [Test Case:to_OfflinePromotion] [line:56]INFO:刷新完成！！！
[2016-04-06 17:21:02] test_CustomExpress.py [Test Case:tearDown] [line:500]INFO:该条用例执行完毕！！！
[2016-04-06 17:21:05] test_CustomizedOrders.py [Test Case:to_CommodityOrder] [line:49]INFO:刷新完成！！！
[2016-04-06 17:21:07] test_OfflinePromotion.py [Test Case:tearDown] [line:1103]INFO:该条用例执行执行完毕！！！
[2016-04-06 17:21:08] test_BOMManage.py [Test Case:clickButton] [line:136]INFO:保存成功！
[2016-04-06 17:21:08] test_BOMManage.py [Test Case:tearDown] [line:334]INFO:该条用例执行完毕！！！
[2016-04-06 17:21:18] test_CustomizedOrders.py [Test Case:tearDown] [line:452]INFO:该条用例执行完毕！！！
[2016-04-06 17:21:18] test_CustomExpress.py [Test Case:to_CustomExpress] [line:51]INFO:等待页面刷新···
[2016-04-06 17:21:20] test_CustomExpress.py [Test Case:to_CustomExpress] [line:54]INFO:刷新完成！！！
[2016-04-06 17:21:23] test_OfflinePromotion.py [Test Case:to_OfflinePromotion] [line:54]INFO:等待页面刷新···
[2016-04-06 17:21:25] test_OfflinePromotion.py [Test Case:to_OfflinePromotion] [line:56]INFO:刷新完成！！！
[2016-04-06 17:21:27] test_BOMManage.py [Test Case:to_BOMManager] [line:58]INFO:等待页面刷新···
[2016-04-06 17:21:28] test_CustomizedOrders.py [Test Case:test_6search_by_TheConsignee] [line:362]INFO:开始执行用例...
[2016-04-06 17:21:29] test_OfflinePromotion.py [Test Case:tearDown] [line:1103]INFO:该条用例执行执行完毕！！！
[2016-04-06 17:21:29] test_BOMManage.py [Test Case:to_BOMManager] [line:61]INFO:刷新完成！！！
[2016-04-06 17:21:29] test_CustomExpress.py [Test Case:test_2search_byExpressType] [line:363]INFO:等待页面刷新···
[2016-04-06 17:21:29] test_CustomExpress.py [Test Case:test_2search_byExpressType] [line:367]INFO:刷新完成！！！
[2016-04-06 17:21:30] test_CustomExpress.py [Test Case:tearDown] [line:500]INFO:该条用例执行完毕！！！
[2016-04-06 17:21:34] test_CustomizedOrders.py [Test Case:to_CommodityOrder] [line:47]INFO:等待页面刷新···
[2016-04-06 17:21:36] test_BOMManage.py [Test Case:tearDown] [line:334]INFO:该条用例执行完毕！！！
[2016-04-06 17:21:39] test_CustomizedOrders.py [Test Case:to_CommodityOrder] [line:49]INFO:刷新完成！！！
[2016-04-06 17:21:46] test_CustomExpress.py [Test Case:to_CustomExpress] [line:51]INFO:等待页面刷新···
[2016-04-06 17:21:47] test_CustomExpress.py [Test Case:to_CustomExpress] [line:54]INFO:刷新完成！！！
[2016-04-06 17:21:47] test_OfflinePromotion.py [Test Case:to_OfflinePromotion] [line:54]INFO:等待页面刷新···
[2016-04-06 17:21:48] test_OfflinePromotion.py [Test Case:to_OfflinePromotion] [line:56]INFO:刷新完成！！！
[2016-04-06 17:21:50] test_CustomizedOrders.py [Test Case:tearDown] [line:452]INFO:该条用例执行完毕！！！
[2016-04-06 17:21:54] test_CustomExpress.py [Test Case:test_3search_byStoreName] [line:396]INFO:等待页面刷新···
[2016-04-06 17:21:54] test_CustomExpress.py [Test Case:test_3search_byStoreName] [line:400]INFO:刷新完成！！！
[2016-04-06 17:21:54] test_CustomExpress.py [Test Case:tearDown] [line:500]INFO:该条用例执行完毕！！！
[2016-04-06 17:21:55] test_BOMManage.py [Test Case:to_BOMManager] [line:58]INFO:等待页面刷新···
[2016-04-06 17:21:57] test_BOMManage.py [Test Case:to_BOMManager] [line:61]INFO:刷新完成！！！
[2016-04-06 17:21:58] test_OfflinePromotion.py [Test Case:tearDown] [line:1103]INFO:该条用例执行执行完毕！！！
[2016-04-06 17:21:58] test_CustomizedOrders.py [Test Case:test_7search_by_ConsigneePhone] [line:392]INFO:开始执行用例...
[2016-04-06 17:22:04] test_CustomizedOrders.py [Test Case:to_CommodityOrder] [line:47]INFO:等待页面刷新···
[2016-04-06 17:22:07] test_BOMManage.py [Test Case:tearDown] [line:334]INFO:该条用例执行完毕！！！
[2016-04-06 17:22:10] test_CustomizedOrders.py [Test Case:to_CommodityOrder] [line:49]INFO:刷新完成！！！
[2016-04-06 17:22:12] test_CustomExpress.py [Test Case:to_CustomExpress] [line:51]INFO:等待页面刷新···
[2016-04-06 17:22:14] test_CustomExpress.py [Test Case:to_CustomExpress] [line:54]INFO:刷新完成！！！
[2016-04-06 17:22:16] test_OfflinePromotion.py [Test Case:to_OfflinePromotion] [line:54]INFO:等待页面刷新···
[2016-04-06 17:22:17] test_OfflinePromotion.py [Test Case:to_OfflinePromotion] [line:56]INFO:刷新完成！！！
[2016-04-06 17:22:21] test_CustomizedOrders.py [Test Case:tearDown] [line:452]INFO:该条用例执行完毕！！！
[2016-04-06 17:22:23] test_CustomExpress.py [Test Case:clickButton] [line:131]INFO:保存成功！
[2016-04-06 17:22:23] test_CustomExpress.py [Test Case:tearDown] [line:500]INFO:该条用例执行完毕！！！
[2016-04-06 17:22:24] test_BOMManage.py [Test Case:to_BOMManager] [line:58]INFO:等待页面刷新···
[2016-04-06 17:22:27] test_BOMManage.py [Test Case:to_BOMManager] [line:61]INFO:刷新完成！！！
[2016-04-06 17:22:28] test_CustomizedOrders.py [Test Case:test_8search_by_Store] [line:424]INFO:开始执行用例...
[2016-04-06 17:22:34] test_CustomizedOrders.py [Test Case:to_CommodityOrder] [line:47]INFO:等待页面刷新···
[2016-04-06 17:22:37] test_OfflinePromotion.py [Test Case:Delete_And_Add_Assert] [line:81]INFO:保存成功！
[2016-04-06 17:22:39] test_CustomizedOrders.py [Test Case:to_CommodityOrder] [line:49]INFO:刷新完成！！！
[2016-04-06 17:22:40] test_CustomExpress.py [Test Case:to_CustomExpress] [line:51]INFO:等待页面刷新···
[2016-04-06 17:22:41] test_CustomExpress.py [Test Case:to_CustomExpress] [line:54]INFO:刷新完成！！！
[2016-04-06 17:22:45] test_OfflinePromotion.py [Test Case:Delete_And_Add_Assert] [line:81]INFO:保存成功！
[2016-04-06 17:22:46] test_OfflinePromotion.py [Test Case:tearDown] [line:1103]INFO:该条用例执行执行完毕！！！
[2016-04-06 17:22:47] test_CustomExpress.py [Test Case:clickButton] [line:131]INFO:保存成功！
[2016-04-06 17:22:47] test_CustomExpress.py [Test Case:test_5modify_CustomExpress] [line:459]INFO:等待页面刷新···
[2016-04-06 17:22:47] test_CustomExpress.py [Test Case:test_5modify_CustomExpress] [line:463]INFO:刷新完成！！！
[2016-04-06 17:22:48] test_CustomizedOrders.py [Test Case:tearDown] [line:452]INFO:该条用例执行完毕！！！
[2016-04-06 17:22:48] test_CustomExpress.py [Test Case:tearDown] [line:500]INFO:该条用例执行完毕！！！
[2016-04-06 17:23:00] test_OfflinePromotion.py [Test Case:to_OfflinePromotion] [line:54]INFO:等待页面刷新···
[2016-04-06 17:23:03] test_OfflinePromotion.py [Test Case:to_OfflinePromotion] [line:56]INFO:刷新完成！！！
[2016-04-06 17:23:05] test_DefaultExpress.py [Test Case:to_DefaultExpress] [line:56]INFO:等待页面刷新···
[2016-04-06 17:23:06] test_DefaultExpress.py [Test Case:to_DefaultExpress] [line:59]INFO:刷新完成！！！
[2016-04-06 17:23:10] test_DefaultExpress.py [Test Case:clickButton] [line:130]INFO:保存成功！
[2016-04-06 17:23:10] test_DefaultExpress.py [Test Case:tearDown] [line:309]INFO:该条用例执行完毕！！！
[2016-04-06 17:23:13] test_BOMManage.py [Test Case:tearDown] [line:334]INFO:该条用例执行完毕！！！
[2016-04-06 17:23:20] test_Measure_Data.py [Test Case:tearDown] [line:256]INFO:该条用例执行完毕！！！
[2016-04-06 17:23:23] test_DefaultExpress.py [Test Case:to_DefaultExpress] [line:56]INFO:等待页面刷新···
[2016-04-06 17:23:25] test_DefaultExpress.py [Test Case:to_DefaultExpress] [line:59]INFO:刷新完成！！！
[2016-04-06 17:23:28] test_DefaultExpress.py [Test Case:tearDown] [line:309]INFO:该条用例执行完毕！！！
[2016-04-06 17:23:30] test_BOMManage.py [Test Case:to_BOMManager] [line:58]INFO:等待页面刷新···
[2016-04-06 17:23:32] test_BOMManage.py [Test Case:to_BOMManager] [line:61]INFO:刷新完成！！！
[2016-04-06 17:23:38] test_BOMManage.py [Test Case:clickButton] [line:136]INFO:保存成功！
[2016-04-06 17:23:38] test_BOMManage.py [Test Case:tearDown] [line:334]INFO:该条用例执行完毕！！！
[2016-04-06 17:23:41] test_Measure_Data.py [Test Case:tearDown] [line:256]INFO:该条用例执行完毕！！！
[2016-04-06 17:23:42] test_DefaultExpress.py [Test Case:to_DefaultExpress] [line:56]INFO:等待页面刷新···
[2016-04-06 17:23:43] test_DefaultExpress.py [Test Case:to_DefaultExpress] [line:59]INFO:刷新完成！！！
[2016-04-06 17:23:45] test_DefaultExpress.py [Test Case:tearDown] [line:309]INFO:该条用例执行完毕！！！
[2016-04-06 17:23:49] test_OfflinePromotion.py [Test Case:tearDown] [line:1103]INFO:该条用例执行执行完毕！！！
[2016-04-06 17:23:52] test_BOMManage.py [Test Case:to_BOMManager] [line:58]INFO:等待页面刷新···
[2016-04-06 17:23:55] test_BOMManage.py [Test Case:to_BOMManager] [line:61]INFO:刷新完成！！！
[2016-04-06 17:23:59] test_BOMManage.py [Test Case:clickButton] [line:108]INFO:删除成功
[2016-04-06 17:23:59] test_BOMManage.py [Test Case:tearDown] [line:334]INFO:该条用例执行完毕！！！
[2016-04-06 17:24:03] test_DefaultExpress.py [Test Case:to_DefaultExpress] [line:56]INFO:等待页面刷新···
[2016-04-06 17:24:04] test_Measure_Data.py [Test Case:tearDown] [line:256]INFO:该条用例执行完毕！！！
[2016-04-06 17:24:05] test_DefaultExpress.py [Test Case:to_DefaultExpress] [line:59]INFO:刷新完成！！！
[2016-04-06 17:24:08] test_OfflinePromotion.py [Test Case:to_OfflinePromotion] [line:54]INFO:等待页面刷新···
[2016-04-06 17:24:09] test_OfflinePromotion.py [Test Case:to_OfflinePromotion] [line:56]INFO:刷新完成！！！
[2016-04-06 17:24:09] test_DefaultExpress.py [Test Case:clickButton] [line:130]INFO:保存成功！
[2016-04-06 17:24:09] test_DefaultExpress.py [Test Case:tearDown] [line:309]INFO:该条用例执行完毕！！！
[2016-04-06 17:24:09] test_ColorGroup.py [Test Case:test_0add_ColorGroup] [line:143]INFO:开始执行测试...
[2016-04-06 17:24:15] test_ColorGroup.py [Test Case:to_ColorGroup] [line:52]INFO:等待页面刷新···
[2016-04-06 17:24:16] test_ColorGroup.py [Test Case:to_ColorGroup] [line:55]INFO:刷新完成！！！
[2016-04-06 17:24:22] test_ColorGroup.py [Test Case:clickButton] [line:127]INFO:保存成功！
[2016-04-06 17:24:22] test_ColorGroup.py [Test Case:tearDown] [line:313]INFO:该条用例执行完毕！！！
[2016-04-06 17:24:27] test_DefaultExpress.py [Test Case:to_DefaultExpress] [line:56]INFO:等待页面刷新···
[2016-04-06 17:24:28] test_DefaultExpress.py [Test Case:to_DefaultExpress] [line:59]INFO:刷新完成！！！
[2016-04-06 17:24:30] test_Measure_Data.py [Test Case:tearDown] [line:256]INFO:该条用例执行完毕！！！
[2016-04-06 17:24:35] test_DefaultExpress.py [Test Case:clickButton] [line:130]INFO:保存成功！
[2016-04-06 17:24:37] test_ColorGroup.py [Test Case:to_ColorGroup] [line:52]INFO:等待页面刷新···
[2016-04-06 17:24:38] test_ColorGroup.py [Test Case:to_ColorGroup] [line:55]INFO:刷新完成！！！
[2016-04-06 17:24:38] test_DefaultExpress.py [Test Case:tearDown] [line:309]INFO:该条用例执行完毕！！！
[2016-04-06 17:24:41] test_ColorGroup.py [Test Case:tearDown] [line:313]INFO:该条用例执行完毕！！！
[2016-04-06 17:24:50] test_ColorGroup.py [Test Case:test_2search_ByCGroupName] [line:219]INFO:开始执行测试...
[2016-04-06 17:24:51] test_DefaultExpress.py [Test Case:to_DefaultExpress] [line:56]INFO:等待页面刷新···
[2016-04-06 17:24:52] test_DefaultExpress.py [Test Case:to_DefaultExpress] [line:59]INFO:刷新完成！！！
[2016-04-06 17:24:54] test_OfflinePromotion.py [Test Case:tearDown] [line:1103]INFO:该条用例执行执行完毕！！！
[2016-04-06 17:24:55] test_ColorGroup.py [Test Case:to_ColorGroup] [line:52]INFO:等待页面刷新···
[2016-04-06 17:24:56] test_ColorGroup.py [Test Case:to_ColorGroup] [line:55]INFO:刷新完成！！！
[2016-04-06 17:24:58] test_DefaultExpress.py [Test Case:clickButton] [line:104]INFO:删除成功
[2016-04-06 17:24:58] test_DefaultExpress.py [Test Case:tearDown] [line:309]INFO:该条用例执行完毕！！！
[2016-04-06 17:24:59] test_ColorGroup.py [Test Case:tearDown] [line:313]INFO:该条用例执行完毕！！！
[2016-04-06 17:25:03] test_Measure_Data.py [Test Case:tearDown] [line:256]INFO:该条用例执行完毕！！！
[2016-04-06 17:25:06] test_OfflinePromotion.py [Test Case:to_OfflinePromotion] [line:54]INFO:等待页面刷新···
[2016-04-06 17:25:07] test_OfflinePromotion.py [Test Case:to_OfflinePromotion] [line:56]INFO:刷新完成！！！
[2016-04-06 17:25:09] test_Device.py [Test Case:test_0add_Device] [line:134]INFO:开始执行用例...
[2016-04-06 17:25:10] test_ColorGroup.py [Test Case:test_3modify_ColorGroup] [line:244]INFO:开始执行测试...
[2016-04-06 17:25:17] test_Device.py [Test Case:to_Device] [line:55]INFO:等待页面刷新···
[2016-04-06 17:25:18] test_ColorGroup.py [Test Case:to_ColorGroup] [line:52]INFO:等待页面刷新···
[2016-04-06 17:25:19] test_ColorGroup.py [Test Case:to_ColorGroup] [line:55]INFO:刷新完成！！！
[2016-04-06 17:25:20] test_Device.py [Test Case:to_Device] [line:58]INFO:刷新完成！！！
[2016-04-06 17:25:26] test_OfflinePromotion.py [Test Case:Delete_And_Add_Assert] [line:73]INFO:删除成功
[2016-04-06 17:25:27] test_Device.py [Test Case:clickButton] [line:120]INFO:保存成功！
[2016-04-06 17:25:27] test_Device.py [Test Case:tearDown] [line:413]INFO:该条用例执行完毕！！！
[2016-04-06 17:25:28] test_ColorGroup.py [Test Case:clickButton] [line:127]INFO:保存成功！
[2016-04-06 17:25:28] test_ColorGroup.py [Test Case:tearDown] [line:313]INFO:该条用例执行完毕！！！
[2016-04-06 17:25:29] test_OfflinePromotion.py [Test Case:Delete_And_Add_Assert] [line:73]INFO:删除成功
[2016-04-06 17:25:29] test_OfflinePromotion.py [Test Case:tearDown] [line:1103]INFO:该条用例执行执行完毕！！！
[2016-04-06 17:25:34] test_Measure_Data.py [Test Case:tearDown] [line:256]INFO:该条用例执行完毕！！！
[2016-04-06 17:25:37] test_Device.py [Test Case:test_1search_byDeviceName] [line:180]INFO:开始执行用例...
[2016-04-06 17:25:37] test_ColorGroup.py [Test Case:test_4import_ColorGroup] [line:282]INFO:开始执行测试...
[2016-04-06 17:25:47] test_Measure_WorkOrder.py [Test Case:test_0add_WorkOrder] [line:144]INFO:开始执行测试...
[2016-04-06 17:25:48] test_ColorGroup.py [Test Case:to_ColorGroup] [line:52]INFO:等待页面刷新···
[2016-04-06 17:25:48] test_Device.py [Test Case:to_Device] [line:55]INFO:等待页面刷新···
[2016-04-06 17:25:48] test_OfflinePromotion.py [Test Case:to_OfflinePromotion] [line:54]INFO:等待页面刷新···
[2016-04-06 17:25:49] test_ColorGroup.py [Test Case:to_ColorGroup] [line:55]INFO:刷新完成！！！
[2016-04-06 17:25:50] test_OfflinePromotion.py [Test Case:to_OfflinePromotion] [line:56]INFO:刷新完成！！！
[2016-04-06 17:25:51] test_Device.py [Test Case:to_Device] [line:58]INFO:刷新完成！！！
[2016-04-06 17:25:52] test_ColorGroup.py [Test Case:tearDown] [line:313]INFO:该条用例执行完毕！！！
[2016-04-06 17:25:52] test_Measure_WorkOrder.py [Test Case:to_measureWorkOrder] [line:709]INFO:等待页面刷新···
[2016-04-06 17:25:57] test_Measure_WorkOrder.py [Test Case:to_measureWorkOrder] [line:711]INFO:刷新完成！！！
[2016-04-06 17:25:58] test_Device.py [Test Case:tearDown] [line:413]INFO:该条用例执行完毕！！！
[2016-04-06 17:26:03] test_Measure_WorkOrder.py [Test Case:test_0add_WorkOrder] [line:162]INFO:等待页面刷新···
[2016-04-06 17:26:03] test_Measure_WorkOrder.py [Test Case:test_0add_WorkOrder] [line:164]INFO:刷新完成！！！
[2016-04-06 17:26:07] test_ColorGroup.py [Test Case:to_ColorGroup] [line:52]INFO:等待页面刷新···
[2016-04-06 17:26:08] test_ColorGroup.py [Test Case:to_ColorGroup] [line:55]INFO:刷新完成！！！
[2016-04-06 17:26:09] test_OfflinePromotion.py [Test Case:Delete_And_Add_Assert] [line:81]INFO:保存成功！
[2016-04-06 17:26:09] test_Device.py [Test Case:test_2search_byDeviceCode] [line:260]INFO:开始执行用例...
[2016-04-06 17:26:11] test_OfflinePromotion.py [Test Case:tearDown] [line:1103]INFO:该条用例执行执行完毕！！！
[2016-04-06 17:26:15] test_Device.py [Test Case:to_Device] [line:55]INFO:等待页面刷新···
[2016-04-06 17:26:16] test_ColorGroup.py [Test Case:clickButton] [line:101]INFO:删除成功
[2016-04-06 17:26:16] test_ColorGroup.py [Test Case:tearDown] [line:313]INFO:该条用例执行完毕！！！
[2016-04-06 17:26:18] test_Device.py [Test Case:to_Device] [line:58]INFO:刷新完成！！！
[2016-04-06 17:26:22] test_Measure_WorkOrder.py [Test Case:tearDown] [line:718]INFO:该条用例执行完毕！！！
[2016-04-06 17:26:24] test_OfflinePromotion.py [Test Case:to_OfflinePromotion] [line:54]INFO:等待页面刷新···
[2016-04-06 17:26:25] test_OfflinePromotion.py [Test Case:to_OfflinePromotion] [line:56]INFO:刷新完成！！！
[2016-04-06 17:26:26] test_Device.py [Test Case:tearDown] [line:413]INFO:该条用例执行完毕！！！
[2016-04-06 17:26:32] test_Measure_WorkOrder.py [Test Case:test_1look_WorkOrder] [line:279]INFO:开始执行测试...
[2016-04-06 17:26:33] test_ColorSetting.py [Test Case:to_ColorSetting] [line:55]INFO:等待页面刷新···
[2016-04-06 17:26:34] test_ColorSetting.py [Test Case:to_ColorSetting] [line:58]INFO:刷新完成！！！
[2016-04-06 17:26:39] test_Measure_WorkOrder.py [Test Case:to_measureWorkOrder] [line:709]INFO:等待页面刷新···
[2016-04-06 17:26:40] test_ColorSetting.py [Test Case:tearDown] [line:414]INFO:该条用例执行完毕！！！
[2016-04-06 17:26:44] test_OfflinePromotion.py [Test Case:Delete_And_Add_Assert] [line:73]INFO:删除成功
[2016-04-06 17:26:44] test_OfflinePromotion.py [Test Case:tearDown] [line:1103]INFO:该条用例执行执行完毕！！！
[2016-04-06 17:26:45] test_Measure_WorkOrder.py [Test Case:to_measureWorkOrder] [line:711]INFO:刷新完成！！！
[2016-04-06 17:26:45] test_Device.py [Test Case:to_Device] [line:55]INFO:等待页面刷新···
[2016-04-06 17:26:47] test_Device.py [Test Case:to_Device] [line:58]INFO:刷新完成！！！
[2016-04-06 17:26:53] test_Device.py [Test Case:tearDown] [line:413]INFO:该条用例执行完毕！！！
[2016-04-06 17:26:54] test_Measure_WorkOrder.py [Test Case:tearDown] [line:718]INFO:该条用例执行完毕！！！
[2016-04-06 17:26:55] test_ColorSetting.py [Test Case:to_ColorSetting] [line:55]INFO:等待页面刷新···
[2016-04-06 17:26:56] test_ColorSetting.py [Test Case:to_ColorSetting] [line:58]INFO:刷新完成！！！
[2016-04-06 17:26:57] test_ColorSetting.py [Test Case:test_1search_ByColorCode] [line:213]INFO:等待页面刷新···
[2016-04-06 17:26:57] test_ColorSetting.py [Test Case:test_1search_ByColorCode] [line:216]INFO:刷新完成！！！
[2016-04-06 17:27:01] test_OfflinePromotion.py [Test Case:to_OfflinePromotion] [line:54]INFO:等待页面刷新···
[2016-04-06 17:27:03] test_Device.py [Test Case:test_4search_byDeviceType] [line:300]INFO:开始执行用例...
[2016-04-06 17:27:03] test_OfflinePromotion.py [Test Case:to_OfflinePromotion] [line:56]INFO:刷新完成！！！
[2016-04-06 17:27:06] test_Measure_WorkOrder.py [Test Case:test_2search_ByWorkOrder] [line:327]INFO:开始执行测试...
[2016-04-06 17:27:06] test_ColorSetting.py [Test Case:tearDown] [line:414]INFO:该条用例执行完毕！！！
[2016-04-06 17:27:08] test_Device.py [Test Case:to_Device] [line:55]INFO:等待页面刷新···
[2016-04-06 17:27:11] test_Device.py [Test Case:to_Device] [line:58]INFO:刷新完成！！！
[2016-04-06 17:27:12] test_Measure_WorkOrder.py [Test Case:to_measureWorkOrder] [line:709]INFO:等待页面刷新···
[2016-04-06 17:27:18] test_Measure_WorkOrder.py [Test Case:to_measureWorkOrder] [line:711]INFO:刷新完成！！！
[2016-04-06 17:27:20] test_OfflinePromotion.py [Test Case:Delete_And_Add_Assert] [line:81]INFO:保存成功！
[2016-04-06 17:27:22] test_OfflinePromotion.py [Test Case:tearDown] [line:1103]INFO:该条用例执行执行完毕！！！
[2016-04-06 17:27:22] test_ColorSetting.py [Test Case:to_ColorSetting] [line:55]INFO:等待页面刷新···
[2016-04-06 17:27:23] test_ColorSetting.py [Test Case:to_ColorSetting] [line:58]INFO:刷新完成！！！
[2016-04-06 17:27:27] test_Device.py [Test Case:tearDown] [line:413]INFO:该条用例执行完毕！！！
[2016-04-06 17:27:27] test_ColorSetting.py [Test Case:tearDown] [line:414]INFO:该条用例执行完毕！！！
[2016-04-06 17:27:28] test_Measure_WorkOrder.py [Test Case:tearDown] [line:718]INFO:该条用例执行完毕！！！
[2016-04-06 17:27:35] test_OfflinePromotion.py [Test Case:to_OfflinePromotion] [line:54]INFO:等待页面刷新···
[2016-04-06 17:27:36] test_OfflinePromotion.py [Test Case:to_OfflinePromotion] [line:56]INFO:刷新完成！！！
[2016-04-06 17:27:38] test_Device.py [Test Case:test_5search_byOrgType] [line:325]INFO:开始执行用例...
[2016-04-06 17:27:39] test_Measure_WorkOrder.py [Test Case:test_3search_ByAppointmentTime] [line:341]INFO:开始执行测试...
[2016-04-06 17:27:44] test_Device.py [Test Case:to_Device] [line:55]INFO:等待页面刷新···
[2016-04-06 17:27:46] test_Device.py [Test Case:to_Device] [line:58]INFO:刷新完成！！！
[2016-04-06 17:27:47] test_ColorSetting.py [Test Case:to_ColorSetting] [line:55]INFO:等待页面刷新···
[2016-04-06 17:27:47] test_Measure_WorkOrder.py [Test Case:to_measureWorkOrder] [line:709]INFO:等待页面刷新···
[2016-04-06 17:27:48] test_ColorSetting.py [Test Case:to_ColorSetting] [line:58]INFO:刷新完成！！！
[2016-04-06 17:27:52] test_Device.py [Test Case:tearDown] [line:413]INFO:该条用例执行完毕！！！
[2016-04-06 17:27:52] test_ColorSetting.py [Test Case:tearDown] [line:414]INFO:该条用例执行完毕！！！
[2016-04-06 17:27:53] test_OfflinePromotion.py [Test Case:Delete_And_Add_Assert] [line:73]INFO:删除成功
[2016-04-06 17:27:53] test_OfflinePromotion.py [Test Case:tearDown] [line:1103]INFO:该条用例执行执行完毕！！！
[2016-04-06 17:27:53] test_Measure_WorkOrder.py [Test Case:to_measureWorkOrder] [line:711]INFO:刷新完成！！！
[2016-04-06 17:28:00] test_Device.py [Test Case:test_6modify_Device] [line:348]INFO:开始执行用例...
[2016-04-06 17:28:04] test_Measure_WorkOrder.py [Test Case:tearDown] [line:718]INFO:该条用例执行完毕！！！
[2016-04-06 17:28:07] test_Device.py [Test Case:to_Device] [line:55]INFO:等待页面刷新···
[2016-04-06 17:28:09] test_ColorSetting.py [Test Case:to_ColorSetting] [line:55]INFO:等待页面刷新···
[2016-04-06 17:28:10] test_Device.py [Test Case:to_Device] [line:58]INFO:刷新完成！！！
[2016-04-06 17:28:10] test_ColorSetting.py [Test Case:to_ColorSetting] [line:58]INFO:刷新完成！！！
[2016-04-06 17:28:11] test_OfflinePromotion.py [Test Case:to_OfflinePromotion] [line:54]INFO:等待页面刷新···
[2016-04-06 17:28:13] test_Measure_WorkOrder.py [Test Case:test_4search_By_AppointmentStore] [line:399]INFO:开始执行测试
[2016-04-06 17:28:14] test_OfflinePromotion.py [Test Case:to_OfflinePromotion] [line:56]INFO:刷新完成！！！
[2016-04-06 17:28:19] test_Measure_WorkOrder.py [Test Case:to_measureWorkOrder] [line:709]INFO:等待页面刷新···
[2016-04-06 17:28:21] test_ColorSetting.py [Test Case:tearDown] [line:414]INFO:该条用例执行完毕！！！
[2016-04-06 17:28:21] test_Device.py [Test Case:clickButton] [line:120]INFO:保存成功！
[2016-04-06 17:28:24] test_Measure_WorkOrder.py [Test Case:to_measureWorkOrder] [line:711]INFO:刷新完成！！！
[2016-04-06 17:28:30] test_Device.py [Test Case:tearDown] [line:413]INFO:该条用例执行完毕！！！
[2016-04-06 17:28:30] test_OfflinePromotion.py [Test Case:Delete_And_Add_Assert] [line:81]INFO:保存成功！
[2016-04-06 17:28:34] test_Measure_WorkOrder.py [Test Case:tearDown] [line:718]INFO:该条用例执行完毕！！！
[2016-04-06 17:28:35] test_ColorSetting.py [Test Case:to_ColorSetting] [line:55]INFO:等待页面刷新···
[2016-04-06 17:28:36] test_ColorSetting.py [Test Case:to_ColorSetting] [line:58]INFO:刷新完成！！！
[2016-04-06 17:28:37] test_Device.py [Test Case:test_7delete_Device] [line:390]INFO:开始执行用例...
[2016-04-06 17:28:38] test_OfflinePromotion.py [Test Case:Delete_And_Add_Assert] [line:81]INFO:保存成功！
[2016-04-06 17:28:40] test_OfflinePromotion.py [Test Case:tearDown] [line:1103]INFO:该条用例执行执行完毕！！！
[2016-04-06 17:28:42] test_ColorSetting.py [Test Case:tearDown] [line:414]INFO:该条用例执行完毕！！！
[2016-04-06 17:28:43] test_Measure_WorkOrder.py [Test Case:test_5search_ByMeasureWay] [line:428]INFO:开始执行测试...
[2016-04-06 17:28:45] test_Device.py [Test Case:to_Device] [line:55]INFO:等待页面刷新···
[2016-04-06 17:28:46] test_Device.py [Test Case:to_Device] [line:58]INFO:刷新完成！！！
[2016-04-06 17:28:49] test_Measure_WorkOrder.py [Test Case:to_measureWorkOrder] [line:709]INFO:等待页面刷新···
[2016-04-06 17:28:54] test_CommodityFile.py [Test Case:test_0add_File] [line:150]INFO:开始执行用例...
[2016-04-06 17:28:55] test_Measure_WorkOrder.py [Test Case:to_measureWorkOrder] [line:711]INFO:刷新完成！！！
[2016-04-06 17:28:58] test_Device.py [Test Case:clickButton] [line:95]INFO:删除成功
[2016-04-06 17:28:58] test_Device.py [Test Case:tearDown] [line:413]INFO:该条用例执行完毕！！！
[2016-04-06 17:29:02] test_OfflinePromotion.py [Test Case:to_OfflinePromotion] [line:54]INFO:等待页面刷新···
[2016-04-06 17:29:02] test_CommodityFile.py [Test Case:to_CommodityFile] [line:50]INFO:等待页面刷新···
[2016-04-06 17:29:03] test_OfflinePromotion.py [Test Case:to_OfflinePromotion] [line:56]INFO:刷新完成！！！
[2016-04-06 17:29:05] test_Measure_WorkOrder.py [Test Case:tearDown] [line:718]INFO:该条用例执行完毕！！！
[2016-04-06 17:29:05] test_CommodityFile.py [Test Case:to_CommodityFile] [line:52]INFO:刷新完成！！！
[2016-04-06 17:29:06] test_EmployeeInfo.py [Test Case:test_01add_Employee] [line:220]INFO:开始执行测试...
[2016-04-06 17:29:12] test_EmployeeInfo.py [Test Case:to_EmployeeInformation] [line:67]INFO:等待页面刷新···
[2016-04-06 17:29:14] test_EmployeeInfo.py [Test Case:to_EmployeeInformation] [line:70]INFO:刷新完成！！！
[2016-04-06 17:29:15] test_Measure_WorkOrder.py [Test Case:test_6search_ByMeasureMaster] [line:456]INFO:开始执行测试...
[2016-04-06 17:29:17] test_CommodityFile.py [Test Case:tearDown] [line:428]INFO:该条用例执行完毕！！！
[2016-04-06 17:29:21] test_Measure_WorkOrder.py [Test Case:to_measureWorkOrder] [line:709]INFO:等待页面刷新···
[2016-04-06 17:29:21] test_OfflinePromotion.py [Test Case:Delete_And_Add_Assert] [line:73]INFO:删除成功
[2016-04-06 17:29:24] test_CommodityFile.py [Test Case:test_1search_ByCode] [line:222]INFO:开始执行用例...
[2016-04-06 17:29:25] test_OfflinePromotion.py [Test Case:Delete_And_Add_Assert] [line:73]INFO:删除成功
[2016-04-06 17:29:25] test_OfflinePromotion.py [Test Case:tearDown] [line:1103]INFO:该条用例执行执行完毕！！！
[2016-04-06 17:29:28] test_Measure_WorkOrder.py [Test Case:to_measureWorkOrder] [line:711]INFO:刷新完成！！！
[2016-04-06 17:29:31] test_CommodityFile.py [Test Case:to_CommodityFile] [line:50]INFO:等待页面刷新···
[2016-04-06 17:29:32] test_EmployeeInfo.py [Test Case:clickButton] [line:156]INFO:保存成功！
[2016-04-06 17:29:34] test_CommodityFile.py [Test Case:to_CommodityFile] [line:52]INFO:刷新完成！！！
[2016-04-06 17:29:34] test_Measure_WorkOrder.py [Test Case:tearDown] [line:718]INFO:该条用例执行完毕！！！
[2016-04-06 17:29:37] test_CommodityFile.py [Test Case:searchbycode] [line:215]INFO:等待页面刷新···
[2016-04-06 17:29:37] test_CommodityFile.py [Test Case:searchbycode] [line:217]INFO:刷新完成！！！
[2016-04-06 17:29:38] test_CommodityFile.py [Test Case:tearDown] [line:428]INFO:该条用例执行完毕！！！
[2016-04-06 17:29:39] test_OfflinePromotion.py [Test Case:to_OfflinePromotion] [line:54]INFO:等待页面刷新···
[2016-04-06 17:29:40] test_OfflinePromotion.py [Test Case:to_OfflinePromotion] [line:56]INFO:刷新完成！！！
[2016-04-06 17:29:45] test_Measure_WorkOrder.py [Test Case:test_7search_ByMeasureState] [line:486]INFO:开始执行测试...
[2016-04-06 17:29:48] test_CommodityFile.py [Test Case:test_2search_ByName] [line:248]INFO:开始执行用例...
[2016-04-06 17:29:51] test_EmployeeInfo.py [Test Case:tearDown] [line:798]INFO:该条用例执行完毕！！！
[2016-04-06 17:29:52] test_Measure_WorkOrder.py [Test Case:to_measureWorkOrder] [line:709]INFO:等待页面刷新···
[2016-04-06 17:29:57] test_CommodityFile.py [Test Case:to_CommodityFile] [line:50]INFO:等待页面刷新···
[2016-04-06 17:29:58] test_OfflinePromotion.py [Test Case:Delete_And_Add_Assert] [line:81]INFO:请将当前编辑行数据填写完整之后再添加
[2016-04-06 17:29:58] test_OfflinePromotion.py [Test Case:tearDown] [line:1103]INFO:该条用例执行执行完毕！！！
[2016-04-06 17:29:59] test_Measure_WorkOrder.py [Test Case:to_measureWorkOrder] [line:711]INFO:刷新完成！！！
[2016-04-06 17:30:00] test_CommodityFile.py [Test Case:to_CommodityFile] [line:52]INFO:刷新完成！！！
[2016-04-06 17:30:02] test_EmployeeInfo.py [Test Case:test_02add_EmployeeCopy] [line:335]INFO:开始执行测试...
[2016-04-06 17:30:02] test_CommodityFile.py [Test Case:test_2search_ByName] [line:264]INFO:等待页面刷新···
[2016-04-06 17:30:02] test_CommodityFile.py [Test Case:test_2search_ByName] [line:266]INFO:刷新完成！！！
[2016-04-06 17:30:04] test_Measure_WorkOrder.py [Test Case:tearDown] [line:718]INFO:该条用例执行完毕！！！
[2016-04-06 17:30:04] test_CommodityFile.py [Test Case:tearDown] [line:428]INFO:该条用例执行完毕！！！
[2016-04-06 17:30:10] test_EmployeeInfo.py [Test Case:to_EmployeeInformation] [line:67]INFO:等待页面刷新···
[2016-04-06 17:30:11] test_EmployeeInfo.py [Test Case:to_EmployeeInformation] [line:70]INFO:刷新完成！！！
[2016-04-06 17:30:14] test_OfflinePromotion.py [Test Case:to_OfflinePromotion] [line:54]INFO:等待页面刷新···
[2016-04-06 17:30:15] test_Measure_WorkOrder.py [Test Case:test_8search_ByDressPerson] [line:511]INFO:开始执行测试...
[2016-04-06 17:30:16] test_OfflinePromotion.py [Test Case:to_OfflinePromotion] [line:56]INFO:刷新完成！！！
[2016-04-06 17:30:16] test_CommodityFile.py [Test Case:test_3search_BySort] [line:278]INFO:开始执行用例...
[2016-04-06 17:30:22] test_Measure_WorkOrder.py [Test Case:to_measureWorkOrder] [line:709]INFO:等待页面刷新···
[2016-04-06 17:30:22] test_CommodityFile.py [Test Case:to_CommodityFile] [line:50]INFO:等待页面刷新···
[2016-04-06 17:30:25] test_CommodityFile.py [Test Case:to_CommodityFile] [line:52]INFO:刷新完成！！！
[2016-04-06 17:30:27] test_Measure_WorkOrder.py [Test Case:to_measureWorkOrder] [line:711]INFO:刷新完成！！！
[2016-04-06 17:30:31] test_CommodityFile.py [Test Case:test_3search_BySort] [line:295]INFO:等待页面刷新···
[2016-04-06 17:30:31] test_CommodityFile.py [Test Case:test_3search_BySort] [line:297]INFO:刷新完成！！！
[2016-04-06 17:30:32] test_CommodityFile.py [Test Case:tearDown] [line:428]INFO:该条用例执行完毕！！！
[2016-04-06 17:30:36] test_EmployeeInfo.py [Test Case:searchbycode] [line:411]INFO:开始执行测试...
[2016-04-06 17:30:37] test_Measure_WorkOrder.py [Test Case:tearDown] [line:718]INFO:该条用例执行完毕！！！
[2016-04-06 17:30:39] test_CommodityFile.py [Test Case:test_4view_Com] [line:311]INFO:开始执行用例...
[2016-04-06 17:30:43] test_CommodityFile.py [Test Case:to_CommodityFile] [line:50]INFO:等待页面刷新···
[2016-04-06 17:30:44] test_Measure_WorkOrder.py [Test Case:test_9search_ByPhone] [line:544]INFO:开始执行测试...
[2016-04-06 17:30:45] test_EmployeeInfo.py [Test Case:clickButton] [line:133]INFO:删除成功
[2016-04-06 17:30:45] test_EmployeeInfo.py [Test Case:tearDown] [line:798]INFO:该条用例执行完毕！！！
[2016-04-06 17:30:47] test_CommodityFile.py [Test Case:to_CommodityFile] [line:52]INFO:刷新完成！！！
[2016-04-06 17:30:48] test_Measure_WorkOrder.py [Test Case:to_measureWorkOrder] [line:709]INFO:等待页面刷新···
[2016-04-06 17:30:49] test_CommodityFile.py [Test Case:test_4view_Com] [line:327]INFO:等待页面刷新···
[2016-04-06 17:30:49] test_CommodityFile.py [Test Case:test_4view_Com] [line:329]INFO:刷新完成！！！
[2016-04-06 17:30:52] test_CommodityFile.py [Test Case:tearDown] [line:428]INFO:该条用例执行完毕！！！
[2016-04-06 17:30:52] test_EmployeeInfo.py [Test Case:test_1search_ByEmployeeCode] [line:430]INFO:开始执行测试...
[2016-04-06 17:30:53] test_Measure_WorkOrder.py [Test Case:to_measureWorkOrder] [line:711]INFO:刷新完成！！！
[2016-04-06 17:30:57] test_EmployeeInfo.py [Test Case:to_EmployeeInformation] [line:67]INFO:等待页面刷新···
[2016-04-06 17:30:58] test_EmployeeInfo.py [Test Case:to_EmployeeInformation] [line:70]INFO:刷新完成！！！
[2016-04-06 17:30:59] test_EmployeeInfo.py [Test Case:searchbycode] [line:411]INFO:开始执行测试...
[2016-04-06 17:30:59] test_CommodityFile.py [Test Case:test_5modify_Com] [line:347]INFO:开始执行用例...
[2016-04-06 17:31:01] test_OfflinePromotion.py [Test Case:tearDown] [line:1103]INFO:该条用例执行执行完毕！！！
[2016-04-06 17:31:03] test_Measure_WorkOrder.py [Test Case:tearDown] [line:718]INFO:该条用例执行完毕！！！
[2016-04-06 17:31:04] test_CommodityFile.py [Test Case:to_CommodityFile] [line:50]INFO:等待页面刷新···
[2016-04-06 17:31:05] test_EmployeeInfo.py [Test Case:tearDown] [line:798]INFO:该条用例执行完毕！！！
[2016-04-06 17:31:07] test_CommodityFile.py [Test Case:to_CommodityFile] [line:52]INFO:刷新完成！！！
[2016-04-06 17:31:10] test_CommodityFile.py [Test Case:searchbycode] [line:215]INFO:等待页面刷新···
[2016-04-06 17:31:10] test_CommodityFile.py [Test Case:searchbycode] [line:217]INFO:刷新完成！！！
[2016-04-06 17:31:11] test_Measure_WorkOrder.py [Test Case:test_amodify_WorkOrder] [line:575]INFO:开始执行测试...
[2016-04-06 17:31:15] test_EmployeeInfo.py [Test Case:test_2search_ByEmployeeName] [line:443]INFO:开始执行测试...
[2016-04-06 17:31:16] test_OfflinePromotion.py [Test Case:to_OfflinePromotion] [line:54]INFO:等待页面刷新···
[2016-04-06 17:31:17] test_OfflinePromotion.py [Test Case:to_OfflinePromotion] [line:56]INFO:刷新完成！！！
[2016-04-06 17:31:18] test_CommodityFile.py [Test Case:searchbycode] [line:215]INFO:等待页面刷新···
[2016-04-06 17:31:18] test_CommodityFile.py [Test Case:searchbycode] [line:217]INFO:刷新完成！！！
[2016-04-06 17:31:18] test_CommodityFile.py [Test Case:tearDown] [line:428]INFO:该条用例执行完毕！！！
[2016-04-06 17:31:19] test_Measure_WorkOrder.py [Test Case:to_measureWorkOrder] [line:709]INFO:等待页面刷新···
[2016-04-06 17:31:24] test_EmployeeInfo.py [Test Case:to_EmployeeInformation] [line:67]INFO:等待页面刷新···
[2016-04-06 17:31:26] test_EmployeeInfo.py [Test Case:to_EmployeeInformation] [line:70]INFO:刷新完成！！！
[2016-04-06 17:31:26] test_Measure_WorkOrder.py [Test Case:to_measureWorkOrder] [line:711]INFO:刷新完成！！！
[2016-04-06 17:31:26] test_CommodityFile.py [Test Case:test_6modify_ComStatus] [line:387]INFO:开始执行用例...
[2016-04-06 17:31:28] test_OfflinePromotion.py [Test Case:clickButton] [line:131]INFO:删除成功
[2016-04-06 17:31:28] test_OfflinePromotion.py [Test Case:tearDown] [line:1103]INFO:该条用例执行执行完毕！！！
[2016-04-06 17:31:31] test_CommodityFile.py [Test Case:to_CommodityFile] [line:50]INFO:等待页面刷新···
[2016-04-06 17:31:31] test_EmployeeInfo.py [Test Case:tearDown] [line:798]INFO:该条用例执行完毕！！！
[2016-04-06 17:31:34] test_CommodityFile.py [Test Case:to_CommodityFile] [line:52]INFO:刷新完成！！！
[2016-04-06 17:31:37] test_OfflinePromotion.py [Test Case:test_lmodify_ApprovalStatus] [line:1075]INFO:开始执行用例...
[2016-04-06 17:31:37] test_CommodityFile.py [Test Case:searchbycode] [line:215]INFO:等待页面刷新···
[2016-04-06 17:31:37] test_CommodityFile.py [Test Case:searchbycode] [line:217]INFO:刷新完成！！！
[2016-04-06 17:31:40] test_EmployeeInfo.py [Test Case:test_3search_ByPhones] [line:465]INFO:开始执行测试...
[2016-04-06 17:31:42] test_CommodityFile.py [Test Case:tearDown] [line:428]INFO:该条用例执行完毕！！！
[2016-04-06 17:31:43] test_Measure_WorkOrder.py [Test Case:tearDown] [line:718]INFO:该条用例执行完毕！！！
[2016-04-06 17:31:44] test_OfflinePromotion.py [Test Case:to_OfflinePromotion] [line:54]INFO:等待页面刷新···
[2016-04-06 17:31:46] test_OfflinePromotion.py [Test Case:to_OfflinePromotion] [line:56]INFO:刷新完成！！！
[2016-04-06 17:31:48] test_EmployeeInfo.py [Test Case:to_EmployeeInformation] [line:67]INFO:等待页面刷新···
[2016-04-06 17:31:49] test_EmployeeInfo.py [Test Case:to_EmployeeInformation] [line:70]INFO:刷新完成！！！
[2016-04-06 17:31:51] test_CommoditySort.py [Test Case:test_0add_Sort] [line:130]INFO:开始执行用例...
[2016-04-06 17:31:52] test_EmployeeInfo.py [Test Case:tearDown] [line:798]INFO:该条用例执行完毕！！！
[2016-04-06 17:31:55] test_Measure_WorkOrder.py [Test Case:test_bmodify_MeasureState] [line:623]INFO:开始执行测试...
[2016-04-06 17:31:59] test_Measure_WorkOrder.py [Test Case:to_measureWorkOrder] [line:709]INFO:等待页面刷新···
[2016-04-06 17:32:00] test_CommoditySort.py [Test Case:to_CommoditySort] [line:54]INFO:等待页面刷新···
[2016-04-06 17:32:02] test_CommoditySort.py [Test Case:to_CommoditySort] [line:56]INFO:刷新完成！！！
[2016-04-06 17:32:04] test_EmployeeInfo.py [Test Case:test_4search_ByEmployeePosition] [line:485]INFO:开始执行测试...
[2016-04-06 17:32:04] test_Measure_WorkOrder.py [Test Case:to_measureWorkOrder] [line:711]INFO:刷新完成！！！
[2016-04-06 17:32:05] test_OfflinePromotion.py [Test Case:clickButton] [line:157]INFO:保存成功！
[2016-04-06 17:32:06] test_CommoditySort.py [Test Case:tearDown] [line:320]INFO:该条用例执行完毕
[2016-04-06 17:32:11] test_EmployeeInfo.py [Test Case:to_EmployeeInformation] [line:67]INFO:等待页面刷新···
[2016-04-06 17:32:12] test_EmployeeInfo.py [Test Case:to_EmployeeInformation] [line:70]INFO:刷新完成！！！
[2016-04-06 17:32:13] test_OfflinePromotion.py [Test Case:test_0add_Promotion] [line:280]INFO:刷新~~~
[2016-04-06 17:32:13] test_CommoditySort.py [Test Case:test_1search_BySortCode] [line:184]INFO:开始执行用例...
[2016-04-06 17:32:18] test_Measure_WorkOrder.py [Test Case:tearDown] [line:718]INFO:该条用例执行完毕！！！
[2016-04-06 17:32:20] test_CommoditySort.py [Test Case:to_CommoditySort] [line:54]INFO:等待页面刷新···
[2016-04-06 17:32:20] test_EmployeeInfo.py [Test Case:tearDown] [line:798]INFO:该条用例执行完毕！！！
[2016-04-06 17:32:23] test_CommoditySort.py [Test Case:to_CommoditySort] [line:56]INFO:刷新完成！！！
[2016-04-06 17:32:25] test_OfflinePromotion.py [Test Case:tearDown] [line:1103]INFO:该条用例执行执行完毕！！！
[2016-04-06 17:32:27] test_CommoditySort.py [Test Case:searchbycode] [line:172]INFO:等待页面刷新···
[2016-04-06 17:32:27] test_CommoditySort.py [Test Case:searchbycode] [line:174]INFO:刷新完成！！！
[2016-04-06 17:32:27] test_Measure_WorkOrder.py [Test Case:test_cdelete_WorkOrder] [line:671]INFO:开始执行测试...
[2016-04-06 17:32:28] test_CommoditySort.py [Test Case:tearDown] [line:320]INFO:该条用例执行完毕
[2016-04-06 17:32:29] test_EmployeeInfo.py [Test Case:test_5modify_EmployeeInfo] [line:517]INFO:开始执行测试...
[2016-04-06 17:32:33] test_Measure_WorkOrder.py [Test Case:to_measureWorkOrder] [line:709]INFO:等待页面刷新···
[2016-04-06 17:32:38] test_Measure_WorkOrder.py [Test Case:to_measureWorkOrder] [line:711]INFO:刷新完成！！！
[2016-04-06 17:32:38] test_EmployeeInfo.py [Test Case:to_EmployeeInformation] [line:67]INFO:等待页面刷新···
[2016-04-06 17:32:38] test_CommoditySort.py [Test Case:test_2search_BySortName] [line:199]INFO:开始执行用例...
[2016-04-06 17:32:40] test_EmployeeInfo.py [Test Case:to_EmployeeInformation] [line:70]INFO:刷新完成！！！
[2016-04-06 17:32:41] test_EmployeeInfo.py [Test Case:searchbycode] [line:411]INFO:开始执行测试...
[2016-04-06 17:32:46] test_CommoditySort.py [Test Case:to_CommoditySort] [line:54]INFO:等待页面刷新···
[2016-04-06 17:32:47] test_CommoditySort.py [Test Case:to_CommoditySort] [line:56]INFO:刷新完成！！！
[2016-04-06 17:32:48] test_Measure_WorkOrder.py [Test Case:clickButton] [line:102]INFO:删除成功
[2016-04-06 17:32:48] test_Measure_WorkOrder.py [Test Case:tearDown] [line:718]INFO:该条用例执行完毕！！！
[2016-04-06 17:32:50] test_OfflinePromotionRelation.py [Test Case:tearDown] [line:253]INFO:该条用例执行完毕！！！
[2016-04-06 17:32:52] test_CommoditySort.py [Test Case:test_2search_BySortName] [line:218]INFO:等待页面刷新···
[2016-04-06 17:32:52] test_CommoditySort.py [Test Case:test_2search_BySortName] [line:220]INFO:刷新完成！！！
[2016-04-06 17:32:53] test_CommoditySort.py [Test Case:tearDown] [line:320]INFO:该条用例执行完毕
[2016-04-06 17:33:03] test_CommoditySort.py [Test Case:test_3search_BySortInfo] [line:231]INFO:开始执行用例...
[2016-04-06 17:33:04] test_MemberInformation.py [Test Case:to_member] [line:361]INFO:等待页面刷新···
[2016-04-06 17:33:05] test_MemberInformation.py [Test Case:to_member] [line:363]INFO:刷新完成！！！
[2016-04-06 17:33:09] test_CommoditySort.py [Test Case:to_CommoditySort] [line:54]INFO:等待页面刷新···
[2016-04-06 17:33:09] test_OfflinePromotionRelation.py [Test Case:tearDown] [line:253]INFO:该条用例执行完毕！！！
[2016-04-06 17:33:10] test_CommoditySort.py [Test Case:to_CommoditySort] [line:56]INFO:刷新完成！！！
[2016-04-06 17:33:14] test_CommoditySort.py [Test Case:test_3search_BySortInfo] [line:246]INFO:等待页面刷新···
[2016-04-06 17:33:14] test_CommoditySort.py [Test Case:test_3search_BySortInfo] [line:248]INFO:刷新完成！！！
[2016-04-06 17:33:15] test_CommoditySort.py [Test Case:tearDown] [line:320]INFO:该条用例执行完毕
[2016-04-06 17:33:21] test_EmployeeInfo.py [Test Case:tearDown] [line:798]INFO:该条用例执行完毕！！！
[2016-04-06 17:33:22] test_CommoditySort.py [Test Case:test_4modify_Sort] [line:260]INFO:开始执行用例...
[2016-04-06 17:33:25] test_OfflinePromotionRelation.py [Test Case:tearDown] [line:253]INFO:该条用例执行完毕！！！
[2016-04-06 17:33:27] test_MemberInformation.py [Test Case:clickButton] [line:115]INFO:保存成功！
[2016-04-06 17:33:28] test_MemberInformation.py [Test Case:tearDown] [line:367]INFO:该条用例执行完毕！！！
[2016-04-06 17:33:28] test_CommoditySort.py [Test Case:to_CommoditySort] [line:54]INFO:等待页面刷新···
[2016-04-06 17:33:30] test_CommoditySort.py [Test Case:to_CommoditySort] [line:56]INFO:刷新完成！！！
[2016-04-06 17:33:31] test_EmployeeInfo.py [Test Case:test_6modify_LoginPasswdReset] [line:561]INFO:开始执行测试...
[2016-04-06 17:33:34] test_CommoditySort.py [Test Case:searchbycode] [line:172]INFO:等待页面刷新···
[2016-04-06 17:33:35] test_CommoditySort.py [Test Case:searchbycode] [line:174]INFO:刷新完成！！！
[2016-04-06 17:33:38] test_EmployeeInfo.py [Test Case:to_EmployeeInformation] [line:67]INFO:等待页面刷新···
[2016-04-06 17:33:41] test_EmployeeInfo.py [Test Case:to_EmployeeInformation] [line:70]INFO:刷新完成！！！
[2016-04-06 17:33:43] test_CommoditySort.py [Test Case:searchbycode] [line:172]INFO:等待页面刷新···
[2016-04-06 17:33:43] test_CommoditySort.py [Test Case:searchbycode] [line:174]INFO:刷新完成！！！
[2016-04-06 17:33:43] test_CommoditySort.py [Test Case:tearDown] [line:320]INFO:该条用例执行完毕
[2016-04-06 17:33:46] test_MemberInformation.py [Test Case:to_member] [line:361]INFO:等待页面刷新···
[2016-04-06 17:33:47] test_MemberInformation.py [Test Case:to_member] [line:363]INFO:刷新完成！！！
[2016-04-06 17:33:49] test_OfflinePromotionRelation.py [Test Case:tearDown] [line:253]INFO:该条用例执行完毕！！！
[2016-04-06 17:33:51] test_CommoditySort.py [Test Case:test_5delete_Sort] [line:299]INFO:开始执行用例...
[2016-04-06 17:33:54] test_MemberInformation.py [Test Case:tearDown] [line:367]INFO:该条用例执行完毕！！！
[2016-04-06 17:33:59] test_CommoditySort.py [Test Case:to_CommoditySort] [line:54]INFO:等待页面刷新···
[2016-04-06 17:34:02] test_EmployeeInfo.py [Test Case:tearDown] [line:798]INFO:该条用例执行完毕！！！
[2016-04-06 17:34:02] test_CommoditySort.py [Test Case:to_CommoditySort] [line:56]INFO:刷新完成！！！
[2016-04-06 17:34:06] test_CommoditySort.py [Test Case:searchbycode] [line:172]INFO:等待页面刷新···
[2016-04-06 17:34:06] test_CommoditySort.py [Test Case:searchbycode] [line:174]INFO:刷新完成！！！
[2016-04-06 17:34:07] test_OnlinePromotion.py [Test Case:to_OnlinePromotion] [line:54]INFO:等待页面刷新···
[2016-04-06 17:34:08] test_OnlinePromotion.py [Test Case:to_OnlinePromotion] [line:56]INFO:刷新完成！！！
[2016-04-06 17:34:10] test_CommoditySort.py [Test Case:tearDown] [line:320]INFO:该条用例执行完毕
[2016-04-06 17:34:11] test_MemberInformation.py [Test Case:to_member] [line:361]INFO:等待页面刷新···
[2016-04-06 17:34:11] test_MemberInformation.py [Test Case:to_member] [line:363]INFO:刷新完成！！！
[2016-04-06 17:34:13] test_EmployeeInfo.py [Test Case:test_7modify_RoleAssignment] [line:595]INFO:开始执行测试...
[2016-04-06 17:34:18] test_MemberInformation.py [Test Case:tearDown] [line:367]INFO:该条用例执行完毕！！！
[2016-04-06 17:34:18] test_EmployeeInfo.py [Test Case:to_EmployeeInformation] [line:67]INFO:等待页面刷新···
[2016-04-06 17:34:19] test_EmployeeInfo.py [Test Case:to_EmployeeInformation] [line:70]INFO:刷新完成！！！
[2016-04-06 17:34:22] test_EmployeeInfo.py [Test Case:searchbycode] [line:411]INFO:开始执行测试...
[2016-04-06 17:34:27] test_MeasureItem.py [Test Case:to_MeasureItem] [line:54]INFO:等待页面刷新···
[2016-04-06 17:34:27] test_MeasureItem.py [Test Case:to_MeasureItem] [line:57]INFO:刷新完成！！！
[2016-04-06 17:34:31] test_EmployeeInfo.py [Test Case:test_7modify_RoleAssignment] [line:628]INFO:等待页面刷新···
[2016-04-06 17:34:31] test_EmployeeInfo.py [Test Case:test_7modify_RoleAssignment] [line:631]INFO:刷新完成！！！
[2016-04-06 17:34:32] test_MemberInformation.py [Test Case:to_member] [line:361]INFO:等待页面刷新···
[2016-04-06 17:34:32] test_MeasureItem.py [Test Case:clickButton] [line:120]INFO:保存成功！
[2016-04-06 17:34:33] test_MeasureItem.py [Test Case:tearDown] [line:291]INFO:该条用例执行完毕！！！
[2016-04-06 17:34:33] test_MemberInformation.py [Test Case:to_member] [line:363]INFO:刷新完成！！！
[2016-04-06 17:34:33] test_OnlinePromotion.py [Test Case:Delete_And_Add_Assert] [line:80]INFO:保存成功！
[2016-04-06 17:34:36] test_OnlinePromotion.py [Test Case:test_0add_Promotion] [line:273]INFO:刷新~~~
[2016-04-06 17:34:36] test_OnlinePromotion.py [Test Case:tearDown] [line:1189]INFO:该条用例执行执行完毕！！！
[2016-04-06 17:34:38] test_MemberInformation.py [Test Case:clickButton] [line:115]INFO:保存成功！
[2016-04-06 17:34:38] test_MemberInformation.py [Test Case:tearDown] [line:367]INFO:该条用例执行完毕！！！
[2016-04-06 17:34:44] test_EmployeeInfo.py [Test Case:test_7modify_RoleAssignment] [line:678]INFO:保存成功！
[2016-04-06 17:34:44] test_EmployeeInfo.py [Test Case:searchbycode] [line:411]INFO:开始执行测试...
[2016-04-06 17:34:48] test_MeasureItem.py [Test Case:to_MeasureItem] [line:54]INFO:等待页面刷新···
[2016-04-06 17:34:49] test_MeasureItem.py [Test Case:to_MeasureItem] [line:57]INFO:刷新完成！！！
[2016-04-06 17:34:50] test_EmployeeInfo.py [Test Case:tearDown] [line:798]INFO:该条用例执行完毕！！！
[2016-04-06 17:34:53] test_MeasureItem.py [Test Case:tearDown] [line:291]INFO:该条用例执行完毕！！！
[2016-04-06 17:34:55] test_OnlinePromotion.py [Test Case:to_OnlinePromotion] [line:54]INFO:等待页面刷新···
[2016-04-06 17:34:57] test_OnlinePromotion.py [Test Case:to_OnlinePromotion] [line:56]INFO:刷新完成！！！
[2016-04-06 17:34:59] test_EmployeeInfo.py [Test Case:test_8modify_Storedistribution] [line:691]INFO:开始执行测试...
[2016-04-06 17:34:59] test_MemberInformation.py [Test Case:to_member] [line:361]INFO:等待页面刷新···
[2016-04-06 17:34:59] test_MemberInformation.py [Test Case:to_member] [line:363]INFO:刷新完成！！！
[2016-04-06 17:35:06] test_MemberInformation.py [Test Case:clickButton] [line:115]INFO:保存成功！
[2016-04-06 17:35:06] test_MemberInformation.py [Test Case:tearDown] [line:367]INFO:该条用例执行完毕！！！
[2016-04-06 17:35:07] test_EmployeeInfo.py [Test Case:to_EmployeeInformation] [line:67]INFO:等待页面刷新···
[2016-04-06 17:35:08] test_EmployeeInfo.py [Test Case:to_EmployeeInformation] [line:70]INFO:刷新完成！！！
[2016-04-06 17:35:09] test_EmployeeInfo.py [Test Case:searchbycode] [line:411]INFO:开始执行测试...
[2016-04-06 17:35:09] test_MeasureItem.py [Test Case:to_MeasureItem] [line:54]INFO:等待页面刷新···
[2016-04-06 17:35:10] test_MeasureItem.py [Test Case:to_MeasureItem] [line:57]INFO:刷新完成！！！
[2016-04-06 17:35:13] test_MeasureItem.py [Test Case:tearDown] [line:291]INFO:该条用例执行完毕！！！
[2016-04-06 17:35:17] test_OnlinePromotion.py [Test Case:tearDown] [line:1189]INFO:该条用例执行执行完毕！！！
[2016-04-06 17:35:17] test_MemberInformation.py [Test Case:to_member] [line:361]INFO:等待页面刷新···
[2016-04-06 17:35:18] test_EmployeeInfo.py [Test Case:test_8modify_Storedistribution] [line:709]INFO:等待页面刷新···
[2016-04-06 17:35:18] test_MemberInformation.py [Test Case:to_member] [line:363]INFO:刷新完成！！！
[2016-04-06 17:35:18] test_EmployeeInfo.py [Test Case:test_8modify_Storedistribution] [line:712]INFO:刷新完成！！！
[2016-04-06 17:35:24] test_MemberInformation.py [Test Case:clickButton] [line:83]INFO:删除成功
[2016-04-06 17:35:24] test_MemberInformation.py [Test Case:tearDown] [line:367]INFO:该条用例执行完毕！！！
[2016-04-06 17:35:27] test_MeasureItem.py [Test Case:to_MeasureItem] [line:54]INFO:等待页面刷新···
[2016-04-06 17:35:28] test_MeasureItem.py [Test Case:to_MeasureItem] [line:57]INFO:刷新完成！！！
[2016-04-06 17:35:31] test_MeasureItem.py [Test Case:tearDown] [line:291]INFO:该条用例执行完毕！！！
[2016-04-06 17:35:32] test_EmployeeInfo.py [Test Case:test_8modify_Storedistribution] [line:763]INFO:保存成功！
[2016-04-06 17:35:32] test_EmployeeInfo.py [Test Case:searchbycode] [line:411]INFO:开始执行测试...
[2016-04-06 17:35:32] test_OnlinePromotion.py [Test Case:to_OnlinePromotion] [line:54]INFO:等待页面刷新···
[2016-04-06 17:35:33] test_OnlinePromotion.py [Test Case:to_OnlinePromotion] [line:56]INFO:刷新完成！！！
[2016-04-06 17:35:38] test_EmployeeInfo.py [Test Case:tearDown] [line:798]INFO:该条用例执行完毕！！！
[2016-04-06 17:35:41] test_MeasureItem.py [Test Case:to_MeasureItem] [line:54]INFO:等待页面刷新···
[2016-04-06 17:35:41] test_MeasureItem.py [Test Case:to_MeasureItem] [line:57]INFO:刷新完成！！！
[2016-04-06 17:35:42] test_OnlinePromotion.py [Test Case:tearDown] [line:1189]INFO:该条用例执行执行完毕！！！
[2016-04-06 17:35:44] test_EmployeeInfo.py [Test Case:test_9adelete_Employee] [line:779]INFO:开始执行测试...
[2016-04-06 17:35:49] test_MeasureItem.py [Test Case:clickButton] [line:120]INFO:保存成功！
[2016-04-06 17:35:50] test_EmployeeInfo.py [Test Case:to_EmployeeInformation] [line:67]INFO:等待页面刷新···
[2016-04-06 17:35:52] test_MeasureItem.py [Test Case:tearDown] [line:291]INFO:该条用例执行完毕！！！
[2016-04-06 17:35:52] test_EmployeeInfo.py [Test Case:to_EmployeeInformation] [line:70]INFO:刷新完成！！！
[2016-04-06 17:35:53] test_EmployeeInfo.py [Test Case:searchbycode] [line:411]INFO:开始执行测试...
[2016-04-06 17:35:56] test_OnlinePromotion.py [Test Case:to_OnlinePromotion] [line:54]INFO:等待页面刷新···
[2016-04-06 17:35:57] test_OnlinePromotion.py [Test Case:to_OnlinePromotion] [line:56]INFO:刷新完成！！！
[2016-04-06 17:36:00] test_OnlinePromotion.py [Test Case:tearDown] [line:1189]INFO:该条用例执行执行完毕！！！
[2016-04-06 17:36:02] test_EmployeeInfo.py [Test Case:clickButton] [line:133]INFO:删除成功
[2016-04-06 17:36:02] test_EmployeeInfo.py [Test Case:tearDown] [line:798]INFO:该条用例执行完毕！！！
[2016-04-06 17:36:03] test_MeasureItem.py [Test Case:to_MeasureItem] [line:54]INFO:等待页面刷新···
[2016-04-06 17:36:04] test_MeasureItem.py [Test Case:to_MeasureItem] [line:57]INFO:刷新完成！！！
[2016-04-06 17:36:10] test_MeasureItem.py [Test Case:clickButton] [line:98]INFO:删除成功
[2016-04-06 17:36:10] test_MeasureItem.py [Test Case:tearDown] [line:291]INFO:该条用例执行完毕！！！
[2016-04-06 17:36:14] test_OnlinePromotion.py [Test Case:to_OnlinePromotion] [line:54]INFO:等待页面刷新···
[2016-04-06 17:36:15] test_OnlinePromotion.py [Test Case:to_OnlinePromotion] [line:56]INFO:刷新完成！！！
[2016-04-06 17:36:16] test_Organization.py [Test Case:to_Organization] [line:55]INFO:等待页面刷新···
[2016-04-06 17:36:17] test_Organization.py [Test Case:to_Organization] [line:58]INFO:刷新完成！！！
[2016-04-06 17:36:22] test_OnlinePromotion.py [Test Case:tearDown] [line:1189]INFO:该条用例执行执行完毕！！！
[2016-04-06 17:36:23] test_SizeSetting.py [Test Case:to_SizeSetting] [line:54]INFO:等待页面刷新···
[2016-04-06 17:36:24] test_SizeSetting.py [Test Case:to_SizeSetting] [line:57]INFO:刷新完成！！！
[2016-04-06 17:36:28] test_SizeSetting.py [Test Case:tearDown] [line:295]INFO:该条用例执行完毕！！！
[2016-04-06 17:36:30] test_Organization.py [Test Case:clickButton] [line:120]INFO:保存成功！
[2016-04-06 17:36:30] test_Organization.py [Test Case:tearDown] [line:347]INFO:该条用例执行完毕！！！
[2016-04-06 17:36:34] test_OnlinePromotion.py [Test Case:to_OnlinePromotion] [line:54]INFO:等待页面刷新···
[2016-04-06 17:36:35] test_OnlinePromotion.py [Test Case:to_OnlinePromotion] [line:56]INFO:刷新完成！！！
[2016-04-06 17:36:35] test_SizeSetting.py [Test Case:test_1search_BySizeCode] [line:183]INFO:开始执行用例...
[2016-04-06 17:36:39] test_OnlinePromotion.py [Test Case:tearDown] [line:1189]INFO:该条用例执行执行完毕！！！
[2016-04-06 17:36:43] test_SizeSetting.py [Test Case:to_SizeSetting] [line:54]INFO:等待页面刷新···
[2016-04-06 17:36:44] test_Organization.py [Test Case:to_Organization] [line:55]INFO:等待页面刷新···
[2016-04-06 17:36:44] test_SizeSetting.py [Test Case:to_SizeSetting] [line:57]INFO:刷新完成！！！
[2016-04-06 17:36:45] test_Organization.py [Test Case:to_Organization] [line:58]INFO:刷新完成！！！
[2016-04-06 17:36:48] test_SizeSetting.py [Test Case:tearDown] [line:295]INFO:该条用例执行完毕！！！
[2016-04-06 17:36:51] test_OnlinePromotion.py [Test Case:to_OnlinePromotion] [line:54]INFO:等待页面刷新···
[2016-04-06 17:36:52] test_Organization.py [Test Case:tearDown] [line:347]INFO:该条用例执行完毕！！！
[2016-04-06 17:36:53] test_OnlinePromotion.py [Test Case:to_OnlinePromotion] [line:56]INFO:刷新完成！！！
[2016-04-06 17:36:55] test_SizeSetting.py [Test Case:test_2search_BySizeName] [line:198]INFO:开始执行用例...
[2016-04-06 17:36:57] test_OnlinePromotion.py [Test Case:tearDown] [line:1189]INFO:该条用例执行执行完毕！！！
[2016-04-06 17:37:01] test_SizeSetting.py [Test Case:to_SizeSetting] [line:54]INFO:等待页面刷新···
[2016-04-06 17:37:02] test_SizeSetting.py [Test Case:to_SizeSetting] [line:57]INFO:刷新完成！！！
[2016-04-06 17:37:05] test_Organization.py [Test Case:to_Organization] [line:55]INFO:等待页面刷新···
[2016-04-06 17:37:05] test_SizeSetting.py [Test Case:tearDown] [line:295]INFO:该条用例执行完毕！！！
[2016-04-06 17:37:06] test_Organization.py [Test Case:to_Organization] [line:58]INFO:刷新完成！！！
[2016-04-06 17:37:10] test_Organization.py [Test Case:tearDown] [line:347]INFO:该条用例执行完毕！！！
[2016-04-06 17:37:12] test_OnlinePromotion.py [Test Case:to_OnlinePromotion] [line:54]INFO:等待页面刷新···
[2016-04-06 17:37:12] test_OnlinePromotion.py [Test Case:to_OnlinePromotion] [line:56]INFO:刷新完成！！！
[2016-04-06 17:37:13] test_SizeSetting.py [Test Case:test_3modify_Size] [line:223]INFO:开始执行用例...
[2016-04-06 17:37:19] test_SizeSetting.py [Test Case:to_SizeSetting] [line:54]INFO:等待页面刷新···
[2016-04-06 17:37:20] test_SizeSetting.py [Test Case:to_SizeSetting] [line:57]INFO:刷新完成！！！
[2016-04-06 17:37:22] test_Organization.py [Test Case:to_Organization] [line:55]INFO:等待页面刷新···
[2016-04-06 17:37:22] test_OnlinePromotion.py [Test Case:tearDown] [line:1189]INFO:该条用例执行执行完毕！！！
[2016-04-06 17:37:23] test_Organization.py [Test Case:to_Organization] [line:58]INFO:刷新完成！！！
[2016-04-06 17:37:24] test_SizeSetting.py [Test Case:test_3modify_Size] [line:238]INFO:等待页面刷新···
[2016-04-06 17:37:24] test_SizeSetting.py [Test Case:test_3modify_Size] [line:241]INFO:刷新完成！！！
[2016-04-06 17:37:29] test_SizeSetting.py [Test Case:tearDown] [line:295]INFO:该条用例执行完毕！！！
[2016-04-06 17:37:33] test_Organization.py [Test Case:clickButton] [line:120]INFO:保存成功！
[2016-04-06 17:37:36] test_SizeSetting.py [Test Case:test_4delete_Size] [line:269]INFO:开始执行用例...
[2016-04-06 17:37:37] test_OnlinePromotion.py [Test Case:to_OnlinePromotion] [line:54]INFO:等待页面刷新···
[2016-04-06 17:37:38] test_OnlinePromotion.py [Test Case:to_OnlinePromotion] [line:56]INFO:刷新完成！！！
[2016-04-06 17:37:39] test_Organization.py [Test Case:tearDown] [line:347]INFO:该条用例执行完毕！！！
[2016-04-06 17:37:41] test_SizeSetting.py [Test Case:to_SizeSetting] [line:54]INFO:等待页面刷新···
[2016-04-06 17:37:42] test_SizeSetting.py [Test Case:to_SizeSetting] [line:57]INFO:刷新完成！！！
[2016-04-06 17:37:45] test_SizeSetting.py [Test Case:test_4delete_Size] [line:280]INFO:等待页面刷新···
[2016-04-06 17:37:45] test_SizeSetting.py [Test Case:test_4delete_Size] [line:282]INFO:刷新完成！！！
[2016-04-06 17:37:49] test_SizeSetting.py [Test Case:tearDown] [line:295]INFO:该条用例执行完毕！！！
[2016-04-06 17:37:50] test_Organization.py [Test Case:to_Organization] [line:55]INFO:等待页面刷新···
[2016-04-06 17:37:50] test_Organization.py [Test Case:to_Organization] [line:58]INFO:刷新完成！！！
[2016-04-06 17:37:54] test_OnlinePromotion.py [Test Case:test_8modify_AddSuitObject] [line:567]INFO:保存成功！
[2016-04-06 17:37:56] test_OnlinePromotion.py [Test Case:tearDown] [line:1189]INFO:该条用例执行执行完毕！！！
[2016-04-06 17:38:00] test_SKUSet.py [Test Case:to_SKUset] [line:52]INFO:等待页面刷新···
[2016-04-06 17:38:00] test_Organization.py [Test Case:clickButton] [line:92]INFO:删除成功
[2016-04-06 17:38:00] test_Organization.py [Test Case:tearDown] [line:347]INFO:该条用例执行完毕！！！
[2016-04-06 17:38:02] test_SKUSet.py [Test Case:to_SKUset] [line:55]INFO:刷新完成！！！
[2016-04-06 17:38:10] test_RoleInfo.py [Test Case:test_0add_Role] [line:135]INFO:开始执行用例...
[2016-04-06 17:38:11] test_OnlinePromotion.py [Test Case:to_OnlinePromotion] [line:54]INFO:等待页面刷新···
[2016-04-06 17:38:12] test_OnlinePromotion.py [Test Case:to_OnlinePromotion] [line:56]INFO:刷新完成！！！
[2016-04-06 17:38:14] test_SKUSet.py [Test Case:tearDown] [line:305]INFO:该条用例执行完毕！！！
[2016-04-06 17:38:16] test_RoleInfo.py [Test Case:to_RoleInfo] [line:56]INFO:等待页面刷新···
[2016-04-06 17:38:16] test_RoleInfo.py [Test Case:to_RoleInfo] [line:58]INFO:刷新完成！！！
[2016-04-06 17:38:23] test_RoleInfo.py [Test Case:clickButton] [line:120]INFO:保存成功！
[2016-04-06 17:38:23] test_RoleInfo.py [Test Case:tearDown] [line:384]INFO:该条用例执行完毕！！！
[2016-04-06 17:38:25] test_SKUSet.py [Test Case:to_SKUset] [line:52]INFO:等待页面刷新···
[2016-04-06 17:38:28] test_SKUSet.py [Test Case:to_SKUset] [line:55]INFO:刷新完成！！！
[2016-04-06 17:38:29] test_RoleInfo.py [Test Case:test_1search_ByRoleCode] [line:194]INFO:开始执行用例...
[2016-04-06 17:38:32] test_SKUSet.py [Test Case:tearDown] [line:305]INFO:该条用例执行完毕！！！
[2016-04-06 17:38:35] test_OnlinePromotion.py [Test Case:Delete_And_Add_Assert] [line:72]INFO:删除成功
[2016-04-06 17:38:35] test_RoleInfo.py [Test Case:to_RoleInfo] [line:56]INFO:等待页面刷新···
[2016-04-06 17:38:35] test_RoleInfo.py [Test Case:to_RoleInfo] [line:58]INFO:刷新完成！！！
[2016-04-06 17:38:36] test_OnlinePromotion.py [Test Case:tearDown] [line:1189]INFO:该条用例执行执行完毕！！！
[2016-04-06 17:38:41] test_RoleInfo.py [Test Case:test_1search_ByRoleCode] [line:216]INFO:等待页面刷新···
[2016-04-06 17:38:41] test_RoleInfo.py [Test Case:test_1search_ByRoleCode] [line:218]INFO:刷新完成！！！
[2016-04-06 17:38:41] test_RoleInfo.py [Test Case:tearDown] [line:384]INFO:该条用例执行完毕！！！
[2016-04-06 17:38:44] test_SKUSet.py [Test Case:to_SKUset] [line:52]INFO:等待页面刷新···
[2016-04-06 17:38:47] test_SKUSet.py [Test Case:to_SKUset] [line:55]INFO:刷新完成！！！
[2016-04-06 17:38:49] test_RoleInfo.py [Test Case:test_2search_ByRoleName] [line:228]INFO:开始执行用例...
[2016-04-06 17:38:50] test_OnlinePromotion.py [Test Case:to_OnlinePromotion] [line:54]INFO:等待页面刷新···
[2016-04-06 17:38:51] test_OnlinePromotion.py [Test Case:to_OnlinePromotion] [line:56]INFO:刷新完成！！！
[2016-04-06 17:38:53] test_SKUSet.py [Test Case:clickButton] [line:130]INFO:保存成功！
[2016-04-06 17:38:53] test_SKUSet.py [Test Case:tearDown] [line:305]INFO:该条用例执行完毕！！！
[2016-04-06 17:38:54] test_RoleInfo.py [Test Case:to_RoleInfo] [line:56]INFO:等待页面刷新···
[2016-04-06 17:38:55] test_RoleInfo.py [Test Case:to_RoleInfo] [line:58]INFO:刷新完成！！！
[2016-04-06 17:38:59] test_RoleInfo.py [Test Case:test_2search_ByRoleName] [line:245]INFO:等待页面刷新···
[2016-04-06 17:38:59] test_RoleInfo.py [Test Case:test_2search_ByRoleName] [line:247]INFO:刷新完成！！！
[2016-04-06 17:38:59] test_RoleInfo.py [Test Case:tearDown] [line:384]INFO:该条用例执行完毕！！！
[2016-04-06 17:39:04] test_SKUSet.py [Test Case:to_SKUset] [line:52]INFO:等待页面刷新···
[2016-04-06 17:39:06] test_SKUSet.py [Test Case:to_SKUset] [line:55]INFO:刷新完成！！！
[2016-04-06 17:39:06] test_RoleInfo.py [Test Case:test_3search_ByRoleState] [line:257]INFO:开始执行用例...
[2016-04-06 17:39:08] test_OnlinePromotion.py [Test Case:Delete_And_Add_Assert] [line:80]INFO:保存成功！
[2016-04-06 17:39:10] test_OnlinePromotion.py [Test Case:tearDown] [line:1189]INFO:该条用例执行执行完毕！！！
[2016-04-06 17:39:11] test_RoleInfo.py [Test Case:to_RoleInfo] [line:56]INFO:等待页面刷新···
[2016-04-06 17:39:11] test_RoleInfo.py [Test Case:to_RoleInfo] [line:58]INFO:刷新完成！！！
[2016-04-06 17:39:14] test_SKUSet.py [Test Case:clickButton] [line:130]INFO:保存成功！
[2016-04-06 17:39:14] test_SKUSet.py [Test Case:tearDown] [line:305]INFO:该条用例执行完毕！！！
[2016-04-06 17:39:18] test_RoleInfo.py [Test Case:tearDown] [line:384]INFO:该条用例执行完毕！！！
[2016-04-06 17:39:21] test_OnlinePromotion.py [Test Case:to_OnlinePromotion] [line:54]INFO:等待页面刷新···
[2016-04-06 17:39:22] test_OnlinePromotion.py [Test Case:to_OnlinePromotion] [line:56]INFO:刷新完成！！！
[2016-04-06 17:39:23] test_RoleInfo.py [Test Case:test_4search_byRoleInfo] [line:285]INFO:开始执行用例...
[2016-04-06 17:39:28] test_RoleInfo.py [Test Case:to_RoleInfo] [line:56]INFO:等待页面刷新···
[2016-04-06 17:39:29] test_RoleInfo.py [Test Case:to_RoleInfo] [line:58]INFO:刷新完成！！！
[2016-04-06 17:39:32] test_RoleInfo.py [Test Case:test_4search_byRoleInfo] [line:301]INFO:等待页面刷新···
[2016-04-06 17:39:32] test_RoleInfo.py [Test Case:test_4search_byRoleInfo] [line:303]INFO:刷新完成！！！
[2016-04-06 17:39:32] test_RoleInfo.py [Test Case:tearDown] [line:384]INFO:该条用例执行完毕！！！
[2016-04-06 17:39:37] test_RoleInfo.py [Test Case:test_5modify_Role] [line:311]INFO:开始执行用例...
[2016-04-06 17:39:38] test_OnlinePromotion.py [Test Case:Delete_And_Add_Assert] [line:72]INFO:删除成功
[2016-04-06 17:39:38] test_OnlinePromotion.py [Test Case:tearDown] [line:1189]INFO:该条用例执行执行完毕！！！
[2016-04-06 17:39:41] test_RoleInfo.py [Test Case:to_RoleInfo] [line:56]INFO:等待页面刷新···
[2016-04-06 17:39:42] test_RoleInfo.py [Test Case:to_RoleInfo] [line:58]INFO:刷新完成！！！
[2016-04-06 17:39:47] test_RoleInfo.py [Test Case:test_5modify_Role] [line:328]INFO:等待页面刷新···
[2016-04-06 17:39:47] test_RoleInfo.py [Test Case:test_5modify_Role] [line:330]INFO:刷新完成！！！
[2016-04-06 17:39:48] test_OnlinePromotion.py [Test Case:to_OnlinePromotion] [line:54]INFO:等待页面刷新···
[2016-04-06 17:39:49] test_OnlinePromotion.py [Test Case:to_OnlinePromotion] [line:56]INFO:刷新完成！！！
[2016-04-06 17:39:50] test_RoleInfo.py [Test Case:clickButton] [line:120]INFO:保存成功！
[2016-04-06 17:39:52] test_RoleInfo.py [Test Case:tearDown] [line:384]INFO:该条用例执行完毕！！！
[2016-04-06 17:39:57] test_RoleInfo.py [Test Case:test_6delete_Role] [line:358]INFO:开始执行用例...
[2016-04-06 17:40:02] test_RoleInfo.py [Test Case:to_RoleInfo] [line:56]INFO:等待页面刷新···
[2016-04-06 17:40:03] test_RoleInfo.py [Test Case:to_RoleInfo] [line:58]INFO:刷新完成！！！
[2016-04-06 17:40:06] test_OnlinePromotion.py [Test Case:Delete_And_Add_Assert] [line:80]INFO:保存成功！
[2016-04-06 17:40:06] test_RoleInfo.py [Test Case:test_6delete_Role] [line:369]INFO:等待页面刷新···
[2016-04-06 17:40:06] test_RoleInfo.py [Test Case:test_6delete_Role] [line:371]INFO:刷新完成！！！
[2016-04-06 17:40:09] test_RoleInfo.py [Test Case:clickButton] [line:98]INFO:删除成功
[2016-04-06 17:40:09] test_RoleInfo.py [Test Case:tearDown] [line:384]INFO:该条用例执行完毕！！！
[2016-04-06 17:40:14] test_UserInformation.py [Test Case:test_0add_User] [line:146]INFO:开始执行用例...
[2016-04-06 17:40:14] test_OnlinePromotion.py [Test Case:Delete_And_Add_Assert] [line:80]INFO:保存成功！
[2016-04-06 17:40:16] test_OnlinePromotion.py [Test Case:tearDown] [line:1189]INFO:该条用例执行执行完毕！！！
[2016-04-06 17:40:18] test_UserInformation.py [Test Case:to_UserInformation] [line:54]INFO:等待页面刷新···
[2016-04-06 17:40:20] test_UserInformation.py [Test Case:to_UserInformation] [line:56]INFO:刷新完成！！！
[2016-04-06 17:40:26] test_OnlinePromotion.py [Test Case:to_OnlinePromotion] [line:54]INFO:等待页面刷新···
[2016-04-06 17:40:27] test_UserInformation.py [Test Case:clickButton] [line:131]INFO:保存成功！
[2016-04-06 17:40:27] test_UserInformation.py [Test Case:tearDown] [line:307]INFO:该条用例执行完毕！！！
[2016-04-06 17:40:27] test_OnlinePromotion.py [Test Case:to_OnlinePromotion] [line:56]INFO:刷新完成！！！
[2016-04-06 17:40:31] test_UserInformation.py [Test Case:test_1search_byUserCode] [line:205]INFO:开始执行用例...
[2016-04-06 17:40:36] test_UserInformation.py [Test Case:to_UserInformation] [line:54]INFO:等待页面刷新···
[2016-04-06 17:40:38] test_UserInformation.py [Test Case:to_UserInformation] [line:56]INFO:刷新完成！！！
[2016-04-06 17:40:41] test_UserInformation.py [Test Case:tearDown] [line:307]INFO:该条用例执行完毕！！！
[2016-04-06 17:40:43] test_OnlinePromotion.py [Test Case:Delete_And_Add_Assert] [line:72]INFO:删除成功
[2016-04-06 17:40:45] test_OnlinePromotion.py [Test Case:Delete_And_Add_Assert] [line:72]INFO:删除成功
[2016-04-06 17:40:45] test_OnlinePromotion.py [Test Case:tearDown] [line:1189]INFO:该条用例执行执行完毕！！！
[2016-04-06 17:40:46] test_UserInformation.py [Test Case:test_2search_byUserName] [line:219]INFO:开始执行用例...
[2016-04-06 17:40:51] test_UserInformation.py [Test Case:to_UserInformation] [line:54]INFO:等待页面刷新···
[2016-04-06 17:40:53] test_UserInformation.py [Test Case:to_UserInformation] [line:56]INFO:刷新完成！！！
[2016-04-06 17:40:56] test_OnlinePromotion.py [Test Case:to_OnlinePromotion] [line:54]INFO:等待页面刷新···
[2016-04-06 17:40:56] test_UserInformation.py [Test Case:tearDown] [line:307]INFO:该条用例执行完毕！！！
[2016-04-06 17:40:57] test_OnlinePromotion.py [Test Case:to_OnlinePromotion] [line:56]INFO:刷新完成！！！
[2016-04-06 17:41:01] test_UserInformation.py [Test Case:test_3iew_User] [line:241]INFO:开始执行用例...
[2016-04-06 17:41:05] test_UserInformation.py [Test Case:to_UserInformation] [line:54]INFO:等待页面刷新···
[2016-04-06 17:41:07] test_UserInformation.py [Test Case:to_UserInformation] [line:56]INFO:刷新完成！！！
[2016-04-06 17:41:14] test_UserInformation.py [Test Case:clickButton] [line:131]INFO:ORA-00001:违反唯一约束条件
[2016-04-06 17:41:14] test_UserInformation.py [Test Case:tearDown] [line:307]INFO:该条用例执行完毕！！！
[2016-04-06 17:41:19] test_UserInformation.py [Test Case:test_4modify_User] [line:269]INFO:开始执行用例...
[2016-04-06 17:41:22] test_UserInformation.py [Test Case:to_UserInformation] [line:54]INFO:等待页面刷新···
[2016-04-06 17:41:24] test_UserInformation.py [Test Case:to_UserInformation] [line:56]INFO:刷新完成！！！
[2016-04-06 17:41:31] test_UserInformation.py [Test Case:clickButton] [line:131]INFO:ORA-00001:违反唯一约束条件
[2016-04-06 17:41:31] test_UserInformation.py [Test Case:tearDown] [line:307]INFO:该条用例执行完毕！！！
[2016-04-06 17:41:43] test_OnlinePromotion.py [Test Case:tearDown] [line:1189]INFO:该条用例执行执行完毕！！！
[2016-04-06 17:41:52] test_OnlinePromotion.py [Test Case:to_OnlinePromotion] [line:54]INFO:等待页面刷新···
[2016-04-06 17:41:52] test_OnlinePromotion.py [Test Case:to_OnlinePromotion] [line:56]INFO:刷新完成！！！
[2016-04-06 17:42:34] test_OnlinePromotion.py [Test Case:tearDown] [line:1189]INFO:该条用例执行执行完毕！！！
[2016-04-06 17:42:43] test_OnlinePromotion.py [Test Case:to_OnlinePromotion] [line:54]INFO:等待页面刷新···
[2016-04-06 17:42:44] test_OnlinePromotion.py [Test Case:to_OnlinePromotion] [line:56]INFO:刷新完成！！！
[2016-04-06 17:43:00] test_OnlinePromotion.py [Test Case:Delete_And_Add_Assert] [line:80]INFO:保存成功！
[2016-04-06 17:43:06] test_OnlinePromotion.py [Test Case:Delete_And_Add_Assert] [line:80]INFO:保存成功！
[2016-04-06 17:43:07] test_OnlinePromotion.py [Test Case:tearDown] [line:1189]INFO:该条用例执行执行完毕！！！
[2016-04-06 17:43:16] test_OnlinePromotion.py [Test Case:to_OnlinePromotion] [line:54]INFO:等待页面刷新···
[2016-04-06 17:43:17] test_OnlinePromotion.py [Test Case:to_OnlinePromotion] [line:56]INFO:刷新完成！！！
[2016-04-06 17:43:32] test_OnlinePromotion.py [Test Case:Delete_And_Add_Assert] [line:72]INFO:删除成功
[2016-04-06 17:43:35] test_OnlinePromotion.py [Test Case:Delete_And_Add_Assert] [line:72]INFO:删除成功
[2016-04-06 17:43:35] test_OnlinePromotion.py [Test Case:tearDown] [line:1189]INFO:该条用例执行执行完毕！！！
[2016-04-06 17:43:44] test_OnlinePromotion.py [Test Case:to_OnlinePromotion] [line:54]INFO:等待页面刷新···
[2016-04-06 17:43:44] test_OnlinePromotion.py [Test Case:to_OnlinePromotion] [line:56]INFO:刷新完成！！！
[2016-04-06 17:44:05] test_OnlinePromotion.py [Test Case:Delete_And_Add_Assert] [line:80]INFO:数据未填写完整！
[2016-04-06 17:44:05] test_OnlinePromotion.py [Test Case:tearDown] [line:1189]INFO:该条用例执行执行完毕！！！
[2016-04-06 17:44:14] test_OnlinePromotion.py [Test Case:to_OnlinePromotion] [line:54]INFO:等待页面刷新···
[2016-04-06 17:44:15] test_OnlinePromotion.py [Test Case:to_OnlinePromotion] [line:56]INFO:刷新完成！！！
[2016-04-06 17:44:56] test_OnlinePromotion.py [Test Case:tearDown] [line:1189]INFO:该条用例执行执行完毕！！！
[2016-04-06 17:45:05] test_OnlinePromotion.py [Test Case:to_OnlinePromotion] [line:54]INFO:等待页面刷新···
[2016-04-06 17:45:06] test_OnlinePromotion.py [Test Case:to_OnlinePromotion] [line:56]INFO:刷新完成！！！
[2016-04-06 17:45:20] test_OnlinePromotion.py [Test Case:Delete_And_Add_Assert] [line:80]INFO:保存成功！
[2016-04-06 17:45:21] test_OnlinePromotion.py [Test Case:tearDown] [line:1189]INFO:该条用例执行执行完毕！！！
[2016-04-06 17:45:30] test_OnlinePromotion.py [Test Case:to_OnlinePromotion] [line:54]INFO:等待页面刷新···
[2016-04-06 17:45:31] test_OnlinePromotion.py [Test Case:to_OnlinePromotion] [line:56]INFO:刷新完成！！！
[2016-04-06 17:45:45] test_OnlinePromotion.py [Test Case:Delete_And_Add_Assert] [line:72]INFO:删除成功
[2016-04-06 17:45:46] test_OnlinePromotion.py [Test Case:tearDown] [line:1189]INFO:该条用例执行执行完毕！！！
[2016-04-06 17:45:54] test_OnlinePromotion.py [Test Case:to_OnlinePromotion] [line:54]INFO:等待页面刷新···
[2016-04-06 17:45:56] test_OnlinePromotion.py [Test Case:to_OnlinePromotion] [line:56]INFO:刷新完成！！！
[2016-04-06 17:46:06] test_OnlinePromotion.py [Test Case:Delete_And_Add_Assert] [line:72]INFO:删除成功
[2016-04-06 17:46:06] test_OnlinePromotion.py [Test Case:tearDown] [line:1189]INFO:该条用例执行执行完毕！！！
[2016-04-06 17:46:22] test_OnlinePromotionRelation.py [Test Case:tearDown] [line:259]INFO:该条用例执行完毕！！！
[2016-04-06 17:46:38] test_OnlinePromotionRelation.py [Test Case:tearDown] [line:259]INFO:该条用例执行完毕！！！
[2016-04-06 17:46:51] test_OnlinePromotionRelation.py [Test Case:tearDown] [line:259]INFO:该条用例执行完毕！！！
[2016-04-06 17:47:03] test_OnlinePromotionRelation.py [Test Case:tearDown] [line:259]INFO:该条用例执行完毕！！！
