[2016-04-12 10:45:48] test_EmployeeInfo.py [Test Case:test_EmployeeInfo] [line:43]INFO:~~~人员信息模块测试~~~
[2016-04-12 10:45:48] test_EmployeeInfo.py [Test Case:<module>] [line:827]INFO:test_EmployeeInfo start--
[2016-04-12 10:45:53] test_EmployeeInfo.py [Test Case:test_6modify_LoginPasswdReset] [line:579]INFO:开始执行测试...
[2016-04-12 10:45:58] test_EmployeeInfo.py [Test Case:to_EmployeeInformation] [line:67]INFO:等待页面刷新···
[2016-04-12 10:45:59] test_EmployeeInfo.py [Test Case:to_EmployeeInformation] [line:70]INFO:刷新完成！！！
[2016-04-12 10:46:00] test_EmployeeInfo.py [Test Case:searchbycode] [line:429]INFO:开始执行测试...
[2016-04-12 10:46:19] test_EmployeeInfo.py [Test Case:tearDown] [line:819]INFO:该条用例执行完毕！！！
[2016-04-12 10:46:24] test_EmployeeInfo.py [Test Case:test_7modify_RoleAssignment] [line:617]INFO:开始执行测试...
[2016-04-12 10:46:29] test_EmployeeInfo.py [Test Case:to_EmployeeInformation] [line:67]INFO:等待页面刷新···
[2016-04-12 10:46:31] test_EmployeeInfo.py [Test Case:to_EmployeeInformation] [line:70]INFO:刷新完成！！！
[2016-04-12 10:46:33] test_EmployeeInfo.py [Test Case:searchbycode] [line:429]INFO:开始执行测试...
[2016-04-12 10:46:42] test_EmployeeInfo.py [Test Case:test_7modify_RoleAssignment] [line:650]INFO:等待页面刷新···
[2016-04-12 10:46:43] test_EmployeeInfo.py [Test Case:test_7modify_RoleAssignment] [line:653]INFO:刷新完成！！！
[2016-04-12 10:46:56] test_EmployeeInfo.py [Test Case:test_7modify_RoleAssignment] [line:700]INFO:保存成功！
[2016-04-12 10:46:56] test_EmployeeInfo.py [Test Case:searchbycode] [line:429]INFO:开始执行测试...
[2016-04-12 10:46:57] test_EmployeeInfo.py [Test Case:tearDown] [line:819]INFO:该条用例执行完毕！！！
[2016-04-12 10:47:02] test_EmployeeInfo.py [Test Case:test_8modify_Storedistribution] [line:713]INFO:开始执行测试...
[2016-04-12 10:47:06] test_EmployeeInfo.py [Test Case:to_EmployeeInformation] [line:67]INFO:等待页面刷新···
[2016-04-12 10:47:08] test_EmployeeInfo.py [Test Case:to_EmployeeInformation] [line:70]INFO:刷新完成！！！
[2016-04-12 10:47:09] test_EmployeeInfo.py [Test Case:searchbycode] [line:429]INFO:开始执行测试...
[2016-04-12 10:47:19] test_EmployeeInfo.py [Test Case:test_8modify_Storedistribution] [line:731]INFO:等待页面刷新···
[2016-04-12 10:47:19] test_EmployeeInfo.py [Test Case:test_8modify_Storedistribution] [line:734]INFO:刷新完成！！！
[2016-04-12 10:47:32] test_EmployeeInfo.py [Test Case:test_8modify_Storedistribution] [line:785]INFO:保存成功！
[2016-04-12 10:47:32] test_EmployeeInfo.py [Test Case:searchbycode] [line:429]INFO:开始执行测试...
[2016-04-12 10:47:34] test_EmployeeInfo.py [Test Case:tearDown] [line:819]INFO:该条用例执行完毕！！！
[2016-04-12 10:47:34] test_EmployeeInfo.py [Test Case:<module>] [line:855]INFO:test_EmployeeInfo end--
