[2016-04-12 11:20:18] test_Organization.py [Test Case:test_Organization] [line:28]INFO:~~~销售组织管理模块测试~~~
[2016-04-12 11:20:18] test_Organization.py [Test Case:<module>] [line:358]INFO:test_Organization start--
[2016-04-12 11:20:27] test_Organization.py [Test Case:to_Organization] [line:55]INFO:等待页面刷新···
[2016-04-12 11:20:28] test_Organization.py [Test Case:to_Organization] [line:58]INFO:刷新完成！！！
[2016-04-12 11:20:42] test_Organization.py [Test Case:clickButton] [line:121]INFO:保存成功！
[2016-04-12 11:20:42] test_Organization.py [Test Case:tearDown] [line:348]INFO:该条用例执行完毕！！！
[2016-04-12 11:20:52] test_Organization.py [Test Case:to_Organization] [line:55]INFO:等待页面刷新···
[2016-04-12 11:20:53] test_Organization.py [Test Case:to_Organization] [line:58]INFO:刷新完成！！！
[2016-04-12 11:21:01] test_Organization.py [Test Case:tearDown] [line:348]INFO:该条用例执行完毕！！！
[2016-04-12 11:21:10] test_Organization.py [Test Case:to_Organization] [line:55]INFO:等待页面刷新···
[2016-04-12 11:21:11] test_Organization.py [Test Case:to_Organization] [line:58]INFO:刷新完成！！！
[2016-04-12 11:21:18] test_Organization.py [Test Case:tearDown] [line:348]INFO:该条用例执行完毕！！！
[2016-04-12 11:21:27] test_Organization.py [Test Case:to_Organization] [line:55]INFO:等待页面刷新···
[2016-04-12 11:21:28] test_Organization.py [Test Case:to_Organization] [line:58]INFO:刷新完成！！！
[2016-04-12 11:21:31] isspublic.py [Test Case:WebWait] [line:47]INFO:页面无法刷新！！！
[2016-04-12 11:21:31] test_Organization.py [Test Case:tearDown] [line:348]INFO:该条用例执行完毕！！！
[2016-04-12 11:21:40] test_Organization.py [Test Case:to_Organization] [line:55]INFO:等待页面刷新···
[2016-04-12 11:21:42] test_Organization.py [Test Case:to_Organization] [line:58]INFO:刷新完成！！！
[2016-04-12 11:21:55] test_Organization.py [Test Case:clickButton] [line:93]INFO:删除成功
[2016-04-12 11:21:55] test_Organization.py [Test Case:tearDown] [line:348]INFO:该条用例执行完毕！！！
