[2016-04-06 11:38:54] test_CustomizedOrders.py [Test Case:Test_CustomizedOrders] [line:19]INFO:~~~订制订单模块测试~~~
[2016-04-06 11:38:54] test_Measure_Data.py [Test Case:test_Measure_Data] [line:29]INFO:~~~商品档案模块测试~~~
[2016-04-06 11:38:54] test_Measure_WorkOrder.py [Test Case:test_Measure_WorkOrder] [line:35]INFO:~~~量体工单模块测试~~~
[2016-04-06 11:38:54] test_MemberInformation.py [Test Case:Test_MemberInformation] [line:22]INFO:~~~会员信息模块测试~~~
[2016-04-06 11:38:54] test_AdvertisingTheme.py [Test Case:test_AdvertisingTheme] [line:33]INFO:~~~广告主题模块测试~~~
[2016-04-06 11:38:54] test_BOMManage.py [Test Case:test_BOMManager] [line:32]INFO:~~~BOM管理模块测试~~~
[2016-04-06 11:38:54] test_ColorGroup.py [Test Case:test_ColorGroup] [line:28]INFO:~~~颜色组模块测试~~~
[2016-04-06 11:38:54] test_ColorSetting.py [Test Case:test_ColorSetting] [line:30]INFO:~~~颜色配置模块测试~~~
[2016-04-06 11:38:54] test_CommodityFile.py [Test Case:test_CommodityFile] [line:25]INFO:~~~商品档案模块测试~~~
[2016-04-06 11:38:54] test_CommoditySort.py [Test Case:test_CommoditySort] [line:29]INFO:~~~商品类别模块测试~~~
[2016-04-06 11:38:54] test_MeasureItem.py [Test Case:test_MeasureItem] [line:30]INFO:~~~量体项目模块测试~~~
[2016-04-06 11:38:54] test_SizeSetting.py [Test Case:test_SizeSetting] [line:29]INFO:~~~尺码配置模块测试~~~
[2016-04-06 11:38:54] test_SKUSet.py [Test Case:test_SKUSet] [line:28]INFO:~~~SKU设置模块测试~~~
[2016-04-06 11:38:54] test_ConstantSetting.py [Test Case:test_ConstantSetting] [line:32]INFO:~~~常数配置模块测试~~~
[2016-04-06 11:38:54] test_CustomExpress.py [Test Case:test_CustomExpress] [line:26]INFO:~~~自定义快递模块测试~~~
[2016-04-06 11:38:54] test_DefaultExpress.py [Test Case:test_DefaultExpress] [line:31]INFO:~~~默认快递模块测试~~~
[2016-04-06 11:38:54] test_Device.py [Test Case:test_Device] [line:29]INFO:~~~设备信息模块测试~~~
[2016-04-06 11:38:54] test_EmployeeInfo.py [Test Case:test_EmployeeInfo] [line:43]INFO:~~~人员信息模块测试~~~
[2016-04-06 11:38:54] test_Organization.py [Test Case:test_Organization] [line:28]INFO:~~~销售组织管理模块测试~~~
[2016-04-06 11:38:54] test_RoleInfo.py [Test Case:test_RoleInfo] [line:31]INFO:~~~商品类别模块测试~~~
[2016-04-06 11:38:54] test_UserInformation.py [Test Case:test_UserInformation] [line:29]INFO:~~~用户信息模块测试~~~
[2016-04-06 11:38:54] test_OfflinePromotion.py [Test Case:test_OfflinePromotion] [line:28]INFO:~~~线下促销模块测试~~~
[2016-04-06 11:38:54] test_OfflinePromotionRelation.py [Test Case:test_OfflinePromotionRelation] [line:24]INFO:~~~线下促销关系模块测试~~~
[2016-04-06 11:38:54] test_OnlinePromotion.py [Test Case:test_OnlinePromotion] [line:29]INFO:~~~线上促销模块测试~~~
[2016-04-06 11:38:54] test_OnlinePromotionRelation.py [Test Case:test_OlinePromotionRelation] [line:32]INFO:~~~线上促销关系模块测试~~~
[2016-04-06 11:39:04] test_CustomizedOrders.py [Test Case:test_0CommoditySeason_check] [line:145]INFO:开始执行用例...
[2016-04-06 11:39:12] test_OfflinePromotion.py [Test Case:to_OfflinePromotion] [line:54]INFO:等待页面刷新···
[2016-04-06 11:39:13] test_CustomizedOrders.py [Test Case:to_CommodityOrder] [line:47]INFO:等待页面刷新···
[2016-04-06 11:39:13] test_OfflinePromotion.py [Test Case:to_OfflinePromotion] [line:56]INFO:刷新完成！！！
[2016-04-06 11:39:16] test_AdvertisingTheme.py [Test Case:to_AdvertisingTheme] [line:59]INFO:等待页面刷新···
[2016-04-06 11:39:16] test_ConstantSetting.py [Test Case:to_ConstantSetting] [line:58]INFO:等待页面刷新···
[2016-04-06 11:39:17] test_ConstantSetting.py [Test Case:to_ConstantSetting] [line:61]INFO:刷新完成！！！
[2016-04-06 11:39:18] test_AdvertisingTheme.py [Test Case:to_AdvertisingTheme] [line:62]INFO:刷新完成！！！
[2016-04-06 11:39:19] test_CustomizedOrders.py [Test Case:to_CommodityOrder] [line:49]INFO:刷新完成！！！
[2016-04-06 11:39:22] test_ConstantSetting.py [Test Case:clickButton] [line:132]INFO:保存成功！
[2016-04-06 11:39:23] test_ConstantSetting.py [Test Case:tearDown] [line:326]INFO:该条用例执行完毕！！！
[2016-04-06 11:39:25] test_CustomizedOrders.py [Test Case:tearDown] [line:452]INFO:该条用例执行完毕！！！
[2016-04-06 11:39:26] test_AdvertisingTheme.py [Test Case:clickButton] [line:135]INFO:保存成功！
[2016-04-06 11:39:26] test_AdvertisingTheme.py [Test Case:tearDown] [line:380]INFO:该条用例执行完毕！！！
[2016-04-06 11:39:34] test_OfflinePromotion.py [Test Case:tearDown] [line:1107]INFO:该条用例执行执行完毕！！！
[2016-04-06 11:39:37] test_CustomizedOrders.py [Test Case:test_1search_by_OrderDate] [line:168]INFO:开始执行用例...
[2016-04-06 11:39:39] test_ConstantSetting.py [Test Case:to_ConstantSetting] [line:58]INFO:等待页面刷新···
[2016-04-06 11:39:40] test_ConstantSetting.py [Test Case:to_ConstantSetting] [line:61]INFO:刷新完成！！！
[2016-04-06 11:39:44] test_CustomizedOrders.py [Test Case:to_CommodityOrder] [line:47]INFO:等待页面刷新···
[2016-04-06 11:39:44] test_AdvertisingTheme.py [Test Case:to_AdvertisingTheme] [line:59]INFO:等待页面刷新···
[2016-04-06 11:39:45] test_ConstantSetting.py [Test Case:tearDown] [line:326]INFO:该条用例执行完毕！！！
[2016-04-06 11:39:47] test_AdvertisingTheme.py [Test Case:to_AdvertisingTheme] [line:62]INFO:刷新完成！！！
[2016-04-06 11:39:52] test_CustomizedOrders.py [Test Case:to_CommodityOrder] [line:49]INFO:刷新完成！！！
[2016-04-06 11:39:52] test_OfflinePromotion.py [Test Case:to_OfflinePromotion] [line:54]INFO:等待页面刷新···
[2016-04-06 11:39:53] test_OfflinePromotion.py [Test Case:to_OfflinePromotion] [line:56]INFO:刷新完成！！！
[2016-04-06 11:40:01] test_CustomizedOrders.py [Test Case:tearDown] [line:452]INFO:该条用例执行完毕！！！
[2016-04-06 11:40:02] test_ConstantSetting.py [Test Case:to_ConstantSetting] [line:58]INFO:等待页面刷新···
[2016-04-06 11:40:03] test_ConstantSetting.py [Test Case:to_ConstantSetting] [line:61]INFO:刷新完成！！！
[2016-04-06 11:40:03] test_OfflinePromotion.py [Test Case:tearDown] [line:1107]INFO:该条用例执行执行完毕！！！
[2016-04-06 11:40:06] test_ConstantSetting.py [Test Case:tearDown] [line:326]INFO:该条用例执行完毕！！！
[2016-04-06 11:40:09] test_CustomizedOrders.py [Test Case:test_2search_by_TheOrderNumber] [line:225]INFO:开始执行用例...
[2016-04-06 11:40:09] test_AdvertisingTheme.py [Test Case:tearDown] [line:380]INFO:该条用例执行完毕！！！
[2016-04-06 11:40:14] test_CustomizedOrders.py [Test Case:to_CommodityOrder] [line:47]INFO:等待页面刷新···
[2016-04-06 11:40:20] test_CustomizedOrders.py [Test Case:to_CommodityOrder] [line:49]INFO:刷新完成！！！
[2016-04-06 11:40:21] test_OfflinePromotion.py [Test Case:to_OfflinePromotion] [line:54]INFO:等待页面刷新···
[2016-04-06 11:40:23] test_OfflinePromotion.py [Test Case:to_OfflinePromotion] [line:56]INFO:刷新完成！！！
[2016-04-06 11:40:25] test_ConstantSetting.py [Test Case:to_ConstantSetting] [line:58]INFO:等待页面刷新···
[2016-04-06 11:40:26] test_ConstantSetting.py [Test Case:to_ConstantSetting] [line:61]INFO:刷新完成！！！
[2016-04-06 11:40:27] test_OfflinePromotion.py [Test Case:tearDown] [line:1107]INFO:该条用例执行执行完毕！！！
[2016-04-06 11:40:28] test_AdvertisingTheme.py [Test Case:to_AdvertisingTheme] [line:59]INFO:等待页面刷新···
[2016-04-06 11:40:30] test_AdvertisingTheme.py [Test Case:to_AdvertisingTheme] [line:62]INFO:刷新完成！！！
[2016-04-06 11:40:31] test_CustomizedOrders.py [Test Case:tearDown] [line:452]INFO:该条用例执行完毕！！！
[2016-04-06 11:40:32] test_ConstantSetting.py [Test Case:clickButton] [line:132]INFO:保存成功！
[2016-04-06 11:40:32] test_ConstantSetting.py [Test Case:tearDown] [line:326]INFO:该条用例执行完毕！！！
[2016-04-06 11:40:34] test_AdvertisingTheme.py [Test Case:tearDown] [line:380]INFO:该条用例执行完毕！！！
[2016-04-06 11:40:44] test_OfflinePromotion.py [Test Case:to_OfflinePromotion] [line:54]INFO:等待页面刷新···
[2016-04-06 11:40:45] test_OfflinePromotion.py [Test Case:to_OfflinePromotion] [line:56]INFO:刷新完成！！！
[2016-04-06 11:40:50] test_CustomizedOrders.py [Test Case:to_CommodityOrder] [line:47]INFO:等待页面刷新···
[2016-04-06 11:40:51] test_ConstantSetting.py [Test Case:to_ConstantSetting] [line:58]INFO:等待页面刷新···
[2016-04-06 11:40:52] test_ConstantSetting.py [Test Case:to_ConstantSetting] [line:61]INFO:刷新完成！！！
[2016-04-06 11:40:54] test_OfflinePromotion.py [Test Case:tearDown] [line:1107]INFO:该条用例执行执行完毕！！！
[2016-04-06 11:40:55] test_AdvertisingTheme.py [Test Case:to_AdvertisingTheme] [line:59]INFO:等待页面刷新···
[2016-04-06 11:40:56] test_CustomizedOrders.py [Test Case:to_CommodityOrder] [line:49]INFO:刷新完成！！！
[2016-04-06 11:40:57] test_AdvertisingTheme.py [Test Case:to_AdvertisingTheme] [line:62]INFO:刷新完成！！！
[2016-04-06 11:41:02] test_ConstantSetting.py [Test Case:clickButton] [line:132]INFO:保存成功！
[2016-04-06 11:41:03] test_AdvertisingTheme.py [Test Case:clickButton] [line:135]INFO:保存成功！
[2016-04-06 11:41:03] test_AdvertisingTheme.py [Test Case:tearDown] [line:380]INFO:该条用例执行完毕！！！
[2016-04-06 11:41:06] test_ConstantSetting.py [Test Case:tearDown] [line:326]INFO:该条用例执行完毕！！！
[2016-04-06 11:41:06] test_CustomizedOrders.py [Test Case:tearDown] [line:452]INFO:该条用例执行完毕！！！
[2016-04-06 11:41:08] test_OfflinePromotion.py [Test Case:to_OfflinePromotion] [line:54]INFO:等待页面刷新···
[2016-04-06 11:41:08] test_OfflinePromotion.py [Test Case:to_OfflinePromotion] [line:56]INFO:刷新完成！！！
[2016-04-06 11:41:13] test_OfflinePromotion.py [Test Case:tearDown] [line:1107]INFO:该条用例执行执行完毕！！！
[2016-04-06 11:41:17] test_CustomizedOrders.py [Test Case:test_4search_by_TheOrderStatus] [line:284]INFO:开始执行用例...
[2016-04-06 11:41:17] test_AdvertisingTheme.py [Test Case:to_AdvertisingTheme] [line:59]INFO:等待页面刷新···
[2016-04-06 11:41:20] test_AdvertisingTheme.py [Test Case:to_AdvertisingTheme] [line:62]INFO:刷新完成！！！
[2016-04-06 11:41:26] test_CustomizedOrders.py [Test Case:to_CommodityOrder] [line:47]INFO:等待页面刷新···
[2016-04-06 11:41:28] test_AdvertisingTheme.py [Test Case:clickButton] [line:135]INFO:保存成功！
[2016-04-06 11:41:28] test_AdvertisingTheme.py [Test Case:tearDown] [line:380]INFO:该条用例执行完毕！！！
[2016-04-06 11:41:28] test_ConstantSetting.py [Test Case:to_ConstantSetting] [line:58]INFO:等待页面刷新···
[2016-04-06 11:41:30] test_ConstantSetting.py [Test Case:to_ConstantSetting] [line:61]INFO:刷新完成！！！
[2016-04-06 11:41:33] test_OfflinePromotion.py [Test Case:to_OfflinePromotion] [line:54]INFO:等待页面刷新···
[2016-04-06 11:41:33] test_CustomizedOrders.py [Test Case:to_CommodityOrder] [line:49]INFO:刷新完成！！！
[2016-04-06 11:41:34] test_OfflinePromotion.py [Test Case:to_OfflinePromotion] [line:56]INFO:刷新完成！！！
[2016-04-06 11:41:38] test_ConstantSetting.py [Test Case:clickButton] [line:106]INFO:删除成功
[2016-04-06 11:41:38] test_ConstantSetting.py [Test Case:tearDown] [line:326]INFO:该条用例执行完毕！！！
[2016-04-06 11:41:40] test_OfflinePromotion.py [Test Case:tearDown] [line:1107]INFO:该条用例执行执行完毕！！！
[2016-04-06 11:41:42] test_BOMManage.py [Test Case:to_BOMManager] [line:58]INFO:等待页面刷新···
[2016-04-06 11:41:44] test_BOMManage.py [Test Case:to_BOMManager] [line:61]INFO:刷新完成！！！
[2016-04-06 11:41:44] test_CustomizedOrders.py [Test Case:tearDown] [line:452]INFO:该条用例执行完毕！！！
[2016-04-06 11:41:54] test_OfflinePromotion.py [Test Case:to_OfflinePromotion] [line:54]INFO:等待页面刷新···
[2016-04-06 11:41:55] test_BOMManage.py [Test Case:clickButton] [line:136]INFO:保存成功！
[2016-04-06 11:41:56] test_BOMManage.py [Test Case:tearDown] [line:334]INFO:该条用例执行完毕！！！
[2016-04-06 11:41:56] test_CustomExpress.py [Test Case:to_CustomExpress] [line:51]INFO:等待页面刷新···
[2016-04-06 11:41:56] test_CustomizedOrders.py [Test Case:test_5search_by_PaymentStatus] [line:319]INFO:开始执行用例...
[2016-04-06 11:41:57] test_OfflinePromotion.py [Test Case:to_OfflinePromotion] [line:56]INFO:刷新完成！！！
[2016-04-06 11:41:58] test_CustomExpress.py [Test Case:to_CustomExpress] [line:54]INFO:刷新完成！！！
[2016-04-06 11:42:01] test_CustomizedOrders.py [Test Case:to_CommodityOrder] [line:47]INFO:等待页面刷新···
[2016-04-06 11:42:06] test_CustomExpress.py [Test Case:test_1search_byTemplateType] [line:289]INFO:等待页面刷新···
[2016-04-06 11:42:06] test_CustomExpress.py [Test Case:test_1search_byTemplateType] [line:292]INFO:刷新完成！！！
[2016-04-06 11:42:06] test_CustomExpress.py [Test Case:tearDown] [line:500]INFO:该条用例执行完毕！！！
[2016-04-06 11:42:07] test_CustomizedOrders.py [Test Case:to_CommodityOrder] [line:49]INFO:刷新完成！！！
[2016-04-06 11:42:08] test_BOMManage.py [Test Case:to_BOMManager] [line:58]INFO:等待页面刷新···
[2016-04-06 11:42:11] test_BOMManage.py [Test Case:to_BOMManager] [line:61]INFO:刷新完成！！！
[2016-04-06 11:42:17] test_BOMManage.py [Test Case:tearDown] [line:334]INFO:该条用例执行完毕！！！
[2016-04-06 11:42:17] test_CustomExpress.py [Test Case:to_CustomExpress] [line:51]INFO:等待页面刷新···
[2016-04-06 11:42:19] test_CustomizedOrders.py [Test Case:tearDown] [line:452]INFO:该条用例执行完毕！！！
[2016-04-06 11:42:19] test_CustomExpress.py [Test Case:to_CustomExpress] [line:54]INFO:刷新完成！！！
[2016-04-06 11:42:27] test_CustomizedOrders.py [Test Case:test_6search_by_TheConsignee] [line:362]INFO:开始执行用例...
[2016-04-06 11:42:27] test_CustomExpress.py [Test Case:test_2search_byExpressType] [line:363]INFO:等待页面刷新···
[2016-04-06 11:42:27] test_CustomExpress.py [Test Case:test_2search_byExpressType] [line:367]INFO:刷新完成！！！
[2016-04-06 11:42:28] test_CustomExpress.py [Test Case:tearDown] [line:500]INFO:该条用例执行完毕！！！
[2016-04-06 11:42:29] test_OfflinePromotion.py [Test Case:tearDown] [line:1107]INFO:该条用例执行执行完毕！！！
[2016-04-06 11:42:30] test_BOMManage.py [Test Case:to_BOMManager] [line:58]INFO:等待页面刷新···
[2016-04-06 11:42:32] test_CustomizedOrders.py [Test Case:to_CommodityOrder] [line:47]INFO:等待页面刷新···
[2016-04-06 11:42:33] test_BOMManage.py [Test Case:to_BOMManager] [line:61]INFO:刷新完成！！！
[2016-04-06 11:42:38] test_CustomizedOrders.py [Test Case:to_CommodityOrder] [line:49]INFO:刷新完成！！！
[2016-04-06 11:42:42] test_BOMManage.py [Test Case:tearDown] [line:334]INFO:该条用例执行完毕！！！
[2016-04-06 11:42:43] test_CustomExpress.py [Test Case:to_CustomExpress] [line:51]INFO:等待页面刷新···
[2016-04-06 11:42:45] test_CustomExpress.py [Test Case:to_CustomExpress] [line:54]INFO:刷新完成！！！
[2016-04-06 11:42:47] test_OfflinePromotion.py [Test Case:to_OfflinePromotion] [line:54]INFO:等待页面刷新···
[2016-04-06 11:42:48] test_OfflinePromotion.py [Test Case:to_OfflinePromotion] [line:56]INFO:刷新完成！！！
[2016-04-06 11:42:49] test_CustomizedOrders.py [Test Case:tearDown] [line:452]INFO:该条用例执行完毕！！！
[2016-04-06 11:42:52] test_CustomExpress.py [Test Case:test_3search_byStoreName] [line:396]INFO:等待页面刷新···
[2016-04-06 11:42:52] test_CustomExpress.py [Test Case:test_3search_byStoreName] [line:400]INFO:刷新完成！！！
[2016-04-06 11:42:52] test_CustomExpress.py [Test Case:tearDown] [line:500]INFO:该条用例执行完毕！！！
[2016-04-06 11:42:55] test_BOMManage.py [Test Case:to_BOMManager] [line:58]INFO:等待页面刷新···
[2016-04-06 11:42:58] test_CustomizedOrders.py [Test Case:test_7search_by_ConsigneePhone] [line:392]INFO:开始执行用例...
[2016-04-06 11:42:58] test_BOMManage.py [Test Case:to_BOMManager] [line:61]INFO:刷新完成！！！
[2016-04-06 11:43:03] test_CustomizedOrders.py [Test Case:to_CommodityOrder] [line:47]INFO:等待页面刷新···
[2016-04-06 11:43:07] test_CustomExpress.py [Test Case:to_CustomExpress] [line:51]INFO:等待页面刷新···
[2016-04-06 11:43:07] test_CustomizedOrders.py [Test Case:to_CommodityOrder] [line:49]INFO:刷新完成！！！
[2016-04-06 11:43:08] test_CustomExpress.py [Test Case:to_CustomExpress] [line:54]INFO:刷新完成！！！
[2016-04-06 11:43:14] test_CustomExpress.py [Test Case:clickButton] [line:131]INFO:保存成功！
[2016-04-06 11:43:14] test_CustomExpress.py [Test Case:tearDown] [line:500]INFO:该条用例执行完毕！！！
[2016-04-06 11:43:17] test_CustomizedOrders.py [Test Case:tearDown] [line:452]INFO:该条用例执行完毕！！！
[2016-04-06 11:43:24] test_CustomizedOrders.py [Test Case:test_8search_by_Store] [line:424]INFO:开始执行用例...
[2016-04-06 11:43:25] test_OfflinePromotion.py [Test Case:tearDown] [line:1107]INFO:该条用例执行执行完毕！！！
[2016-04-06 11:43:27] test_CustomExpress.py [Test Case:to_CustomExpress] [line:51]INFO:等待页面刷新···
[2016-04-06 11:43:29] test_CustomExpress.py [Test Case:to_CustomExpress] [line:54]INFO:刷新完成！！！
[2016-04-06 11:43:30] test_CustomizedOrders.py [Test Case:to_CommodityOrder] [line:47]INFO:等待页面刷新···
[2016-04-06 11:43:35] test_CustomExpress.py [Test Case:clickButton] [line:131]INFO:保存成功！
[2016-04-06 11:43:35] test_CustomExpress.py [Test Case:test_5modify_CustomExpress] [line:459]INFO:等待页面刷新···
[2016-04-06 11:43:35] test_CustomExpress.py [Test Case:test_5modify_CustomExpress] [line:463]INFO:刷新完成！！！
[2016-04-06 11:43:36] test_CustomizedOrders.py [Test Case:to_CommodityOrder] [line:49]INFO:刷新完成！！！
[2016-04-06 11:43:36] test_CustomExpress.py [Test Case:tearDown] [line:500]INFO:该条用例执行完毕！！！
[2016-04-06 11:43:38] test_OfflinePromotion.py [Test Case:to_OfflinePromotion] [line:54]INFO:等待页面刷新···
[2016-04-06 11:43:39] test_OfflinePromotion.py [Test Case:to_OfflinePromotion] [line:56]INFO:刷新完成！！！
[2016-04-06 11:43:44] test_BOMManage.py [Test Case:tearDown] [line:334]INFO:该条用例执行完毕！！！
[2016-04-06 11:43:45] test_CustomizedOrders.py [Test Case:tearDown] [line:452]INFO:该条用例执行完毕！！！
[2016-04-06 11:43:46] test_DefaultExpress.py [Test Case:to_DefaultExpress] [line:56]INFO:等待页面刷新···
[2016-04-06 11:43:47] test_DefaultExpress.py [Test Case:to_DefaultExpress] [line:59]INFO:刷新完成！！！
[2016-04-06 11:43:52] test_DefaultExpress.py [Test Case:clickButton] [line:130]INFO:保存成功！
[2016-04-06 11:43:52] test_DefaultExpress.py [Test Case:tearDown] [line:309]INFO:该条用例执行完毕！！！
[2016-04-06 11:43:59] test_BOMManage.py [Test Case:to_BOMManager] [line:58]INFO:等待页面刷新···
[2016-04-06 11:44:01] test_BOMManage.py [Test Case:to_BOMManager] [line:61]INFO:刷新完成！！！
[2016-04-06 11:44:06] test_DefaultExpress.py [Test Case:to_DefaultExpress] [line:56]INFO:等待页面刷新···
[2016-04-06 11:44:07] test_BOMManage.py [Test Case:clickButton] [line:136]INFO:保存成功！
[2016-04-06 11:44:07] test_DefaultExpress.py [Test Case:to_DefaultExpress] [line:59]INFO:刷新完成！！！
[2016-04-06 11:44:07] test_BOMManage.py [Test Case:tearDown] [line:334]INFO:该条用例执行完毕！！！
[2016-04-06 11:44:10] test_DefaultExpress.py [Test Case:tearDown] [line:309]INFO:该条用例执行完毕！！！
[2016-04-06 11:44:16] test_Measure_Data.py [Test Case:tearDown] [line:256]INFO:该条用例执行完毕！！！
[2016-04-06 11:44:16] test_OfflinePromotion.py [Test Case:tearDown] [line:1107]INFO:该条用例执行执行完毕！！！
[2016-04-06 11:44:19] test_BOMManage.py [Test Case:to_BOMManager] [line:58]INFO:等待页面刷新···
[2016-04-06 11:44:22] test_BOMManage.py [Test Case:to_BOMManager] [line:61]INFO:刷新完成！！！
[2016-04-06 11:44:27] test_BOMManage.py [Test Case:clickButton] [line:108]INFO:删除成功
[2016-04-06 11:44:27] test_BOMManage.py [Test Case:tearDown] [line:334]INFO:该条用例执行完毕！！！
[2016-04-06 11:44:28] test_DefaultExpress.py [Test Case:to_DefaultExpress] [line:56]INFO:等待页面刷新···
[2016-04-06 11:44:30] test_DefaultExpress.py [Test Case:to_DefaultExpress] [line:59]INFO:刷新完成！！！
[2016-04-06 11:44:32] test_DefaultExpress.py [Test Case:tearDown] [line:309]INFO:该条用例执行完毕！！！
[2016-04-06 11:44:35] test_OfflinePromotion.py [Test Case:to_OfflinePromotion] [line:54]INFO:等待页面刷新···
[2016-04-06 11:44:36] test_OfflinePromotion.py [Test Case:to_OfflinePromotion] [line:56]INFO:刷新完成！！！
[2016-04-06 11:44:38] test_ColorGroup.py [Test Case:test_0add_ColorGroup] [line:143]INFO:开始执行测试...
[2016-04-06 11:44:43] test_Measure_Data.py [Test Case:tearDown] [line:256]INFO:该条用例执行完毕！！！
[2016-04-06 11:44:43] test_ColorGroup.py [Test Case:to_ColorGroup] [line:52]INFO:等待页面刷新···
[2016-04-06 11:44:45] test_ColorGroup.py [Test Case:to_ColorGroup] [line:55]INFO:刷新完成！！！
[2016-04-06 11:44:48] test_DefaultExpress.py [Test Case:to_DefaultExpress] [line:56]INFO:等待页面刷新···
[2016-04-06 11:44:49] test_ColorGroup.py [Test Case:clickButton] [line:127]INFO:保存成功！
[2016-04-06 11:44:49] test_DefaultExpress.py [Test Case:to_DefaultExpress] [line:59]INFO:刷新完成！！！
[2016-04-06 11:44:49] test_ColorGroup.py [Test Case:tearDown] [line:313]INFO:该条用例执行完毕！！！
[2016-04-06 11:44:53] test_DefaultExpress.py [Test Case:clickButton] [line:130]INFO:保存成功！
[2016-04-06 11:44:53] test_DefaultExpress.py [Test Case:tearDown] [line:309]INFO:该条用例执行完毕！！！
[2016-04-06 11:45:04] test_ColorGroup.py [Test Case:to_ColorGroup] [line:52]INFO:等待页面刷新···
[2016-04-06 11:45:05] test_ColorGroup.py [Test Case:to_ColorGroup] [line:55]INFO:刷新完成！！！
[2016-04-06 11:45:05] test_Measure_Data.py [Test Case:tearDown] [line:256]INFO:该条用例执行完毕！！！
[2016-04-06 11:45:07] test_DefaultExpress.py [Test Case:to_DefaultExpress] [line:56]INFO:等待页面刷新···
[2016-04-06 11:45:09] test_DefaultExpress.py [Test Case:to_DefaultExpress] [line:59]INFO:刷新完成！！！
[2016-04-06 11:45:09] test_ColorGroup.py [Test Case:tearDown] [line:313]INFO:该条用例执行完毕！！！
[2016-04-06 11:45:13] test_OfflinePromotion.py [Test Case:tearDown] [line:1107]INFO:该条用例执行执行完毕！！！
[2016-04-06 11:45:16] test_DefaultExpress.py [Test Case:clickButton] [line:130]INFO:保存成功！
[2016-04-06 11:45:16] test_ColorGroup.py [Test Case:test_2search_ByCGroupName] [line:219]INFO:开始执行测试...
[2016-04-06 11:45:19] test_DefaultExpress.py [Test Case:tearDown] [line:309]INFO:该条用例执行完毕！！！
[2016-04-06 11:45:24] test_ColorGroup.py [Test Case:to_ColorGroup] [line:52]INFO:等待页面刷新···
[2016-04-06 11:45:25] test_ColorGroup.py [Test Case:to_ColorGroup] [line:55]INFO:刷新完成！！！
[2016-04-06 11:45:28] test_ColorGroup.py [Test Case:tearDown] [line:313]INFO:该条用例执行完毕！！！
[2016-04-06 11:45:30] test_OfflinePromotion.py [Test Case:to_OfflinePromotion] [line:54]INFO:等待页面刷新···
[2016-04-06 11:45:31] test_OfflinePromotion.py [Test Case:to_OfflinePromotion] [line:56]INFO:刷新完成！！！
[2016-04-06 11:45:34] test_DefaultExpress.py [Test Case:to_DefaultExpress] [line:56]INFO:等待页面刷新···
[2016-04-06 11:45:35] test_DefaultExpress.py [Test Case:to_DefaultExpress] [line:59]INFO:刷新完成！！！
[2016-04-06 11:45:36] test_Measure_Data.py [Test Case:tearDown] [line:256]INFO:该条用例执行完毕！！！
[2016-04-06 11:45:37] test_ColorGroup.py [Test Case:test_3modify_ColorGroup] [line:244]INFO:开始执行测试...
[2016-04-06 11:45:40] test_DefaultExpress.py [Test Case:clickButton] [line:104]INFO:删除成功
[2016-04-06 11:45:40] test_DefaultExpress.py [Test Case:tearDown] [line:309]INFO:该条用例执行完毕！！！
[2016-04-06 11:45:42] test_ColorGroup.py [Test Case:to_ColorGroup] [line:52]INFO:等待页面刷新···
[2016-04-06 11:45:43] test_ColorGroup.py [Test Case:to_ColorGroup] [line:55]INFO:刷新完成！！！
[2016-04-06 11:45:49] test_Device.py [Test Case:test_0add_Device] [line:134]INFO:开始执行用例...
[2016-04-06 11:45:51] test_ColorGroup.py [Test Case:clickButton] [line:127]INFO:保存成功！
[2016-04-06 11:45:51] test_ColorGroup.py [Test Case:tearDown] [line:313]INFO:该条用例执行完毕！！！
[2016-04-06 11:45:55] test_Device.py [Test Case:to_Device] [line:55]INFO:等待页面刷新···
[2016-04-06 11:45:57] test_Device.py [Test Case:to_Device] [line:58]INFO:刷新完成！！！
[2016-04-06 11:45:58] test_ColorGroup.py [Test Case:test_4import_ColorGroup] [line:282]INFO:开始执行测试...
[2016-04-06 11:46:01] test_Measure_Data.py [Test Case:tearDown] [line:256]INFO:该条用例执行完毕！！！
[2016-04-06 11:46:03] test_ColorGroup.py [Test Case:to_ColorGroup] [line:52]INFO:等待页面刷新···
[2016-04-06 11:46:04] test_ColorGroup.py [Test Case:to_ColorGroup] [line:55]INFO:刷新完成！！！
[2016-04-06 11:46:04] test_Device.py [Test Case:clickButton] [line:120]INFO:保存成功！
[2016-04-06 11:46:04] test_Device.py [Test Case:tearDown] [line:413]INFO:该条用例执行完毕！！！
[2016-04-06 11:46:06] test_ColorGroup.py [Test Case:tearDown] [line:313]INFO:该条用例执行完毕！！！
[2016-04-06 11:46:08] test_OfflinePromotion.py [Test Case:tearDown] [line:1107]INFO:该条用例执行执行完毕！！！
[2016-04-06 11:46:08] test_Measure_WorkOrder.py [Test Case:test_0add_WorkOrder] [line:144]INFO:开始执行测试...
[2016-04-06 11:46:13] test_Device.py [Test Case:test_1search_byDeviceName] [line:180]INFO:开始执行用例...
[2016-04-06 11:46:14] test_Measure_WorkOrder.py [Test Case:to_measureWorkOrder] [line:709]INFO:等待页面刷新···
[2016-04-06 11:46:19] test_Measure_WorkOrder.py [Test Case:to_measureWorkOrder] [line:711]INFO:刷新完成！！！
[2016-04-06 11:46:24] test_Device.py [Test Case:to_Device] [line:55]INFO:等待页面刷新···
[2016-04-06 11:46:24] test_ColorGroup.py [Test Case:to_ColorGroup] [line:52]INFO:等待页面刷新···
[2016-04-06 11:46:25] test_Measure_WorkOrder.py [Test Case:test_0add_WorkOrder] [line:162]INFO:等待页面刷新···
[2016-04-06 11:46:25] test_Measure_WorkOrder.py [Test Case:test_0add_WorkOrder] [line:164]INFO:刷新完成！！！
[2016-04-06 11:46:26] test_ColorGroup.py [Test Case:to_ColorGroup] [line:55]INFO:刷新完成！！！
[2016-04-06 11:46:27] test_Device.py [Test Case:to_Device] [line:58]INFO:刷新完成！！！
[2016-04-06 11:46:27] test_OfflinePromotion.py [Test Case:to_OfflinePromotion] [line:54]INFO:等待页面刷新···
[2016-04-06 11:46:29] test_OfflinePromotion.py [Test Case:to_OfflinePromotion] [line:56]INFO:刷新完成！！！
[2016-04-06 11:46:33] test_ColorGroup.py [Test Case:clickButton] [line:101]INFO:删除成功
[2016-04-06 11:46:33] test_ColorGroup.py [Test Case:tearDown] [line:313]INFO:该条用例执行完毕！！！
[2016-04-06 11:46:34] test_Device.py [Test Case:tearDown] [line:413]INFO:该条用例执行完毕！！！
[2016-04-06 11:46:42] test_Device.py [Test Case:test_2search_byDeviceCode] [line:260]INFO:开始执行用例...
[2016-04-06 11:46:44] test_Measure_WorkOrder.py [Test Case:tearDown] [line:718]INFO:该条用例执行完毕！！！
[2016-04-06 11:46:49] test_ColorSetting.py [Test Case:to_ColorSetting] [line:55]INFO:等待页面刷新···
[2016-04-06 11:46:49] test_Device.py [Test Case:to_Device] [line:55]INFO:等待页面刷新···
[2016-04-06 11:46:50] test_ColorSetting.py [Test Case:to_ColorSetting] [line:58]INFO:刷新完成！！！
[2016-04-06 11:46:51] test_Device.py [Test Case:to_Device] [line:58]INFO:刷新完成！！！
[2016-04-06 11:46:52] test_Measure_WorkOrder.py [Test Case:test_1look_WorkOrder] [line:279]INFO:开始执行测试...
[2016-04-06 11:46:55] test_ColorSetting.py [Test Case:tearDown] [line:414]INFO:该条用例执行完毕！！！
[2016-04-06 11:46:57] test_Measure_WorkOrder.py [Test Case:to_measureWorkOrder] [line:709]INFO:等待页面刷新···
[2016-04-06 11:46:59] test_Device.py [Test Case:tearDown] [line:413]INFO:该条用例执行完毕！！！
[2016-04-06 11:47:02] test_Measure_WorkOrder.py [Test Case:to_measureWorkOrder] [line:711]INFO:刷新完成！！！
[2016-04-06 11:47:06] test_OfflinePromotion.py [Test Case:tearDown] [line:1107]INFO:该条用例执行执行完毕！！！
[2016-04-06 11:47:07] test_ColorSetting.py [Test Case:to_ColorSetting] [line:55]INFO:等待页面刷新···
[2016-04-06 11:47:09] test_ColorSetting.py [Test Case:to_ColorSetting] [line:58]INFO:刷新完成！！！
[2016-04-06 11:47:10] test_ColorSetting.py [Test Case:test_1search_ByColorCode] [line:213]INFO:等待页面刷新···
[2016-04-06 11:47:10] test_ColorSetting.py [Test Case:test_1search_ByColorCode] [line:216]INFO:刷新完成！！！
[2016-04-06 11:47:10] test_Measure_WorkOrder.py [Test Case:tearDown] [line:718]INFO:该条用例执行完毕！！！
[2016-04-06 11:47:13] test_Device.py [Test Case:to_Device] [line:55]INFO:等待页面刷新···
[2016-04-06 11:47:15] test_Device.py [Test Case:to_Device] [line:58]INFO:刷新完成！！！
[2016-04-06 11:47:19] test_ColorSetting.py [Test Case:tearDown] [line:414]INFO:该条用例执行完毕！！！
[2016-04-06 11:47:20] test_Measure_WorkOrder.py [Test Case:test_2search_ByWorkOrder] [line:327]INFO:开始执行测试...
[2016-04-06 11:47:21] test_Device.py [Test Case:tearDown] [line:413]INFO:该条用例执行完毕！！！
[2016-04-06 11:47:23] test_OfflinePromotion.py [Test Case:to_OfflinePromotion] [line:54]INFO:等待页面刷新···
[2016-04-06 11:47:25] test_OfflinePromotion.py [Test Case:to_OfflinePromotion] [line:56]INFO:刷新完成！！！
[2016-04-06 11:47:25] test_Measure_WorkOrder.py [Test Case:to_measureWorkOrder] [line:709]INFO:等待页面刷新···
[2016-04-06 11:47:30] test_Measure_WorkOrder.py [Test Case:to_measureWorkOrder] [line:711]INFO:刷新完成！！！
[2016-04-06 11:47:31] test_Device.py [Test Case:test_4search_byDeviceType] [line:300]INFO:开始执行用例...
[2016-04-06 11:47:37] test_ColorSetting.py [Test Case:to_ColorSetting] [line:55]INFO:等待页面刷新···
[2016-04-06 11:47:38] test_Device.py [Test Case:to_Device] [line:55]INFO:等待页面刷新···
[2016-04-06 11:47:38] test_ColorSetting.py [Test Case:to_ColorSetting] [line:58]INFO:刷新完成！！！
[2016-04-06 11:47:39] test_Measure_WorkOrder.py [Test Case:tearDown] [line:718]INFO:该条用例执行完毕！！！
[2016-04-06 11:47:40] test_Device.py [Test Case:to_Device] [line:58]INFO:刷新完成！！！
[2016-04-06 11:47:41] test_ColorSetting.py [Test Case:tearDown] [line:414]INFO:该条用例执行完毕！！！
[2016-04-06 11:47:45] test_Measure_WorkOrder.py [Test Case:test_3search_ByAppointmentTime] [line:341]INFO:开始执行测试...
[2016-04-06 11:47:50] test_Measure_WorkOrder.py [Test Case:to_measureWorkOrder] [line:709]INFO:等待页面刷新···
[2016-04-06 11:47:55] test_ColorSetting.py [Test Case:to_ColorSetting] [line:55]INFO:等待页面刷新···
[2016-04-06 11:47:55] test_Measure_WorkOrder.py [Test Case:to_measureWorkOrder] [line:711]INFO:刷新完成！！！
[2016-04-06 11:47:55] test_ColorSetting.py [Test Case:to_ColorSetting] [line:58]INFO:刷新完成！！！
[2016-04-06 11:47:56] test_Device.py [Test Case:tearDown] [line:413]INFO:该条用例执行完毕！！！
[2016-04-06 11:47:59] test_ColorSetting.py [Test Case:tearDown] [line:414]INFO:该条用例执行完毕！！！
[2016-04-06 11:48:02] test_OfflinePromotion.py [Test Case:tearDown] [line:1107]INFO:该条用例执行执行完毕！！！
[2016-04-06 11:48:02] test_Device.py [Test Case:test_5search_byOrgType] [line:325]INFO:开始执行用例...
[2016-04-06 11:48:06] test_Measure_WorkOrder.py [Test Case:tearDown] [line:718]INFO:该条用例执行完毕！！！
[2016-04-06 11:48:08] test_Device.py [Test Case:to_Device] [line:55]INFO:等待页面刷新···
[2016-04-06 11:48:10] test_Device.py [Test Case:to_Device] [line:58]INFO:刷新完成！！！
[2016-04-06 11:48:15] test_ColorSetting.py [Test Case:to_ColorSetting] [line:55]INFO:等待页面刷新···
[2016-04-06 11:48:16] test_Device.py [Test Case:tearDown] [line:413]INFO:该条用例执行完毕！！！
[2016-04-06 11:48:16] test_Measure_WorkOrder.py [Test Case:test_4search_By_AppointmentStore] [line:399]INFO:开始执行测试
[2016-04-06 11:48:17] test_ColorSetting.py [Test Case:to_ColorSetting] [line:58]INFO:刷新完成！！！
[2016-04-06 11:48:20] test_OfflinePromotion.py [Test Case:to_OfflinePromotion] [line:54]INFO:等待页面刷新···
[2016-04-06 11:48:21] test_OfflinePromotion.py [Test Case:to_OfflinePromotion] [line:56]INFO:刷新完成！！！
[2016-04-06 11:48:22] test_Measure_WorkOrder.py [Test Case:to_measureWorkOrder] [line:709]INFO:等待页面刷新···
[2016-04-06 11:48:25] test_Device.py [Test Case:test_6modify_Device] [line:348]INFO:开始执行用例...
[2016-04-06 11:48:29] test_Measure_WorkOrder.py [Test Case:to_measureWorkOrder] [line:711]INFO:刷新完成！！！
[2016-04-06 11:48:29] test_ColorSetting.py [Test Case:tearDown] [line:414]INFO:该条用例执行完毕！！！
[2016-04-06 11:48:30] test_Device.py [Test Case:to_Device] [line:55]INFO:等待页面刷新···
[2016-04-06 11:48:32] test_Device.py [Test Case:to_Device] [line:58]INFO:刷新完成！！！
[2016-04-06 11:48:39] test_Measure_WorkOrder.py [Test Case:tearDown] [line:718]INFO:该条用例执行完毕！！！
[2016-04-06 11:48:41] test_ColorSetting.py [Test Case:to_ColorSetting] [line:55]INFO:等待页面刷新···
[2016-04-06 11:48:42] test_ColorSetting.py [Test Case:to_ColorSetting] [line:58]INFO:刷新完成！！！
[2016-04-06 11:48:44] test_Device.py [Test Case:clickButton] [line:120]INFO:保存成功！
[2016-04-06 11:48:46] test_Measure_WorkOrder.py [Test Case:test_5search_ByMeasureWay] [line:428]INFO:开始执行测试...
[2016-04-06 11:48:49] test_ColorSetting.py [Test Case:tearDown] [line:414]INFO:该条用例执行完毕！！！
[2016-04-06 11:48:50] test_Measure_WorkOrder.py [Test Case:to_measureWorkOrder] [line:709]INFO:等待页面刷新···
[2016-04-06 11:48:52] test_Device.py [Test Case:tearDown] [line:413]INFO:该条用例执行完毕！！！
[2016-04-06 11:48:54] test_Measure_WorkOrder.py [Test Case:to_measureWorkOrder] [line:711]INFO:刷新完成！！！
[2016-04-06 11:48:56] test_CommodityFile.py [Test Case:test_0add_File] [line:150]INFO:开始执行用例...
[2016-04-06 11:48:58] test_OfflinePromotion.py [Test Case:tearDown] [line:1107]INFO:该条用例执行执行完毕！！！
[2016-04-06 11:49:00] test_Device.py [Test Case:test_7delete_Device] [line:390]INFO:开始执行用例...
[2016-04-06 11:49:01] test_CommodityFile.py [Test Case:to_CommodityFile] [line:50]INFO:等待页面刷新···
[2016-04-06 11:49:04] test_CommodityFile.py [Test Case:to_CommodityFile] [line:52]INFO:刷新完成！！！
[2016-04-06 11:49:04] test_Measure_WorkOrder.py [Test Case:tearDown] [line:718]INFO:该条用例执行完毕！！！
[2016-04-06 11:49:07] test_Device.py [Test Case:to_Device] [line:55]INFO:等待页面刷新···
[2016-04-06 11:49:10] test_Device.py [Test Case:to_Device] [line:58]INFO:刷新完成！！！
[2016-04-06 11:49:16] test_Measure_WorkOrder.py [Test Case:test_6search_ByMeasureMaster] [line:456]INFO:开始执行测试...
[2016-04-06 11:49:16] test_OfflinePromotion.py [Test Case:to_OfflinePromotion] [line:54]INFO:等待页面刷新···
[2016-04-06 11:49:17] test_CommodityFile.py [Test Case:tearDown] [line:428]INFO:该条用例执行完毕！！！
[2016-04-06 11:49:18] test_OfflinePromotion.py [Test Case:to_OfflinePromotion] [line:56]INFO:刷新完成！！！
[2016-04-06 11:49:21] test_Device.py [Test Case:clickButton] [line:95]INFO:删除成功
[2016-04-06 11:49:21] test_Device.py [Test Case:tearDown] [line:413]INFO:该条用例执行完毕！！！
[2016-04-06 11:49:22] test_Measure_WorkOrder.py [Test Case:to_measureWorkOrder] [line:709]INFO:等待页面刷新···
[2016-04-06 11:49:25] test_CommodityFile.py [Test Case:test_1search_ByCode] [line:222]INFO:开始执行用例...
[2016-04-06 11:49:27] test_Measure_WorkOrder.py [Test Case:to_measureWorkOrder] [line:711]INFO:刷新完成！！！
[2016-04-06 11:49:30] test_EmployeeInfo.py [Test Case:test_01add_Employee] [line:220]INFO:开始执行测试...
[2016-04-06 11:49:31] test_CommodityFile.py [Test Case:to_CommodityFile] [line:50]INFO:等待页面刷新···
[2016-04-06 11:49:34] test_CommodityFile.py [Test Case:to_CommodityFile] [line:52]INFO:刷新完成！！！
[2016-04-06 11:49:36] test_EmployeeInfo.py [Test Case:to_EmployeeInformation] [line:67]INFO:等待页面刷新···
[2016-04-06 11:49:37] test_EmployeeInfo.py [Test Case:to_EmployeeInformation] [line:70]INFO:刷新完成！！！
[2016-04-06 11:49:37] test_CommodityFile.py [Test Case:searchbycode] [line:215]INFO:等待页面刷新···
[2016-04-06 11:49:37] test_CommodityFile.py [Test Case:searchbycode] [line:217]INFO:刷新完成！！！
[2016-04-06 11:49:37] test_CommodityFile.py [Test Case:tearDown] [line:428]INFO:该条用例执行完毕！！！
[2016-04-06 11:49:37] test_Measure_WorkOrder.py [Test Case:tearDown] [line:718]INFO:该条用例执行完毕！！！
[2016-04-06 11:49:45] test_CommodityFile.py [Test Case:test_2search_ByName] [line:248]INFO:开始执行用例...
[2016-04-06 11:49:47] test_Measure_WorkOrder.py [Test Case:test_7search_ByMeasureState] [line:486]INFO:开始执行测试...
[2016-04-06 11:49:51] test_CommodityFile.py [Test Case:to_CommodityFile] [line:50]INFO:等待页面刷新···
[2016-04-06 11:49:51] test_Measure_WorkOrder.py [Test Case:to_measureWorkOrder] [line:709]INFO:等待页面刷新···
[2016-04-06 11:49:53] test_CommodityFile.py [Test Case:to_CommodityFile] [line:52]INFO:刷新完成！！！
[2016-04-06 11:49:54] test_EmployeeInfo.py [Test Case:clickButton] [line:156]INFO:保存成功！
[2016-04-06 11:49:55] test_OfflinePromotion.py [Test Case:tearDown] [line:1107]INFO:该条用例执行执行完毕！！！
[2016-04-06 11:49:56] test_CommodityFile.py [Test Case:test_2search_ByName] [line:264]INFO:等待页面刷新···
[2016-04-06 11:49:56] test_CommodityFile.py [Test Case:test_2search_ByName] [line:266]INFO:刷新完成！！！
[2016-04-06 11:49:57] test_Measure_WorkOrder.py [Test Case:to_measureWorkOrder] [line:711]INFO:刷新完成！！！
[2016-04-06 11:49:57] test_CommodityFile.py [Test Case:tearDown] [line:428]INFO:该条用例执行完毕！！！
[2016-04-06 11:50:05] test_Measure_WorkOrder.py [Test Case:tearDown] [line:718]INFO:该条用例执行完毕！！！
[2016-04-06 11:50:09] test_CommodityFile.py [Test Case:test_3search_BySort] [line:278]INFO:开始执行用例...
[2016-04-06 11:50:10] test_EmployeeInfo.py [Test Case:tearDown] [line:798]INFO:该条用例执行完毕！！！
[2016-04-06 11:50:12] test_OfflinePromotion.py [Test Case:to_OfflinePromotion] [line:54]INFO:等待页面刷新···
[2016-04-06 11:50:14] test_OfflinePromotion.py [Test Case:to_OfflinePromotion] [line:56]INFO:刷新完成！！！
[2016-04-06 11:50:15] test_Measure_WorkOrder.py [Test Case:test_8search_ByDressPerson] [line:511]INFO:开始执行测试...
[2016-04-06 11:50:16] test_CommodityFile.py [Test Case:to_CommodityFile] [line:50]INFO:等待页面刷新···
[2016-04-06 11:50:19] test_CommodityFile.py [Test Case:to_CommodityFile] [line:52]INFO:刷新完成！！！
[2016-04-06 11:50:21] test_EmployeeInfo.py [Test Case:test_02add_EmployeeCopy] [line:335]INFO:开始执行测试...
[2016-04-06 11:50:22] test_Measure_WorkOrder.py [Test Case:to_measureWorkOrder] [line:709]INFO:等待页面刷新···
[2016-04-06 11:50:25] test_CommodityFile.py [Test Case:test_3search_BySort] [line:295]INFO:等待页面刷新···
[2016-04-06 11:50:25] test_CommodityFile.py [Test Case:test_3search_BySort] [line:297]INFO:刷新完成！！！
[2016-04-06 11:50:26] test_CommodityFile.py [Test Case:tearDown] [line:428]INFO:该条用例执行完毕！！！
[2016-04-06 11:50:28] test_EmployeeInfo.py [Test Case:to_EmployeeInformation] [line:67]INFO:等待页面刷新···
[2016-04-06 11:50:28] test_Measure_WorkOrder.py [Test Case:to_measureWorkOrder] [line:711]INFO:刷新完成！！！
[2016-04-06 11:50:29] test_EmployeeInfo.py [Test Case:to_EmployeeInformation] [line:70]INFO:刷新完成！！！
[2016-04-06 11:50:32] test_CommodityFile.py [Test Case:test_4view_Com] [line:311]INFO:开始执行用例...
[2016-04-06 11:50:36] test_Measure_WorkOrder.py [Test Case:tearDown] [line:718]INFO:该条用例执行完毕！！！
[2016-04-06 11:50:39] test_CommodityFile.py [Test Case:to_CommodityFile] [line:50]INFO:等待页面刷新···
[2016-04-06 11:50:41] test_CommodityFile.py [Test Case:to_CommodityFile] [line:52]INFO:刷新完成！！！
[2016-04-06 11:50:43] test_CommodityFile.py [Test Case:test_4view_Com] [line:327]INFO:等待页面刷新···
[2016-04-06 11:50:43] test_CommodityFile.py [Test Case:test_4view_Com] [line:329]INFO:刷新完成！！！
[2016-04-06 11:50:45] test_Measure_WorkOrder.py [Test Case:test_9search_ByPhone] [line:544]INFO:开始执行测试...
[2016-04-06 11:50:46] test_CommodityFile.py [Test Case:tearDown] [line:428]INFO:该条用例执行完毕！！！
[2016-04-06 11:50:49] test_Measure_WorkOrder.py [Test Case:to_measureWorkOrder] [line:709]INFO:等待页面刷新···
[2016-04-06 11:50:51] test_EmployeeInfo.py [Test Case:searchbycode] [line:411]INFO:开始执行测试...
[2016-04-06 11:50:52] test_OfflinePromotion.py [Test Case:tearDown] [line:1107]INFO:该条用例执行执行完毕！！！
[2016-04-06 11:50:54] test_CommodityFile.py [Test Case:test_5modify_Com] [line:347]INFO:开始执行用例...
[2016-04-06 11:50:56] test_Measure_WorkOrder.py [Test Case:to_measureWorkOrder] [line:711]INFO:刷新完成！！！
[2016-04-06 11:50:58] test_CommodityFile.py [Test Case:to_CommodityFile] [line:50]INFO:等待页面刷新···
[2016-04-06 11:51:00] test_EmployeeInfo.py [Test Case:clickButton] [line:133]INFO:删除成功
[2016-04-06 11:51:00] test_EmployeeInfo.py [Test Case:tearDown] [line:798]INFO:该条用例执行完毕！！！
[2016-04-06 11:51:04] test_CommodityFile.py [Test Case:to_CommodityFile] [line:52]INFO:刷新完成！！！
[2016-04-06 11:51:07] test_CommodityFile.py [Test Case:searchbycode] [line:215]INFO:等待页面刷新···
[2016-04-06 11:51:07] test_CommodityFile.py [Test Case:searchbycode] [line:217]INFO:刷新完成！！！
[2016-04-06 11:51:07] test_EmployeeInfo.py [Test Case:test_1search_ByEmployeeCode] [line:430]INFO:开始执行测试...
[2016-04-06 11:51:08] test_OfflinePromotion.py [Test Case:to_OfflinePromotion] [line:54]INFO:等待页面刷新···
[2016-04-06 11:51:09] test_Measure_WorkOrder.py [Test Case:tearDown] [line:718]INFO:该条用例执行完毕！！！
[2016-04-06 11:51:09] test_OfflinePromotion.py [Test Case:to_OfflinePromotion] [line:56]INFO:刷新完成！！！
[2016-04-06 11:51:13] test_EmployeeInfo.py [Test Case:to_EmployeeInformation] [line:67]INFO:等待页面刷新···
[2016-04-06 11:51:14] test_EmployeeInfo.py [Test Case:to_EmployeeInformation] [line:70]INFO:刷新完成！！！
[2016-04-06 11:51:14] test_CommodityFile.py [Test Case:searchbycode] [line:215]INFO:等待页面刷新···
[2016-04-06 11:51:14] test_CommodityFile.py [Test Case:searchbycode] [line:217]INFO:刷新完成！！！
[2016-04-06 11:51:15] test_CommodityFile.py [Test Case:tearDown] [line:428]INFO:该条用例执行完毕！！！
[2016-04-06 11:51:15] test_EmployeeInfo.py [Test Case:searchbycode] [line:411]INFO:开始执行测试...
[2016-04-06 11:51:17] test_Measure_WorkOrder.py [Test Case:test_amodify_WorkOrder] [line:575]INFO:开始执行测试...
[2016-04-06 11:51:21] test_EmployeeInfo.py [Test Case:tearDown] [line:798]INFO:该条用例执行完毕！！！
[2016-04-06 11:51:23] test_Measure_WorkOrder.py [Test Case:to_measureWorkOrder] [line:709]INFO:等待页面刷新···
[2016-04-06 11:51:23] test_CommodityFile.py [Test Case:test_6modify_ComStatus] [line:387]INFO:开始执行用例...
[2016-04-06 11:51:28] test_Measure_WorkOrder.py [Test Case:to_measureWorkOrder] [line:711]INFO:刷新完成！！！
[2016-04-06 11:51:29] test_EmployeeInfo.py [Test Case:test_2search_ByEmployeeName] [line:443]INFO:开始执行测试...
[2016-04-06 11:51:29] test_CommodityFile.py [Test Case:to_CommodityFile] [line:50]INFO:等待页面刷新···
[2016-04-06 11:51:31] test_CommodityFile.py [Test Case:to_CommodityFile] [line:52]INFO:刷新完成！！！
[2016-04-06 11:51:34] test_CommodityFile.py [Test Case:searchbycode] [line:215]INFO:等待页面刷新···
[2016-04-06 11:51:34] test_CommodityFile.py [Test Case:searchbycode] [line:217]INFO:刷新完成！！！
[2016-04-06 11:51:34] test_EmployeeInfo.py [Test Case:to_EmployeeInformation] [line:67]INFO:等待页面刷新···
[2016-04-06 11:51:35] test_EmployeeInfo.py [Test Case:to_EmployeeInformation] [line:70]INFO:刷新完成！！！
[2016-04-06 11:51:39] test_CommodityFile.py [Test Case:tearDown] [line:428]INFO:该条用例执行完毕！！！
[2016-04-06 11:51:41] test_EmployeeInfo.py [Test Case:tearDown] [line:798]INFO:该条用例执行完毕！！！
[2016-04-06 11:51:44] test_Measure_WorkOrder.py [Test Case:tearDown] [line:718]INFO:该条用例执行完毕！！！
[2016-04-06 11:51:46] test_CommoditySort.py [Test Case:test_0add_Sort] [line:130]INFO:开始执行用例...
[2016-04-06 11:51:46] test_OfflinePromotion.py [Test Case:tearDown] [line:1107]INFO:该条用例执行执行完毕！！！
[2016-04-06 11:51:49] test_EmployeeInfo.py [Test Case:test_3search_ByPhones] [line:465]INFO:开始执行测试...
[2016-04-06 11:51:53] test_CommoditySort.py [Test Case:to_CommoditySort] [line:54]INFO:等待页面刷新···
[2016-04-06 11:51:54] test_CommoditySort.py [Test Case:to_CommoditySort] [line:56]INFO:刷新完成！！！
[2016-04-06 11:51:55] test_Measure_WorkOrder.py [Test Case:test_bmodify_MeasureState] [line:623]INFO:开始执行测试...
[2016-04-06 11:51:57] test_EmployeeInfo.py [Test Case:to_EmployeeInformation] [line:67]INFO:等待页面刷新···
[2016-04-06 11:52:00] test_CommoditySort.py [Test Case:tearDown] [line:320]INFO:该条用例执行完毕
[2016-04-06 11:52:00] test_EmployeeInfo.py [Test Case:to_EmployeeInformation] [line:70]INFO:刷新完成！！！
[2016-04-06 11:52:02] test_Measure_WorkOrder.py [Test Case:to_measureWorkOrder] [line:709]INFO:等待页面刷新···
[2016-04-06 11:52:03] test_EmployeeInfo.py [Test Case:tearDown] [line:798]INFO:该条用例执行完毕！！！
[2016-04-06 11:52:05] test_OfflinePromotion.py [Test Case:to_OfflinePromotion] [line:54]INFO:等待页面刷新···
[2016-04-06 11:52:07] test_OfflinePromotion.py [Test Case:to_OfflinePromotion] [line:56]INFO:刷新完成！！！
[2016-04-06 11:52:09] test_Measure_WorkOrder.py [Test Case:to_measureWorkOrder] [line:711]INFO:刷新完成！！！
[2016-04-06 11:52:09] test_CommoditySort.py [Test Case:test_1search_BySortCode] [line:184]INFO:开始执行用例...
[2016-04-06 11:52:13] test_EmployeeInfo.py [Test Case:test_4search_ByEmployeePosition] [line:485]INFO:开始执行测试...
[2016-04-06 11:52:16] test_CommoditySort.py [Test Case:to_CommoditySort] [line:54]INFO:等待页面刷新···
[2016-04-06 11:52:17] test_CommoditySort.py [Test Case:to_CommoditySort] [line:56]INFO:刷新完成！！！
[2016-04-06 11:52:18] test_EmployeeInfo.py [Test Case:to_EmployeeInformation] [line:67]INFO:等待页面刷新···
[2016-04-06 11:52:19] test_EmployeeInfo.py [Test Case:to_EmployeeInformation] [line:70]INFO:刷新完成！！！
[2016-04-06 11:52:21] test_CommoditySort.py [Test Case:searchbycode] [line:172]INFO:等待页面刷新···
[2016-04-06 11:52:21] test_CommoditySort.py [Test Case:searchbycode] [line:174]INFO:刷新完成！！！
[2016-04-06 11:52:21] test_Measure_WorkOrder.py [Test Case:tearDown] [line:718]INFO:该条用例执行完毕！！！
[2016-04-06 11:52:21] test_CommoditySort.py [Test Case:tearDown] [line:320]INFO:该条用例执行完毕
[2016-04-06 11:52:27] test_EmployeeInfo.py [Test Case:tearDown] [line:798]INFO:该条用例执行完毕！！！
[2016-04-06 11:52:28] test_Measure_WorkOrder.py [Test Case:test_cdelete_WorkOrder] [line:671]INFO:开始执行测试...
[2016-04-06 11:52:29] test_CommoditySort.py [Test Case:test_2search_BySortName] [line:199]INFO:开始执行用例...
[2016-04-06 11:52:34] test_Measure_WorkOrder.py [Test Case:to_measureWorkOrder] [line:709]INFO:等待页面刷新···
[2016-04-06 11:52:36] test_CommoditySort.py [Test Case:to_CommoditySort] [line:54]INFO:等待页面刷新···
[2016-04-06 11:52:37] test_EmployeeInfo.py [Test Case:test_5modify_EmployeeInfo] [line:517]INFO:开始执行测试...
[2016-04-06 11:52:38] test_CommoditySort.py [Test Case:to_CommoditySort] [line:56]INFO:刷新完成！！！
[2016-04-06 11:52:39] test_Measure_WorkOrder.py [Test Case:to_measureWorkOrder] [line:711]INFO:刷新完成！！！
[2016-04-06 11:52:42] test_EmployeeInfo.py [Test Case:to_EmployeeInformation] [line:67]INFO:等待页面刷新···
[2016-04-06 11:52:43] test_EmployeeInfo.py [Test Case:to_EmployeeInformation] [line:70]INFO:刷新完成！！！
[2016-04-06 11:52:43] test_CommoditySort.py [Test Case:test_2search_BySortName] [line:218]INFO:等待页面刷新···
[2016-04-06 11:52:43] test_CommoditySort.py [Test Case:test_2search_BySortName] [line:220]INFO:刷新完成！！！
[2016-04-06 11:52:44] test_CommoditySort.py [Test Case:tearDown] [line:320]INFO:该条用例执行完毕
[2016-04-06 11:52:44] test_EmployeeInfo.py [Test Case:searchbycode] [line:411]INFO:开始执行测试...
[2016-04-06 11:52:44] test_OfflinePromotion.py [Test Case:tearDown] [line:1107]INFO:该条用例执行执行完毕！！！
[2016-04-06 11:52:50] test_Measure_WorkOrder.py [Test Case:clickButton] [line:102]INFO:删除成功
[2016-04-06 11:52:50] test_Measure_WorkOrder.py [Test Case:tearDown] [line:718]INFO:该条用例执行完毕！！！
[2016-04-06 11:52:52] test_CommoditySort.py [Test Case:test_3search_BySortInfo] [line:231]INFO:开始执行用例...
[2016-04-06 11:52:58] test_EmployeeInfo.py [Test Case:clickButton] [line:156]INFO:保存成功！
[2016-04-06 11:52:58] test_EmployeeInfo.py [Test Case:searchbycode] [line:411]INFO:开始执行测试...
[2016-04-06 11:53:00] test_CommoditySort.py [Test Case:to_CommoditySort] [line:54]INFO:等待页面刷新···
[2016-04-06 11:53:02] test_OfflinePromotion.py [Test Case:to_OfflinePromotion] [line:54]INFO:等待页面刷新···
[2016-04-06 11:53:03] test_CommoditySort.py [Test Case:to_CommoditySort] [line:56]INFO:刷新完成！！！
[2016-04-06 11:53:03] test_OfflinePromotion.py [Test Case:to_OfflinePromotion] [line:56]INFO:刷新完成！！！
[2016-04-06 11:53:04] test_EmployeeInfo.py [Test Case:test_5modify_EmployeeInfo] [line:549]INFO:等待页面刷新···
[2016-04-06 11:53:04] test_EmployeeInfo.py [Test Case:test_5modify_EmployeeInfo] [line:552]INFO:刷新完成！！！
[2016-04-06 11:53:05] test_EmployeeInfo.py [Test Case:tearDown] [line:798]INFO:该条用例执行完毕！！！
[2016-04-06 11:53:07] test_CommoditySort.py [Test Case:test_3search_BySortInfo] [line:246]INFO:等待页面刷新···
[2016-04-06 11:53:07] test_MemberInformation.py [Test Case:to_member] [line:361]INFO:等待页面刷新···
[2016-04-06 11:53:07] test_CommoditySort.py [Test Case:test_3search_BySortInfo] [line:248]INFO:刷新完成！！！
[2016-04-06 11:53:08] test_MemberInformation.py [Test Case:to_member] [line:363]INFO:刷新完成！！！
[2016-04-06 11:53:08] test_CommoditySort.py [Test Case:tearDown] [line:320]INFO:该条用例执行完毕
[2016-04-06 11:53:13] test_EmployeeInfo.py [Test Case:test_6modify_LoginPasswdReset] [line:561]INFO:开始执行测试...
[2016-04-06 11:53:15] test_CommoditySort.py [Test Case:test_4modify_Sort] [line:260]INFO:开始执行用例...
[2016-04-06 11:53:21] test_CommoditySort.py [Test Case:to_CommoditySort] [line:54]INFO:等待页面刷新···
[2016-04-06 11:53:21] test_EmployeeInfo.py [Test Case:to_EmployeeInformation] [line:67]INFO:等待页面刷新···
[2016-04-06 11:53:23] test_CommoditySort.py [Test Case:to_CommoditySort] [line:56]INFO:刷新完成！！！
[2016-04-06 11:53:23] test_EmployeeInfo.py [Test Case:to_EmployeeInformation] [line:70]INFO:刷新完成！！！
[2016-04-06 11:53:27] test_CommoditySort.py [Test Case:searchbycode] [line:172]INFO:等待页面刷新···
[2016-04-06 11:53:27] test_CommoditySort.py [Test Case:searchbycode] [line:174]INFO:刷新完成！！！
[2016-04-06 11:53:31] test_MemberInformation.py [Test Case:clickButton] [line:115]INFO:保存成功！
[2016-04-06 11:53:31] test_MemberInformation.py [Test Case:tearDown] [line:367]INFO:该条用例执行完毕！！！
[2016-04-06 11:53:35] test_CommoditySort.py [Test Case:searchbycode] [line:172]INFO:等待页面刷新···
[2016-04-06 11:53:35] test_CommoditySort.py [Test Case:searchbycode] [line:174]INFO:刷新完成！！！
[2016-04-06 11:53:35] test_CommoditySort.py [Test Case:tearDown] [line:320]INFO:该条用例执行完毕
[2016-04-06 11:53:39] test_EmployeeInfo.py [Test Case:tearDown] [line:798]INFO:该条用例执行完毕！！！
[2016-04-06 11:53:40] test_OfflinePromotion.py [Test Case:tearDown] [line:1107]INFO:该条用例执行执行完毕！！！
[2016-04-06 11:53:44] test_CommoditySort.py [Test Case:test_5delete_Sort] [line:299]INFO:开始执行用例...
[2016-04-06 11:53:47] test_MemberInformation.py [Test Case:to_member] [line:361]INFO:等待页面刷新···
[2016-04-06 11:53:47] test_MemberInformation.py [Test Case:to_member] [line:363]INFO:刷新完成！！！
[2016-04-06 11:53:49] test_EmployeeInfo.py [Test Case:test_7modify_RoleAssignment] [line:595]INFO:开始执行测试...
[2016-04-06 11:53:52] test_CommoditySort.py [Test Case:to_CommoditySort] [line:54]INFO:等待页面刷新···
[2016-04-06 11:53:54] test_MemberInformation.py [Test Case:tearDown] [line:367]INFO:该条用例执行完毕！！！
[2016-04-06 11:53:55] test_CommoditySort.py [Test Case:to_CommoditySort] [line:56]INFO:刷新完成！！！
[2016-04-06 11:53:58] test_EmployeeInfo.py [Test Case:to_EmployeeInformation] [line:67]INFO:等待页面刷新···
[2016-04-06 11:53:59] test_EmployeeInfo.py [Test Case:to_EmployeeInformation] [line:70]INFO:刷新完成！！！
[2016-04-06 11:54:00] test_CommoditySort.py [Test Case:searchbycode] [line:172]INFO:等待页面刷新···
[2016-04-06 11:54:00] test_CommoditySort.py [Test Case:searchbycode] [line:174]INFO:刷新完成！！！
[2016-04-06 11:54:00] test_OfflinePromotion.py [Test Case:to_OfflinePromotion] [line:54]INFO:等待页面刷新···
[2016-04-06 11:54:01] test_EmployeeInfo.py [Test Case:searchbycode] [line:411]INFO:开始执行测试...
[2016-04-06 11:54:02] test_OfflinePromotion.py [Test Case:to_OfflinePromotion] [line:56]INFO:刷新完成！！！
[2016-04-06 11:54:03] test_CommoditySort.py [Test Case:tearDown] [line:320]INFO:该条用例执行完毕
[2016-04-06 11:54:08] test_MemberInformation.py [Test Case:to_member] [line:361]INFO:等待页面刷新···
[2016-04-06 11:54:08] test_MemberInformation.py [Test Case:to_member] [line:363]INFO:刷新完成！！！
[2016-04-06 11:54:09] test_EmployeeInfo.py [Test Case:test_7modify_RoleAssignment] [line:628]INFO:等待页面刷新···
[2016-04-06 11:54:09] test_EmployeeInfo.py [Test Case:test_7modify_RoleAssignment] [line:631]INFO:刷新完成！！！
[2016-04-06 11:54:13] test_MemberInformation.py [Test Case:tearDown] [line:367]INFO:该条用例执行完毕！！！
[2016-04-06 11:54:16] test_MeasureItem.py [Test Case:to_MeasureItem] [line:54]INFO:等待页面刷新···
[2016-04-06 11:54:17] test_MeasureItem.py [Test Case:to_MeasureItem] [line:57]INFO:刷新完成！！！
[2016-04-06 11:54:20] test_EmployeeInfo.py [Test Case:test_7modify_RoleAssignment] [line:678]INFO:保存成功！
[2016-04-06 11:54:20] test_EmployeeInfo.py [Test Case:searchbycode] [line:411]INFO:开始执行测试...
[2016-04-06 11:54:22] test_MeasureItem.py [Test Case:clickButton] [line:120]INFO:保存成功！
[2016-04-06 11:54:22] test_MeasureItem.py [Test Case:tearDown] [line:291]INFO:该条用例执行完毕！！！
[2016-04-06 11:54:24] test_MemberInformation.py [Test Case:to_member] [line:361]INFO:等待页面刷新···
[2016-04-06 11:54:24] test_MemberInformation.py [Test Case:to_member] [line:363]INFO:刷新完成！！！
[2016-04-06 11:54:26] test_EmployeeInfo.py [Test Case:tearDown] [line:798]INFO:该条用例执行完毕！！！
[2016-04-06 11:54:30] test_MemberInformation.py [Test Case:clickButton] [line:115]INFO:保存成功！
[2016-04-06 11:54:31] test_MemberInformation.py [Test Case:tearDown] [line:367]INFO:该条用例执行完毕！！！
[2016-04-06 11:54:32] test_MeasureItem.py [Test Case:to_MeasureItem] [line:54]INFO:等待页面刷新···
[2016-04-06 11:54:33] test_MeasureItem.py [Test Case:to_MeasureItem] [line:57]INFO:刷新完成！！！
[2016-04-06 11:54:34] test_EmployeeInfo.py [Test Case:test_8modify_Storedistribution] [line:691]INFO:开始执行测试...
[2016-04-06 11:54:38] test_MeasureItem.py [Test Case:tearDown] [line:291]INFO:该条用例执行完毕！！！
[2016-04-06 11:54:38] test_OfflinePromotion.py [Test Case:tearDown] [line:1107]INFO:该条用例执行执行完毕！！！
[2016-04-06 11:54:40] test_EmployeeInfo.py [Test Case:to_EmployeeInformation] [line:67]INFO:等待页面刷新···
[2016-04-06 11:54:42] test_EmployeeInfo.py [Test Case:to_EmployeeInformation] [line:70]INFO:刷新完成！！！
[2016-04-06 11:54:43] test_EmployeeInfo.py [Test Case:searchbycode] [line:411]INFO:开始执行测试...
[2016-04-06 11:54:44] test_MemberInformation.py [Test Case:to_member] [line:361]INFO:等待页面刷新···
[2016-04-06 11:54:45] test_MemberInformation.py [Test Case:to_member] [line:363]INFO:刷新完成！！！
[2016-04-06 11:54:49] test_OfflinePromotion.py [Test Case:test_lmodify_ApprovalStatus] [line:1079]INFO:开始执行用例...
[2016-04-06 11:54:51] test_MemberInformation.py [Test Case:clickButton] [line:115]INFO:保存成功！
[2016-04-06 11:54:51] test_MemberInformation.py [Test Case:tearDown] [line:367]INFO:该条用例执行完毕！！！
[2016-04-06 11:54:52] test_EmployeeInfo.py [Test Case:test_8modify_Storedistribution] [line:709]INFO:等待页面刷新···
[2016-04-06 11:54:52] test_EmployeeInfo.py [Test Case:test_8modify_Storedistribution] [line:712]INFO:刷新完成！！！
[2016-04-06 11:54:54] test_MeasureItem.py [Test Case:to_MeasureItem] [line:54]INFO:等待页面刷新···
[2016-04-06 11:54:55] test_MeasureItem.py [Test Case:to_MeasureItem] [line:57]INFO:刷新完成！！！
[2016-04-06 11:54:57] test_OfflinePromotion.py [Test Case:to_OfflinePromotion] [line:54]INFO:等待页面刷新···
[2016-04-06 11:54:59] test_MeasureItem.py [Test Case:tearDown] [line:291]INFO:该条用例执行完毕！！！
[2016-04-06 11:54:59] test_OfflinePromotion.py [Test Case:to_OfflinePromotion] [line:56]INFO:刷新完成！！！
[2016-04-06 11:55:06] test_EmployeeInfo.py [Test Case:test_8modify_Storedistribution] [line:763]INFO:保存成功！
[2016-04-06 11:55:07] test_EmployeeInfo.py [Test Case:searchbycode] [line:411]INFO:开始执行测试...
[2016-04-06 11:55:08] test_MemberInformation.py [Test Case:to_member] [line:361]INFO:等待页面刷新···
[2016-04-06 11:55:09] test_MemberInformation.py [Test Case:to_member] [line:363]INFO:刷新完成！！！
[2016-04-06 11:55:13] test_EmployeeInfo.py [Test Case:tearDown] [line:798]INFO:该条用例执行完毕！！！
[2016-04-06 11:55:13] test_MeasureItem.py [Test Case:to_MeasureItem] [line:54]INFO:等待页面刷新···
[2016-04-06 11:55:14] test_MeasureItem.py [Test Case:to_MeasureItem] [line:57]INFO:刷新完成！！！
[2016-04-06 11:55:14] test_MemberInformation.py [Test Case:clickButton] [line:83]INFO:删除成功
[2016-04-06 11:55:14] test_MemberInformation.py [Test Case:tearDown] [line:367]INFO:该条用例执行完毕！！！
[2016-04-06 11:55:17] test_MeasureItem.py [Test Case:tearDown] [line:291]INFO:该条用例执行完毕！！！
[2016-04-06 11:55:18] test_OfflinePromotion.py [Test Case:clickButton] [line:157]INFO:保存成功！
[2016-04-06 11:55:19] test_EmployeeInfo.py [Test Case:test_9adelete_Employee] [line:779]INFO:开始执行测试...
[2016-04-06 11:55:23] test_OfflinePromotion.py [Test Case:test_0add_Promotion] [line:281]INFO:刷新~~~
[2016-04-06 11:55:27] test_EmployeeInfo.py [Test Case:to_EmployeeInformation] [line:67]INFO:等待页面刷新···
[2016-04-06 11:55:28] test_EmployeeInfo.py [Test Case:to_EmployeeInformation] [line:70]INFO:刷新完成！！！
[2016-04-06 11:55:29] test_EmployeeInfo.py [Test Case:searchbycode] [line:411]INFO:开始执行测试...
[2016-04-06 11:55:32] test_MeasureItem.py [Test Case:to_MeasureItem] [line:54]INFO:等待页面刷新···
[2016-04-06 11:55:33] test_MeasureItem.py [Test Case:to_MeasureItem] [line:57]INFO:刷新完成！！！
[2016-04-06 11:55:35] test_OfflinePromotion.py [Test Case:tearDown] [line:1107]INFO:该条用例执行执行完毕！！！
[2016-04-06 11:55:38] test_EmployeeInfo.py [Test Case:clickButton] [line:133]INFO:删除成功
[2016-04-06 11:55:38] test_EmployeeInfo.py [Test Case:tearDown] [line:798]INFO:该条用例执行完毕！！！
[2016-04-06 11:55:39] test_MeasureItem.py [Test Case:clickButton] [line:120]INFO:保存成功！
[2016-04-06 11:55:42] test_MeasureItem.py [Test Case:tearDown] [line:291]INFO:该条用例执行完毕！！！
[2016-04-06 11:55:52] test_Organization.py [Test Case:to_Organization] [line:55]INFO:等待页面刷新···
[2016-04-06 11:55:53] test_OfflinePromotionRelation.py [Test Case:tearDown] [line:253]INFO:该条用例执行完毕！！！
[2016-04-06 11:55:53] test_Organization.py [Test Case:to_Organization] [line:58]INFO:刷新完成！！！
[2016-04-06 11:55:57] test_MeasureItem.py [Test Case:to_MeasureItem] [line:54]INFO:等待页面刷新···
[2016-04-06 11:55:58] test_MeasureItem.py [Test Case:to_MeasureItem] [line:57]INFO:刷新完成！！！
[2016-04-06 11:56:04] test_MeasureItem.py [Test Case:clickButton] [line:98]INFO:删除成功
[2016-04-06 11:56:04] test_MeasureItem.py [Test Case:tearDown] [line:291]INFO:该条用例执行完毕！！！
[2016-04-06 11:56:06] test_Organization.py [Test Case:clickButton] [line:120]INFO:保存成功！
[2016-04-06 11:56:06] test_Organization.py [Test Case:tearDown] [line:347]INFO:该条用例执行完毕！！！
[2016-04-06 11:56:09] test_OfflinePromotionRelation.py [Test Case:tearDown] [line:253]INFO:该条用例执行完毕！！！
[2016-04-06 11:56:19] test_SizeSetting.py [Test Case:to_SizeSetting] [line:54]INFO:等待页面刷新···
[2016-04-06 11:56:20] test_Organization.py [Test Case:to_Organization] [line:55]INFO:等待页面刷新···
[2016-04-06 11:56:20] test_SizeSetting.py [Test Case:to_SizeSetting] [line:57]INFO:刷新完成！！！
[2016-04-06 11:56:21] test_Organization.py [Test Case:to_Organization] [line:58]INFO:刷新完成！！！
[2016-04-06 11:56:25] test_SizeSetting.py [Test Case:tearDown] [line:295]INFO:该条用例执行完毕！！！
[2016-04-06 11:56:28] test_Organization.py [Test Case:tearDown] [line:347]INFO:该条用例执行完毕！！！
[2016-04-06 11:56:30] test_OfflinePromotionRelation.py [Test Case:tearDown] [line:253]INFO:该条用例执行完毕！！！
[2016-04-06 11:56:31] test_SizeSetting.py [Test Case:test_1search_BySizeCode] [line:183]INFO:开始执行用例...
[2016-04-06 11:56:36] test_SizeSetting.py [Test Case:to_SizeSetting] [line:54]INFO:等待页面刷新···
[2016-04-06 11:56:37] test_SizeSetting.py [Test Case:to_SizeSetting] [line:57]INFO:刷新完成！！！
[2016-04-06 11:56:41] test_SizeSetting.py [Test Case:tearDown] [line:295]INFO:该条用例执行完毕！！！
[2016-04-06 11:56:42] test_Organization.py [Test Case:to_Organization] [line:55]INFO:等待页面刷新···
[2016-04-06 11:56:43] test_Organization.py [Test Case:to_Organization] [line:58]INFO:刷新完成！！！
[2016-04-06 11:56:47] test_Organization.py [Test Case:tearDown] [line:347]INFO:该条用例执行完毕！！！
[2016-04-06 11:56:48] test_SizeSetting.py [Test Case:test_2search_BySizeName] [line:198]INFO:开始执行用例...
[2016-04-06 11:56:50] test_OfflinePromotionRelation.py [Test Case:tearDown] [line:253]INFO:该条用例执行完毕！！！
[2016-04-06 11:56:53] test_SizeSetting.py [Test Case:to_SizeSetting] [line:54]INFO:等待页面刷新···
[2016-04-06 11:56:53] test_SizeSetting.py [Test Case:to_SizeSetting] [line:57]INFO:刷新完成！！！
[2016-04-06 11:56:57] test_SizeSetting.py [Test Case:tearDown] [line:295]INFO:该条用例执行完毕！！！
[2016-04-06 11:57:01] test_Organization.py [Test Case:to_Organization] [line:55]INFO:等待页面刷新···
[2016-04-06 11:57:02] test_Organization.py [Test Case:to_Organization] [line:58]INFO:刷新完成！！！
[2016-04-06 11:57:04] test_OnlinePromotion.py [Test Case:to_OnlinePromotion] [line:54]INFO:等待页面刷新···
[2016-04-06 11:57:05] test_SizeSetting.py [Test Case:test_3modify_Size] [line:223]INFO:开始执行用例...
[2016-04-06 11:57:06] test_OnlinePromotion.py [Test Case:to_OnlinePromotion] [line:56]INFO:刷新完成！！！
[2016-04-06 11:57:10] test_SizeSetting.py [Test Case:to_SizeSetting] [line:54]INFO:等待页面刷新···
[2016-04-06 11:57:11] test_SizeSetting.py [Test Case:to_SizeSetting] [line:57]INFO:刷新完成！！！
[2016-04-06 11:57:13] test_Organization.py [Test Case:clickButton] [line:120]INFO:保存成功！
[2016-04-06 11:57:15] test_SizeSetting.py [Test Case:test_3modify_Size] [line:238]INFO:等待页面刷新···
[2016-04-06 11:57:15] test_SizeSetting.py [Test Case:test_3modify_Size] [line:241]INFO:刷新完成！！！
[2016-04-06 11:57:18] test_Organization.py [Test Case:tearDown] [line:347]INFO:该条用例执行完毕！！！
[2016-04-06 11:57:19] test_SizeSetting.py [Test Case:tearDown] [line:295]INFO:该条用例执行完毕！！！
[2016-04-06 11:57:28] test_SizeSetting.py [Test Case:test_4delete_Size] [line:269]INFO:开始执行用例...
[2016-04-06 11:57:28] test_OnlinePromotion.py [Test Case:Delete_And_Add_Assert] [line:80]INFO:保存成功！
[2016-04-06 11:57:30] test_Organization.py [Test Case:to_Organization] [line:55]INFO:等待页面刷新···
[2016-04-06 11:57:32] test_Organization.py [Test Case:to_Organization] [line:58]INFO:刷新完成！！！
[2016-04-06 11:57:33] test_OnlinePromotion.py [Test Case:test_0add_Promotion] [line:273]INFO:刷新~~~
[2016-04-06 11:57:33] test_OnlinePromotion.py [Test Case:tearDown] [line:1189]INFO:该条用例执行执行完毕！！！
[2016-04-06 11:57:34] test_SizeSetting.py [Test Case:to_SizeSetting] [line:54]INFO:等待页面刷新···
[2016-04-06 11:57:35] test_SizeSetting.py [Test Case:to_SizeSetting] [line:57]INFO:刷新完成！！！
[2016-04-06 11:57:39] test_SizeSetting.py [Test Case:test_4delete_Size] [line:280]INFO:等待页面刷新···
[2016-04-06 11:57:39] test_SizeSetting.py [Test Case:test_4delete_Size] [line:282]INFO:刷新完成！！！
[2016-04-06 11:57:41] test_Organization.py [Test Case:clickButton] [line:92]INFO:删除成功
[2016-04-06 11:57:41] test_Organization.py [Test Case:tearDown] [line:347]INFO:该条用例执行完毕！！！
[2016-04-06 11:57:42] test_SizeSetting.py [Test Case:tearDown] [line:295]INFO:该条用例执行完毕！！！
[2016-04-06 11:57:43] test_OnlinePromotion.py [Test Case:to_OnlinePromotion] [line:54]INFO:等待页面刷新···
[2016-04-06 11:57:44] test_OnlinePromotion.py [Test Case:to_OnlinePromotion] [line:56]INFO:刷新完成！！！
[2016-04-06 11:57:49] test_RoleInfo.py [Test Case:test_0add_Role] [line:135]INFO:开始执行用例...
[2016-04-06 11:57:56] test_RoleInfo.py [Test Case:to_RoleInfo] [line:56]INFO:等待页面刷新···
[2016-04-06 11:57:57] test_RoleInfo.py [Test Case:to_RoleInfo] [line:58]INFO:刷新完成！！！
[2016-04-06 11:57:57] test_SKUSet.py [Test Case:to_SKUset] [line:52]INFO:等待页面刷新···
[2016-04-06 11:57:59] test_SKUSet.py [Test Case:to_SKUset] [line:55]INFO:刷新完成！！！
[2016-04-06 11:58:02] test_RoleInfo.py [Test Case:clickButton] [line:120]INFO:保存成功！
[2016-04-06 11:58:03] test_RoleInfo.py [Test Case:tearDown] [line:384]INFO:该条用例执行完毕！！！
[2016-04-06 11:58:04] test_OnlinePromotion.py [Test Case:tearDown] [line:1189]INFO:该条用例执行执行完毕！！！
[2016-04-06 11:58:11] test_SKUSet.py [Test Case:tearDown] [line:305]INFO:该条用例执行完毕！！！
[2016-04-06 11:58:12] test_RoleInfo.py [Test Case:test_1search_ByRoleCode] [line:194]INFO:开始执行用例...
[2016-04-06 11:58:17] test_RoleInfo.py [Test Case:to_RoleInfo] [line:56]INFO:等待页面刷新···
[2016-04-06 11:58:17] test_RoleInfo.py [Test Case:to_RoleInfo] [line:58]INFO:刷新完成！！！
[2016-04-06 11:58:18] test_OnlinePromotion.py [Test Case:to_OnlinePromotion] [line:54]INFO:等待页面刷新···
[2016-04-06 11:58:19] test_OnlinePromotion.py [Test Case:to_OnlinePromotion] [line:56]INFO:刷新完成！！！
[2016-04-06 11:58:24] test_RoleInfo.py [Test Case:test_1search_ByRoleCode] [line:216]INFO:等待页面刷新···
[2016-04-06 11:58:24] test_RoleInfo.py [Test Case:test_1search_ByRoleCode] [line:218]INFO:刷新完成！！！
[2016-04-06 11:58:24] test_RoleInfo.py [Test Case:tearDown] [line:384]INFO:该条用例执行完毕！！！
[2016-04-06 11:58:25] test_SKUSet.py [Test Case:to_SKUset] [line:52]INFO:等待页面刷新···
[2016-04-06 11:58:27] test_SKUSet.py [Test Case:to_SKUset] [line:55]INFO:刷新完成！！！
[2016-04-06 11:58:28] test_OnlinePromotion.py [Test Case:tearDown] [line:1189]INFO:该条用例执行执行完毕！！！
[2016-04-06 11:58:30] test_RoleInfo.py [Test Case:test_2search_ByRoleName] [line:228]INFO:开始执行用例...
[2016-04-06 11:58:32] test_SKUSet.py [Test Case:tearDown] [line:305]INFO:该条用例执行完毕！！！
[2016-04-06 11:58:35] test_RoleInfo.py [Test Case:to_RoleInfo] [line:56]INFO:等待页面刷新···
[2016-04-06 11:58:36] test_RoleInfo.py [Test Case:to_RoleInfo] [line:58]INFO:刷新完成！！！
[2016-04-06 11:58:40] test_RoleInfo.py [Test Case:test_2search_ByRoleName] [line:245]INFO:等待页面刷新···
[2016-04-06 11:58:40] test_RoleInfo.py [Test Case:test_2search_ByRoleName] [line:247]INFO:刷新完成！！！
[2016-04-06 11:58:40] test_RoleInfo.py [Test Case:tearDown] [line:384]INFO:该条用例执行完毕！！！
[2016-04-06 11:58:43] test_OnlinePromotion.py [Test Case:to_OnlinePromotion] [line:54]INFO:等待页面刷新···
[2016-04-06 11:58:45] test_OnlinePromotion.py [Test Case:to_OnlinePromotion] [line:56]INFO:刷新完成！！！
[2016-04-06 11:58:47] test_RoleInfo.py [Test Case:test_3search_ByRoleState] [line:257]INFO:开始执行用例...
[2016-04-06 11:58:47] test_SKUSet.py [Test Case:to_SKUset] [line:52]INFO:等待页面刷新···
[2016-04-06 11:58:49] test_OnlinePromotion.py [Test Case:tearDown] [line:1189]INFO:该条用例执行执行完毕！！！
[2016-04-06 11:58:49] test_SKUSet.py [Test Case:to_SKUset] [line:55]INFO:刷新完成！！！
[2016-04-06 11:58:52] test_RoleInfo.py [Test Case:to_RoleInfo] [line:56]INFO:等待页面刷新···
[2016-04-06 11:58:53] test_RoleInfo.py [Test Case:to_RoleInfo] [line:58]INFO:刷新完成！！！
[2016-04-06 11:58:55] test_SKUSet.py [Test Case:clickButton] [line:130]INFO:保存成功！
[2016-04-06 11:58:55] test_SKUSet.py [Test Case:tearDown] [line:305]INFO:该条用例执行完毕！！！
[2016-04-06 11:58:59] test_OnlinePromotion.py [Test Case:to_OnlinePromotion] [line:54]INFO:等待页面刷新···
[2016-04-06 11:59:00] test_RoleInfo.py [Test Case:tearDown] [line:384]INFO:该条用例执行完毕！！！
[2016-04-06 11:59:01] test_OnlinePromotion.py [Test Case:to_OnlinePromotion] [line:56]INFO:刷新完成！！！
[2016-04-06 11:59:07] test_SKUSet.py [Test Case:to_SKUset] [line:52]INFO:等待页面刷新···
[2016-04-06 11:59:07] test_RoleInfo.py [Test Case:test_4search_byRoleInfo] [line:285]INFO:开始执行用例...
[2016-04-06 11:59:09] test_OnlinePromotion.py [Test Case:tearDown] [line:1189]INFO:该条用例执行执行完毕！！！
[2016-04-06 11:59:09] test_SKUSet.py [Test Case:to_SKUset] [line:55]INFO:刷新完成！！！
[2016-04-06 11:59:13] test_RoleInfo.py [Test Case:to_RoleInfo] [line:56]INFO:等待页面刷新···
[2016-04-06 11:59:14] test_RoleInfo.py [Test Case:to_RoleInfo] [line:58]INFO:刷新完成！！！
[2016-04-06 11:59:16] test_SKUSet.py [Test Case:clickButton] [line:130]INFO:保存成功！
[2016-04-06 11:59:16] test_SKUSet.py [Test Case:tearDown] [line:305]INFO:该条用例执行完毕！！！
[2016-04-06 11:59:17] test_RoleInfo.py [Test Case:test_4search_byRoleInfo] [line:301]INFO:等待页面刷新···
[2016-04-06 11:59:17] test_RoleInfo.py [Test Case:test_4search_byRoleInfo] [line:303]INFO:刷新完成！！！
[2016-04-06 11:59:17] test_RoleInfo.py [Test Case:tearDown] [line:384]INFO:该条用例执行完毕！！！
[2016-04-06 11:59:21] test_OnlinePromotion.py [Test Case:to_OnlinePromotion] [line:54]INFO:等待页面刷新···
[2016-04-06 11:59:23] test_OnlinePromotion.py [Test Case:to_OnlinePromotion] [line:56]INFO:刷新完成！！！
[2016-04-06 11:59:23] test_RoleInfo.py [Test Case:test_5modify_Role] [line:311]INFO:开始执行用例...
[2016-04-06 11:59:27] test_OnlinePromotion.py [Test Case:tearDown] [line:1189]INFO:该条用例执行执行完毕！！！
[2016-04-06 11:59:27] test_RoleInfo.py [Test Case:to_RoleInfo] [line:56]INFO:等待页面刷新···
[2016-04-06 11:59:28] test_RoleInfo.py [Test Case:to_RoleInfo] [line:58]INFO:刷新完成！！！
[2016-04-06 11:59:33] test_RoleInfo.py [Test Case:test_5modify_Role] [line:328]INFO:等待页面刷新···
[2016-04-06 11:59:33] test_RoleInfo.py [Test Case:test_5modify_Role] [line:330]INFO:刷新完成！！！
[2016-04-06 11:59:36] test_RoleInfo.py [Test Case:clickButton] [line:120]INFO:保存成功！
[2016-04-06 11:59:37] test_OnlinePromotion.py [Test Case:to_OnlinePromotion] [line:54]INFO:等待页面刷新···
[2016-04-06 11:59:38] test_OnlinePromotion.py [Test Case:to_OnlinePromotion] [line:56]INFO:刷新完成！！！
[2016-04-06 11:59:38] test_RoleInfo.py [Test Case:tearDown] [line:384]INFO:该条用例执行完毕！！！
[2016-04-06 11:59:42] test_OnlinePromotion.py [Test Case:tearDown] [line:1189]INFO:该条用例执行执行完毕！！！
[2016-04-06 11:59:43] test_RoleInfo.py [Test Case:test_6delete_Role] [line:358]INFO:开始执行用例...
[2016-04-06 11:59:48] test_RoleInfo.py [Test Case:to_RoleInfo] [line:56]INFO:等待页面刷新···
[2016-04-06 11:59:49] test_RoleInfo.py [Test Case:to_RoleInfo] [line:58]INFO:刷新完成！！！
[2016-04-06 11:59:52] test_OnlinePromotion.py [Test Case:to_OnlinePromotion] [line:54]INFO:等待页面刷新···
[2016-04-06 11:59:52] test_RoleInfo.py [Test Case:test_6delete_Role] [line:369]INFO:等待页面刷新···
[2016-04-06 11:59:52] test_RoleInfo.py [Test Case:test_6delete_Role] [line:371]INFO:刷新完成！！！
[2016-04-06 11:59:53] test_OnlinePromotion.py [Test Case:to_OnlinePromotion] [line:56]INFO:刷新完成！！！
[2016-04-06 11:59:55] test_RoleInfo.py [Test Case:clickButton] [line:98]INFO:删除成功
[2016-04-06 11:59:55] test_RoleInfo.py [Test Case:tearDown] [line:384]INFO:该条用例执行完毕！！！
[2016-04-06 12:00:00] test_UserInformation.py [Test Case:test_0add_User] [line:146]INFO:开始执行用例...
[2016-04-06 12:00:02] test_OnlinePromotion.py [Test Case:tearDown] [line:1189]INFO:该条用例执行执行完毕！！！
[2016-04-06 12:00:05] test_UserInformation.py [Test Case:to_UserInformation] [line:54]INFO:等待页面刷新···
[2016-04-06 12:00:07] test_UserInformation.py [Test Case:to_UserInformation] [line:56]INFO:刷新完成！！！
[2016-04-06 12:00:13] test_UserInformation.py [Test Case:clickButton] [line:131]INFO:保存成功！
[2016-04-06 12:00:13] test_UserInformation.py [Test Case:tearDown] [line:307]INFO:该条用例执行完毕！！！
[2016-04-06 12:00:16] test_OnlinePromotion.py [Test Case:to_OnlinePromotion] [line:54]INFO:等待页面刷新···
[2016-04-06 12:00:17] test_OnlinePromotion.py [Test Case:to_OnlinePromotion] [line:56]INFO:刷新完成！！！
[2016-04-06 12:00:19] test_UserInformation.py [Test Case:test_1search_byUserCode] [line:205]INFO:开始执行用例...
[2016-04-06 12:00:23] test_UserInformation.py [Test Case:to_UserInformation] [line:54]INFO:等待页面刷新···
[2016-04-06 12:00:24] test_UserInformation.py [Test Case:to_UserInformation] [line:56]INFO:刷新完成！！！
[2016-04-06 12:00:28] test_UserInformation.py [Test Case:tearDown] [line:307]INFO:该条用例执行完毕！！！
[2016-04-06 12:00:31] test_OnlinePromotion.py [Test Case:test_8modify_AddSuitObject] [line:567]INFO:保存成功！
[2016-04-06 12:00:33] test_OnlinePromotion.py [Test Case:tearDown] [line:1189]INFO:该条用例执行执行完毕！！！
[2016-04-06 12:00:33] test_UserInformation.py [Test Case:test_2search_byUserName] [line:219]INFO:开始执行用例...
[2016-04-06 12:00:38] test_UserInformation.py [Test Case:to_UserInformation] [line:54]INFO:等待页面刷新···
[2016-04-06 12:00:40] test_UserInformation.py [Test Case:to_UserInformation] [line:56]INFO:刷新完成！！！
[2016-04-06 12:00:43] test_UserInformation.py [Test Case:tearDown] [line:307]INFO:该条用例执行完毕！！！
[2016-04-06 12:00:43] test_OnlinePromotion.py [Test Case:to_OnlinePromotion] [line:54]INFO:等待页面刷新···
[2016-04-06 12:00:44] test_OnlinePromotion.py [Test Case:to_OnlinePromotion] [line:56]INFO:刷新完成！！！
[2016-04-06 12:00:48] test_UserInformation.py [Test Case:test_3iew_User] [line:241]INFO:开始执行用例...
[2016-04-06 12:00:53] test_UserInformation.py [Test Case:to_UserInformation] [line:54]INFO:等待页面刷新···
[2016-04-06 12:00:55] test_UserInformation.py [Test Case:to_UserInformation] [line:56]INFO:刷新完成！！！
[2016-04-06 12:01:02] test_UserInformation.py [Test Case:clickButton] [line:131]INFO:ORA-00001:违反唯一约束条件
[2016-04-06 12:01:02] test_UserInformation.py [Test Case:tearDown] [line:307]INFO:该条用例执行完毕！！！
[2016-04-06 12:01:04] test_OnlinePromotion.py [Test Case:Delete_And_Add_Assert] [line:72]INFO:删除成功
[2016-04-06 12:01:05] test_OnlinePromotion.py [Test Case:tearDown] [line:1189]INFO:该条用例执行执行完毕！！！
[2016-04-06 12:01:07] test_UserInformation.py [Test Case:test_4modify_User] [line:269]INFO:开始执行用例...
[2016-04-06 12:01:13] test_UserInformation.py [Test Case:to_UserInformation] [line:54]INFO:等待页面刷新···
[2016-04-06 12:01:15] test_UserInformation.py [Test Case:to_UserInformation] [line:56]INFO:刷新完成！！！
[2016-04-06 12:01:16] test_OnlinePromotion.py [Test Case:to_OnlinePromotion] [line:54]INFO:等待页面刷新···
[2016-04-06 12:01:17] test_OnlinePromotion.py [Test Case:to_OnlinePromotion] [line:56]INFO:刷新完成！！！
[2016-04-06 12:01:21] test_UserInformation.py [Test Case:clickButton] [line:131]INFO:ORA-00001:违反唯一约束条件
[2016-04-06 12:01:21] test_UserInformation.py [Test Case:tearDown] [line:307]INFO:该条用例执行完毕！！！
[2016-04-06 12:01:31] test_OnlinePromotion.py [Test Case:Delete_And_Add_Assert] [line:80]INFO:保存成功！
[2016-04-06 12:01:33] test_OnlinePromotion.py [Test Case:tearDown] [line:1189]INFO:该条用例执行执行完毕！！！
[2016-04-06 12:01:41] test_OnlinePromotion.py [Test Case:to_OnlinePromotion] [line:54]INFO:等待页面刷新···
[2016-04-06 12:01:42] test_OnlinePromotion.py [Test Case:to_OnlinePromotion] [line:56]INFO:刷新完成！！！
[2016-04-06 12:01:56] test_OnlinePromotion.py [Test Case:Delete_And_Add_Assert] [line:72]INFO:删除成功
[2016-04-06 12:01:56] test_OnlinePromotion.py [Test Case:tearDown] [line:1189]INFO:该条用例执行执行完毕！！！
[2016-04-06 12:02:05] test_OnlinePromotion.py [Test Case:to_OnlinePromotion] [line:54]INFO:等待页面刷新···
[2016-04-06 12:02:05] test_OnlinePromotion.py [Test Case:to_OnlinePromotion] [line:56]INFO:刷新完成！！！
[2016-04-06 12:02:21] test_OnlinePromotion.py [Test Case:Delete_And_Add_Assert] [line:80]INFO:保存成功！
[2016-04-06 12:02:28] test_OnlinePromotion.py [Test Case:Delete_And_Add_Assert] [line:80]INFO:保存成功！
[2016-04-06 12:02:30] test_OnlinePromotion.py [Test Case:tearDown] [line:1189]INFO:该条用例执行执行完毕！！！
[2016-04-06 12:02:39] test_OnlinePromotion.py [Test Case:to_OnlinePromotion] [line:54]INFO:等待页面刷新···
[2016-04-06 12:02:39] test_OnlinePromotion.py [Test Case:to_OnlinePromotion] [line:56]INFO:刷新完成！！！
[2016-04-06 12:02:54] test_OnlinePromotion.py [Test Case:Delete_And_Add_Assert] [line:72]INFO:删除成功
[2016-04-06 12:02:56] test_OnlinePromotion.py [Test Case:Delete_And_Add_Assert] [line:72]INFO:删除成功
[2016-04-06 12:02:56] test_OnlinePromotion.py [Test Case:tearDown] [line:1189]INFO:该条用例执行执行完毕！！！
[2016-04-06 12:03:05] test_OnlinePromotion.py [Test Case:to_OnlinePromotion] [line:54]INFO:等待页面刷新···
[2016-04-06 12:03:06] test_OnlinePromotion.py [Test Case:to_OnlinePromotion] [line:56]INFO:刷新完成！！！
[2016-04-06 12:03:21] test_OnlinePromotion.py [Test Case:Delete_And_Add_Assert] [line:80]INFO:保存成功！
[2016-04-06 12:03:28] test_OnlinePromotion.py [Test Case:Delete_And_Add_Assert] [line:80]INFO:保存成功！
[2016-04-06 12:03:30] test_OnlinePromotion.py [Test Case:tearDown] [line:1189]INFO:该条用例执行执行完毕！！！
[2016-04-06 12:03:39] test_OnlinePromotion.py [Test Case:to_OnlinePromotion] [line:54]INFO:等待页面刷新···
[2016-04-06 12:03:40] test_OnlinePromotion.py [Test Case:to_OnlinePromotion] [line:56]INFO:刷新完成！！！
[2016-04-06 12:03:55] test_OnlinePromotion.py [Test Case:Delete_And_Add_Assert] [line:72]INFO:删除成功
[2016-04-06 12:03:58] test_OnlinePromotion.py [Test Case:Delete_And_Add_Assert] [line:72]INFO:删除成功
[2016-04-06 12:03:58] test_OnlinePromotion.py [Test Case:tearDown] [line:1189]INFO:该条用例执行执行完毕！！！
[2016-04-06 12:04:07] test_OnlinePromotion.py [Test Case:to_OnlinePromotion] [line:54]INFO:等待页面刷新···
[2016-04-06 12:04:08] test_OnlinePromotion.py [Test Case:to_OnlinePromotion] [line:56]INFO:刷新完成！！！
[2016-04-06 12:04:24] test_OnlinePromotion.py [Test Case:Delete_And_Add_Assert] [line:80]INFO:保存成功！
[2016-04-06 12:04:30] test_OnlinePromotion.py [Test Case:Delete_And_Add_Assert] [line:80]INFO:保存成功！
[2016-04-06 12:04:31] test_OnlinePromotion.py [Test Case:tearDown] [line:1189]INFO:该条用例执行执行完毕！！！
[2016-04-06 12:04:40] test_OnlinePromotion.py [Test Case:to_OnlinePromotion] [line:54]INFO:等待页面刷新···
[2016-04-06 12:04:41] test_OnlinePromotion.py [Test Case:to_OnlinePromotion] [line:56]INFO:刷新完成！！！
[2016-04-06 12:04:56] test_OnlinePromotion.py [Test Case:Delete_And_Add_Assert] [line:72]INFO:删除成功
[2016-04-06 12:04:59] test_OnlinePromotion.py [Test Case:Delete_And_Add_Assert] [line:72]INFO:删除成功
[2016-04-06 12:04:59] test_OnlinePromotion.py [Test Case:tearDown] [line:1189]INFO:该条用例执行执行完毕！！！
[2016-04-06 12:05:07] test_OnlinePromotion.py [Test Case:to_OnlinePromotion] [line:54]INFO:等待页面刷新···
[2016-04-06 12:05:08] test_OnlinePromotion.py [Test Case:to_OnlinePromotion] [line:56]INFO:刷新完成！！！
[2016-04-06 12:05:27] test_OnlinePromotion.py [Test Case:Delete_And_Add_Assert] [line:80]INFO:保存成功！
[2016-04-06 12:05:29] test_OnlinePromotion.py [Test Case:tearDown] [line:1189]INFO:该条用例执行执行完毕！！！
[2016-04-06 12:05:38] test_OnlinePromotion.py [Test Case:to_OnlinePromotion] [line:54]INFO:等待页面刷新···
[2016-04-06 12:05:39] test_OnlinePromotion.py [Test Case:to_OnlinePromotion] [line:56]INFO:刷新完成！！！
[2016-04-06 12:05:53] test_OnlinePromotion.py [Test Case:Delete_And_Add_Assert] [line:72]INFO:删除成功
[2016-04-06 12:05:54] test_OnlinePromotion.py [Test Case:tearDown] [line:1189]INFO:该条用例执行执行完毕！！！
[2016-04-06 12:06:02] test_OnlinePromotion.py [Test Case:to_OnlinePromotion] [line:54]INFO:等待页面刷新···
[2016-04-06 12:06:03] test_OnlinePromotion.py [Test Case:to_OnlinePromotion] [line:56]INFO:刷新完成！！！
[2016-04-06 12:06:17] test_OnlinePromotion.py [Test Case:Delete_And_Add_Assert] [line:80]INFO:保存成功！
[2016-04-06 12:06:19] test_OnlinePromotion.py [Test Case:tearDown] [line:1189]INFO:该条用例执行执行完毕！！！
[2016-04-06 12:06:45] test_OnlinePromotion.py [Test Case:to_OnlinePromotion] [line:54]INFO:等待页面刷新···
[2016-04-06 12:06:46] test_OnlinePromotion.py [Test Case:to_OnlinePromotion] [line:56]INFO:刷新完成！！！
[2016-04-06 12:07:00] test_OnlinePromotion.py [Test Case:Delete_And_Add_Assert] [line:72]INFO:删除成功
[2016-04-06 12:07:01] test_OnlinePromotion.py [Test Case:tearDown] [line:1189]INFO:该条用例执行执行完毕！！！
[2016-04-06 12:07:09] test_OnlinePromotion.py [Test Case:to_OnlinePromotion] [line:54]INFO:等待页面刷新···
[2016-04-06 12:07:10] test_OnlinePromotion.py [Test Case:to_OnlinePromotion] [line:56]INFO:刷新完成！！！
[2016-04-06 12:07:20] test_OnlinePromotion.py [Test Case:Delete_And_Add_Assert] [line:72]INFO:删除成功
[2016-04-06 12:07:20] test_OnlinePromotion.py [Test Case:tearDown] [line:1189]INFO:该条用例执行执行完毕！！！
[2016-04-06 12:07:36] test_OnlinePromotionRelation.py [Test Case:tearDown] [line:259]INFO:该条用例执行完毕！！！
[2016-04-06 12:07:52] test_OnlinePromotionRelation.py [Test Case:tearDown] [line:259]INFO:该条用例执行完毕！！！
[2016-04-06 12:08:05] test_OnlinePromotionRelation.py [Test Case:tearDown] [line:259]INFO:该条用例执行完毕！！！
[2016-04-06 12:08:18] test_OnlinePromotionRelation.py [Test Case:tearDown] [line:259]INFO:该条用例执行完毕！！！
