[2016-04-12 11:08:35] test_EmployeeInfo.py [Test Case:test_EmployeeInfo] [line:43]INFO:~~~人员信息模块测试~~~
[2016-04-12 11:08:35] test_EmployeeInfo.py [Test Case:<module>] [line:835]INFO:test_EmployeeInfo start--
[2016-04-12 11:08:39] test_EmployeeInfo.py [Test Case:test_6modify_LoginPasswdReset] [line:581]INFO:开始执行测试...
[2016-04-12 11:08:44] test_EmployeeInfo.py [Test Case:to_EmployeeInformation] [line:67]INFO:等待页面刷新···
[2016-04-12 11:08:46] test_EmployeeInfo.py [Test Case:to_EmployeeInformation] [line:70]INFO:刷新完成！！！
[2016-04-12 11:08:47] test_EmployeeInfo.py [Test Case:searchbycode] [line:431]INFO:开始执行测试...
[2016-04-12 11:09:06] test_EmployeeInfo.py [Test Case:tearDown] [line:827]INFO:该条用例执行完毕！！！
[2016-04-12 11:09:10] test_EmployeeInfo.py [Test Case:test_7modify_RoleAssignment] [line:619]INFO:开始执行测试...
[2016-04-12 11:09:15] test_EmployeeInfo.py [Test Case:to_EmployeeInformation] [line:67]INFO:等待页面刷新···
[2016-04-12 11:09:16] test_EmployeeInfo.py [Test Case:to_EmployeeInformation] [line:70]INFO:刷新完成！！！
[2016-04-12 11:09:19] test_EmployeeInfo.py [Test Case:searchbycode] [line:431]INFO:开始执行测试...
[2016-04-12 11:09:28] test_EmployeeInfo.py [Test Case:test_7modify_RoleAssignment] [line:652]INFO:等待页面刷新···
[2016-04-12 11:09:29] test_EmployeeInfo.py [Test Case:test_7modify_RoleAssignment] [line:655]INFO:刷新完成！！！
[2016-04-12 11:09:41] test_EmployeeInfo.py [Test Case:test_7modify_RoleAssignment] [line:702]INFO:保存成功！
[2016-04-12 11:09:44] test_EmployeeInfo.py [Test Case:searchbycode] [line:431]INFO:开始执行测试...
[2016-04-12 11:09:51] test_EmployeeInfo.py [Test Case:tearDown] [line:827]INFO:该条用例执行完毕！！！
[2016-04-12 11:09:56] test_EmployeeInfo.py [Test Case:test_8modify_Storedistribution] [line:719]INFO:开始执行测试...
[2016-04-12 11:10:00] test_EmployeeInfo.py [Test Case:to_EmployeeInformation] [line:67]INFO:等待页面刷新···
[2016-04-12 11:10:02] test_EmployeeInfo.py [Test Case:to_EmployeeInformation] [line:70]INFO:刷新完成！！！
[2016-04-12 11:10:03] test_EmployeeInfo.py [Test Case:searchbycode] [line:431]INFO:开始执行测试...
[2016-04-12 11:10:14] test_EmployeeInfo.py [Test Case:test_8modify_Storedistribution] [line:737]INFO:等待页面刷新···
[2016-04-12 11:10:14] test_EmployeeInfo.py [Test Case:test_8modify_Storedistribution] [line:740]INFO:刷新完成！！！
[2016-04-12 11:10:27] test_EmployeeInfo.py [Test Case:test_8modify_Storedistribution] [line:791]INFO:保存成功！
[2016-04-12 11:10:29] test_EmployeeInfo.py [Test Case:searchbycode] [line:431]INFO:开始执行测试...
[2016-04-12 11:10:36] test_EmployeeInfo.py [Test Case:tearDown] [line:827]INFO:该条用例执行完毕！！！
[2016-04-12 11:10:37] test_EmployeeInfo.py [Test Case:<module>] [line:863]INFO:test_EmployeeInfo end--
