[2016-04-11 15:30:57] test_OfflinePromotion.py [Test Case:test_OfflinePromotion] [line:28]INFO:~~~线下促销模块测试~~~
[2016-04-11 15:30:57] test_OfflinePromotion.py [Test Case:<module>] [line:1164]INFO:test_OnlinePromotion start--
[2016-04-11 15:31:07] test_OfflinePromotion.py [Test Case:to_OfflinePromotion] [line:54]INFO:等待页面刷新···
[2016-04-11 15:31:08] test_OfflinePromotion.py [Test Case:to_OfflinePromotion] [line:56]INFO:刷新完成！！！
[2016-04-11 15:31:25] test_OfflinePromotion.py [Test Case:clickButton] [line:157]INFO:保存成功！
[2016-04-11 15:31:30] test_OfflinePromotion.py [Test Case:test_0add_Promotion] [line:280]INFO:刷新~~~
[2016-04-11 15:31:31] test_OfflinePromotion.py [Test Case:tearDown] [line:1154]INFO:该条用例执行执行完毕！！！
[2016-04-11 15:31:41] test_OfflinePromotion.py [Test Case:to_OfflinePromotion] [line:54]INFO:等待页面刷新···
[2016-04-11 15:31:42] test_OfflinePromotion.py [Test Case:to_OfflinePromotion] [line:56]INFO:刷新完成！！！
[2016-04-11 15:32:01] test_OfflinePromotion.py [Test Case:tearDown] [line:1154]INFO:该条用例执行执行完毕！！！
[2016-04-11 15:32:10] test_OfflinePromotion.py [Test Case:to_OfflinePromotion] [line:54]INFO:等待页面刷新···
[2016-04-11 15:32:11] test_OfflinePromotion.py [Test Case:to_OfflinePromotion] [line:56]INFO:刷新完成！！！
[2016-04-11 15:32:20] test_OfflinePromotion.py [Test Case:tearDown] [line:1154]INFO:该条用例执行执行完毕！！！
[2016-04-11 15:32:29] test_OfflinePromotion.py [Test Case:to_OfflinePromotion] [line:54]INFO:等待页面刷新···
[2016-04-11 15:32:30] test_OfflinePromotion.py [Test Case:to_OfflinePromotion] [line:56]INFO:刷新完成！！！
[2016-04-11 15:32:33] test_OfflinePromotion.py [Test Case:tearDown] [line:1154]INFO:该条用例执行执行完毕！！！
[2016-04-11 15:32:42] test_OfflinePromotion.py [Test Case:to_OfflinePromotion] [line:54]INFO:等待页面刷新···
[2016-04-11 15:32:44] test_OfflinePromotion.py [Test Case:to_OfflinePromotion] [line:56]INFO:刷新完成！！！
[2016-04-11 15:32:51] test_OfflinePromotion.py [Test Case:tearDown] [line:1154]INFO:该条用例执行执行完毕！！！
[2016-04-11 15:33:00] test_OfflinePromotion.py [Test Case:to_OfflinePromotion] [line:54]INFO:等待页面刷新···
[2016-04-11 15:33:01] test_OfflinePromotion.py [Test Case:to_OfflinePromotion] [line:56]INFO:刷新完成！！！
[2016-04-11 15:33:05] test_OfflinePromotion.py [Test Case:tearDown] [line:1154]INFO:该条用例执行执行完毕！！！
[2016-04-11 15:33:16] test_OfflinePromotion.py [Test Case:to_OfflinePromotion] [line:54]INFO:等待页面刷新···
[2016-04-11 15:33:17] test_OfflinePromotion.py [Test Case:to_OfflinePromotion] [line:56]INFO:刷新完成！！！
[2016-04-11 15:33:21] test_OfflinePromotion.py [Test Case:tearDown] [line:1154]INFO:该条用例执行执行完毕！！！
[2016-04-11 15:33:30] test_OfflinePromotion.py [Test Case:to_OfflinePromotion] [line:54]INFO:等待页面刷新···
[2016-04-11 15:33:32] test_OfflinePromotion.py [Test Case:to_OfflinePromotion] [line:56]INFO:刷新完成！！！
[2016-04-11 15:33:47] test_OfflinePromotion.py [Test Case:edit_Promotion] [line:549]INFO:等待界面刷新~~~
[2016-04-11 15:33:47] test_OfflinePromotion.py [Test Case:edit_Promotion] [line:552]INFO:刷新完成！！！
[2016-04-11 15:33:47] test_OfflinePromotion.py [Test Case:tearDown] [line:1154]INFO:该条用例执行执行完毕！！！
[2016-04-11 15:33:57] test_OfflinePromotion.py [Test Case:to_OfflinePromotion] [line:54]INFO:等待页面刷新···
[2016-04-11 15:33:58] test_OfflinePromotion.py [Test Case:to_OfflinePromotion] [line:56]INFO:刷新完成！！！
[2016-04-11 15:34:10] test_OfflinePromotion.py [Test Case:edit_Promotion] [line:549]INFO:等待界面刷新~~~
[2016-04-11 15:34:10] test_OfflinePromotion.py [Test Case:edit_Promotion] [line:552]INFO:刷新完成！！！
[2016-04-11 15:34:10] test_OfflinePromotion.py [Test Case:test_8modify_AddRedemption_com] [line:577]INFO:等待界面刷新~~~
[2016-04-11 15:34:10] test_OfflinePromotion.py [Test Case:test_8modify_AddRedemption_com] [line:580]INFO:刷新完成！！！
[2016-04-11 15:34:14] test_OfflinePromotion.py [Test Case:Delete_And_Add_Assert] [line:81]INFO:保存成功！
[2016-04-11 15:34:21] test_OfflinePromotion.py [Test Case:Delete_And_Add_Assert] [line:81]INFO:保存成功！
[2016-04-11 15:34:23] test_OfflinePromotion.py [Test Case:tearDown] [line:1154]INFO:该条用例执行执行完毕！！！
[2016-04-11 15:34:32] test_OfflinePromotion.py [Test Case:to_OfflinePromotion] [line:54]INFO:等待页面刷新···
[2016-04-11 15:34:33] test_OfflinePromotion.py [Test Case:to_OfflinePromotion] [line:56]INFO:刷新完成！！！
[2016-04-11 15:34:45] test_OfflinePromotion.py [Test Case:edit_Promotion] [line:549]INFO:等待界面刷新~~~
[2016-04-11 15:34:45] test_OfflinePromotion.py [Test Case:edit_Promotion] [line:552]INFO:刷新完成！！！
[2016-04-11 15:34:59] test_OfflinePromotion.py [Test Case:Delete_And_Add_Assert] [line:81]INFO:数据未填写完整！
[2016-04-11 15:34:59] test_OfflinePromotion.py [Test Case:tearDown] [line:1154]INFO:该条用例执行执行完毕！！！
[2016-04-11 15:35:11] test_OfflinePromotion.py [Test Case:to_OfflinePromotion] [line:54]INFO:等待页面刷新···
[2016-04-11 15:35:12] test_OfflinePromotion.py [Test Case:to_OfflinePromotion] [line:56]INFO:刷新完成！！！
[2016-04-11 15:35:23] test_OfflinePromotion.py [Test Case:edit_Promotion] [line:549]INFO:等待界面刷新~~~
[2016-04-11 15:35:23] test_OfflinePromotion.py [Test Case:edit_Promotion] [line:552]INFO:刷新完成！！！
[2016-04-11 15:35:54] test_OfflinePromotion.py [Test Case:tearDown] [line:1154]INFO:该条用例执行执行完毕！！！
[2016-04-11 15:36:03] test_OfflinePromotion.py [Test Case:to_OfflinePromotion] [line:54]INFO:等待页面刷新···
[2016-04-11 15:36:04] test_OfflinePromotion.py [Test Case:to_OfflinePromotion] [line:56]INFO:刷新完成！！！
[2016-04-11 15:36:16] test_OfflinePromotion.py [Test Case:edit_Promotion] [line:549]INFO:等待界面刷新~~~
[2016-04-11 15:36:16] test_OfflinePromotion.py [Test Case:edit_Promotion] [line:552]INFO:刷新完成！！！
[2016-04-11 15:36:16] test_OfflinePromotion.py [Test Case:test_bmodify_DeleteRedemption_com] [line:743]INFO:等待界面刷新~~~
[2016-04-11 15:36:16] test_OfflinePromotion.py [Test Case:test_bmodify_DeleteRedemption_com] [line:746]INFO:刷新完成！！！
[2016-04-11 15:36:20] test_OfflinePromotion.py [Test Case:Delete_And_Add_Assert] [line:73]INFO:删除成功
[2016-04-11 15:36:23] test_OfflinePromotion.py [Test Case:Delete_And_Add_Assert] [line:73]INFO:删除成功
[2016-04-11 15:36:23] test_OfflinePromotion.py [Test Case:tearDown] [line:1154]INFO:该条用例执行执行完毕！！！
[2016-04-11 15:36:32] test_OfflinePromotion.py [Test Case:to_OfflinePromotion] [line:54]INFO:等待页面刷新···
[2016-04-11 15:36:34] test_OfflinePromotion.py [Test Case:to_OfflinePromotion] [line:56]INFO:刷新完成！！！
[2016-04-11 15:36:45] test_OfflinePromotion.py [Test Case:edit_Promotion] [line:549]INFO:等待界面刷新~~~
[2016-04-11 15:36:45] test_OfflinePromotion.py [Test Case:edit_Promotion] [line:552]INFO:刷新完成！！！
[2016-04-11 15:36:46] test_OfflinePromotion.py [Test Case:test_cmodify_AddSuitObject] [line:790]INFO:等待界面刷新~~~
[2016-04-11 15:36:46] test_OfflinePromotion.py [Test Case:test_cmodify_AddSuitObject] [line:793]INFO:刷新完成！！！
[2016-04-11 15:36:49] test_OfflinePromotion.py [Test Case:Delete_And_Add_Assert] [line:81]INFO:保存成功！
[2016-04-11 15:36:51] test_OfflinePromotion.py [Test Case:tearDown] [line:1154]INFO:该条用例执行执行完毕！！！
[2016-04-11 15:37:00] test_OfflinePromotion.py [Test Case:to_OfflinePromotion] [line:54]INFO:等待页面刷新···
[2016-04-11 15:37:02] test_OfflinePromotion.py [Test Case:to_OfflinePromotion] [line:56]INFO:刷新完成！！！
[2016-04-11 15:37:13] test_OfflinePromotion.py [Test Case:edit_Promotion] [line:549]INFO:等待界面刷新~~~
[2016-04-11 15:37:13] test_OfflinePromotion.py [Test Case:edit_Promotion] [line:552]INFO:刷新完成！！！
[2016-04-11 15:37:14] test_OfflinePromotion.py [Test Case:test_dmodify_DeleteSuitObject] [line:827]INFO:等待界面刷新~~~
[2016-04-11 15:37:14] test_OfflinePromotion.py [Test Case:test_dmodify_DeleteSuitObject] [line:830]INFO:刷新完成！！！
[2016-04-11 15:37:17] test_OfflinePromotion.py [Test Case:Delete_And_Add_Assert] [line:73]INFO:删除成功
[2016-04-11 15:37:17] test_OfflinePromotion.py [Test Case:tearDown] [line:1154]INFO:该条用例执行执行完毕！！！
[2016-04-11 15:37:27] test_OfflinePromotion.py [Test Case:to_OfflinePromotion] [line:54]INFO:等待页面刷新···
[2016-04-11 15:37:28] test_OfflinePromotion.py [Test Case:to_OfflinePromotion] [line:56]INFO:刷新完成！！！
[2016-04-11 15:37:39] test_OfflinePromotion.py [Test Case:edit_Promotion] [line:549]INFO:等待界面刷新~~~
[2016-04-11 15:37:39] test_OfflinePromotion.py [Test Case:edit_Promotion] [line:552]INFO:刷新完成！！！
[2016-04-11 15:37:40] test_OfflinePromotion.py [Test Case:test_emodify_Add_TimeConstraint] [line:857]INFO:等待界面刷新~~~
[2016-04-11 15:37:40] test_OfflinePromotion.py [Test Case:test_emodify_Add_TimeConstraint] [line:860]INFO:刷新完成！！！
[2016-04-11 15:37:43] test_OfflinePromotion.py [Test Case:Delete_And_Add_Assert] [line:81]INFO:保存成功！
[2016-04-11 15:37:44] test_OfflinePromotion.py [Test Case:tearDown] [line:1154]INFO:该条用例执行执行完毕！！！
[2016-04-11 15:37:54] test_OfflinePromotion.py [Test Case:to_OfflinePromotion] [line:54]INFO:等待页面刷新···
[2016-04-11 15:37:55] test_OfflinePromotion.py [Test Case:to_OfflinePromotion] [line:56]INFO:刷新完成！！！
[2016-04-11 15:38:06] test_OfflinePromotion.py [Test Case:edit_Promotion] [line:549]INFO:等待界面刷新~~~
[2016-04-11 15:38:06] test_OfflinePromotion.py [Test Case:edit_Promotion] [line:552]INFO:刷新完成！！！
[2016-04-11 15:38:07] test_OfflinePromotion.py [Test Case:test_fmodify_Delete_TimeConstraint] [line:895]INFO:等待界面刷新~~~
[2016-04-11 15:38:07] test_OfflinePromotion.py [Test Case:test_fmodify_Delete_TimeConstraint] [line:898]INFO:刷新完成！！！
[2016-04-11 15:38:09] test_OfflinePromotion.py [Test Case:Delete_And_Add_Assert] [line:73]INFO:删除成功
[2016-04-11 15:38:09] test_OfflinePromotion.py [Test Case:tearDown] [line:1154]INFO:该条用例执行执行完毕！！！
[2016-04-11 15:38:19] test_OfflinePromotion.py [Test Case:to_OfflinePromotion] [line:54]INFO:等待页面刷新···
[2016-04-11 15:38:20] test_OfflinePromotion.py [Test Case:to_OfflinePromotion] [line:56]INFO:刷新完成！！！
[2016-04-11 15:38:31] test_OfflinePromotion.py [Test Case:edit_Promotion] [line:549]INFO:等待界面刷新~~~
[2016-04-11 15:38:31] test_OfflinePromotion.py [Test Case:edit_Promotion] [line:552]INFO:刷新完成！！！
[2016-04-11 15:38:32] test_OfflinePromotion.py [Test Case:test_gmodify_AddPromotion_com] [line:925]INFO:等待界面刷新~~~
[2016-04-11 15:38:32] test_OfflinePromotion.py [Test Case:test_gmodify_AddPromotion_com] [line:928]INFO:刷新完成！！！
[2016-04-11 15:38:36] test_OfflinePromotion.py [Test Case:Delete_And_Add_Assert] [line:81]INFO:保存成功！
[2016-04-11 15:38:43] test_OfflinePromotion.py [Test Case:Delete_And_Add_Assert] [line:81]INFO:保存成功！
[2016-04-11 15:38:45] test_OfflinePromotion.py [Test Case:tearDown] [line:1154]INFO:该条用例执行执行完毕！！！
[2016-04-11 15:38:55] test_OfflinePromotion.py [Test Case:to_OfflinePromotion] [line:54]INFO:等待页面刷新···
[2016-04-11 15:38:56] test_OfflinePromotion.py [Test Case:to_OfflinePromotion] [line:56]INFO:刷新完成！！！
[2016-04-11 15:39:08] test_OfflinePromotion.py [Test Case:edit_Promotion] [line:549]INFO:等待界面刷新~~~
[2016-04-11 15:39:08] test_OfflinePromotion.py [Test Case:edit_Promotion] [line:552]INFO:刷新完成！！！
[2016-04-11 15:39:08] test_OfflinePromotion.py [Test Case:test_hmodify_DeletePromotion_com] [line:998]INFO:等待界面刷新~~~
[2016-04-11 15:39:09] test_OfflinePromotion.py [Test Case:test_hmodify_DeletePromotion_com] [line:1001]INFO:刷新完成！！！
[2016-04-11 15:39:12] test_OfflinePromotion.py [Test Case:Delete_And_Add_Assert] [line:73]INFO:删除成功
[2016-04-11 15:39:14] test_OfflinePromotion.py [Test Case:Delete_And_Add_Assert] [line:73]INFO:删除成功
[2016-04-11 15:39:14] test_OfflinePromotion.py [Test Case:tearDown] [line:1154]INFO:该条用例执行执行完毕！！！
[2016-04-11 15:39:24] test_OfflinePromotion.py [Test Case:to_OfflinePromotion] [line:54]INFO:等待页面刷新···
[2016-04-11 15:39:25] test_OfflinePromotion.py [Test Case:to_OfflinePromotion] [line:56]INFO:刷新完成！！！
[2016-04-11 15:39:36] test_OfflinePromotion.py [Test Case:edit_Promotion] [line:549]INFO:等待界面刷新~~~
[2016-04-11 15:39:36] test_OfflinePromotion.py [Test Case:edit_Promotion] [line:552]INFO:刷新完成！！！
[2016-04-11 15:39:37] test_OfflinePromotion.py [Test Case:test_imodify_AddPayment] [line:1043]INFO:等待界面刷新~~~
[2016-04-11 15:39:37] test_OfflinePromotion.py [Test Case:test_imodify_AddPayment] [line:1046]INFO:刷新完成！！！
[2016-04-11 15:39:39] test_OfflinePromotion.py [Test Case:Delete_And_Add_Assert] [line:81]INFO:保存成功！
[2016-04-11 15:39:41] test_OfflinePromotion.py [Test Case:tearDown] [line:1154]INFO:该条用例执行执行完毕！！！
[2016-04-11 15:39:50] test_OfflinePromotion.py [Test Case:to_OfflinePromotion] [line:54]INFO:等待页面刷新···
[2016-04-11 15:39:51] test_OfflinePromotion.py [Test Case:to_OfflinePromotion] [line:56]INFO:刷新完成！！！
[2016-04-11 15:40:03] test_OfflinePromotion.py [Test Case:edit_Promotion] [line:549]INFO:等待界面刷新~~~
[2016-04-11 15:40:03] test_OfflinePromotion.py [Test Case:edit_Promotion] [line:552]INFO:刷新完成！！！
[2016-04-11 15:40:04] test_OfflinePromotion.py [Test Case:test_jdelete_DeletePayment] [line:1082]INFO:等待界面刷新~~~
[2016-04-11 15:40:04] test_OfflinePromotion.py [Test Case:test_jdelete_DeletePayment] [line:1085]INFO:刷新完成！！！
[2016-04-11 15:40:06] test_OfflinePromotion.py [Test Case:Delete_And_Add_Assert] [line:73]INFO:删除成功
[2016-04-11 15:40:07] test_OfflinePromotion.py [Test Case:tearDown] [line:1154]INFO:该条用例执行执行完毕！！！
[2016-04-11 15:40:17] test_OfflinePromotion.py [Test Case:to_OfflinePromotion] [line:54]INFO:等待页面刷新···
[2016-04-11 15:40:18] test_OfflinePromotion.py [Test Case:to_OfflinePromotion] [line:56]INFO:刷新完成！！！
[2016-04-11 15:40:27] test_OfflinePromotion.py [Test Case:clickButton] [line:131]INFO:删除成功
[2016-04-11 15:40:27] test_OfflinePromotion.py [Test Case:tearDown] [line:1154]INFO:该条用例执行执行完毕！！！
[2016-04-11 15:40:32] test_OfflinePromotion.py [Test Case:test_lmodify_ApprovalStatus] [line:1126]INFO:开始执行用例...
[2016-04-11 15:40:37] test_OfflinePromotion.py [Test Case:to_OfflinePromotion] [line:54]INFO:等待页面刷新···
[2016-04-11 15:40:38] test_OfflinePromotion.py [Test Case:to_OfflinePromotion] [line:56]INFO:刷新完成！！！
[2016-04-11 15:40:55] test_OfflinePromotion.py [Test Case:clickButton] [line:157]INFO:保存成功！
[2016-04-11 15:40:59] test_OfflinePromotion.py [Test Case:test_0add_Promotion] [line:280]INFO:刷新~~~
[2016-04-11 15:41:08] test_OfflinePromotion.py [Test Case:tearDown] [line:1154]INFO:该条用例执行执行完毕！！！
