[2016-04-12 13:14:47] test_AdvertisingTheme.py [Test Case:test_AdvertisingTheme] [line:33]INFO:~~~广告主题模块测试~~~
[2016-04-12 13:14:47] test_BOMManage.py [Test Case:test_BOMManager] [line:32]INFO:~~~BOM管理模块测试~~~
[2016-04-12 13:14:47] test_ColorGroup.py [Test Case:test_ColorGroup] [line:28]INFO:~~~颜色组模块测试~~~
[2016-04-12 13:14:47] test_ColorSetting.py [Test Case:test_ColorSetting] [line:30]INFO:~~~颜色配置模块测试~~~
[2016-04-12 13:14:47] test_CommodityFile.py [Test Case:test_CommodityFile] [line:25]INFO:~~~商品档案模块测试~~~
[2016-04-12 13:14:47] test_CommoditySort.py [Test Case:test_CommoditySort] [line:29]INFO:~~~商品类别模块测试~~~
[2016-04-12 13:14:47] test_MeasureItem.py [Test Case:test_MeasureItem] [line:30]INFO:~~~量体项目模块测试~~~
[2016-04-12 13:14:47] test_SizeSetting.py [Test Case:test_SizeSetting] [line:29]INFO:~~~尺码配置模块测试~~~
[2016-04-12 13:14:47] test_SKUSet.py [Test Case:test_SKUSet] [line:28]INFO:~~~SKU设置模块测试~~~
[2016-04-12 13:14:56] test_AdvertisingTheme.py [Test Case:to_AdvertisingTheme] [line:59]INFO:等待页面刷新···
[2016-04-12 13:14:59] test_AdvertisingTheme.py [Test Case:to_AdvertisingTheme] [line:62]INFO:刷新完成！！！
[2016-04-12 13:15:07] test_AdvertisingTheme.py [Test Case:clickButton] [line:135]INFO:保存成功！
[2016-04-12 13:15:07] test_AdvertisingTheme.py [Test Case:tearDown] [line:380]INFO:该条用例执行完毕！！！
[2016-04-12 13:15:16] test_AdvertisingTheme.py [Test Case:to_AdvertisingTheme] [line:59]INFO:等待页面刷新···
[2016-04-12 13:15:18] test_AdvertisingTheme.py [Test Case:to_AdvertisingTheme] [line:62]INFO:刷新完成！！！
[2016-04-12 13:15:38] test_AdvertisingTheme.py [Test Case:tearDown] [line:380]INFO:该条用例执行完毕！！！
[2016-04-12 13:15:47] test_AdvertisingTheme.py [Test Case:to_AdvertisingTheme] [line:59]INFO:等待页面刷新···
[2016-04-12 13:15:49] test_AdvertisingTheme.py [Test Case:to_AdvertisingTheme] [line:62]INFO:刷新完成！！！
[2016-04-12 13:15:52] test_AdvertisingTheme.py [Test Case:tearDown] [line:380]INFO:该条用例执行完毕！！！
[2016-04-12 13:16:01] test_AdvertisingTheme.py [Test Case:to_AdvertisingTheme] [line:59]INFO:等待页面刷新···
[2016-04-12 13:16:03] test_AdvertisingTheme.py [Test Case:to_AdvertisingTheme] [line:62]INFO:刷新完成！！！
[2016-04-12 13:16:09] test_AdvertisingTheme.py [Test Case:clickButton] [line:135]INFO:保存成功！
[2016-04-12 13:16:09] test_AdvertisingTheme.py [Test Case:tearDown] [line:380]INFO:该条用例执行完毕！！！
[2016-04-12 13:16:18] test_AdvertisingTheme.py [Test Case:to_AdvertisingTheme] [line:59]INFO:等待页面刷新···
[2016-04-12 13:16:25] test_AdvertisingTheme.py [Test Case:to_AdvertisingTheme] [line:62]INFO:刷新完成！！！
[2016-04-12 13:16:33] test_AdvertisingTheme.py [Test Case:clickButton] [line:135]INFO:保存成功！
[2016-04-12 13:16:33] test_AdvertisingTheme.py [Test Case:tearDown] [line:380]INFO:该条用例执行完毕！！！
[2016-04-12 13:16:42] test_BOMManage.py [Test Case:to_BOMManager] [line:58]INFO:等待页面刷新···
[2016-04-12 13:16:47] test_BOMManage.py [Test Case:to_BOMManager] [line:61]INFO:刷新完成！！！
[2016-04-12 13:17:13] test_BOMManage.py [Test Case:clickButton] [line:139]INFO:保存成功！
[2016-04-12 13:17:13] test_BOMManage.py [Test Case:tearDown] [line:337]INFO:该条用例执行完毕！！！
[2016-04-12 13:17:22] test_BOMManage.py [Test Case:to_BOMManager] [line:58]INFO:等待页面刷新···
[2016-04-12 13:17:27] test_BOMManage.py [Test Case:to_BOMManager] [line:61]INFO:刷新完成！！！
[2016-04-12 13:17:34] test_BOMManage.py [Test Case:tearDown] [line:337]INFO:该条用例执行完毕！！！
[2016-04-12 13:17:43] test_BOMManage.py [Test Case:to_BOMManager] [line:58]INFO:等待页面刷新···
[2016-04-12 13:17:48] test_BOMManage.py [Test Case:to_BOMManager] [line:61]INFO:刷新完成！！！
[2016-04-12 13:18:01] test_BOMManage.py [Test Case:tearDown] [line:337]INFO:该条用例执行完毕！！！
[2016-04-12 13:18:10] test_BOMManage.py [Test Case:to_BOMManager] [line:58]INFO:等待页面刷新···
[2016-04-12 13:18:16] test_BOMManage.py [Test Case:to_BOMManager] [line:61]INFO:刷新完成！！！
[2016-04-12 13:19:01] test_BOMManage.py [Test Case:tearDown] [line:337]INFO:该条用例执行完毕！！！
[2016-04-12 13:19:10] test_BOMManage.py [Test Case:to_BOMManager] [line:58]INFO:等待页面刷新···
[2016-04-12 13:19:15] test_BOMManage.py [Test Case:to_BOMManager] [line:61]INFO:刷新完成！！！
[2016-04-12 13:19:45] test_BOMManage.py [Test Case:clickButton] [line:139]INFO:保存成功！
[2016-04-12 13:19:45] test_BOMManage.py [Test Case:tearDown] [line:337]INFO:该条用例执行完毕！！！
[2016-04-12 13:19:58] test_BOMManage.py [Test Case:to_BOMManager] [line:58]INFO:等待页面刷新···
[2016-04-12 13:20:08] test_BOMManage.py [Test Case:to_BOMManager] [line:61]INFO:刷新完成！！！
[2016-04-12 13:20:16] test_BOMManage.py [Test Case:clickButton] [line:111]INFO:删除成功
[2016-04-12 13:20:16] test_BOMManage.py [Test Case:tearDown] [line:337]INFO:该条用例执行完毕！！！
[2016-04-12 13:20:21] test_ColorGroup.py [Test Case:test_0add_ColorGroup] [line:143]INFO:开始执行测试...
[2016-04-12 13:20:26] test_ColorGroup.py [Test Case:to_ColorGroup] [line:52]INFO:等待页面刷新···
[2016-04-12 13:20:27] test_ColorGroup.py [Test Case:to_ColorGroup] [line:55]INFO:刷新完成！！！
[2016-04-12 13:20:31] test_ColorGroup.py [Test Case:clickButton] [line:127]INFO:保存成功！
[2016-04-12 13:20:31] test_ColorGroup.py [Test Case:tearDown] [line:313]INFO:该条用例执行完毕！！！
[2016-04-12 13:20:41] test_ColorGroup.py [Test Case:to_ColorGroup] [line:52]INFO:等待页面刷新···
[2016-04-12 13:20:41] test_ColorGroup.py [Test Case:to_ColorGroup] [line:55]INFO:刷新完成！！！
[2016-04-12 13:20:45] test_ColorGroup.py [Test Case:tearDown] [line:313]INFO:该条用例执行完毕！！！
[2016-04-12 13:20:49] test_ColorGroup.py [Test Case:test_2search_ByCGroupName] [line:219]INFO:开始执行测试...
[2016-04-12 13:20:54] test_ColorGroup.py [Test Case:to_ColorGroup] [line:52]INFO:等待页面刷新···
[2016-04-12 13:20:55] test_ColorGroup.py [Test Case:to_ColorGroup] [line:55]INFO:刷新完成！！！
[2016-04-12 13:20:58] test_ColorGroup.py [Test Case:tearDown] [line:313]INFO:该条用例执行完毕！！！
[2016-04-12 13:21:02] test_ColorGroup.py [Test Case:test_3modify_ColorGroup] [line:244]INFO:开始执行测试...
[2016-04-12 13:21:07] test_ColorGroup.py [Test Case:to_ColorGroup] [line:52]INFO:等待页面刷新···
[2016-04-12 13:21:07] test_ColorGroup.py [Test Case:to_ColorGroup] [line:55]INFO:刷新完成！！！
[2016-04-12 13:21:16] test_ColorGroup.py [Test Case:clickButton] [line:127]INFO:保存成功！
[2016-04-12 13:21:16] test_ColorGroup.py [Test Case:tearDown] [line:313]INFO:该条用例执行完毕！！！
[2016-04-12 13:21:21] test_ColorGroup.py [Test Case:test_4import_ColorGroup] [line:282]INFO:开始执行测试...
[2016-04-12 13:21:25] test_ColorGroup.py [Test Case:to_ColorGroup] [line:52]INFO:等待页面刷新···
[2016-04-12 13:21:26] test_ColorGroup.py [Test Case:to_ColorGroup] [line:55]INFO:刷新完成！！！
[2016-04-12 13:21:28] test_ColorGroup.py [Test Case:tearDown] [line:313]INFO:该条用例执行完毕！！！
[2016-04-12 13:21:41] test_ColorGroup.py [Test Case:to_ColorGroup] [line:52]INFO:等待页面刷新···
[2016-04-12 13:21:42] test_ColorGroup.py [Test Case:to_ColorGroup] [line:55]INFO:刷新完成！！！
[2016-04-12 13:21:45] test_ColorGroup.py [Test Case:tearDown] [line:313]INFO:该条用例执行完毕！！！
[2016-04-12 13:21:54] test_ColorSetting.py [Test Case:to_ColorSetting] [line:55]INFO:等待页面刷新···
[2016-04-12 13:21:56] test_ColorSetting.py [Test Case:to_ColorSetting] [line:58]INFO:刷新完成！！！
[2016-04-12 13:22:01] test_ColorSetting.py [Test Case:tearDown] [line:414]INFO:该条用例执行完毕！！！
[2016-04-12 13:22:10] test_ColorSetting.py [Test Case:to_ColorSetting] [line:55]INFO:等待页面刷新···
[2016-04-12 13:22:11] test_ColorSetting.py [Test Case:to_ColorSetting] [line:58]INFO:刷新完成！！！
[2016-04-12 13:22:12] test_ColorSetting.py [Test Case:test_1search_ByColorCode] [line:213]INFO:等待页面刷新···
[2016-04-12 13:22:12] test_ColorSetting.py [Test Case:test_1search_ByColorCode] [line:216]INFO:刷新完成！！！
[2016-04-12 13:22:21] test_ColorSetting.py [Test Case:tearDown] [line:414]INFO:该条用例执行完毕！！！
[2016-04-12 13:22:30] test_ColorSetting.py [Test Case:to_ColorSetting] [line:55]INFO:等待页面刷新···
[2016-04-12 13:22:31] test_ColorSetting.py [Test Case:to_ColorSetting] [line:58]INFO:刷新完成！！！
[2016-04-12 13:22:34] test_ColorSetting.py [Test Case:tearDown] [line:414]INFO:该条用例执行完毕！！！
[2016-04-12 13:22:43] test_ColorSetting.py [Test Case:to_ColorSetting] [line:55]INFO:等待页面刷新···
[2016-04-12 13:22:44] test_ColorSetting.py [Test Case:to_ColorSetting] [line:58]INFO:刷新完成！！！
[2016-04-12 13:22:48] test_ColorSetting.py [Test Case:tearDown] [line:414]INFO:该条用例执行完毕！！！
[2016-04-12 13:22:57] test_ColorSetting.py [Test Case:to_ColorSetting] [line:55]INFO:等待页面刷新···
[2016-04-12 13:22:58] test_ColorSetting.py [Test Case:to_ColorSetting] [line:58]INFO:刷新完成！！！
[2016-04-12 13:23:07] test_ColorSetting.py [Test Case:tearDown] [line:414]INFO:该条用例执行完毕！！！
[2016-04-12 13:23:16] test_ColorSetting.py [Test Case:to_ColorSetting] [line:55]INFO:等待页面刷新···
[2016-04-12 13:23:18] test_ColorSetting.py [Test Case:to_ColorSetting] [line:58]INFO:刷新完成！！！
[2016-04-12 13:23:24] test_ColorSetting.py [Test Case:tearDown] [line:414]INFO:该条用例执行完毕！！！
[2016-04-12 13:23:29] test_CommodityFile.py [Test Case:test_0add_File] [line:152]INFO:开始执行用例...
[2016-04-12 13:23:34] test_CommodityFile.py [Test Case:to_CommodityFile] [line:50]INFO:等待页面刷新···
[2016-04-12 13:23:37] test_CommodityFile.py [Test Case:to_CommodityFile] [line:52]INFO:刷新完成！！！
[2016-04-12 13:23:48] test_CommodityFile.py [Test Case:tearDown] [line:430]INFO:该条用例执行完毕！！！
[2016-04-12 13:23:52] test_CommodityFile.py [Test Case:test_1search_ByCode] [line:224]INFO:开始执行用例...
[2016-04-12 13:24:00] test_CommodityFile.py [Test Case:to_CommodityFile] [line:50]INFO:等待页面刷新···
[2016-04-12 13:24:06] test_CommodityFile.py [Test Case:to_CommodityFile] [line:52]INFO:刷新完成！！！
[2016-04-12 13:24:10] test_CommodityFile.py [Test Case:searchbycode] [line:217]INFO:等待页面刷新···
[2016-04-12 13:24:10] test_CommodityFile.py [Test Case:searchbycode] [line:219]INFO:刷新完成！！！
[2016-04-12 13:24:11] test_CommodityFile.py [Test Case:tearDown] [line:430]INFO:该条用例执行完毕！！！
[2016-04-12 13:24:16] test_CommodityFile.py [Test Case:test_2search_ByName] [line:250]INFO:开始执行用例...
[2016-04-12 13:24:20] test_CommodityFile.py [Test Case:to_CommodityFile] [line:50]INFO:等待页面刷新···
[2016-04-12 13:24:23] test_CommodityFile.py [Test Case:to_CommodityFile] [line:52]INFO:刷新完成！！！
[2016-04-12 13:24:26] test_CommodityFile.py [Test Case:test_2search_ByName] [line:266]INFO:等待页面刷新···
[2016-04-12 13:24:26] test_CommodityFile.py [Test Case:test_2search_ByName] [line:268]INFO:刷新完成！！！
[2016-04-12 13:24:27] test_CommodityFile.py [Test Case:tearDown] [line:430]INFO:该条用例执行完毕！！！
[2016-04-12 13:24:31] test_CommodityFile.py [Test Case:test_3search_BySort] [line:280]INFO:开始执行用例...
[2016-04-12 13:24:36] test_CommodityFile.py [Test Case:to_CommodityFile] [line:50]INFO:等待页面刷新···
[2016-04-12 13:24:39] test_CommodityFile.py [Test Case:to_CommodityFile] [line:52]INFO:刷新完成！！！
[2016-04-12 13:24:45] test_CommodityFile.py [Test Case:test_3search_BySort] [line:297]INFO:等待页面刷新···
[2016-04-12 13:24:45] test_CommodityFile.py [Test Case:test_3search_BySort] [line:299]INFO:刷新完成！！！
[2016-04-12 13:24:46] test_CommodityFile.py [Test Case:tearDown] [line:430]INFO:该条用例执行完毕！！！
[2016-04-12 13:24:51] test_CommodityFile.py [Test Case:test_4view_Com] [line:313]INFO:开始执行用例...
[2016-04-12 13:24:56] test_CommodityFile.py [Test Case:to_CommodityFile] [line:50]INFO:等待页面刷新···
[2016-04-12 13:24:58] test_CommodityFile.py [Test Case:to_CommodityFile] [line:52]INFO:刷新完成！！！
[2016-04-12 13:25:02] test_CommodityFile.py [Test Case:test_4view_Com] [line:329]INFO:等待页面刷新···
[2016-04-12 13:25:02] test_CommodityFile.py [Test Case:test_4view_Com] [line:331]INFO:刷新完成！！！
[2016-04-12 13:25:06] test_CommodityFile.py [Test Case:tearDown] [line:430]INFO:该条用例执行完毕！！！
[2016-04-12 13:25:11] test_CommodityFile.py [Test Case:test_5modify_Com] [line:349]INFO:开始执行用例...
[2016-04-12 13:25:15] test_CommodityFile.py [Test Case:to_CommodityFile] [line:50]INFO:等待页面刷新···
[2016-04-12 13:25:18] test_CommodityFile.py [Test Case:to_CommodityFile] [line:52]INFO:刷新完成！！！
[2016-04-12 13:25:22] test_CommodityFile.py [Test Case:searchbycode] [line:217]INFO:等待页面刷新···
[2016-04-12 13:25:22] test_CommodityFile.py [Test Case:searchbycode] [line:219]INFO:刷新完成！！！
[2016-04-12 13:25:25] test_CommodityFile.py [Test Case:tearDown] [line:430]INFO:该条用例执行完毕！！！
[2016-04-12 13:25:30] test_CommodityFile.py [Test Case:test_6modify_ComStatus] [line:389]INFO:开始执行用例...
[2016-04-12 13:25:35] test_CommodityFile.py [Test Case:to_CommodityFile] [line:50]INFO:等待页面刷新···
[2016-04-12 13:25:37] test_CommodityFile.py [Test Case:to_CommodityFile] [line:52]INFO:刷新完成！！！
[2016-04-12 13:25:41] test_CommodityFile.py [Test Case:searchbycode] [line:217]INFO:等待页面刷新···
[2016-04-12 13:25:41] test_CommodityFile.py [Test Case:searchbycode] [line:219]INFO:刷新完成！！！
[2016-04-12 13:25:47] test_CommodityFile.py [Test Case:tearDown] [line:430]INFO:该条用例执行完毕！！！
[2016-04-12 13:25:51] test_CommoditySort.py [Test Case:test_0add_Sort] [line:130]INFO:开始执行用例...
[2016-04-12 13:25:56] test_CommoditySort.py [Test Case:to_CommoditySort] [line:54]INFO:等待页面刷新···
[2016-04-12 13:25:58] test_CommoditySort.py [Test Case:to_CommoditySort] [line:56]INFO:刷新完成！！！
[2016-04-12 13:26:02] test_CommoditySort.py [Test Case:tearDown] [line:320]INFO:该条用例执行完毕
[2016-04-12 13:26:07] test_CommoditySort.py [Test Case:test_1search_BySortCode] [line:184]INFO:开始执行用例...
[2016-04-12 13:26:11] test_CommoditySort.py [Test Case:to_CommoditySort] [line:54]INFO:等待页面刷新···
[2016-04-12 13:26:13] test_CommoditySort.py [Test Case:to_CommoditySort] [line:56]INFO:刷新完成！！！
[2016-04-12 13:26:17] test_CommoditySort.py [Test Case:searchbycode] [line:172]INFO:等待页面刷新···
[2016-04-12 13:26:17] test_CommoditySort.py [Test Case:searchbycode] [line:174]INFO:刷新完成！！！
[2016-04-12 13:26:18] test_CommoditySort.py [Test Case:tearDown] [line:320]INFO:该条用例执行完毕
[2016-04-12 13:26:22] test_CommoditySort.py [Test Case:test_2search_BySortName] [line:199]INFO:开始执行用例...
[2016-04-12 13:26:27] test_CommoditySort.py [Test Case:to_CommoditySort] [line:54]INFO:等待页面刷新···
[2016-04-12 13:26:29] test_CommoditySort.py [Test Case:to_CommoditySort] [line:56]INFO:刷新完成！！！
[2016-04-12 13:26:34] test_CommoditySort.py [Test Case:test_2search_BySortName] [line:218]INFO:等待页面刷新···
[2016-04-12 13:26:34] test_CommoditySort.py [Test Case:test_2search_BySortName] [line:220]INFO:刷新完成！！！
[2016-04-12 13:26:34] test_CommoditySort.py [Test Case:tearDown] [line:320]INFO:该条用例执行完毕
[2016-04-12 13:26:39] test_CommoditySort.py [Test Case:test_3search_BySortInfo] [line:231]INFO:开始执行用例...
[2016-04-12 13:26:44] test_CommoditySort.py [Test Case:to_CommoditySort] [line:54]INFO:等待页面刷新···
[2016-04-12 13:26:46] test_CommoditySort.py [Test Case:to_CommoditySort] [line:56]INFO:刷新完成！！！
[2016-04-12 13:26:50] test_CommoditySort.py [Test Case:test_3search_BySortInfo] [line:246]INFO:等待页面刷新···
[2016-04-12 13:26:50] test_CommoditySort.py [Test Case:test_3search_BySortInfo] [line:248]INFO:刷新完成！！！
[2016-04-12 13:26:50] test_CommoditySort.py [Test Case:tearDown] [line:320]INFO:该条用例执行完毕
[2016-04-12 13:26:55] test_CommoditySort.py [Test Case:test_4modify_Sort] [line:260]INFO:开始执行用例...
[2016-04-12 13:26:59] test_CommoditySort.py [Test Case:to_CommoditySort] [line:54]INFO:等待页面刷新···
[2016-04-12 13:27:01] test_CommoditySort.py [Test Case:to_CommoditySort] [line:56]INFO:刷新完成！！！
[2016-04-12 13:27:06] test_CommoditySort.py [Test Case:searchbycode] [line:172]INFO:等待页面刷新···
[2016-04-12 13:27:06] test_CommoditySort.py [Test Case:searchbycode] [line:174]INFO:刷新完成！！！
[2016-04-12 13:27:13] test_CommoditySort.py [Test Case:searchbycode] [line:172]INFO:等待页面刷新···
[2016-04-12 13:27:13] test_CommoditySort.py [Test Case:searchbycode] [line:174]INFO:刷新完成！！！
[2016-04-12 13:27:14] test_CommoditySort.py [Test Case:tearDown] [line:320]INFO:该条用例执行完毕
[2016-04-12 13:27:18] test_CommoditySort.py [Test Case:test_5delete_Sort] [line:299]INFO:开始执行用例...
[2016-04-12 13:27:23] test_CommoditySort.py [Test Case:to_CommoditySort] [line:54]INFO:等待页面刷新···
[2016-04-12 13:27:25] test_CommoditySort.py [Test Case:to_CommoditySort] [line:56]INFO:刷新完成！！！
[2016-04-12 13:27:29] test_CommoditySort.py [Test Case:searchbycode] [line:172]INFO:等待页面刷新···
[2016-04-12 13:27:29] test_CommoditySort.py [Test Case:searchbycode] [line:174]INFO:刷新完成！！！
[2016-04-12 13:27:33] test_CommoditySort.py [Test Case:tearDown] [line:320]INFO:该条用例执行完毕
[2016-04-12 13:27:42] test_MeasureItem.py [Test Case:to_MeasureItem] [line:54]INFO:等待页面刷新···
[2016-04-12 13:27:44] test_MeasureItem.py [Test Case:to_MeasureItem] [line:57]INFO:刷新完成！！！
[2016-04-12 13:27:49] test_MeasureItem.py [Test Case:clickButton] [line:120]INFO:保存成功！
[2016-04-12 13:27:49] test_MeasureItem.py [Test Case:tearDown] [line:291]INFO:该条用例执行完毕！！！
[2016-04-12 13:27:58] test_MeasureItem.py [Test Case:to_MeasureItem] [line:54]INFO:等待页面刷新···
[2016-04-12 13:27:59] test_MeasureItem.py [Test Case:to_MeasureItem] [line:57]INFO:刷新完成！！！
[2016-04-12 13:28:03] test_MeasureItem.py [Test Case:tearDown] [line:291]INFO:该条用例执行完毕！！！
[2016-04-12 13:28:12] test_MeasureItem.py [Test Case:to_MeasureItem] [line:54]INFO:等待页面刷新···
[2016-04-12 13:28:12] test_MeasureItem.py [Test Case:to_MeasureItem] [line:57]INFO:刷新完成！！！
[2016-04-12 13:28:15] test_MeasureItem.py [Test Case:tearDown] [line:291]INFO:该条用例执行完毕！！！
[2016-04-12 13:28:25] test_MeasureItem.py [Test Case:to_MeasureItem] [line:54]INFO:等待页面刷新···
[2016-04-12 13:28:25] test_MeasureItem.py [Test Case:to_MeasureItem] [line:57]INFO:刷新完成！！！
[2016-04-12 13:28:28] test_MeasureItem.py [Test Case:tearDown] [line:291]INFO:该条用例执行完毕！！！
[2016-04-12 13:28:37] test_MeasureItem.py [Test Case:to_MeasureItem] [line:54]INFO:等待页面刷新···
[2016-04-12 13:28:38] test_MeasureItem.py [Test Case:to_MeasureItem] [line:57]INFO:刷新完成！！！
[2016-04-12 13:28:44] test_MeasureItem.py [Test Case:clickButton] [line:120]INFO:保存成功！
[2016-04-12 13:28:47] test_MeasureItem.py [Test Case:tearDown] [line:291]INFO:该条用例执行完毕！！！
[2016-04-12 13:28:56] test_MeasureItem.py [Test Case:to_MeasureItem] [line:54]INFO:等待页面刷新···
[2016-04-12 13:28:57] test_MeasureItem.py [Test Case:to_MeasureItem] [line:57]INFO:刷新完成！！！
[2016-04-12 13:29:03] test_MeasureItem.py [Test Case:clickButton] [line:98]INFO:删除成功
[2016-04-12 13:29:03] test_MeasureItem.py [Test Case:tearDown] [line:291]INFO:该条用例执行完毕！！！
[2016-04-12 13:29:12] test_SizeSetting.py [Test Case:to_SizeSetting] [line:54]INFO:等待页面刷新···
[2016-04-12 13:29:13] test_SizeSetting.py [Test Case:to_SizeSetting] [line:57]INFO:刷新完成！！！
[2016-04-12 13:29:17] test_SizeSetting.py [Test Case:tearDown] [line:291]INFO:该条用例执行完毕！！！
[2016-04-12 13:29:22] test_SizeSetting.py [Test Case:test_1search_BySizeCode] [line:183]INFO:开始执行用例...
[2016-04-12 13:29:26] test_SizeSetting.py [Test Case:to_SizeSetting] [line:54]INFO:等待页面刷新···
[2016-04-12 13:29:27] test_SizeSetting.py [Test Case:to_SizeSetting] [line:57]INFO:刷新完成！！！
[2016-04-12 13:29:31] test_SizeSetting.py [Test Case:tearDown] [line:291]INFO:该条用例执行完毕！！！
[2016-04-12 13:29:35] test_SizeSetting.py [Test Case:test_2search_BySizeName] [line:198]INFO:开始执行用例...
[2016-04-12 13:29:40] test_SizeSetting.py [Test Case:to_SizeSetting] [line:54]INFO:等待页面刷新···
[2016-04-12 13:29:41] test_SizeSetting.py [Test Case:to_SizeSetting] [line:57]INFO:刷新完成！！！
[2016-04-12 13:29:45] test_SizeSetting.py [Test Case:tearDown] [line:291]INFO:该条用例执行完毕！！！
[2016-04-12 13:29:49] test_SizeSetting.py [Test Case:test_3modify_Size] [line:223]INFO:开始执行用例...
[2016-04-12 13:29:54] test_SizeSetting.py [Test Case:to_SizeSetting] [line:54]INFO:等待页面刷新···
[2016-04-12 13:29:55] test_SizeSetting.py [Test Case:to_SizeSetting] [line:57]INFO:刷新完成！！！
[2016-04-12 13:30:04] test_SizeSetting.py [Test Case:tearDown] [line:291]INFO:该条用例执行完毕！！！
[2016-04-12 13:30:09] test_SizeSetting.py [Test Case:test_4delete_Size] [line:265]INFO:开始执行用例...
[2016-04-12 13:30:13] test_SizeSetting.py [Test Case:to_SizeSetting] [line:54]INFO:等待页面刷新···
[2016-04-12 13:30:14] test_SizeSetting.py [Test Case:to_SizeSetting] [line:57]INFO:刷新完成！！！
[2016-04-12 13:30:18] test_SizeSetting.py [Test Case:test_4delete_Size] [line:276]INFO:等待页面刷新···
[2016-04-12 13:30:18] test_SizeSetting.py [Test Case:test_4delete_Size] [line:278]INFO:刷新完成！！！
[2016-04-12 13:30:21] test_SizeSetting.py [Test Case:tearDown] [line:291]INFO:该条用例执行完毕！！！
[2016-04-12 13:30:30] test_SKUSet.py [Test Case:to_SKUset] [line:52]INFO:等待页面刷新···
[2016-04-12 13:30:33] test_SKUSet.py [Test Case:to_SKUset] [line:55]INFO:刷新完成！！！
[2016-04-12 13:30:47] test_SKUSet.py [Test Case:tearDown] [line:314]INFO:该条用例执行完毕！！！
[2016-04-12 13:30:56] test_SKUSet.py [Test Case:to_SKUset] [line:52]INFO:等待页面刷新···
[2016-04-12 13:30:59] test_SKUSet.py [Test Case:to_SKUset] [line:55]INFO:刷新完成！！！
[2016-04-12 13:31:07] test_SKUSet.py [Test Case:tearDown] [line:314]INFO:该条用例执行完毕！！！
[2016-04-12 13:31:16] test_SKUSet.py [Test Case:to_SKUset] [line:52]INFO:等待页面刷新···
[2016-04-12 13:31:19] test_SKUSet.py [Test Case:to_SKUset] [line:55]INFO:刷新完成！！！
[2016-04-12 13:31:57] test_SKUSet.py [Test Case:tearDown] [line:314]INFO:该条用例执行完毕！！！
