[2016-04-06 17:56:23] test_CustomizedOrders.py [Test Case:Test_CustomizedOrders] [line:19]INFO:~~~订制订单模块测试~~~
[2016-04-06 17:56:23] test_Measure_Data.py [Test Case:test_Measure_Data] [line:29]INFO:~~~商品档案模块测试~~~
[2016-04-06 17:56:23] test_Measure_WorkOrder.py [Test Case:test_Measure_WorkOrder] [line:35]INFO:~~~量体工单模块测试~~~
[2016-04-06 17:56:23] test_MemberInformation.py [Test Case:Test_MemberInformation] [line:22]INFO:~~~会员信息模块测试~~~
[2016-04-06 17:56:23] test_AdvertisingTheme.py [Test Case:test_AdvertisingTheme] [line:33]INFO:~~~广告主题模块测试~~~
[2016-04-06 17:56:23] test_BOMManage.py [Test Case:test_BOMManager] [line:32]INFO:~~~BOM管理模块测试~~~
[2016-04-06 17:56:23] test_ColorGroup.py [Test Case:test_ColorGroup] [line:28]INFO:~~~颜色组模块测试~~~
[2016-04-06 17:56:23] test_ColorSetting.py [Test Case:test_ColorSetting] [line:30]INFO:~~~颜色配置模块测试~~~
[2016-04-06 17:56:23] test_CommodityFile.py [Test Case:test_CommodityFile] [line:25]INFO:~~~商品档案模块测试~~~
[2016-04-06 17:56:23] test_CommoditySort.py [Test Case:test_CommoditySort] [line:29]INFO:~~~商品类别模块测试~~~
[2016-04-06 17:56:23] test_MeasureItem.py [Test Case:test_MeasureItem] [line:30]INFO:~~~量体项目模块测试~~~
[2016-04-06 17:56:23] test_SizeSetting.py [Test Case:test_SizeSetting] [line:29]INFO:~~~尺码配置模块测试~~~
[2016-04-06 17:56:23] test_SKUSet.py [Test Case:test_SKUSet] [line:28]INFO:~~~SKU设置模块测试~~~
[2016-04-06 17:56:23] test_ConstantSetting.py [Test Case:test_ConstantSetting] [line:32]INFO:~~~常数配置模块测试~~~
[2016-04-06 17:56:23] test_CustomExpress.py [Test Case:test_CustomExpress] [line:26]INFO:~~~自定义快递模块测试~~~
[2016-04-06 17:56:23] test_DefaultExpress.py [Test Case:test_DefaultExpress] [line:31]INFO:~~~默认快递模块测试~~~
[2016-04-06 17:56:23] test_Device.py [Test Case:test_Device] [line:29]INFO:~~~设备信息模块测试~~~
[2016-04-06 17:56:23] test_EmployeeInfo.py [Test Case:test_EmployeeInfo] [line:43]INFO:~~~人员信息模块测试~~~
[2016-04-06 17:56:23] test_Organization.py [Test Case:test_Organization] [line:28]INFO:~~~销售组织管理模块测试~~~
[2016-04-06 17:56:23] test_RoleInfo.py [Test Case:test_RoleInfo] [line:31]INFO:~~~商品类别模块测试~~~
[2016-04-06 17:56:23] test_UserInformation.py [Test Case:test_UserInformation] [line:29]INFO:~~~用户信息模块测试~~~
[2016-04-06 17:56:23] test_OfflinePromotion.py [Test Case:test_OfflinePromotion] [line:28]INFO:~~~线下促销模块测试~~~
[2016-04-06 17:56:23] test_OfflinePromotionRelation.py [Test Case:test_OfflinePromotionRelation] [line:24]INFO:~~~线下促销关系模块测试~~~
[2016-04-06 17:56:23] test_OnlinePromotion.py [Test Case:test_OnlinePromotion] [line:29]INFO:~~~线上促销模块测试~~~
[2016-04-06 17:56:23] test_OnlinePromotionRelation.py [Test Case:test_OlinePromotionRelation] [line:32]INFO:~~~线上促销关系模块测试~~~
[2016-04-06 17:56:35] test_CustomizedOrders.py [Test Case:test_0CommoditySeason_check] [line:145]INFO:开始执行用例...
[2016-04-06 17:56:40] test_OfflinePromotion.py [Test Case:to_OfflinePromotion] [line:54]INFO:等待页面刷新···
[2016-04-06 17:56:41] test_OfflinePromotion.py [Test Case:to_OfflinePromotion] [line:56]INFO:刷新完成！！！
[2016-04-06 17:56:42] test_CustomizedOrders.py [Test Case:to_CommodityOrder] [line:47]INFO:等待页面刷新···
[2016-04-06 17:56:44] test_AdvertisingTheme.py [Test Case:to_AdvertisingTheme] [line:59]INFO:等待页面刷新···
[2016-04-06 17:56:44] test_ConstantSetting.py [Test Case:to_ConstantSetting] [line:58]INFO:等待页面刷新···
[2016-04-06 17:56:45] test_ConstantSetting.py [Test Case:to_ConstantSetting] [line:61]INFO:刷新完成！！！
[2016-04-06 17:56:47] test_AdvertisingTheme.py [Test Case:to_AdvertisingTheme] [line:62]INFO:刷新完成！！！
[2016-04-06 17:56:50] test_CustomizedOrders.py [Test Case:to_CommodityOrder] [line:49]INFO:刷新完成！！！
[2016-04-06 17:56:51] test_ConstantSetting.py [Test Case:clickButton] [line:132]INFO:保存成功！
[2016-04-06 17:56:51] test_ConstantSetting.py [Test Case:tearDown] [line:326]INFO:该条用例执行完毕！！！
[2016-04-06 17:56:55] test_CustomizedOrders.py [Test Case:tearDown] [line:452]INFO:该条用例执行完毕！！！
[2016-04-06 17:56:56] test_AdvertisingTheme.py [Test Case:clickButton] [line:135]INFO:保存成功！
[2016-04-06 17:56:56] test_AdvertisingTheme.py [Test Case:tearDown] [line:380]INFO:该条用例执行完毕！！！
[2016-04-06 17:57:02] test_OfflinePromotion.py [Test Case:clickButton] [line:157]INFO:保存成功！
[2016-04-06 17:57:06] test_ConstantSetting.py [Test Case:to_ConstantSetting] [line:58]INFO:等待页面刷新···
[2016-04-06 17:57:07] test_ConstantSetting.py [Test Case:to_ConstantSetting] [line:61]INFO:刷新完成！！！
[2016-04-06 17:57:08] test_CustomizedOrders.py [Test Case:test_1search_by_OrderDate] [line:168]INFO:开始执行用例...
[2016-04-06 17:57:09] test_OfflinePromotion.py [Test Case:test_0add_Promotion] [line:280]INFO:刷新~~~
[2016-04-06 17:57:10] test_OfflinePromotion.py [Test Case:tearDown] [line:1103]INFO:该条用例执行执行完毕！！！
[2016-04-06 17:57:13] test_ConstantSetting.py [Test Case:tearDown] [line:326]INFO:该条用例执行完毕！！！
[2016-04-06 17:57:14] test_AdvertisingTheme.py [Test Case:to_AdvertisingTheme] [line:59]INFO:等待页面刷新···
[2016-04-06 17:57:15] test_CustomizedOrders.py [Test Case:to_CommodityOrder] [line:47]INFO:等待页面刷新···
[2016-04-06 17:57:16] test_AdvertisingTheme.py [Test Case:to_AdvertisingTheme] [line:62]INFO:刷新完成！！！
[2016-04-06 17:57:20] test_CustomizedOrders.py [Test Case:to_CommodityOrder] [line:49]INFO:刷新完成！！！
[2016-04-06 17:57:28] test_OfflinePromotion.py [Test Case:to_OfflinePromotion] [line:54]INFO:等待页面刷新···
[2016-04-06 17:57:28] test_ConstantSetting.py [Test Case:to_ConstantSetting] [line:58]INFO:等待页面刷新···
[2016-04-06 17:57:29] test_ConstantSetting.py [Test Case:to_ConstantSetting] [line:61]INFO:刷新完成！！！
[2016-04-06 17:57:29] test_OfflinePromotion.py [Test Case:to_OfflinePromotion] [line:56]INFO:刷新完成！！！
[2016-04-06 17:57:31] test_CustomizedOrders.py [Test Case:tearDown] [line:452]INFO:该条用例执行完毕！！！
[2016-04-06 17:57:32] test_ConstantSetting.py [Test Case:tearDown] [line:326]INFO:该条用例执行完毕！！！
[2016-04-06 17:57:38] test_AdvertisingTheme.py [Test Case:tearDown] [line:380]INFO:该条用例执行完毕！！！
[2016-04-06 17:57:39] test_CustomizedOrders.py [Test Case:test_2search_by_TheOrderNumber] [line:225]INFO:开始执行用例...
[2016-04-06 17:57:45] test_CustomizedOrders.py [Test Case:to_CommodityOrder] [line:47]INFO:等待页面刷新···
[2016-04-06 17:57:46] test_ConstantSetting.py [Test Case:to_ConstantSetting] [line:58]INFO:等待页面刷新···
[2016-04-06 17:57:47] test_ConstantSetting.py [Test Case:to_ConstantSetting] [line:61]INFO:刷新完成！！！
[2016-04-06 17:57:49] test_OfflinePromotion.py [Test Case:tearDown] [line:1103]INFO:该条用例执行执行完毕！！！
[2016-04-06 17:57:51] test_CustomizedOrders.py [Test Case:to_CommodityOrder] [line:49]INFO:刷新完成！！！
[2016-04-06 17:57:53] test_ConstantSetting.py [Test Case:clickButton] [line:132]INFO:保存成功！
[2016-04-06 17:57:54] test_ConstantSetting.py [Test Case:tearDown] [line:326]INFO:该条用例执行完毕！！！
[2016-04-06 17:57:56] test_AdvertisingTheme.py [Test Case:to_AdvertisingTheme] [line:59]INFO:等待页面刷新···
[2016-04-06 17:57:58] test_AdvertisingTheme.py [Test Case:to_AdvertisingTheme] [line:62]INFO:刷新完成！！！
[2016-04-06 17:58:01] test_CustomizedOrders.py [Test Case:tearDown] [line:452]INFO:该条用例执行完毕！！！
[2016-04-06 17:58:02] test_AdvertisingTheme.py [Test Case:tearDown] [line:380]INFO:该条用例执行完毕！！！
[2016-04-06 17:58:04] test_OfflinePromotion.py [Test Case:to_OfflinePromotion] [line:54]INFO:等待页面刷新···
[2016-04-06 17:58:05] test_OfflinePromotion.py [Test Case:to_OfflinePromotion] [line:56]INFO:刷新完成！！！
[2016-04-06 17:58:10] test_ConstantSetting.py [Test Case:to_ConstantSetting] [line:58]INFO:等待页面刷新···
[2016-04-06 17:58:10] test_ConstantSetting.py [Test Case:to_ConstantSetting] [line:61]INFO:刷新完成！！！
[2016-04-06 17:58:15] test_OfflinePromotion.py [Test Case:tearDown] [line:1103]INFO:该条用例执行执行完毕！！！
[2016-04-06 17:58:20] test_CustomizedOrders.py [Test Case:to_CommodityOrder] [line:47]INFO:等待页面刷新···
[2016-04-06 17:58:20] test_AdvertisingTheme.py [Test Case:to_AdvertisingTheme] [line:59]INFO:等待页面刷新···
[2016-04-06 17:58:21] test_ConstantSetting.py [Test Case:clickButton] [line:132]INFO:保存成功！
[2016-04-06 17:58:23] test_AdvertisingTheme.py [Test Case:to_AdvertisingTheme] [line:62]INFO:刷新完成！！！
[2016-04-06 17:58:26] test_CustomizedOrders.py [Test Case:to_CommodityOrder] [line:49]INFO:刷新完成！！！
[2016-04-06 17:58:26] test_ConstantSetting.py [Test Case:tearDown] [line:326]INFO:该条用例执行完毕！！！
[2016-04-06 17:58:29] test_AdvertisingTheme.py [Test Case:clickButton] [line:135]INFO:保存成功！
[2016-04-06 17:58:29] test_AdvertisingTheme.py [Test Case:tearDown] [line:380]INFO:该条用例执行完毕！！！
[2016-04-06 17:58:32] test_OfflinePromotion.py [Test Case:to_OfflinePromotion] [line:54]INFO:等待页面刷新···
[2016-04-06 17:58:34] test_OfflinePromotion.py [Test Case:to_OfflinePromotion] [line:56]INFO:刷新完成！！！
[2016-04-06 17:58:36] test_CustomizedOrders.py [Test Case:tearDown] [line:452]INFO:该条用例执行完毕！！！
[2016-04-06 17:58:37] test_OfflinePromotion.py [Test Case:tearDown] [line:1103]INFO:该条用例执行执行完毕！！！
[2016-04-06 17:58:38] test_ConstantSetting.py [Test Case:to_ConstantSetting] [line:58]INFO:等待页面刷新···
[2016-04-06 17:58:39] test_ConstantSetting.py [Test Case:to_ConstantSetting] [line:61]INFO:刷新完成！！！
[2016-04-06 17:58:44] test_AdvertisingTheme.py [Test Case:to_AdvertisingTheme] [line:59]INFO:等待页面刷新···
[2016-04-06 17:58:46] test_CustomizedOrders.py [Test Case:test_4search_by_TheOrderStatus] [line:284]INFO:开始执行用例...
[2016-04-06 17:58:47] test_AdvertisingTheme.py [Test Case:to_AdvertisingTheme] [line:62]INFO:刷新完成！！！
[2016-04-06 17:58:48] test_ConstantSetting.py [Test Case:clickButton] [line:106]INFO:删除成功
[2016-04-06 17:58:48] test_ConstantSetting.py [Test Case:tearDown] [line:326]INFO:该条用例执行完毕！！！
[2016-04-06 17:58:54] test_AdvertisingTheme.py [Test Case:clickButton] [line:135]INFO:保存成功！
[2016-04-06 17:58:54] test_AdvertisingTheme.py [Test Case:tearDown] [line:380]INFO:该条用例执行完毕！！！
[2016-04-06 17:58:56] test_CustomizedOrders.py [Test Case:to_CommodityOrder] [line:47]INFO:等待页面刷新···
[2016-04-06 17:58:56] test_OfflinePromotion.py [Test Case:to_OfflinePromotion] [line:54]INFO:等待页面刷新···
[2016-04-06 17:58:57] test_OfflinePromotion.py [Test Case:to_OfflinePromotion] [line:56]INFO:刷新完成！！！
[2016-04-06 17:59:02] test_CustomizedOrders.py [Test Case:to_CommodityOrder] [line:49]INFO:刷新完成！！！
[2016-04-06 17:59:05] test_CustomExpress.py [Test Case:to_CustomExpress] [line:51]INFO:等待页面刷新···
[2016-04-06 17:59:06] test_OfflinePromotion.py [Test Case:tearDown] [line:1103]INFO:该条用例执行执行完毕！！！
[2016-04-06 17:59:07] test_CustomExpress.py [Test Case:to_CustomExpress] [line:54]INFO:刷新完成！！！
[2016-04-06 17:59:11] test_BOMManage.py [Test Case:to_BOMManager] [line:58]INFO:等待页面刷新···
[2016-04-06 17:59:12] test_CustomizedOrders.py [Test Case:tearDown] [line:452]INFO:该条用例执行完毕！！！
[2016-04-06 17:59:14] test_BOMManage.py [Test Case:to_BOMManager] [line:61]INFO:刷新完成！！！
[2016-04-06 17:59:14] test_CustomExpress.py [Test Case:test_1search_byTemplateType] [line:289]INFO:等待页面刷新···
[2016-04-06 17:59:14] test_CustomExpress.py [Test Case:test_1search_byTemplateType] [line:292]INFO:刷新完成！！！
[2016-04-06 17:59:15] test_CustomExpress.py [Test Case:tearDown] [line:500]INFO:该条用例执行完毕！！！
[2016-04-06 17:59:20] test_OfflinePromotion.py [Test Case:to_OfflinePromotion] [line:54]INFO:等待页面刷新···
[2016-04-06 17:59:21] test_OfflinePromotion.py [Test Case:to_OfflinePromotion] [line:56]INFO:刷新完成！！！
[2016-04-06 17:59:22] test_CustomizedOrders.py [Test Case:test_5search_by_PaymentStatus] [line:319]INFO:开始执行用例...
[2016-04-06 17:59:24] test_BOMManage.py [Test Case:clickButton] [line:136]INFO:保存成功！
[2016-04-06 17:59:24] test_BOMManage.py [Test Case:tearDown] [line:334]INFO:该条用例执行完毕！！！
[2016-04-06 17:59:25] test_OfflinePromotion.py [Test Case:tearDown] [line:1103]INFO:该条用例执行执行完毕！！！
[2016-04-06 17:59:28] test_CustomizedOrders.py [Test Case:to_CommodityOrder] [line:47]INFO:等待页面刷新···
[2016-04-06 17:59:34] test_CustomExpress.py [Test Case:to_CustomExpress] [line:51]INFO:等待页面刷新···
[2016-04-06 17:59:34] test_CustomizedOrders.py [Test Case:to_CommodityOrder] [line:49]INFO:刷新完成！！！
[2016-04-06 17:59:35] test_CustomExpress.py [Test Case:to_CustomExpress] [line:54]INFO:刷新完成！！！
[2016-04-06 17:59:42] test_BOMManage.py [Test Case:to_BOMManager] [line:58]INFO:等待页面刷新···
[2016-04-06 17:59:44] test_OfflinePromotion.py [Test Case:to_OfflinePromotion] [line:54]INFO:等待页面刷新···
[2016-04-06 17:59:44] test_CustomExpress.py [Test Case:test_2search_byExpressType] [line:363]INFO:等待页面刷新···
[2016-04-06 17:59:44] test_CustomExpress.py [Test Case:test_2search_byExpressType] [line:367]INFO:刷新完成！！！
[2016-04-06 17:59:45] test_BOMManage.py [Test Case:to_BOMManager] [line:61]INFO:刷新完成！！！
[2016-04-06 17:59:45] test_OfflinePromotion.py [Test Case:to_OfflinePromotion] [line:56]INFO:刷新完成！！！
[2016-04-06 17:59:45] test_CustomExpress.py [Test Case:tearDown] [line:500]INFO:该条用例执行完毕！！！
[2016-04-06 17:59:47] test_CustomizedOrders.py [Test Case:tearDown] [line:452]INFO:该条用例执行完毕！！！
[2016-04-06 17:59:49] test_OfflinePromotion.py [Test Case:tearDown] [line:1103]INFO:该条用例执行执行完毕！！！
[2016-04-06 17:59:51] test_BOMManage.py [Test Case:tearDown] [line:334]INFO:该条用例执行完毕！！！
[2016-04-06 17:59:58] test_CustomExpress.py [Test Case:to_CustomExpress] [line:51]INFO:等待页面刷新···
[2016-04-06 17:59:58] test_CustomizedOrders.py [Test Case:test_6search_by_TheConsignee] [line:362]INFO:开始执行用例...
[2016-04-06 18:00:00] test_CustomExpress.py [Test Case:to_CustomExpress] [line:54]INFO:刷新完成！！！
[2016-04-06 18:00:06] test_CustomizedOrders.py [Test Case:to_CommodityOrder] [line:47]INFO:等待页面刷新···
[2016-04-06 18:00:07] test_CustomExpress.py [Test Case:test_3search_byStoreName] [line:396]INFO:等待页面刷新···
[2016-04-06 18:00:07] test_CustomExpress.py [Test Case:test_3search_byStoreName] [line:400]INFO:刷新完成！！！
[2016-04-06 18:00:07] test_CustomExpress.py [Test Case:tearDown] [line:500]INFO:该条用例执行完毕！！！
[2016-04-06 18:00:09] test_OfflinePromotion.py [Test Case:to_OfflinePromotion] [line:54]INFO:等待页面刷新···
[2016-04-06 18:00:11] test_OfflinePromotion.py [Test Case:to_OfflinePromotion] [line:56]INFO:刷新完成！！！
[2016-04-06 18:00:12] test_CustomizedOrders.py [Test Case:to_CommodityOrder] [line:49]INFO:刷新完成！！！
[2016-04-06 18:00:13] test_BOMManage.py [Test Case:to_BOMManager] [line:58]INFO:等待页面刷新···
[2016-04-06 18:00:17] test_BOMManage.py [Test Case:to_BOMManager] [line:61]INFO:刷新完成！！！
[2016-04-06 18:00:20] test_OfflinePromotion.py [Test Case:tearDown] [line:1103]INFO:该条用例执行执行完毕！！！
[2016-04-06 18:00:22] test_CustomizedOrders.py [Test Case:tearDown] [line:452]INFO:该条用例执行完毕！！！
[2016-04-06 18:00:23] test_CustomExpress.py [Test Case:to_CustomExpress] [line:51]INFO:等待页面刷新···
[2016-04-06 18:00:25] test_CustomExpress.py [Test Case:to_CustomExpress] [line:54]INFO:刷新完成！！！
[2016-04-06 18:00:26] test_BOMManage.py [Test Case:tearDown] [line:334]INFO:该条用例执行完毕！！！
[2016-04-06 18:00:31] test_CustomExpress.py [Test Case:clickButton] [line:131]INFO:保存成功！
[2016-04-06 18:00:31] test_CustomExpress.py [Test Case:tearDown] [line:500]INFO:该条用例执行完毕！！！
[2016-04-06 18:00:32] test_CustomizedOrders.py [Test Case:test_7search_by_ConsigneePhone] [line:392]INFO:开始执行用例...
[2016-04-06 18:00:38] test_CustomizedOrders.py [Test Case:to_CommodityOrder] [line:47]INFO:等待页面刷新···
[2016-04-06 18:00:39] test_OfflinePromotion.py [Test Case:to_OfflinePromotion] [line:54]INFO:等待页面刷新···
[2016-04-06 18:00:41] test_OfflinePromotion.py [Test Case:to_OfflinePromotion] [line:56]INFO:刷新完成！！！
[2016-04-06 18:00:44] test_CustomizedOrders.py [Test Case:to_CommodityOrder] [line:49]INFO:刷新完成！！！
[2016-04-06 18:00:46] test_BOMManage.py [Test Case:to_BOMManager] [line:58]INFO:等待页面刷新···
[2016-04-06 18:00:49] test_BOMManage.py [Test Case:to_BOMManager] [line:61]INFO:刷新完成！！！
[2016-04-06 18:00:51] test_CustomExpress.py [Test Case:to_CustomExpress] [line:51]INFO:等待页面刷新···
[2016-04-06 18:00:53] test_CustomExpress.py [Test Case:to_CustomExpress] [line:54]INFO:刷新完成！！！
[2016-04-06 18:00:54] test_CustomizedOrders.py [Test Case:tearDown] [line:452]INFO:该条用例执行完毕！！！
[2016-04-06 18:00:58] test_OfflinePromotion.py [Test Case:Delete_And_Add_Assert] [line:81]INFO:保存成功！
[2016-04-06 18:00:59] test_CustomExpress.py [Test Case:clickButton] [line:131]INFO:保存成功！
[2016-04-06 18:00:59] test_CustomExpress.py [Test Case:test_5modify_CustomExpress] [line:459]INFO:等待页面刷新···
[2016-04-06 18:00:59] test_CustomExpress.py [Test Case:test_5modify_CustomExpress] [line:463]INFO:刷新完成！！！
[2016-04-06 18:01:00] test_CustomExpress.py [Test Case:tearDown] [line:500]INFO:该条用例执行完毕！！！
[2016-04-06 18:01:01] test_CustomizedOrders.py [Test Case:test_8search_by_Store] [line:424]INFO:开始执行用例...
[2016-04-06 18:01:06] test_CustomizedOrders.py [Test Case:to_CommodityOrder] [line:47]INFO:等待页面刷新···
[2016-04-06 18:01:06] test_OfflinePromotion.py [Test Case:Delete_And_Add_Assert] [line:81]INFO:保存成功！
[2016-04-06 18:01:07] test_OfflinePromotion.py [Test Case:tearDown] [line:1103]INFO:该条用例执行执行完毕！！！
[2016-04-06 18:01:11] test_CustomizedOrders.py [Test Case:to_CommodityOrder] [line:49]INFO:刷新完成！！！
[2016-04-06 18:01:14] test_DefaultExpress.py [Test Case:to_DefaultExpress] [line:56]INFO:等待页面刷新···
[2016-04-06 18:01:15] test_DefaultExpress.py [Test Case:to_DefaultExpress] [line:59]INFO:刷新完成！！！
[2016-04-06 18:01:19] test_DefaultExpress.py [Test Case:clickButton] [line:130]INFO:保存成功！
[2016-04-06 18:01:19] test_DefaultExpress.py [Test Case:tearDown] [line:309]INFO:该条用例执行完毕！！！
[2016-04-06 18:01:21] test_CustomizedOrders.py [Test Case:tearDown] [line:452]INFO:该条用例执行完毕！！！
[2016-04-06 18:01:21] test_OfflinePromotion.py [Test Case:to_OfflinePromotion] [line:54]INFO:等待页面刷新···
[2016-04-06 18:01:23] test_OfflinePromotion.py [Test Case:to_OfflinePromotion] [line:56]INFO:刷新完成！！！
[2016-04-06 18:01:31] test_DefaultExpress.py [Test Case:to_DefaultExpress] [line:56]INFO:等待页面刷新···
[2016-04-06 18:01:32] test_DefaultExpress.py [Test Case:to_DefaultExpress] [line:59]INFO:刷新完成！！！
[2016-04-06 18:01:34] test_BOMManage.py [Test Case:tearDown] [line:334]INFO:该条用例执行完毕！！！
[2016-04-06 18:01:35] test_OfflinePromotion.py [Test Case:tearDown] [line:1103]INFO:该条用例执行执行完毕！！！
[2016-04-06 18:01:35] test_DefaultExpress.py [Test Case:tearDown] [line:309]INFO:该条用例执行完毕！！！
[2016-04-06 18:01:51] test_BOMManage.py [Test Case:to_BOMManager] [line:58]INFO:等待页面刷新···
[2016-04-06 18:01:52] test_Measure_Data.py [Test Case:tearDown] [line:256]INFO:该条用例执行完毕！！！
[2016-04-06 18:01:55] test_OfflinePromotion.py [Test Case:to_OfflinePromotion] [line:54]INFO:等待页面刷新···
[2016-04-06 18:01:55] test_DefaultExpress.py [Test Case:to_DefaultExpress] [line:56]INFO:等待页面刷新···
[2016-04-06 18:01:55] test_BOMManage.py [Test Case:to_BOMManager] [line:61]INFO:刷新完成！！！
[2016-04-06 18:01:56] test_DefaultExpress.py [Test Case:to_DefaultExpress] [line:59]INFO:刷新完成！！！
[2016-04-06 18:01:56] test_OfflinePromotion.py [Test Case:to_OfflinePromotion] [line:56]INFO:刷新完成！！！
[2016-04-06 18:01:59] test_DefaultExpress.py [Test Case:tearDown] [line:309]INFO:该条用例执行完毕！！！
[2016-04-06 18:02:03] test_BOMManage.py [Test Case:clickButton] [line:136]INFO:保存成功！
[2016-04-06 18:02:03] test_BOMManage.py [Test Case:tearDown] [line:334]INFO:该条用例执行完毕！！！
[2016-04-06 18:02:14] test_Measure_Data.py [Test Case:tearDown] [line:256]INFO:该条用例执行完毕！！！
[2016-04-06 18:02:16] test_DefaultExpress.py [Test Case:to_DefaultExpress] [line:56]INFO:等待页面刷新···
[2016-04-06 18:02:17] test_DefaultExpress.py [Test Case:to_DefaultExpress] [line:59]INFO:刷新完成！！！
[2016-04-06 18:02:20] test_BOMManage.py [Test Case:to_BOMManager] [line:58]INFO:等待页面刷新···
[2016-04-06 18:02:21] test_DefaultExpress.py [Test Case:clickButton] [line:130]INFO:保存成功！
[2016-04-06 18:02:21] test_DefaultExpress.py [Test Case:tearDown] [line:309]INFO:该条用例执行完毕！！！
[2016-04-06 18:02:22] test_BOMManage.py [Test Case:to_BOMManager] [line:61]INFO:刷新完成！！！
[2016-04-06 18:02:26] test_BOMManage.py [Test Case:clickButton] [line:108]INFO:删除成功
[2016-04-06 18:02:26] test_BOMManage.py [Test Case:tearDown] [line:334]INFO:该条用例执行完毕！！！
[2016-04-06 18:02:34] test_ColorGroup.py [Test Case:test_0add_ColorGroup] [line:143]INFO:开始执行测试...
[2016-04-06 18:02:34] test_DefaultExpress.py [Test Case:to_DefaultExpress] [line:56]INFO:等待页面刷新···
[2016-04-06 18:02:35] test_DefaultExpress.py [Test Case:to_DefaultExpress] [line:59]INFO:刷新完成！！！
[2016-04-06 18:02:35] test_Measure_Data.py [Test Case:tearDown] [line:256]INFO:该条用例执行完毕！！！
[2016-04-06 18:02:39] test_OfflinePromotion.py [Test Case:tearDown] [line:1103]INFO:该条用例执行执行完毕！！！
[2016-04-06 18:02:40] test_ColorGroup.py [Test Case:to_ColorGroup] [line:52]INFO:等待页面刷新···
[2016-04-06 18:02:41] test_ColorGroup.py [Test Case:to_ColorGroup] [line:55]INFO:刷新完成！！！
[2016-04-06 18:02:42] test_DefaultExpress.py [Test Case:clickButton] [line:130]INFO:保存成功！
[2016-04-06 18:02:45] test_DefaultExpress.py [Test Case:tearDown] [line:309]INFO:该条用例执行完毕！！！
[2016-04-06 18:02:47] test_ColorGroup.py [Test Case:clickButton] [line:127]INFO:保存成功！
[2016-04-06 18:02:47] test_ColorGroup.py [Test Case:tearDown] [line:313]INFO:该条用例执行完毕！！！
[2016-04-06 18:02:56] test_OfflinePromotion.py [Test Case:to_OfflinePromotion] [line:54]INFO:等待页面刷新···
[2016-04-06 18:02:57] test_OfflinePromotion.py [Test Case:to_OfflinePromotion] [line:56]INFO:刷新完成！！！
[2016-04-06 18:03:01] test_Measure_Data.py [Test Case:tearDown] [line:256]INFO:该条用例执行完毕！！！
[2016-04-06 18:03:04] test_DefaultExpress.py [Test Case:to_DefaultExpress] [line:56]INFO:等待页面刷新···
[2016-04-06 18:03:05] test_ColorGroup.py [Test Case:to_ColorGroup] [line:52]INFO:等待页面刷新···
[2016-04-06 18:03:05] test_DefaultExpress.py [Test Case:to_DefaultExpress] [line:59]INFO:刷新完成！！！
[2016-04-06 18:03:05] test_ColorGroup.py [Test Case:to_ColorGroup] [line:55]INFO:刷新完成！！！
[2016-04-06 18:03:09] test_ColorGroup.py [Test Case:tearDown] [line:313]INFO:该条用例执行完毕！！！
[2016-04-06 18:03:12] test_DefaultExpress.py [Test Case:clickButton] [line:104]INFO:删除成功
[2016-04-06 18:03:12] test_DefaultExpress.py [Test Case:tearDown] [line:309]INFO:该条用例执行完毕！！！
[2016-04-06 18:03:15] test_OfflinePromotion.py [Test Case:Delete_And_Add_Assert] [line:73]INFO:删除成功
[2016-04-06 18:03:18] test_OfflinePromotion.py [Test Case:Delete_And_Add_Assert] [line:73]INFO:删除成功
[2016-04-06 18:03:18] test_OfflinePromotion.py [Test Case:tearDown] [line:1103]INFO:该条用例执行执行完毕！！！
[2016-04-06 18:03:19] test_ColorGroup.py [Test Case:test_2search_ByCGroupName] [line:219]INFO:开始执行测试...
[2016-04-06 18:03:20] test_Device.py [Test Case:test_0add_Device] [line:134]INFO:开始执行用例...
[2016-04-06 18:03:24] test_ColorGroup.py [Test Case:to_ColorGroup] [line:52]INFO:等待页面刷新···
[2016-04-06 18:03:26] test_ColorGroup.py [Test Case:to_ColorGroup] [line:55]INFO:刷新完成！！！
[2016-04-06 18:03:29] test_ColorGroup.py [Test Case:tearDown] [line:313]INFO:该条用例执行完毕！！！
[2016-04-06 18:03:30] test_Device.py [Test Case:to_Device] [line:55]INFO:等待页面刷新···
[2016-04-06 18:03:32] test_Device.py [Test Case:to_Device] [line:58]INFO:刷新完成！！！
[2016-04-06 18:03:34] test_OfflinePromotion.py [Test Case:to_OfflinePromotion] [line:54]INFO:等待页面刷新···
[2016-04-06 18:03:35] test_Measure_Data.py [Test Case:tearDown] [line:256]INFO:该条用例执行完毕！！！
[2016-04-06 18:03:36] test_OfflinePromotion.py [Test Case:to_OfflinePromotion] [line:56]INFO:刷新完成！！！
[2016-04-06 18:03:37] test_ColorGroup.py [Test Case:test_3modify_ColorGroup] [line:244]INFO:开始执行测试...
[2016-04-06 18:03:39] test_Device.py [Test Case:clickButton] [line:120]INFO:保存成功！
[2016-04-06 18:03:40] test_Device.py [Test Case:tearDown] [line:413]INFO:该条用例执行完毕！！！
[2016-04-06 18:03:43] test_ColorGroup.py [Test Case:to_ColorGroup] [line:52]INFO:等待页面刷新···
[2016-04-06 18:03:44] test_ColorGroup.py [Test Case:to_ColorGroup] [line:55]INFO:刷新完成！！！
[2016-04-06 18:03:51] test_Device.py [Test Case:test_1search_byDeviceName] [line:180]INFO:开始执行用例...
[2016-04-06 18:03:53] test_ColorGroup.py [Test Case:clickButton] [line:127]INFO:保存成功！
[2016-04-06 18:03:54] test_ColorGroup.py [Test Case:tearDown] [line:313]INFO:该条用例执行完毕！！！
[2016-04-06 18:03:55] test_OfflinePromotion.py [Test Case:Delete_And_Add_Assert] [line:81]INFO:保存成功！
[2016-04-06 18:03:56] test_OfflinePromotion.py [Test Case:tearDown] [line:1103]INFO:该条用例执行执行完毕！！！
[2016-04-06 18:03:58] test_Device.py [Test Case:to_Device] [line:55]INFO:等待页面刷新···
[2016-04-06 18:04:02] test_ColorGroup.py [Test Case:test_4import_ColorGroup] [line:282]INFO:开始执行测试...
[2016-04-06 18:04:02] test_Measure_Data.py [Test Case:tearDown] [line:256]INFO:该条用例执行完毕！！！
[2016-04-06 18:04:03] test_Device.py [Test Case:to_Device] [line:58]INFO:刷新完成！！！
[2016-04-06 18:04:10] test_ColorGroup.py [Test Case:to_ColorGroup] [line:52]INFO:等待页面刷新···
[2016-04-06 18:04:11] test_ColorGroup.py [Test Case:to_ColorGroup] [line:55]INFO:刷新完成！！！
[2016-04-06 18:04:11] test_Device.py [Test Case:tearDown] [line:413]INFO:该条用例执行完毕！！！
[2016-04-06 18:04:13] test_ColorGroup.py [Test Case:tearDown] [line:313]INFO:该条用例执行完毕！！！
[2016-04-06 18:04:14] test_Measure_WorkOrder.py [Test Case:test_0add_WorkOrder] [line:144]INFO:开始执行测试...
[2016-04-06 18:04:15] test_OfflinePromotion.py [Test Case:to_OfflinePromotion] [line:54]INFO:等待页面刷新···
[2016-04-06 18:04:16] test_OfflinePromotion.py [Test Case:to_OfflinePromotion] [line:56]INFO:刷新完成！！！
[2016-04-06 18:04:20] test_Measure_WorkOrder.py [Test Case:to_measureWorkOrder] [line:709]INFO:等待页面刷新···
[2016-04-06 18:04:21] test_Device.py [Test Case:test_2search_byDeviceCode] [line:260]INFO:开始执行用例...
[2016-04-06 18:04:26] test_Measure_WorkOrder.py [Test Case:to_measureWorkOrder] [line:711]INFO:刷新完成！！！
[2016-04-06 18:04:31] test_Device.py [Test Case:to_Device] [line:55]INFO:等待页面刷新···
[2016-04-06 18:04:31] test_ColorGroup.py [Test Case:to_ColorGroup] [line:52]INFO:等待页面刷新···
[2016-04-06 18:04:32] test_ColorGroup.py [Test Case:to_ColorGroup] [line:55]INFO:刷新完成！！！
[2016-04-06 18:04:32] test_Measure_WorkOrder.py [Test Case:test_0add_WorkOrder] [line:162]INFO:等待页面刷新···
[2016-04-06 18:04:33] test_OfflinePromotion.py [Test Case:Delete_And_Add_Assert] [line:73]INFO:删除成功
[2016-04-06 18:04:33] test_Measure_WorkOrder.py [Test Case:test_0add_WorkOrder] [line:164]INFO:刷新完成！！！
[2016-04-06 18:04:33] test_OfflinePromotion.py [Test Case:tearDown] [line:1103]INFO:该条用例执行执行完毕！！！
[2016-04-06 18:04:34] test_Device.py [Test Case:to_Device] [line:58]INFO:刷新完成！！！
[2016-04-06 18:04:40] test_ColorGroup.py [Test Case:clickButton] [line:101]INFO:删除成功
[2016-04-06 18:04:40] test_ColorGroup.py [Test Case:tearDown] [line:313]INFO:该条用例执行完毕！！！
[2016-04-06 18:04:43] test_Device.py [Test Case:tearDown] [line:413]INFO:该条用例执行完毕！！！
[2016-04-06 18:04:47] test_OfflinePromotion.py [Test Case:to_OfflinePromotion] [line:54]INFO:等待页面刷新···
[2016-04-06 18:04:49] test_OfflinePromotion.py [Test Case:to_OfflinePromotion] [line:56]INFO:刷新完成！！！
[2016-04-06 18:04:51] test_Measure_WorkOrder.py [Test Case:tearDown] [line:718]INFO:该条用例执行完毕！！！
[2016-04-06 18:04:56] test_ColorSetting.py [Test Case:to_ColorSetting] [line:55]INFO:等待页面刷新···
[2016-04-06 18:04:57] test_ColorSetting.py [Test Case:to_ColorSetting] [line:58]INFO:刷新完成！！！
[2016-04-06 18:04:59] test_Device.py [Test Case:to_Device] [line:55]INFO:等待页面刷新···
[2016-04-06 18:05:01] test_Measure_WorkOrder.py [Test Case:test_1look_WorkOrder] [line:279]INFO:开始执行测试...
[2016-04-06 18:05:02] test_Device.py [Test Case:to_Device] [line:58]INFO:刷新完成！！！
[2016-04-06 18:05:03] test_ColorSetting.py [Test Case:tearDown] [line:414]INFO:该条用例执行完毕！！！
[2016-04-06 18:05:06] test_OfflinePromotion.py [Test Case:Delete_And_Add_Assert] [line:81]INFO:保存成功！
[2016-04-06 18:05:07] test_Measure_WorkOrder.py [Test Case:to_measureWorkOrder] [line:709]INFO:等待页面刷新···
[2016-04-06 18:05:08] test_OfflinePromotion.py [Test Case:tearDown] [line:1103]INFO:该条用例执行执行完毕！！！
[2016-04-06 18:05:08] test_Device.py [Test Case:tearDown] [line:413]INFO:该条用例执行完毕！！！
[2016-04-06 18:05:12] test_Measure_WorkOrder.py [Test Case:to_measureWorkOrder] [line:711]INFO:刷新完成！！！
[2016-04-06 18:05:16] test_ColorSetting.py [Test Case:to_ColorSetting] [line:55]INFO:等待页面刷新···
[2016-04-06 18:05:18] test_ColorSetting.py [Test Case:to_ColorSetting] [line:58]INFO:刷新完成！！！
[2016-04-06 18:05:19] test_ColorSetting.py [Test Case:test_1search_ByColorCode] [line:213]INFO:等待页面刷新···
[2016-04-06 18:05:19] test_ColorSetting.py [Test Case:test_1search_ByColorCode] [line:216]INFO:刷新完成！！！
[2016-04-06 18:05:19] test_Device.py [Test Case:test_4search_byDeviceType] [line:300]INFO:开始执行用例...
[2016-04-06 18:05:21] test_Measure_WorkOrder.py [Test Case:tearDown] [line:718]INFO:该条用例执行完毕！！！
[2016-04-06 18:05:27] test_OfflinePromotion.py [Test Case:to_OfflinePromotion] [line:54]INFO:等待页面刷新···
[2016-04-06 18:05:27] test_Device.py [Test Case:to_Device] [line:55]INFO:等待页面刷新···
[2016-04-06 18:05:28] test_ColorSetting.py [Test Case:tearDown] [line:414]INFO:该条用例执行完毕！！！
[2016-04-06 18:05:29] test_OfflinePromotion.py [Test Case:to_OfflinePromotion] [line:56]INFO:刷新完成！！！
[2016-04-06 18:05:30] test_Device.py [Test Case:to_Device] [line:58]INFO:刷新完成！！！
[2016-04-06 18:05:31] test_Measure_WorkOrder.py [Test Case:test_2search_ByWorkOrder] [line:327]INFO:开始执行测试...
[2016-04-06 18:05:36] test_Measure_WorkOrder.py [Test Case:to_measureWorkOrder] [line:709]INFO:等待页面刷新···
[2016-04-06 18:05:42] test_Measure_WorkOrder.py [Test Case:to_measureWorkOrder] [line:711]INFO:刷新完成！！！
[2016-04-06 18:05:44] test_ColorSetting.py [Test Case:to_ColorSetting] [line:55]INFO:等待页面刷新···
[2016-04-06 18:05:45] test_OfflinePromotion.py [Test Case:Delete_And_Add_Assert] [line:73]INFO:删除成功
[2016-04-06 18:05:45] test_OfflinePromotion.py [Test Case:tearDown] [line:1103]INFO:该条用例执行执行完毕！！！
[2016-04-06 18:05:45] test_ColorSetting.py [Test Case:to_ColorSetting] [line:58]INFO:刷新完成！！！
[2016-04-06 18:05:45] test_Device.py [Test Case:tearDown] [line:413]INFO:该条用例执行完毕！！！
[2016-04-06 18:05:49] test_ColorSetting.py [Test Case:tearDown] [line:414]INFO:该条用例执行完毕！！！
[2016-04-06 18:05:51] test_Measure_WorkOrder.py [Test Case:tearDown] [line:718]INFO:该条用例执行完毕！！！
[2016-04-06 18:05:54] test_Device.py [Test Case:test_5search_byOrgType] [line:325]INFO:开始执行用例...
[2016-04-06 18:06:03] test_OfflinePromotion.py [Test Case:to_OfflinePromotion] [line:54]INFO:等待页面刷新···
[2016-04-06 18:06:03] test_Measure_WorkOrder.py [Test Case:test_3search_ByAppointmentTime] [line:341]INFO:开始执行测试...
[2016-04-06 18:06:04] test_Device.py [Test Case:to_Device] [line:55]INFO:等待页面刷新···
[2016-04-06 18:06:05] test_OfflinePromotion.py [Test Case:to_OfflinePromotion] [line:56]INFO:刷新完成！！！
[2016-04-06 18:06:07] test_Device.py [Test Case:to_Device] [line:58]INFO:刷新完成！！！
[2016-04-06 18:06:08] test_ColorSetting.py [Test Case:to_ColorSetting] [line:55]INFO:等待页面刷新···
[2016-04-06 18:06:10] test_ColorSetting.py [Test Case:to_ColorSetting] [line:58]INFO:刷新完成！！！
[2016-04-06 18:06:10] test_Measure_WorkOrder.py [Test Case:to_measureWorkOrder] [line:709]INFO:等待页面刷新···
[2016-04-06 18:06:12] test_Device.py [Test Case:tearDown] [line:413]INFO:该条用例执行完毕！！！
[2016-04-06 18:06:13] test_ColorSetting.py [Test Case:tearDown] [line:414]INFO:该条用例执行完毕！！！
[2016-04-06 18:06:14] test_Measure_WorkOrder.py [Test Case:to_measureWorkOrder] [line:711]INFO:刷新完成！！！
[2016-04-06 18:06:21] test_OfflinePromotion.py [Test Case:Delete_And_Add_Assert] [line:81]INFO:保存成功！
[2016-04-06 18:06:22] test_Device.py [Test Case:test_6modify_Device] [line:348]INFO:开始执行用例...
[2016-04-06 18:06:25] test_Measure_WorkOrder.py [Test Case:tearDown] [line:718]INFO:该条用例执行完毕！！！
[2016-04-06 18:06:29] test_ColorSetting.py [Test Case:to_ColorSetting] [line:55]INFO:等待页面刷新···
[2016-04-06 18:06:29] test_Device.py [Test Case:to_Device] [line:55]INFO:等待页面刷新···
[2016-04-06 18:06:30] test_OfflinePromotion.py [Test Case:Delete_And_Add_Assert] [line:81]INFO:保存成功！
[2016-04-06 18:06:30] test_ColorSetting.py [Test Case:to_ColorSetting] [line:58]INFO:刷新完成！！！
[2016-04-06 18:06:31] test_OfflinePromotion.py [Test Case:tearDown] [line:1103]INFO:该条用例执行执行完毕！！！
[2016-04-06 18:06:31] test_Device.py [Test Case:to_Device] [line:58]INFO:刷新完成！！！
[2016-04-06 18:06:33] test_Measure_WorkOrder.py [Test Case:test_4search_By_AppointmentStore] [line:399]INFO:开始执行测试
[2016-04-06 18:06:38] test_Measure_WorkOrder.py [Test Case:to_measureWorkOrder] [line:709]INFO:等待页面刷新···
[2016-04-06 18:06:41] test_ColorSetting.py [Test Case:tearDown] [line:414]INFO:该条用例执行完毕！！！
[2016-04-06 18:06:43] test_Measure_WorkOrder.py [Test Case:to_measureWorkOrder] [line:711]INFO:刷新完成！！！
[2016-04-06 18:06:44] test_Device.py [Test Case:clickButton] [line:120]INFO:保存成功！
[2016-04-06 18:06:47] test_OfflinePromotion.py [Test Case:to_OfflinePromotion] [line:54]INFO:等待页面刷新···
[2016-04-06 18:06:49] test_Measure_WorkOrder.py [Test Case:tearDown] [line:718]INFO:该条用例执行完毕！！！
[2016-04-06 18:06:49] test_OfflinePromotion.py [Test Case:to_OfflinePromotion] [line:56]INFO:刷新完成！！！
[2016-04-06 18:06:53] test_Device.py [Test Case:tearDown] [line:413]INFO:该条用例执行完毕！！！
[2016-04-06 18:06:57] test_ColorSetting.py [Test Case:to_ColorSetting] [line:55]INFO:等待页面刷新···
[2016-04-06 18:06:58] test_Measure_WorkOrder.py [Test Case:test_5search_ByMeasureWay] [line:428]INFO:开始执行测试...
[2016-04-06 18:06:58] test_ColorSetting.py [Test Case:to_ColorSetting] [line:58]INFO:刷新完成！！！
[2016-04-06 18:07:04] test_Measure_WorkOrder.py [Test Case:to_measureWorkOrder] [line:709]INFO:等待页面刷新···
[2016-04-06 18:07:05] test_Device.py [Test Case:test_7delete_Device] [line:390]INFO:开始执行用例...
[2016-04-06 18:07:05] test_ColorSetting.py [Test Case:tearDown] [line:414]INFO:该条用例执行完毕！！！
[2016-04-06 18:07:07] test_OfflinePromotion.py [Test Case:Delete_And_Add_Assert] [line:73]INFO:删除成功
[2016-04-06 18:07:10] test_OfflinePromotion.py [Test Case:Delete_And_Add_Assert] [line:73]INFO:删除成功
[2016-04-06 18:07:10] test_OfflinePromotion.py [Test Case:tearDown] [line:1103]INFO:该条用例执行执行完毕！！！
[2016-04-06 18:07:10] test_Measure_WorkOrder.py [Test Case:to_measureWorkOrder] [line:711]INFO:刷新完成！！！
[2016-04-06 18:07:11] test_Device.py [Test Case:to_Device] [line:55]INFO:等待页面刷新···
[2016-04-06 18:07:13] test_Device.py [Test Case:to_Device] [line:58]INFO:刷新完成！！！
[2016-04-06 18:07:14] test_CommodityFile.py [Test Case:test_0add_File] [line:150]INFO:开始执行用例...
[2016-04-06 18:07:20] test_Measure_WorkOrder.py [Test Case:tearDown] [line:718]INFO:该条用例执行完毕！！！
[2016-04-06 18:07:21] test_CommodityFile.py [Test Case:to_CommodityFile] [line:50]INFO:等待页面刷新···
[2016-04-06 18:07:24] test_CommodityFile.py [Test Case:to_CommodityFile] [line:52]INFO:刷新完成！！！
[2016-04-06 18:07:25] test_Device.py [Test Case:clickButton] [line:95]INFO:删除成功
[2016-04-06 18:07:25] test_Device.py [Test Case:tearDown] [line:413]INFO:该条用例执行完毕！！！
[2016-04-06 18:07:26] test_OfflinePromotion.py [Test Case:to_OfflinePromotion] [line:54]INFO:等待页面刷新···
[2016-04-06 18:07:27] test_OfflinePromotion.py [Test Case:to_OfflinePromotion] [line:56]INFO:刷新完成！！！
[2016-04-06 18:07:29] test_Measure_WorkOrder.py [Test Case:test_6search_ByMeasureMaster] [line:456]INFO:开始执行测试...
[2016-04-06 18:07:34] test_CommodityFile.py [Test Case:tearDown] [line:428]INFO:该条用例执行完毕！！！
[2016-04-06 18:07:37] test_Measure_WorkOrder.py [Test Case:to_measureWorkOrder] [line:709]INFO:等待页面刷新···
[2016-04-06 18:07:37] test_EmployeeInfo.py [Test Case:test_01add_Employee] [line:220]INFO:开始执行测试...
[2016-04-06 18:07:40] test_Measure_WorkOrder.py [Test Case:to_measureWorkOrder] [line:711]INFO:刷新完成！！！
[2016-04-06 18:07:45] test_EmployeeInfo.py [Test Case:to_EmployeeInformation] [line:67]INFO:等待页面刷新···
[2016-04-06 18:07:46] test_CommodityFile.py [Test Case:test_1search_ByCode] [line:222]INFO:开始执行用例...
[2016-04-06 18:07:46] test_OfflinePromotion.py [Test Case:Delete_And_Add_Assert] [line:81]INFO:保存成功！
[2016-04-06 18:07:47] test_EmployeeInfo.py [Test Case:to_EmployeeInformation] [line:70]INFO:刷新完成！！！
[2016-04-06 18:07:48] test_OfflinePromotion.py [Test Case:tearDown] [line:1103]INFO:该条用例执行执行完毕！！！
[2016-04-06 18:07:50] test_Measure_WorkOrder.py [Test Case:tearDown] [line:718]INFO:该条用例执行完毕！！！
[2016-04-06 18:07:52] test_CommodityFile.py [Test Case:to_CommodityFile] [line:50]INFO:等待页面刷新···
[2016-04-06 18:07:54] test_CommodityFile.py [Test Case:to_CommodityFile] [line:52]INFO:刷新完成！！！
[2016-04-06 18:07:57] test_CommodityFile.py [Test Case:searchbycode] [line:215]INFO:等待页面刷新···
[2016-04-06 18:07:57] test_CommodityFile.py [Test Case:searchbycode] [line:217]INFO:刷新完成！！！
[2016-04-06 18:07:58] test_CommodityFile.py [Test Case:tearDown] [line:428]INFO:该条用例执行完毕！！！
[2016-04-06 18:07:59] test_Measure_WorkOrder.py [Test Case:test_7search_ByMeasureState] [line:486]INFO:开始执行测试...
[2016-04-06 18:08:04] test_OfflinePromotion.py [Test Case:to_OfflinePromotion] [line:54]INFO:等待页面刷新···
[2016-04-06 18:08:05] test_EmployeeInfo.py [Test Case:clickButton] [line:156]INFO:保存成功！
[2016-04-06 18:08:05] test_OfflinePromotion.py [Test Case:to_OfflinePromotion] [line:56]INFO:刷新完成！！！
[2016-04-06 18:08:07] test_Measure_WorkOrder.py [Test Case:to_measureWorkOrder] [line:709]INFO:等待页面刷新···
[2016-04-06 18:08:09] test_CommodityFile.py [Test Case:test_2search_ByName] [line:248]INFO:开始执行用例...
[2016-04-06 18:08:11] test_Measure_WorkOrder.py [Test Case:to_measureWorkOrder] [line:711]INFO:刷新完成！！！
[2016-04-06 18:08:15] test_CommodityFile.py [Test Case:to_CommodityFile] [line:50]INFO:等待页面刷新···
[2016-04-06 18:08:19] test_CommodityFile.py [Test Case:to_CommodityFile] [line:52]INFO:刷新完成！！！
[2016-04-06 18:08:21] test_EmployeeInfo.py [Test Case:tearDown] [line:798]INFO:该条用例执行完毕！！！
[2016-04-06 18:08:21] test_CommodityFile.py [Test Case:test_2search_ByName] [line:264]INFO:等待页面刷新···
[2016-04-06 18:08:21] test_CommodityFile.py [Test Case:test_2search_ByName] [line:266]INFO:刷新完成！！！
[2016-04-06 18:08:21] test_Measure_WorkOrder.py [Test Case:tearDown] [line:718]INFO:该条用例执行完毕！！！
[2016-04-06 18:08:22] test_OfflinePromotion.py [Test Case:Delete_And_Add_Assert] [line:73]INFO:删除成功
[2016-04-06 18:08:22] test_CommodityFile.py [Test Case:tearDown] [line:428]INFO:该条用例执行完毕！！！
[2016-04-06 18:08:23] test_OfflinePromotion.py [Test Case:tearDown] [line:1103]INFO:该条用例执行执行完毕！！！
[2016-04-06 18:08:30] test_EmployeeInfo.py [Test Case:test_02add_EmployeeCopy] [line:335]INFO:开始执行测试...
[2016-04-06 18:08:31] test_Measure_WorkOrder.py [Test Case:test_8search_ByDressPerson] [line:511]INFO:开始执行测试...
[2016-04-06 18:08:34] test_CommodityFile.py [Test Case:test_3search_BySort] [line:278]INFO:开始执行用例...
[2016-04-06 18:08:37] test_EmployeeInfo.py [Test Case:to_EmployeeInformation] [line:67]INFO:等待页面刷新···
[2016-04-06 18:08:39] test_EmployeeInfo.py [Test Case:to_EmployeeInformation] [line:70]INFO:刷新完成！！！
[2016-04-06 18:08:39] test_Measure_WorkOrder.py [Test Case:to_measureWorkOrder] [line:709]INFO:等待页面刷新···
[2016-04-06 18:08:44] test_CommodityFile.py [Test Case:to_CommodityFile] [line:50]INFO:等待页面刷新···
[2016-04-06 18:08:44] test_OfflinePromotion.py [Test Case:to_OfflinePromotion] [line:54]INFO:等待页面刷新···
[2016-04-06 18:08:45] test_Measure_WorkOrder.py [Test Case:to_measureWorkOrder] [line:711]INFO:刷新完成！！！
[2016-04-06 18:08:46] test_OfflinePromotion.py [Test Case:to_OfflinePromotion] [line:56]INFO:刷新完成！！！
[2016-04-06 18:08:47] test_CommodityFile.py [Test Case:to_CommodityFile] [line:52]INFO:刷新完成！！！
[2016-04-06 18:08:53] test_CommodityFile.py [Test Case:test_3search_BySort] [line:295]INFO:等待页面刷新···
[2016-04-06 18:08:53] test_CommodityFile.py [Test Case:test_3search_BySort] [line:297]INFO:刷新完成！！！
[2016-04-06 18:08:54] test_Measure_WorkOrder.py [Test Case:tearDown] [line:718]INFO:该条用例执行完毕！！！
[2016-04-06 18:08:54] test_CommodityFile.py [Test Case:tearDown] [line:428]INFO:该条用例执行完毕！！！
[2016-04-06 18:08:56] test_OfflinePromotion.py [Test Case:clickButton] [line:131]INFO:删除成功
[2016-04-06 18:08:56] test_OfflinePromotion.py [Test Case:tearDown] [line:1103]INFO:该条用例执行执行完毕！！！
[2016-04-06 18:09:01] test_EmployeeInfo.py [Test Case:searchbycode] [line:411]INFO:开始执行测试...
[2016-04-06 18:09:04] test_Measure_WorkOrder.py [Test Case:test_9search_ByPhone] [line:544]INFO:开始执行测试...
[2016-04-06 18:09:05] test_CommodityFile.py [Test Case:test_4view_Com] [line:311]INFO:开始执行用例...
[2016-04-06 18:09:07] test_OfflinePromotion.py [Test Case:test_lmodify_ApprovalStatus] [line:1075]INFO:开始执行用例...
[2016-04-06 18:09:10] test_EmployeeInfo.py [Test Case:clickButton] [line:133]INFO:删除成功
[2016-04-06 18:09:10] test_EmployeeInfo.py [Test Case:tearDown] [line:798]INFO:该条用例执行完毕！！！
[2016-04-06 18:09:13] test_Measure_WorkOrder.py [Test Case:to_measureWorkOrder] [line:709]INFO:等待页面刷新···
[2016-04-06 18:09:13] test_CommodityFile.py [Test Case:to_CommodityFile] [line:50]INFO:等待页面刷新···
[2016-04-06 18:09:15] test_OfflinePromotion.py [Test Case:to_OfflinePromotion] [line:54]INFO:等待页面刷新···
[2016-04-06 18:09:16] test_OfflinePromotion.py [Test Case:to_OfflinePromotion] [line:56]INFO:刷新完成！！！
[2016-04-06 18:09:16] test_CommodityFile.py [Test Case:to_CommodityFile] [line:52]INFO:刷新完成！！！
[2016-04-06 18:09:19] test_CommodityFile.py [Test Case:test_4view_Com] [line:327]INFO:等待页面刷新···
[2016-04-06 18:09:19] test_CommodityFile.py [Test Case:test_4view_Com] [line:329]INFO:刷新完成！！！
[2016-04-06 18:09:19] test_Measure_WorkOrder.py [Test Case:to_measureWorkOrder] [line:711]INFO:刷新完成！！！
[2016-04-06 18:09:20] test_EmployeeInfo.py [Test Case:test_1search_ByEmployeeCode] [line:430]INFO:开始执行测试...
[2016-04-06 18:09:21] test_CommodityFile.py [Test Case:tearDown] [line:428]INFO:该条用例执行完毕！！！
[2016-04-06 18:09:26] test_EmployeeInfo.py [Test Case:to_EmployeeInformation] [line:67]INFO:等待页面刷新···
[2016-04-06 18:09:27] test_EmployeeInfo.py [Test Case:to_EmployeeInformation] [line:70]INFO:刷新完成！！！
[2016-04-06 18:09:28] test_CommodityFile.py [Test Case:test_5modify_Com] [line:347]INFO:开始执行用例...
[2016-04-06 18:09:28] test_EmployeeInfo.py [Test Case:searchbycode] [line:411]INFO:开始执行测试...
[2016-04-06 18:09:29] test_Measure_WorkOrder.py [Test Case:tearDown] [line:718]INFO:该条用例执行完毕！！！
[2016-04-06 18:09:34] test_CommodityFile.py [Test Case:to_CommodityFile] [line:50]INFO:等待页面刷新···
[2016-04-06 18:09:36] test_OfflinePromotion.py [Test Case:clickButton] [line:157]INFO:保存成功！
[2016-04-06 18:09:36] test_EmployeeInfo.py [Test Case:tearDown] [line:798]INFO:该条用例执行完毕！！！
[2016-04-06 18:09:37] test_CommodityFile.py [Test Case:to_CommodityFile] [line:52]INFO:刷新完成！！！
[2016-04-06 18:09:38] test_Measure_WorkOrder.py [Test Case:test_amodify_WorkOrder] [line:575]INFO:开始执行测试...
[2016-04-06 18:09:40] test_CommodityFile.py [Test Case:searchbycode] [line:215]INFO:等待页面刷新···
[2016-04-06 18:09:40] test_CommodityFile.py [Test Case:searchbycode] [line:217]INFO:刷新完成！！！
[2016-04-06 18:09:42] test_OfflinePromotion.py [Test Case:test_0add_Promotion] [line:280]INFO:刷新~~~
[2016-04-06 18:09:43] test_Measure_WorkOrder.py [Test Case:to_measureWorkOrder] [line:709]INFO:等待页面刷新···
[2016-04-06 18:09:47] test_CommodityFile.py [Test Case:searchbycode] [line:215]INFO:等待页面刷新···
[2016-04-06 18:09:47] test_CommodityFile.py [Test Case:searchbycode] [line:217]INFO:刷新完成！！！
[2016-04-06 18:09:48] test_CommodityFile.py [Test Case:tearDown] [line:428]INFO:该条用例执行完毕！！！
[2016-04-06 18:09:48] test_EmployeeInfo.py [Test Case:test_2search_ByEmployeeName] [line:443]INFO:开始执行测试...
[2016-04-06 18:09:48] test_Measure_WorkOrder.py [Test Case:to_measureWorkOrder] [line:711]INFO:刷新完成！！！
[2016-04-06 18:09:54] test_EmployeeInfo.py [Test Case:to_EmployeeInformation] [line:67]INFO:等待页面刷新···
[2016-04-06 18:09:54] test_OfflinePromotion.py [Test Case:tearDown] [line:1103]INFO:该条用例执行执行完毕！！！
[2016-04-06 18:09:55] test_EmployeeInfo.py [Test Case:to_EmployeeInformation] [line:70]INFO:刷新完成！！！
[2016-04-06 18:09:57] test_CommodityFile.py [Test Case:test_6modify_ComStatus] [line:387]INFO:开始执行用例...
[2016-04-06 18:10:02] test_Measure_WorkOrder.py [Test Case:tearDown] [line:718]INFO:该条用例执行完毕！！！
[2016-04-06 18:10:02] test_CommodityFile.py [Test Case:to_CommodityFile] [line:50]INFO:等待页面刷新···
[2016-04-06 18:10:03] test_EmployeeInfo.py [Test Case:tearDown] [line:798]INFO:该条用例执行完毕！！！
[2016-04-06 18:10:06] test_CommodityFile.py [Test Case:to_CommodityFile] [line:52]INFO:刷新完成！！！
[2016-04-06 18:10:09] test_CommodityFile.py [Test Case:searchbycode] [line:215]INFO:等待页面刷新···
[2016-04-06 18:10:09] test_CommodityFile.py [Test Case:searchbycode] [line:217]INFO:刷新完成！！！
[2016-04-06 18:10:12] test_Measure_WorkOrder.py [Test Case:test_bmodify_MeasureState] [line:623]INFO:开始执行测试...
[2016-04-06 18:10:13] test_EmployeeInfo.py [Test Case:test_3search_ByPhones] [line:465]INFO:开始执行测试...
[2016-04-06 18:10:14] test_CommodityFile.py [Test Case:tearDown] [line:428]INFO:该条用例执行完毕！！！
[2016-04-06 18:10:14] test_OfflinePromotionRelation.py [Test Case:tearDown] [line:253]INFO:该条用例执行完毕！！！
[2016-04-06 18:10:18] test_Measure_WorkOrder.py [Test Case:to_measureWorkOrder] [line:709]INFO:等待页面刷新···
[2016-04-06 18:10:21] test_EmployeeInfo.py [Test Case:to_EmployeeInformation] [line:67]INFO:等待页面刷新···
[2016-04-06 18:10:23] test_EmployeeInfo.py [Test Case:to_EmployeeInformation] [line:70]INFO:刷新完成！！！
[2016-04-06 18:10:23] test_Measure_WorkOrder.py [Test Case:to_measureWorkOrder] [line:711]INFO:刷新完成！！！
[2016-04-06 18:10:24] test_CommoditySort.py [Test Case:test_0add_Sort] [line:130]INFO:开始执行用例...
[2016-04-06 18:10:26] test_EmployeeInfo.py [Test Case:tearDown] [line:798]INFO:该条用例执行完毕！！！
[2016-04-06 18:10:31] test_CommoditySort.py [Test Case:to_CommoditySort] [line:54]INFO:等待页面刷新···
[2016-04-06 18:10:33] test_CommoditySort.py [Test Case:to_CommoditySort] [line:56]INFO:刷新完成！！！
[2016-04-06 18:10:35] test_EmployeeInfo.py [Test Case:test_4search_ByEmployeePosition] [line:485]INFO:开始执行测试...
[2016-04-06 18:10:37] test_Measure_WorkOrder.py [Test Case:tearDown] [line:718]INFO:该条用例执行完毕！！！
[2016-04-06 18:10:38] test_OfflinePromotionRelation.py [Test Case:tearDown] [line:253]INFO:该条用例执行完毕！！！
[2016-04-06 18:10:38] test_CommoditySort.py [Test Case:tearDown] [line:320]INFO:该条用例执行完毕
[2016-04-06 18:10:41] test_EmployeeInfo.py [Test Case:to_EmployeeInformation] [line:67]INFO:等待页面刷新···
[2016-04-06 18:10:42] test_EmployeeInfo.py [Test Case:to_EmployeeInformation] [line:70]INFO:刷新完成！！！
[2016-04-06 18:10:45] test_Measure_WorkOrder.py [Test Case:test_cdelete_WorkOrder] [line:671]INFO:开始执行测试...
[2016-04-06 18:10:49] test_CommoditySort.py [Test Case:test_1search_BySortCode] [line:184]INFO:开始执行用例...
[2016-04-06 18:10:50] test_EmployeeInfo.py [Test Case:tearDown] [line:798]INFO:该条用例执行完毕！！！
[2016-04-06 18:10:52] test_Measure_WorkOrder.py [Test Case:to_measureWorkOrder] [line:709]INFO:等待页面刷新···
[2016-04-06 18:10:57] test_CommoditySort.py [Test Case:to_CommoditySort] [line:54]INFO:等待页面刷新···
[2016-04-06 18:10:58] test_Measure_WorkOrder.py [Test Case:to_measureWorkOrder] [line:711]INFO:刷新完成！！！
[2016-04-06 18:10:59] test_CommoditySort.py [Test Case:to_CommoditySort] [line:56]INFO:刷新完成！！！
[2016-04-06 18:11:00] test_EmployeeInfo.py [Test Case:test_5modify_EmployeeInfo] [line:517]INFO:开始执行测试...
[2016-04-06 18:11:01] test_OfflinePromotionRelation.py [Test Case:tearDown] [line:253]INFO:该条用例执行完毕！！！
[2016-04-06 18:11:03] test_CommoditySort.py [Test Case:searchbycode] [line:172]INFO:等待页面刷新···
[2016-04-06 18:11:03] test_CommoditySort.py [Test Case:searchbycode] [line:174]INFO:刷新完成！！！
[2016-04-06 18:11:03] test_CommoditySort.py [Test Case:tearDown] [line:320]INFO:该条用例执行完毕
[2016-04-06 18:11:06] test_EmployeeInfo.py [Test Case:to_EmployeeInformation] [line:67]INFO:等待页面刷新···
[2016-04-06 18:11:07] test_EmployeeInfo.py [Test Case:to_EmployeeInformation] [line:70]INFO:刷新完成！！！
[2016-04-06 18:11:08] test_EmployeeInfo.py [Test Case:searchbycode] [line:411]INFO:开始执行测试...
[2016-04-06 18:11:09] test_Measure_WorkOrder.py [Test Case:clickButton] [line:102]INFO:删除成功
[2016-04-06 18:11:09] test_Measure_WorkOrder.py [Test Case:tearDown] [line:718]INFO:该条用例执行完毕！！！
[2016-04-06 18:11:12] test_CommoditySort.py [Test Case:test_2search_BySortName] [line:199]INFO:开始执行用例...
[2016-04-06 18:11:16] test_OnlinePromotion.py [Test Case:to_OnlinePromotion] [line:54]INFO:等待页面刷新···
[2016-04-06 18:11:17] test_OnlinePromotion.py [Test Case:to_OnlinePromotion] [line:56]INFO:刷新完成！！！
[2016-04-06 18:11:21] test_EmployeeInfo.py [Test Case:clickButton] [line:156]INFO:保存成功！
[2016-04-06 18:11:22] test_EmployeeInfo.py [Test Case:searchbycode] [line:411]INFO:开始执行测试...
[2016-04-06 18:11:23] test_CommoditySort.py [Test Case:to_CommoditySort] [line:54]INFO:等待页面刷新···
[2016-04-06 18:11:25] test_CommoditySort.py [Test Case:to_CommoditySort] [line:56]INFO:刷新完成！！！
[2016-04-06 18:11:28] test_EmployeeInfo.py [Test Case:test_5modify_EmployeeInfo] [line:549]INFO:等待页面刷新···
[2016-04-06 18:11:28] test_MemberInformation.py [Test Case:to_member] [line:361]INFO:等待页面刷新···
[2016-04-06 18:11:28] test_EmployeeInfo.py [Test Case:test_5modify_EmployeeInfo] [line:552]INFO:刷新完成！！！
[2016-04-06 18:11:28] test_MemberInformation.py [Test Case:to_member] [line:363]INFO:刷新完成！！！
[2016-04-06 18:11:29] test_EmployeeInfo.py [Test Case:tearDown] [line:798]INFO:该条用例执行完毕！！！
[2016-04-06 18:11:30] test_CommoditySort.py [Test Case:test_2search_BySortName] [line:218]INFO:等待页面刷新···
[2016-04-06 18:11:30] test_CommoditySort.py [Test Case:test_2search_BySortName] [line:220]INFO:刷新完成！！！
[2016-04-06 18:11:30] test_CommoditySort.py [Test Case:tearDown] [line:320]INFO:该条用例执行完毕
[2016-04-06 18:11:36] test_EmployeeInfo.py [Test Case:test_6modify_LoginPasswdReset] [line:561]INFO:开始执行测试...
[2016-04-06 18:11:40] test_CommoditySort.py [Test Case:test_3search_BySortInfo] [line:231]INFO:开始执行用例...
[2016-04-06 18:11:41] test_OnlinePromotion.py [Test Case:Delete_And_Add_Assert] [line:80]INFO:保存成功！
[2016-04-06 18:11:42] test_EmployeeInfo.py [Test Case:to_EmployeeInformation] [line:67]INFO:等待页面刷新···
[2016-04-06 18:11:44] test_EmployeeInfo.py [Test Case:to_EmployeeInformation] [line:70]INFO:刷新完成！！！
[2016-04-06 18:11:45] test_OnlinePromotion.py [Test Case:test_0add_Promotion] [line:273]INFO:刷新~~~
[2016-04-06 18:11:45] test_OnlinePromotion.py [Test Case:tearDown] [line:1189]INFO:该条用例执行执行完毕！！！
[2016-04-06 18:11:47] test_CommoditySort.py [Test Case:to_CommoditySort] [line:54]INFO:等待页面刷新···
[2016-04-06 18:11:49] test_CommoditySort.py [Test Case:to_CommoditySort] [line:56]INFO:刷新完成！！！
[2016-04-06 18:11:51] test_MemberInformation.py [Test Case:clickButton] [line:115]INFO:保存成功！
[2016-04-06 18:11:52] test_MemberInformation.py [Test Case:tearDown] [line:367]INFO:该条用例执行完毕！！！
[2016-04-06 18:11:54] test_CommoditySort.py [Test Case:test_3search_BySortInfo] [line:246]INFO:等待页面刷新···
[2016-04-06 18:11:54] test_CommoditySort.py [Test Case:test_3search_BySortInfo] [line:248]INFO:刷新完成！！！
[2016-04-06 18:11:54] test_CommoditySort.py [Test Case:tearDown] [line:320]INFO:该条用例执行完毕
[2016-04-06 18:11:59] test_OnlinePromotion.py [Test Case:to_OnlinePromotion] [line:54]INFO:等待页面刷新···
[2016-04-06 18:12:00] test_OnlinePromotion.py [Test Case:to_OnlinePromotion] [line:56]INFO:刷新完成！！！
[2016-04-06 18:12:03] test_EmployeeInfo.py [Test Case:tearDown] [line:798]INFO:该条用例执行完毕！！！
[2016-04-06 18:12:06] test_CommoditySort.py [Test Case:test_4modify_Sort] [line:260]INFO:开始执行用例...
[2016-04-06 18:12:13] test_MemberInformation.py [Test Case:to_member] [line:361]INFO:等待页面刷新···
[2016-04-06 18:12:13] test_CommoditySort.py [Test Case:to_CommoditySort] [line:54]INFO:等待页面刷新···
[2016-04-06 18:12:13] test_MemberInformation.py [Test Case:to_member] [line:363]INFO:刷新完成！！！
[2016-04-06 18:12:14] test_EmployeeInfo.py [Test Case:test_7modify_RoleAssignment] [line:595]INFO:开始执行测试...
[2016-04-06 18:12:16] test_CommoditySort.py [Test Case:to_CommoditySort] [line:56]INFO:刷新完成！！！
[2016-04-06 18:12:20] test_MemberInformation.py [Test Case:tearDown] [line:367]INFO:该条用例执行完毕！！！
[2016-04-06 18:12:20] test_OnlinePromotion.py [Test Case:tearDown] [line:1189]INFO:该条用例执行执行完毕！！！
[2016-04-06 18:12:20] test_EmployeeInfo.py [Test Case:to_EmployeeInformation] [line:67]INFO:等待页面刷新···
[2016-04-06 18:12:21] test_CommoditySort.py [Test Case:searchbycode] [line:172]INFO:等待页面刷新···
[2016-04-06 18:12:21] test_CommoditySort.py [Test Case:searchbycode] [line:174]INFO:刷新完成！！！
[2016-04-06 18:12:22] test_EmployeeInfo.py [Test Case:to_EmployeeInformation] [line:70]INFO:刷新完成！！！
[2016-04-06 18:12:24] test_EmployeeInfo.py [Test Case:searchbycode] [line:411]INFO:开始执行测试...
[2016-04-06 18:12:28] test_CommoditySort.py [Test Case:searchbycode] [line:172]INFO:等待页面刷新···
[2016-04-06 18:12:28] test_CommoditySort.py [Test Case:searchbycode] [line:174]INFO:刷新完成！！！
[2016-04-06 18:12:29] test_CommoditySort.py [Test Case:tearDown] [line:320]INFO:该条用例执行完毕
[2016-04-06 18:12:32] test_EmployeeInfo.py [Test Case:test_7modify_RoleAssignment] [line:628]INFO:等待页面刷新···
[2016-04-06 18:12:32] test_EmployeeInfo.py [Test Case:test_7modify_RoleAssignment] [line:631]INFO:刷新完成！！！
[2016-04-06 18:12:36] test_OnlinePromotion.py [Test Case:to_OnlinePromotion] [line:54]INFO:等待页面刷新···
[2016-04-06 18:12:36] test_MemberInformation.py [Test Case:to_member] [line:361]INFO:等待页面刷新···
[2016-04-06 18:12:37] test_MemberInformation.py [Test Case:to_member] [line:363]INFO:刷新完成！！！
[2016-04-06 18:12:37] test_OnlinePromotion.py [Test Case:to_OnlinePromotion] [line:56]INFO:刷新完成！！！
[2016-04-06 18:12:38] test_CommoditySort.py [Test Case:test_5delete_Sort] [line:299]INFO:开始执行用例...
[2016-04-06 18:12:41] test_MemberInformation.py [Test Case:tearDown] [line:367]INFO:该条用例执行完毕！！！
[2016-04-06 18:12:44] test_CommoditySort.py [Test Case:to_CommoditySort] [line:54]INFO:等待页面刷新···
[2016-04-06 18:12:44] test_EmployeeInfo.py [Test Case:test_7modify_RoleAssignment] [line:678]INFO:保存成功！
[2016-04-06 18:12:45] test_EmployeeInfo.py [Test Case:searchbycode] [line:411]INFO:开始执行测试...
[2016-04-06 18:12:46] test_CommoditySort.py [Test Case:to_CommoditySort] [line:56]INFO:刷新完成！！！
[2016-04-06 18:12:47] test_OnlinePromotion.py [Test Case:tearDown] [line:1189]INFO:该条用例执行执行完毕！！！
[2016-04-06 18:12:50] test_EmployeeInfo.py [Test Case:tearDown] [line:798]INFO:该条用例执行完毕！！！
[2016-04-06 18:12:51] test_CommoditySort.py [Test Case:searchbycode] [line:172]INFO:等待页面刷新···
[2016-04-06 18:12:51] test_CommoditySort.py [Test Case:searchbycode] [line:174]INFO:刷新完成！！！
[2016-04-06 18:12:53] test_MemberInformation.py [Test Case:to_member] [line:361]INFO:等待页面刷新···
[2016-04-06 18:12:54] test_MemberInformation.py [Test Case:to_member] [line:363]INFO:刷新完成！！！
[2016-04-06 18:12:54] test_CommoditySort.py [Test Case:tearDown] [line:320]INFO:该条用例执行完毕
[2016-04-06 18:13:00] test_MemberInformation.py [Test Case:clickButton] [line:115]INFO:保存成功！
[2016-04-06 18:13:00] test_MemberInformation.py [Test Case:tearDown] [line:367]INFO:该条用例执行完毕！！！
[2016-04-06 18:13:01] test_EmployeeInfo.py [Test Case:test_8modify_Storedistribution] [line:691]INFO:开始执行测试...
[2016-04-06 18:13:03] test_OnlinePromotion.py [Test Case:to_OnlinePromotion] [line:54]INFO:等待页面刷新···
[2016-04-06 18:13:04] test_OnlinePromotion.py [Test Case:to_OnlinePromotion] [line:56]INFO:刷新完成！！！
[2016-04-06 18:13:08] test_OnlinePromotion.py [Test Case:tearDown] [line:1189]INFO:该条用例执行执行完毕！！！
[2016-04-06 18:13:09] test_EmployeeInfo.py [Test Case:to_EmployeeInformation] [line:67]INFO:等待页面刷新···
[2016-04-06 18:13:10] test_EmployeeInfo.py [Test Case:to_EmployeeInformation] [line:70]INFO:刷新完成！！！
[2016-04-06 18:13:11] test_EmployeeInfo.py [Test Case:searchbycode] [line:411]INFO:开始执行测试...
[2016-04-06 18:13:12] test_MeasureItem.py [Test Case:to_MeasureItem] [line:54]INFO:等待页面刷新···
[2016-04-06 18:13:13] test_MeasureItem.py [Test Case:to_MeasureItem] [line:57]INFO:刷新完成！！！
[2016-04-06 18:13:18] test_MemberInformation.py [Test Case:to_member] [line:361]INFO:等待页面刷新···
[2016-04-06 18:13:19] test_MemberInformation.py [Test Case:to_member] [line:363]INFO:刷新完成！！！
[2016-04-06 18:13:19] test_MeasureItem.py [Test Case:clickButton] [line:120]INFO:保存成功！
[2016-04-06 18:13:19] test_MeasureItem.py [Test Case:tearDown] [line:291]INFO:该条用例执行完毕！！！
[2016-04-06 18:13:20] test_EmployeeInfo.py [Test Case:test_8modify_Storedistribution] [line:709]INFO:等待页面刷新···
[2016-04-06 18:13:20] test_EmployeeInfo.py [Test Case:test_8modify_Storedistribution] [line:712]INFO:刷新完成！！！
[2016-04-06 18:13:26] test_MemberInformation.py [Test Case:clickButton] [line:115]INFO:保存成功！
[2016-04-06 18:13:26] test_MemberInformation.py [Test Case:tearDown] [line:367]INFO:该条用例执行完毕！！！
[2016-04-06 18:13:26] test_OnlinePromotion.py [Test Case:to_OnlinePromotion] [line:54]INFO:等待页面刷新···
[2016-04-06 18:13:28] test_OnlinePromotion.py [Test Case:to_OnlinePromotion] [line:56]INFO:刷新完成！！！
[2016-04-06 18:13:32] test_MeasureItem.py [Test Case:to_MeasureItem] [line:54]INFO:等待页面刷新···
[2016-04-06 18:13:35] test_MeasureItem.py [Test Case:to_MeasureItem] [line:57]INFO:刷新完成！！！
[2016-04-06 18:13:35] test_EmployeeInfo.py [Test Case:test_8modify_Storedistribution] [line:763]INFO:保存成功！
[2016-04-06 18:13:35] test_EmployeeInfo.py [Test Case:searchbycode] [line:411]INFO:开始执行测试...
[2016-04-06 18:13:36] test_OnlinePromotion.py [Test Case:tearDown] [line:1189]INFO:该条用例执行执行完毕！！！
[2016-04-06 18:13:39] test_MeasureItem.py [Test Case:tearDown] [line:291]INFO:该条用例执行完毕！！！
[2016-04-06 18:13:40] test_EmployeeInfo.py [Test Case:tearDown] [line:798]INFO:该条用例执行完毕！！！
[2016-04-06 18:13:41] test_MemberInformation.py [Test Case:to_member] [line:361]INFO:等待页面刷新···
[2016-04-06 18:13:42] test_MemberInformation.py [Test Case:to_member] [line:363]INFO:刷新完成！！！
[2016-04-06 18:13:47] test_MemberInformation.py [Test Case:clickButton] [line:83]INFO:删除成功
[2016-04-06 18:13:47] test_MemberInformation.py [Test Case:tearDown] [line:367]INFO:该条用例执行完毕！！！
[2016-04-06 18:13:48] test_OnlinePromotion.py [Test Case:to_OnlinePromotion] [line:54]INFO:等待页面刷新···
[2016-04-06 18:13:50] test_OnlinePromotion.py [Test Case:to_OnlinePromotion] [line:56]INFO:刷新完成！！！
[2016-04-06 18:13:51] test_EmployeeInfo.py [Test Case:test_9adelete_Employee] [line:779]INFO:开始执行测试...
[2016-04-06 18:13:54] test_OnlinePromotion.py [Test Case:tearDown] [line:1189]INFO:该条用例执行执行完毕！！！
[2016-04-06 18:13:56] test_MeasureItem.py [Test Case:to_MeasureItem] [line:54]INFO:等待页面刷新···
[2016-04-06 18:13:57] test_MeasureItem.py [Test Case:to_MeasureItem] [line:57]INFO:刷新完成！！！
[2016-04-06 18:13:58] test_EmployeeInfo.py [Test Case:to_EmployeeInformation] [line:67]INFO:等待页面刷新···
[2016-04-06 18:14:00] test_EmployeeInfo.py [Test Case:to_EmployeeInformation] [line:70]INFO:刷新完成！！！
[2016-04-06 18:14:00] test_MeasureItem.py [Test Case:tearDown] [line:291]INFO:该条用例执行完毕！！！
[2016-04-06 18:14:01] test_EmployeeInfo.py [Test Case:searchbycode] [line:411]INFO:开始执行测试...
[2016-04-06 18:14:08] test_OnlinePromotion.py [Test Case:to_OnlinePromotion] [line:54]INFO:等待页面刷新···
[2016-04-06 18:14:09] test_OnlinePromotion.py [Test Case:to_OnlinePromotion] [line:56]INFO:刷新完成！！！
[2016-04-06 18:14:10] test_EmployeeInfo.py [Test Case:clickButton] [line:133]INFO:删除成功
[2016-04-06 18:14:10] test_EmployeeInfo.py [Test Case:tearDown] [line:798]INFO:该条用例执行完毕！！！
[2016-04-06 18:14:13] test_OnlinePromotion.py [Test Case:tearDown] [line:1189]INFO:该条用例执行执行完毕！！！
[2016-04-06 18:14:14] test_MeasureItem.py [Test Case:to_MeasureItem] [line:54]INFO:等待页面刷新···
[2016-04-06 18:14:15] test_MeasureItem.py [Test Case:to_MeasureItem] [line:57]INFO:刷新完成！！！
[2016-04-06 18:14:17] test_MeasureItem.py [Test Case:tearDown] [line:291]INFO:该条用例执行完毕！！！
[2016-04-06 18:14:23] test_Organization.py [Test Case:to_Organization] [line:55]INFO:等待页面刷新···
[2016-04-06 18:14:24] test_Organization.py [Test Case:to_Organization] [line:58]INFO:刷新完成！！！
[2016-04-06 18:14:28] test_OnlinePromotion.py [Test Case:to_OnlinePromotion] [line:54]INFO:等待页面刷新···
[2016-04-06 18:14:30] test_OnlinePromotion.py [Test Case:to_OnlinePromotion] [line:56]INFO:刷新完成！！！
[2016-04-06 18:14:32] test_MeasureItem.py [Test Case:to_MeasureItem] [line:54]INFO:等待页面刷新···
[2016-04-06 18:14:33] test_MeasureItem.py [Test Case:to_MeasureItem] [line:57]INFO:刷新完成！！！
[2016-04-06 18:14:37] test_Organization.py [Test Case:clickButton] [line:120]INFO:保存成功！
[2016-04-06 18:14:37] test_Organization.py [Test Case:tearDown] [line:347]INFO:该条用例执行完毕！！！
[2016-04-06 18:14:39] test_OnlinePromotion.py [Test Case:tearDown] [line:1189]INFO:该条用例执行执行完毕！！！
[2016-04-06 18:14:39] test_MeasureItem.py [Test Case:clickButton] [line:120]INFO:保存成功！
[2016-04-06 18:14:42] test_MeasureItem.py [Test Case:tearDown] [line:291]INFO:该条用例执行完毕！！！
[2016-04-06 18:14:49] test_Organization.py [Test Case:to_Organization] [line:55]INFO:等待页面刷新···
[2016-04-06 18:14:50] test_Organization.py [Test Case:to_Organization] [line:58]INFO:刷新完成！！！
[2016-04-06 18:14:57] test_Organization.py [Test Case:tearDown] [line:347]INFO:该条用例执行完毕！！！
[2016-04-06 18:14:58] test_OnlinePromotion.py [Test Case:to_OnlinePromotion] [line:54]INFO:等待页面刷新···
[2016-04-06 18:14:59] test_MeasureItem.py [Test Case:to_MeasureItem] [line:54]INFO:等待页面刷新···
[2016-04-06 18:14:59] test_MeasureItem.py [Test Case:to_MeasureItem] [line:57]INFO:刷新完成！！！
[2016-04-06 18:15:00] test_OnlinePromotion.py [Test Case:to_OnlinePromotion] [line:56]INFO:刷新完成！！！
[2016-04-06 18:15:05] test_MeasureItem.py [Test Case:clickButton] [line:98]INFO:删除成功
[2016-04-06 18:15:05] test_MeasureItem.py [Test Case:tearDown] [line:291]INFO:该条用例执行完毕！！！
[2016-04-06 18:15:08] test_Organization.py [Test Case:to_Organization] [line:55]INFO:等待页面刷新···
[2016-04-06 18:15:10] test_Organization.py [Test Case:to_Organization] [line:58]INFO:刷新完成！！！
[2016-04-06 18:15:13] test_Organization.py [Test Case:tearDown] [line:347]INFO:该条用例执行完毕！！！
[2016-04-06 18:15:16] test_OnlinePromotion.py [Test Case:test_8modify_AddSuitObject] [line:567]INFO:保存成功！
[2016-04-06 18:15:17] test_OnlinePromotion.py [Test Case:tearDown] [line:1189]INFO:该条用例执行执行完毕！！！
[2016-04-06 18:15:20] test_SizeSetting.py [Test Case:to_SizeSetting] [line:54]INFO:等待页面刷新···
[2016-04-06 18:15:21] test_SizeSetting.py [Test Case:to_SizeSetting] [line:57]INFO:刷新完成！！！
[2016-04-06 18:15:26] test_SizeSetting.py [Test Case:tearDown] [line:295]INFO:该条用例执行完毕！！！
[2016-04-06 18:15:31] test_Organization.py [Test Case:to_Organization] [line:55]INFO:等待页面刷新···
[2016-04-06 18:15:32] test_Organization.py [Test Case:to_Organization] [line:58]INFO:刷新完成！！！
[2016-04-06 18:15:34] test_OnlinePromotion.py [Test Case:to_OnlinePromotion] [line:54]INFO:等待页面刷新···
[2016-04-06 18:15:35] test_SizeSetting.py [Test Case:test_1search_BySizeCode] [line:183]INFO:开始执行用例...
[2016-04-06 18:15:36] test_OnlinePromotion.py [Test Case:to_OnlinePromotion] [line:56]INFO:刷新完成！！！
[2016-04-06 18:15:40] test_SizeSetting.py [Test Case:to_SizeSetting] [line:54]INFO:等待页面刷新···
[2016-04-06 18:15:41] test_SizeSetting.py [Test Case:to_SizeSetting] [line:57]INFO:刷新完成！！！
[2016-04-06 18:15:42] test_Organization.py [Test Case:clickButton] [line:120]INFO:保存成功！
[2016-04-06 18:15:44] test_SizeSetting.py [Test Case:tearDown] [line:295]INFO:该条用例执行完毕！！！
[2016-04-06 18:15:48] test_Organization.py [Test Case:tearDown] [line:347]INFO:该条用例执行完毕！！！
[2016-04-06 18:15:51] test_SizeSetting.py [Test Case:test_2search_BySizeName] [line:198]INFO:开始执行用例...
[2016-04-06 18:15:56] test_OnlinePromotion.py [Test Case:Delete_And_Add_Assert] [line:72]INFO:删除成功
[2016-04-06 18:15:57] test_OnlinePromotion.py [Test Case:tearDown] [line:1189]INFO:该条用例执行执行完毕！！！
[2016-04-06 18:15:57] test_SizeSetting.py [Test Case:to_SizeSetting] [line:54]INFO:等待页面刷新···
[2016-04-06 18:15:58] test_SizeSetting.py [Test Case:to_SizeSetting] [line:57]INFO:刷新完成！！！
[2016-04-06 18:16:00] test_Organization.py [Test Case:to_Organization] [line:55]INFO:等待页面刷新···
[2016-04-06 18:16:01] test_Organization.py [Test Case:to_Organization] [line:58]INFO:刷新完成！！！
[2016-04-06 18:16:02] test_SizeSetting.py [Test Case:tearDown] [line:295]INFO:该条用例执行完毕！！！
[2016-04-06 18:16:10] test_OnlinePromotion.py [Test Case:to_OnlinePromotion] [line:54]INFO:等待页面刷新···
[2016-04-06 18:16:11] test_SizeSetting.py [Test Case:test_3modify_Size] [line:223]INFO:开始执行用例...
[2016-04-06 18:16:12] test_OnlinePromotion.py [Test Case:to_OnlinePromotion] [line:56]INFO:刷新完成！！！
[2016-04-06 18:16:12] test_Organization.py [Test Case:clickButton] [line:92]INFO:删除成功
[2016-04-06 18:16:12] test_Organization.py [Test Case:tearDown] [line:347]INFO:该条用例执行完毕！！！
[2016-04-06 18:16:16] test_SizeSetting.py [Test Case:to_SizeSetting] [line:54]INFO:等待页面刷新···
[2016-04-06 18:16:16] test_SizeSetting.py [Test Case:to_SizeSetting] [line:57]INFO:刷新完成！！！
[2016-04-06 18:16:18] test_RoleInfo.py [Test Case:test_0add_Role] [line:135]INFO:开始执行用例...
[2016-04-06 18:16:21] test_SizeSetting.py [Test Case:test_3modify_Size] [line:238]INFO:等待页面刷新···
[2016-04-06 18:16:21] test_SizeSetting.py [Test Case:test_3modify_Size] [line:241]INFO:刷新完成！！！
[2016-04-06 18:16:23] test_RoleInfo.py [Test Case:to_RoleInfo] [line:56]INFO:等待页面刷新···
[2016-04-06 18:16:24] test_RoleInfo.py [Test Case:to_RoleInfo] [line:58]INFO:刷新完成！！！
[2016-04-06 18:16:25] test_SizeSetting.py [Test Case:tearDown] [line:295]INFO:该条用例执行完毕！！！
[2016-04-06 18:16:28] test_OnlinePromotion.py [Test Case:Delete_And_Add_Assert] [line:80]INFO:保存成功！
[2016-04-06 18:16:30] test_RoleInfo.py [Test Case:clickButton] [line:120]INFO:保存成功！
[2016-04-06 18:16:30] test_OnlinePromotion.py [Test Case:tearDown] [line:1189]INFO:该条用例执行执行完毕！！！
[2016-04-06 18:16:30] test_RoleInfo.py [Test Case:tearDown] [line:384]INFO:该条用例执行完毕！！！
[2016-04-06 18:16:31] test_SizeSetting.py [Test Case:test_4delete_Size] [line:269]INFO:开始执行用例...
[2016-04-06 18:16:35] test_SizeSetting.py [Test Case:to_SizeSetting] [line:54]INFO:等待页面刷新···
[2016-04-06 18:16:37] test_SizeSetting.py [Test Case:to_SizeSetting] [line:57]INFO:刷新完成！！！
[2016-04-06 18:16:39] test_RoleInfo.py [Test Case:test_1search_ByRoleCode] [line:194]INFO:开始执行用例...
[2016-04-06 18:16:40] test_SizeSetting.py [Test Case:test_4delete_Size] [line:280]INFO:等待页面刷新···
[2016-04-06 18:16:41] test_SizeSetting.py [Test Case:test_4delete_Size] [line:282]INFO:刷新完成！！！
[2016-04-06 18:16:44] test_SizeSetting.py [Test Case:tearDown] [line:295]INFO:该条用例执行完毕！！！
[2016-04-06 18:16:45] test_OnlinePromotion.py [Test Case:to_OnlinePromotion] [line:54]INFO:等待页面刷新···
[2016-04-06 18:16:45] test_RoleInfo.py [Test Case:to_RoleInfo] [line:56]INFO:等待页面刷新···
[2016-04-06 18:16:46] test_RoleInfo.py [Test Case:to_RoleInfo] [line:58]INFO:刷新完成！！！
[2016-04-06 18:16:46] test_OnlinePromotion.py [Test Case:to_OnlinePromotion] [line:56]INFO:刷新完成！！！
[2016-04-06 18:16:52] test_RoleInfo.py [Test Case:test_1search_ByRoleCode] [line:216]INFO:等待页面刷新···
[2016-04-06 18:16:52] test_RoleInfo.py [Test Case:test_1search_ByRoleCode] [line:218]INFO:刷新完成！！！
[2016-04-06 18:16:52] test_RoleInfo.py [Test Case:tearDown] [line:384]INFO:该条用例执行完毕！！！
[2016-04-06 18:16:57] test_SKUSet.py [Test Case:to_SKUset] [line:52]INFO:等待页面刷新···
[2016-04-06 18:16:59] test_RoleInfo.py [Test Case:test_2search_ByRoleName] [line:228]INFO:开始执行用例...
[2016-04-06 18:17:00] test_SKUSet.py [Test Case:to_SKUset] [line:55]INFO:刷新完成！！！
[2016-04-06 18:17:03] test_OnlinePromotion.py [Test Case:Delete_And_Add_Assert] [line:72]INFO:删除成功
[2016-04-06 18:17:03] test_OnlinePromotion.py [Test Case:tearDown] [line:1189]INFO:该条用例执行执行完毕！！！
[2016-04-06 18:17:05] test_RoleInfo.py [Test Case:to_RoleInfo] [line:56]INFO:等待页面刷新···
[2016-04-06 18:17:06] test_RoleInfo.py [Test Case:to_RoleInfo] [line:58]INFO:刷新完成！！！
[2016-04-06 18:17:09] test_RoleInfo.py [Test Case:test_2search_ByRoleName] [line:245]INFO:等待页面刷新···
[2016-04-06 18:17:09] test_RoleInfo.py [Test Case:test_2search_ByRoleName] [line:247]INFO:刷新完成！！！
[2016-04-06 18:17:09] test_RoleInfo.py [Test Case:tearDown] [line:384]INFO:该条用例执行完毕！！！
[2016-04-06 18:17:12] test_SKUSet.py [Test Case:tearDown] [line:305]INFO:该条用例执行完毕！！！
[2016-04-06 18:17:16] test_OnlinePromotion.py [Test Case:to_OnlinePromotion] [line:54]INFO:等待页面刷新···
[2016-04-06 18:17:17] test_OnlinePromotion.py [Test Case:to_OnlinePromotion] [line:56]INFO:刷新完成！！！
[2016-04-06 18:17:18] test_RoleInfo.py [Test Case:test_3search_ByRoleState] [line:257]INFO:开始执行用例...
[2016-04-06 18:17:25] test_RoleInfo.py [Test Case:to_RoleInfo] [line:56]INFO:等待页面刷新···
[2016-04-06 18:17:26] test_RoleInfo.py [Test Case:to_RoleInfo] [line:58]INFO:刷新完成！！！
[2016-04-06 18:17:26] test_SKUSet.py [Test Case:to_SKUset] [line:52]INFO:等待页面刷新···
[2016-04-06 18:17:28] test_SKUSet.py [Test Case:to_SKUset] [line:55]INFO:刷新完成！！！
[2016-04-06 18:17:32] test_RoleInfo.py [Test Case:tearDown] [line:384]INFO:该条用例执行完毕！！！
[2016-04-06 18:17:33] test_SKUSet.py [Test Case:tearDown] [line:305]INFO:该条用例执行完毕！！！
[2016-04-06 18:17:34] test_OnlinePromotion.py [Test Case:Delete_And_Add_Assert] [line:80]INFO:保存成功！
[2016-04-06 18:17:39] test_RoleInfo.py [Test Case:test_4search_byRoleInfo] [line:285]INFO:开始执行用例...
[2016-04-06 18:17:42] test_OnlinePromotion.py [Test Case:Delete_And_Add_Assert] [line:80]INFO:保存成功！
[2016-04-06 18:17:44] test_RoleInfo.py [Test Case:to_RoleInfo] [line:56]INFO:等待页面刷新···
[2016-04-06 18:17:44] test_OnlinePromotion.py [Test Case:tearDown] [line:1189]INFO:该条用例执行执行完毕！！！
[2016-04-06 18:17:45] test_RoleInfo.py [Test Case:to_RoleInfo] [line:58]INFO:刷新完成！！！
[2016-04-06 18:17:46] test_SKUSet.py [Test Case:to_SKUset] [line:52]INFO:等待页面刷新···
[2016-04-06 18:17:47] test_RoleInfo.py [Test Case:test_4search_byRoleInfo] [line:301]INFO:等待页面刷新···
[2016-04-06 18:17:47] test_RoleInfo.py [Test Case:test_4search_byRoleInfo] [line:303]INFO:刷新完成！！！
[2016-04-06 18:17:47] test_SKUSet.py [Test Case:to_SKUset] [line:55]INFO:刷新完成！！！
[2016-04-06 18:17:47] test_RoleInfo.py [Test Case:tearDown] [line:384]INFO:该条用例执行完毕！！！
[2016-04-06 18:17:54] test_SKUSet.py [Test Case:clickButton] [line:130]INFO:保存成功！
[2016-04-06 18:17:54] test_SKUSet.py [Test Case:tearDown] [line:305]INFO:该条用例执行完毕！！！
[2016-04-06 18:17:56] test_OnlinePromotion.py [Test Case:to_OnlinePromotion] [line:54]INFO:等待页面刷新···
[2016-04-06 18:17:56] test_RoleInfo.py [Test Case:test_5modify_Role] [line:311]INFO:开始执行用例...
[2016-04-06 18:17:57] test_OnlinePromotion.py [Test Case:to_OnlinePromotion] [line:56]INFO:刷新完成！！！
[2016-04-06 18:18:01] test_RoleInfo.py [Test Case:to_RoleInfo] [line:56]INFO:等待页面刷新···
[2016-04-06 18:18:02] test_RoleInfo.py [Test Case:to_RoleInfo] [line:58]INFO:刷新完成！！！
[2016-04-06 18:18:06] test_SKUSet.py [Test Case:to_SKUset] [line:52]INFO:等待页面刷新···
[2016-04-06 18:18:07] test_RoleInfo.py [Test Case:test_5modify_Role] [line:328]INFO:等待页面刷新···
[2016-04-06 18:18:07] test_RoleInfo.py [Test Case:test_5modify_Role] [line:330]INFO:刷新完成！！！
[2016-04-06 18:18:09] test_SKUSet.py [Test Case:to_SKUset] [line:55]INFO:刷新完成！！！
[2016-04-06 18:18:09] test_RoleInfo.py [Test Case:clickButton] [line:120]INFO:保存成功！
[2016-04-06 18:18:12] test_RoleInfo.py [Test Case:tearDown] [line:384]INFO:该条用例执行完毕！！！
[2016-04-06 18:18:14] test_OnlinePromotion.py [Test Case:Delete_And_Add_Assert] [line:72]INFO:删除成功
[2016-04-06 18:18:15] test_SKUSet.py [Test Case:clickButton] [line:130]INFO:保存成功！
[2016-04-06 18:18:15] test_SKUSet.py [Test Case:tearDown] [line:305]INFO:该条用例执行完毕！！！
[2016-04-06 18:18:16] test_OnlinePromotion.py [Test Case:Delete_And_Add_Assert] [line:72]INFO:删除成功
[2016-04-06 18:18:16] test_OnlinePromotion.py [Test Case:tearDown] [line:1189]INFO:该条用例执行执行完毕！！！
[2016-04-06 18:18:19] test_RoleInfo.py [Test Case:test_6delete_Role] [line:358]INFO:开始执行用例...
[2016-04-06 18:18:22] test_RoleInfo.py [Test Case:to_RoleInfo] [line:56]INFO:等待页面刷新···
[2016-04-06 18:18:23] test_RoleInfo.py [Test Case:to_RoleInfo] [line:58]INFO:刷新完成！！！
[2016-04-06 18:18:27] test_RoleInfo.py [Test Case:test_6delete_Role] [line:369]INFO:等待页面刷新···
[2016-04-06 18:18:27] test_RoleInfo.py [Test Case:test_6delete_Role] [line:371]INFO:刷新完成！！！
[2016-04-06 18:18:27] test_OnlinePromotion.py [Test Case:to_OnlinePromotion] [line:54]INFO:等待页面刷新···
[2016-04-06 18:18:28] test_OnlinePromotion.py [Test Case:to_OnlinePromotion] [line:56]INFO:刷新完成！！！
[2016-04-06 18:18:31] test_RoleInfo.py [Test Case:clickButton] [line:98]INFO:删除成功
[2016-04-06 18:18:31] test_RoleInfo.py [Test Case:tearDown] [line:384]INFO:该条用例执行完毕！！！
[2016-04-06 18:18:36] test_UserInformation.py [Test Case:test_0add_User] [line:146]INFO:开始执行用例...
[2016-04-06 18:18:42] test_UserInformation.py [Test Case:to_UserInformation] [line:54]INFO:等待页面刷新···
[2016-04-06 18:18:43] test_UserInformation.py [Test Case:to_UserInformation] [line:56]INFO:刷新完成！！！
[2016-04-06 18:18:49] test_UserInformation.py [Test Case:clickButton] [line:131]INFO:保存成功！
[2016-04-06 18:18:49] test_UserInformation.py [Test Case:tearDown] [line:307]INFO:该条用例执行完毕！！！
[2016-04-06 18:18:54] test_UserInformation.py [Test Case:test_1search_byUserCode] [line:205]INFO:开始执行用例...
[2016-04-06 18:18:58] test_UserInformation.py [Test Case:to_UserInformation] [line:54]INFO:等待页面刷新···
[2016-04-06 18:18:59] test_UserInformation.py [Test Case:to_UserInformation] [line:56]INFO:刷新完成！！！
[2016-04-06 18:19:03] test_UserInformation.py [Test Case:tearDown] [line:307]INFO:该条用例执行完毕！！！
[2016-04-06 18:19:08] test_UserInformation.py [Test Case:test_2search_byUserName] [line:219]INFO:开始执行用例...
[2016-04-06 18:19:12] test_UserInformation.py [Test Case:to_UserInformation] [line:54]INFO:等待页面刷新···
[2016-04-06 18:19:13] test_UserInformation.py [Test Case:to_UserInformation] [line:56]INFO:刷新完成！！！
[2016-04-06 18:19:15] test_OnlinePromotion.py [Test Case:tearDown] [line:1189]INFO:该条用例执行执行完毕！！！
[2016-04-06 18:19:17] test_UserInformation.py [Test Case:tearDown] [line:307]INFO:该条用例执行完毕！！！
[2016-04-06 18:19:24] test_UserInformation.py [Test Case:test_3iew_User] [line:241]INFO:开始执行用例...
[2016-04-06 18:19:24] test_OnlinePromotion.py [Test Case:to_OnlinePromotion] [line:54]INFO:等待页面刷新···
[2016-04-06 18:19:26] test_OnlinePromotion.py [Test Case:to_OnlinePromotion] [line:56]INFO:刷新完成！！！
[2016-04-06 18:19:29] test_UserInformation.py [Test Case:to_UserInformation] [line:54]INFO:等待页面刷新···
[2016-04-06 18:19:30] test_UserInformation.py [Test Case:to_UserInformation] [line:56]INFO:刷新完成！！！
[2016-04-06 18:19:37] test_UserInformation.py [Test Case:clickButton] [line:131]INFO:ORA-00001:违反唯一约束条件
[2016-04-06 18:19:37] test_UserInformation.py [Test Case:tearDown] [line:307]INFO:该条用例执行完毕！！！
[2016-04-06 18:19:43] test_UserInformation.py [Test Case:test_4modify_User] [line:269]INFO:开始执行用例...
[2016-04-06 18:19:47] test_UserInformation.py [Test Case:to_UserInformation] [line:54]INFO:等待页面刷新···
[2016-04-06 18:19:49] test_UserInformation.py [Test Case:to_UserInformation] [line:56]INFO:刷新完成！！！
[2016-04-06 18:19:55] test_UserInformation.py [Test Case:clickButton] [line:131]INFO:ORA-00001:违反唯一约束条件
[2016-04-06 18:19:55] test_UserInformation.py [Test Case:tearDown] [line:307]INFO:该条用例执行完毕！！！
[2016-04-06 18:20:08] test_OnlinePromotion.py [Test Case:tearDown] [line:1189]INFO:该条用例执行执行完毕！！！
[2016-04-06 18:20:17] test_OnlinePromotion.py [Test Case:to_OnlinePromotion] [line:54]INFO:等待页面刷新···
[2016-04-06 18:20:18] test_OnlinePromotion.py [Test Case:to_OnlinePromotion] [line:56]INFO:刷新完成！！！
[2016-04-06 18:20:34] test_OnlinePromotion.py [Test Case:Delete_And_Add_Assert] [line:80]INFO:保存成功！
[2016-04-06 18:20:40] test_OnlinePromotion.py [Test Case:Delete_And_Add_Assert] [line:80]INFO:保存成功！
[2016-04-06 18:20:41] test_OnlinePromotion.py [Test Case:tearDown] [line:1189]INFO:该条用例执行执行完毕！！！
[2016-04-06 18:20:50] test_OnlinePromotion.py [Test Case:to_OnlinePromotion] [line:54]INFO:等待页面刷新···
[2016-04-06 18:20:51] test_OnlinePromotion.py [Test Case:to_OnlinePromotion] [line:56]INFO:刷新完成！！！
[2016-04-06 18:21:06] test_OnlinePromotion.py [Test Case:Delete_And_Add_Assert] [line:72]INFO:删除成功
[2016-04-06 18:21:09] test_OnlinePromotion.py [Test Case:Delete_And_Add_Assert] [line:72]INFO:删除成功
[2016-04-06 18:21:09] test_OnlinePromotion.py [Test Case:tearDown] [line:1189]INFO:该条用例执行执行完毕！！！
[2016-04-06 18:21:18] test_OnlinePromotion.py [Test Case:to_OnlinePromotion] [line:54]INFO:等待页面刷新···
[2016-04-06 18:21:19] test_OnlinePromotion.py [Test Case:to_OnlinePromotion] [line:56]INFO:刷新完成！！！
[2016-04-06 18:21:39] test_OnlinePromotion.py [Test Case:Delete_And_Add_Assert] [line:80]INFO:数据未填写完整！
[2016-04-06 18:21:39] test_OnlinePromotion.py [Test Case:tearDown] [line:1189]INFO:该条用例执行执行完毕！！！
[2016-04-06 18:21:47] test_OnlinePromotion.py [Test Case:to_OnlinePromotion] [line:54]INFO:等待页面刷新···
[2016-04-06 18:21:48] test_OnlinePromotion.py [Test Case:to_OnlinePromotion] [line:56]INFO:刷新完成！！！
[2016-04-06 18:22:30] test_OnlinePromotion.py [Test Case:tearDown] [line:1189]INFO:该条用例执行执行完毕！！！
[2016-04-06 18:22:38] test_OnlinePromotion.py [Test Case:to_OnlinePromotion] [line:54]INFO:等待页面刷新···
[2016-04-06 18:22:39] test_OnlinePromotion.py [Test Case:to_OnlinePromotion] [line:56]INFO:刷新完成！！！
[2016-04-06 18:22:53] test_OnlinePromotion.py [Test Case:Delete_And_Add_Assert] [line:80]INFO:保存成功！
[2016-04-06 18:22:55] test_OnlinePromotion.py [Test Case:tearDown] [line:1189]INFO:该条用例执行执行完毕！！！
[2016-04-06 18:23:03] test_OnlinePromotion.py [Test Case:to_OnlinePromotion] [line:54]INFO:等待页面刷新···
[2016-04-06 18:23:04] test_OnlinePromotion.py [Test Case:to_OnlinePromotion] [line:56]INFO:刷新完成！！！
[2016-04-06 18:23:18] test_OnlinePromotion.py [Test Case:Delete_And_Add_Assert] [line:72]INFO:删除成功
[2016-04-06 18:23:19] test_OnlinePromotion.py [Test Case:tearDown] [line:1189]INFO:该条用例执行执行完毕！！！
[2016-04-06 18:23:28] test_OnlinePromotion.py [Test Case:to_OnlinePromotion] [line:54]INFO:等待页面刷新···
[2016-04-06 18:23:28] test_OnlinePromotion.py [Test Case:to_OnlinePromotion] [line:56]INFO:刷新完成！！！
[2016-04-06 18:23:38] test_OnlinePromotion.py [Test Case:Delete_And_Add_Assert] [line:72]INFO:删除成功
[2016-04-06 18:23:38] test_OnlinePromotion.py [Test Case:tearDown] [line:1189]INFO:该条用例执行执行完毕！！！
[2016-04-06 18:23:55] test_OnlinePromotionRelation.py [Test Case:tearDown] [line:259]INFO:该条用例执行完毕！！！
[2016-04-06 18:24:11] test_OnlinePromotionRelation.py [Test Case:tearDown] [line:259]INFO:该条用例执行完毕！！！
[2016-04-06 18:24:24] test_OnlinePromotionRelation.py [Test Case:tearDown] [line:259]INFO:该条用例执行完毕！！！
[2016-04-06 18:24:37] test_OnlinePromotionRelation.py [Test Case:tearDown] [line:259]INFO:该条用例执行完毕！！！
