[2016-04-05 13:46:25] test_ColorSetting.py [Test Case:test_ColorSetting] [line:30]INFO:~~~颜色配置模块测试~~~
[2016-04-05 13:46:34] test_ColorSetting.py [Test Case:to_ColorSetting] [line:55]INFO:等待页面刷新···
[2016-04-05 13:46:34] test_ColorSetting.py [Test Case:to_ColorSetting] [line:58]INFO:刷新完成！！！
[2016-04-05 13:46:40] test_ColorSetting.py [Test Case:tearDown] [line:414]INFO:该条用例执行完毕！！！
[2016-04-05 13:46:48] test_ColorSetting.py [Test Case:to_ColorSetting] [line:55]INFO:等待页面刷新···
[2016-04-05 13:46:49] test_ColorSetting.py [Test Case:to_ColorSetting] [line:58]INFO:刷新完成！！！
[2016-04-05 13:46:50] test_ColorSetting.py [Test Case:test_1search_ByColorCode] [line:213]INFO:等待页面刷新···
[2016-04-05 13:46:50] test_ColorSetting.py [Test Case:test_1search_ByColorCode] [line:216]INFO:刷新完成！！！
[2016-04-05 13:46:59] test_ColorSetting.py [Test Case:tearDown] [line:414]INFO:该条用例执行完毕！！！
[2016-04-05 13:47:07] test_ColorSetting.py [Test Case:to_ColorSetting] [line:55]INFO:等待页面刷新···
[2016-04-05 13:47:08] test_ColorSetting.py [Test Case:to_ColorSetting] [line:58]INFO:刷新完成！！！
[2016-04-05 13:47:12] test_ColorSetting.py [Test Case:tearDown] [line:414]INFO:该条用例执行完毕！！！
[2016-04-05 13:47:21] test_ColorSetting.py [Test Case:to_ColorSetting] [line:55]INFO:等待页面刷新···
[2016-04-05 13:47:21] test_ColorSetting.py [Test Case:to_ColorSetting] [line:58]INFO:刷新完成！！！
[2016-04-05 13:47:25] test_ColorSetting.py [Test Case:tearDown] [line:414]INFO:该条用例执行完毕！！！
[2016-04-05 13:47:34] test_ColorSetting.py [Test Case:to_ColorSetting] [line:55]INFO:等待页面刷新···
[2016-04-05 13:47:34] test_ColorSetting.py [Test Case:to_ColorSetting] [line:58]INFO:刷新完成！！！
[2016-04-05 13:47:44] test_ColorSetting.py [Test Case:tearDown] [line:414]INFO:该条用例执行完毕！！！
[2016-04-05 13:47:52] test_ColorSetting.py [Test Case:to_ColorSetting] [line:55]INFO:等待页面刷新···
[2016-04-05 13:47:53] test_ColorSetting.py [Test Case:to_ColorSetting] [line:58]INFO:刷新完成！！！
[2016-04-05 13:47:59] test_ColorSetting.py [Test Case:tearDown] [line:414]INFO:该条用例执行完毕！！！
